<?xml version="1.0" encoding="UTF-8"?>
<testsuite name="demo.ApplicationTests" time="2.12" tests="1" errors="1" skipped="0" failures="0">
  <properties>
    <property name="java.runtime.name" value="Java(TM) SE Runtime Environment"/>
    <property name="sun.boot.library.path" value="/Library/Java/JavaVirtualMachines/jdk1.8.0_20.jdk/Contents/Home/jre/lib"/>
    <property name="java.vm.version" value="25.20-b23"/>
    <property name="user.country.format" value="CA"/>
    <property name="gopherProxySet" value="false"/>
    <property name="java.vm.vendor" value="Oracle Corporation"/>
    <property name="java.vendor.url" value="http://java.oracle.com/"/>
    <property name="path.separator" value=":"/>
    <property name="guice.disable.misplaced.annotation.check" value="true"/>
    <property name="java.vm.name" value="Java HotSpot(TM) 64-Bit Server VM"/>
    <property name="file.encoding.pkg" value="sun.io"/>
    <property name="user.country" value="US"/>
    <property name="sun.java.launcher" value="SUN_STANDARD"/>
    <property name="sun.os.patch.level" value="unknown"/>
    <property name="java.vm.specification.name" value="Java Virtual Machine Specification"/>
    <property name="user.dir" value="/Users/alexvye/Documents/workspace-sts-3.6.2.RELEASE/demo"/>
    <property name="java.runtime.version" value="1.8.0_20-b26"/>
    <property name="java.awt.graphicsenv" value="sun.awt.CGraphicsEnvironment"/>
    <property name="java.endorsed.dirs" value="/Library/Java/JavaVirtualMachines/jdk1.8.0_20.jdk/Contents/Home/jre/lib/endorsed"/>
    <property name="os.arch" value="x86_64"/>
    <property name="java.io.tmpdir" value="/var/folders/ny/jmrlxt910572wp14wsctc53r0000gn/T/"/>
    <property name="line.separator" value="&#10;"/>
    <property name="java.vm.specification.vendor" value="Oracle Corporation"/>
    <property name="os.name" value="Mac OS X"/>
    <property name="classworlds.conf" value="/Users/alexvye/Documents/workspace-sts-3.6.2.RELEASE/.metadata/.plugins/org.eclipse.m2e.launching/launches/m2conf5190049772555867906.tmp"/>
    <property name="sun.jnu.encoding" value="UTF-8"/>
    <property name="java.library.path" value="/Users/alexvye/Library/Java/Extensions:/Library/Java/Extensions:/Network/Library/Java/Extensions:/System/Library/Java/Extensions:/usr/lib/java:."/>
    <property name="java.specification.name" value="Java Platform API Specification"/>
    <property name="java.class.version" value="52.0"/>
    <property name="sun.management.compiler" value="HotSpot 64-Bit Tiered Compilers"/>
    <property name="os.version" value="10.10"/>
    <property name="http.nonProxyHosts" value="local|*.local|169.254/16|*.169.254/16"/>
    <property name="user.home" value="/Users/alexvye"/>
    <property name="user.timezone" value="America/Moncton"/>
    <property name="java.awt.printerjob" value="sun.lwawt.macosx.CPrinterJob"/>
    <property name="java.specification.version" value="1.8"/>
    <property name="file.encoding" value="UTF-8"/>
    <property name="user.name" value="alexvye"/>
    <property name="java.class.path" value="/Applications/sts-bundle/sts-3.6.2.RELEASE/plugins/org.eclipse.m2e.maven.runtime_1.5.0.20140605-2032/jars/plexus-classworlds-2.5.1.jar"/>
    <property name="org.slf4j.simpleLogger.defaultLogLevel" value="info"/>
    <property name="java.vm.specification.version" value="1.8"/>
    <property name="sun.arch.data.model" value="64"/>
    <property name="java.home" value="/Library/Java/JavaVirtualMachines/jdk1.8.0_20.jdk/Contents/Home/jre"/>
    <property name="sun.java.command" value="org.codehaus.plexus.classworlds.launcher.Launcher -Ppom.xml -B test"/>
    <property name="java.specification.vendor" value="Oracle Corporation"/>
    <property name="user.language" value="en"/>
    <property name="awt.toolkit" value="sun.lwawt.macosx.LWCToolkit"/>
    <property name="java.vm.info" value="mixed mode"/>
    <property name="java.version" value="1.8.0_20"/>
    <property name="java.ext.dirs" value="/Users/alexvye/Library/Java/Extensions:/Library/Java/JavaVirtualMachines/jdk1.8.0_20.jdk/Contents/Home/jre/lib/ext:/Library/Java/Extensions:/Network/Library/Java/Extensions:/System/Library/Java/Extensions:/usr/lib/java"/>
    <property name="sun.boot.class.path" value="/Library/Java/JavaVirtualMachines/jdk1.8.0_20.jdk/Contents/Home/jre/lib/resources.jar:/Library/Java/JavaVirtualMachines/jdk1.8.0_20.jdk/Contents/Home/jre/lib/rt.jar:/Library/Java/JavaVirtualMachines/jdk1.8.0_20.jdk/Contents/Home/jre/lib/sunrsasign.jar:/Library/Java/JavaVirtualMachines/jdk1.8.0_20.jdk/Contents/Home/jre/lib/jsse.jar:/Library/Java/JavaVirtualMachines/jdk1.8.0_20.jdk/Contents/Home/jre/lib/jce.jar:/Library/Java/JavaVirtualMachines/jdk1.8.0_20.jdk/Contents/Home/jre/lib/charsets.jar:/Library/Java/JavaVirtualMachines/jdk1.8.0_20.jdk/Contents/Home/jre/lib/jfr.jar:/Library/Java/JavaVirtualMachines/jdk1.8.0_20.jdk/Contents/Home/jre/classes"/>
    <property name="java.vendor" value="Oracle Corporation"/>
    <property name="maven.home" value="/Users/alexvye/Documents/workspace-sts-3.6.2.RELEASE/demo/EMBEDDED"/>
    <property name="file.separator" value="/"/>
    <property name="java.vendor.url.bug" value="http://bugreport.sun.com/bugreport/"/>
    <property name="sun.cpu.endian" value="little"/>
    <property name="sun.io.unicode.encoding" value="UnicodeBig"/>
    <property name="socksNonProxyHosts" value="local|*.local|169.254/16|*.169.254/16"/>
    <property name="ftp.nonProxyHosts" value="local|*.local|169.254/16|*.169.254/16"/>
    <property name="sun.cpu.isalist" value=""/>
  </properties>
  <testcase name="contextLoads" classname="demo.ApplicationTests" time="2.12">
    <error message="Failed to load ApplicationContext" type="java.lang.IllegalStateException">java.lang.IllegalStateException: Failed to load ApplicationContext
	at org.springframework.test.context.CacheAwareContextLoaderDelegate.loadContext(CacheAwareContextLoaderDelegate.java:99)
	at org.springframework.test.context.DefaultTestContext.getApplicationContext(DefaultTestContext.java:101)
	at org.springframework.test.context.support.DependencyInjectionTestExecutionListener.injectDependencies(DependencyInjectionTestExecutionListener.java:109)
	at org.springframework.test.context.support.DependencyInjectionTestExecutionListener.prepareTestInstance(DependencyInjectionTestExecutionListener.java:75)
	at org.springframework.test.context.TestContextManager.prepareTestInstance(TestContextManager.java:331)
	at org.springframework.test.context.junit4.SpringJUnit4ClassRunner.createTest(SpringJUnit4ClassRunner.java:213)
	at org.springframework.test.context.junit4.SpringJUnit4ClassRunner$1.runReflectiveCall(SpringJUnit4ClassRunner.java:290)
	at org.junit.internal.runners.model.ReflectiveCallable.run(ReflectiveCallable.java:12)
	at org.springframework.test.context.junit4.SpringJUnit4ClassRunner.methodBlock(SpringJUnit4ClassRunner.java:292)
	at org.springframework.test.context.junit4.SpringJUnit4ClassRunner.runChild(SpringJUnit4ClassRunner.java:233)
	at org.springframework.test.context.junit4.SpringJUnit4ClassRunner.runChild(SpringJUnit4ClassRunner.java:87)
	at org.junit.runners.ParentRunner$3.run(ParentRunner.java:238)
	at org.junit.runners.ParentRunner$1.schedule(ParentRunner.java:63)
	at org.junit.runners.ParentRunner.runChildren(ParentRunner.java:236)
	at org.junit.runners.ParentRunner.access$000(ParentRunner.java:53)
	at org.junit.runners.ParentRunner$2.evaluate(ParentRunner.java:229)
	at org.springframework.test.context.junit4.statements.RunBeforeTestClassCallbacks.evaluate(RunBeforeTestClassCallbacks.java:61)
	at org.springframework.test.context.junit4.statements.RunAfterTestClassCallbacks.evaluate(RunAfterTestClassCallbacks.java:71)
	at org.junit.runners.ParentRunner.run(ParentRunner.java:309)
	at org.springframework.test.context.junit4.SpringJUnit4ClassRunner.run(SpringJUnit4ClassRunner.java:176)
	at org.apache.maven.surefire.junit4.JUnit4Provider.execute(JUnit4Provider.java:264)
	at org.apache.maven.surefire.junit4.JUnit4Provider.executeTestSet(JUnit4Provider.java:153)
	at org.apache.maven.surefire.junit4.JUnit4Provider.invoke(JUnit4Provider.java:124)
	at org.apache.maven.surefire.booter.ForkedBooter.invokeProviderInSameClassLoader(ForkedBooter.java:200)
	at org.apache.maven.surefire.booter.ForkedBooter.runSuitesInProcess(ForkedBooter.java:153)
	at org.apache.maven.surefire.booter.ForkedBooter.main(ForkedBooter.java:103)
Caused by: org.springframework.beans.factory.BeanCreationException: Error creating bean with name 'org.springframework.boot.autoconfigure.orm.jpa.HibernateJpaAutoConfiguration': Injection of autowired dependencies failed; nested exception is org.springframework.beans.factory.BeanCreationException: Could not autowire field: private javax.sql.DataSource org.springframework.boot.autoconfigure.orm.jpa.JpaBaseConfiguration.dataSource; nested exception is org.springframework.beans.factory.BeanCreationException: Error creating bean with name 'dataSource' defined in class path resource [org/springframework/boot/autoconfigure/jdbc/DataSourceAutoConfiguration$NonEmbeddedConfiguration.class]: Instantiation of bean failed; nested exception is org.springframework.beans.factory.BeanDefinitionStoreException: Factory method [public javax.sql.DataSource org.springframework.boot.autoconfigure.jdbc.DataSourceAutoConfiguration$NonEmbeddedConfiguration.dataSource()] threw exception; nested exception is org.springframework.beans.factory.BeanCreationException: Cannot determine embedded database driver class for database type NONE. If you want an embedded database please put a supported one on the classpath.
	at org.springframework.beans.factory.annotation.AutowiredAnnotationBeanPostProcessor.postProcessPropertyValues(AutowiredAnnotationBeanPostProcessor.java:293)
	at org.springframework.beans.factory.support.AbstractAutowireCapableBeanFactory.populateBean(AbstractAutowireCapableBeanFactory.java:1186)
	at org.springframework.beans.factory.support.AbstractAutowireCapableBeanFactory.doCreateBean(AbstractAutowireCapableBeanFactory.java:537)
	at org.springframework.beans.factory.support.AbstractAutowireCapableBeanFactory.createBean(AbstractAutowireCapableBeanFactory.java:475)
	at org.springframework.beans.factory.support.AbstractBeanFactory$1.getObject(AbstractBeanFactory.java:302)
	at org.springframework.beans.factory.support.DefaultSingletonBeanRegistry.getSingleton(DefaultSingletonBeanRegistry.java:228)
	at org.springframework.beans.factory.support.AbstractBeanFactory.doGetBean(AbstractBeanFactory.java:298)
	at org.springframework.beans.factory.support.AbstractBeanFactory.getBean(AbstractBeanFactory.java:193)
	at org.springframework.beans.factory.support.ConstructorResolver.instantiateUsingFactoryMethod(ConstructorResolver.java:370)
	at org.springframework.beans.factory.support.AbstractAutowireCapableBeanFactory.instantiateUsingFactoryMethod(AbstractAutowireCapableBeanFactory.java:1095)
	at org.springframework.beans.factory.support.AbstractAutowireCapableBeanFactory.createBeanInstance(AbstractAutowireCapableBeanFactory.java:990)
	at org.springframework.beans.factory.support.AbstractAutowireCapableBeanFactory.doCreateBean(AbstractAutowireCapableBeanFactory.java:504)
	at org.springframework.beans.factory.support.AbstractAutowireCapableBeanFactory.createBean(AbstractAutowireCapableBeanFactory.java:475)
	at org.springframework.beans.factory.support.AbstractBeanFactory$1.getObject(AbstractBeanFactory.java:302)
	at org.springframework.beans.factory.support.DefaultSingletonBeanRegistry.getSingleton(DefaultSingletonBeanRegistry.java:228)
	at org.springframework.beans.factory.support.AbstractBeanFactory.doGetBean(AbstractBeanFactory.java:298)
	at org.springframework.beans.factory.support.AbstractBeanFactory.getBean(AbstractBeanFactory.java:193)
	at org.springframework.context.support.AbstractApplicationContext.getBean(AbstractApplicationContext.java:975)
	at org.springframework.context.support.AbstractApplicationContext.finishBeanFactoryInitialization(AbstractApplicationContext.java:752)
	at org.springframework.context.support.AbstractApplicationContext.refresh(AbstractApplicationContext.java:482)
	at org.springframework.boot.SpringApplication.refresh(SpringApplication.java:691)
	at org.springframework.boot.SpringApplication.run(SpringApplication.java:320)
	at org.springframework.boot.test.SpringApplicationContextLoader.loadContext(SpringApplicationContextLoader.java:107)
	at org.springframework.test.context.CacheAwareContextLoaderDelegate.loadContextInternal(CacheAwareContextLoaderDelegate.java:64)
	at org.springframework.test.context.CacheAwareContextLoaderDelegate.loadContext(CacheAwareContextLoaderDelegate.java:91)
	at org.springframework.test.context.DefaultTestContext.getApplicationContext(DefaultTestContext.java:101)
	at org.springframework.test.context.support.DependencyInjectionTestExecutionListener.injectDependencies(DependencyInjectionTestExecutionListener.java:109)
	at org.springframework.test.context.support.DependencyInjectionTestExecutionListener.prepareTestInstance(DependencyInjectionTestExecutionListener.java:75)
	at org.springframework.test.context.TestContextManager.prepareTestInstance(TestContextManager.java:331)
	at org.springframework.test.context.junit4.SpringJUnit4ClassRunner.createTest(SpringJUnit4ClassRunner.java:213)
	at org.springframework.test.context.junit4.SpringJUnit4ClassRunner$1.runReflectiveCall(SpringJUnit4ClassRunner.java:290)
	at org.junit.internal.runners.model.ReflectiveCallable.run(ReflectiveCallable.java:12)
	at org.springframework.test.context.junit4.SpringJUnit4ClassRunner.methodBlock(SpringJUnit4ClassRunner.java:292)
	at org.springframework.test.context.junit4.SpringJUnit4ClassRunner.runChild(SpringJUnit4ClassRunner.java:233)
	at org.springframework.test.context.junit4.SpringJUnit4ClassRunner.runChild(SpringJUnit4ClassRunner.java:87)
	at org.junit.runners.ParentRunner$3.run(ParentRunner.java:238)
	at org.junit.runners.ParentRunner$1.schedule(ParentRunner.java:63)
	at org.junit.runners.ParentRunner.runChildren(ParentRunner.java:236)
	at org.junit.runners.ParentRunner.access$000(ParentRunner.java:53)
	at org.junit.runners.ParentRunner$2.evaluate(ParentRunner.java:229)
	at org.springframework.test.context.junit4.statements.RunBeforeTestClassCallbacks.evaluate(RunBeforeTestClassCallbacks.java:61)
	at org.springframework.test.context.junit4.statements.RunAfterTestClassCallbacks.evaluate(RunAfterTestClassCallbacks.java:71)
	at org.junit.runners.ParentRunner.run(ParentRunner.java:309)
	at org.springframework.test.context.junit4.SpringJUnit4ClassRunner.run(SpringJUnit4ClassRunner.java:176)
	at org.apache.maven.surefire.junit4.JUnit4Provider.execute(JUnit4Provider.java:264)
	at org.apache.maven.surefire.junit4.JUnit4Provider.executeTestSet(JUnit4Provider.java:153)
	at org.apache.maven.surefire.junit4.JUnit4Provider.invoke(JUnit4Provider.java:124)
	at org.apache.maven.surefire.booter.ForkedBooter.invokeProviderInSameClassLoader(ForkedBooter.java:200)
	at org.apache.maven.surefire.booter.ForkedBooter.runSuitesInProcess(ForkedBooter.java:153)
	at org.apache.maven.surefire.booter.ForkedBooter.main(ForkedBooter.java:103)
Caused by: org.springframework.beans.factory.BeanCreationException: Could not autowire field: private javax.sql.DataSource org.springframework.boot.autoconfigure.orm.jpa.JpaBaseConfiguration.dataSource; nested exception is org.springframework.beans.factory.BeanCreationException: Error creating bean with name 'dataSource' defined in class path resource [org/springframework/boot/autoconfigure/jdbc/DataSourceAutoConfiguration$NonEmbeddedConfiguration.class]: Instantiation of bean failed; nested exception is org.springframework.beans.factory.BeanDefinitionStoreException: Factory method [public javax.sql.DataSource org.springframework.boot.autoconfigure.jdbc.DataSourceAutoConfiguration$NonEmbeddedConfiguration.dataSource()] threw exception; nested exception is org.springframework.beans.factory.BeanCreationException: Cannot determine embedded database driver class for database type NONE. If you want an embedded database please put a supported one on the classpath.
	at org.springframework.beans.factory.annotation.AutowiredAnnotationBeanPostProcessor$AutowiredFieldElement.inject(AutowiredAnnotationBeanPostProcessor.java:509)
	at org.springframework.beans.factory.annotation.InjectionMetadata.inject(InjectionMetadata.java:87)
	at org.springframework.beans.factory.annotation.AutowiredAnnotationBeanPostProcessor.postProcessPropertyValues(AutowiredAnnotationBeanPostProcessor.java:290)
	at org.springframework.beans.factory.support.AbstractAutowireCapableBeanFactory.populateBean(AbstractAutowireCapableBeanFactory.java:1186)
	at org.springframework.beans.factory.support.AbstractAutowireCapableBeanFactory.doCreateBean(AbstractAutowireCapableBeanFactory.java:537)
	at org.springframework.beans.factory.support.AbstractAutowireCapableBeanFactory.createBean(AbstractAutowireCapableBeanFactory.java:475)
	at org.springframework.beans.factory.support.AbstractBeanFactory$1.getObject(AbstractBeanFactory.java:302)
	at org.springframework.beans.factory.support.DefaultSingletonBeanRegistry.getSingleton(DefaultSingletonBeanRegistry.java:228)
	at org.springframework.beans.factory.support.AbstractBeanFactory.doGetBean(AbstractBeanFactory.java:298)
	at org.springframework.beans.factory.support.AbstractBeanFactory.getBean(AbstractBeanFactory.java:193)
	at org.springframework.beans.factory.support.ConstructorResolver.instantiateUsingFactoryMethod(ConstructorResolver.java:370)
	at org.springframework.beans.factory.support.AbstractAutowireCapableBeanFactory.instantiateUsingFactoryMethod(AbstractAutowireCapableBeanFactory.java:1095)
	at org.springframework.beans.factory.support.AbstractAutowireCapableBeanFactory.createBeanInstance(AbstractAutowireCapableBeanFactory.java:990)
	at org.springframework.beans.factory.support.AbstractAutowireCapableBeanFactory.doCreateBean(AbstractAutowireCapableBeanFactory.java:504)
	at org.springframework.beans.factory.support.AbstractAutowireCapableBeanFactory.createBean(AbstractAutowireCapableBeanFactory.java:475)
	at org.springframework.beans.factory.support.AbstractBeanFactory$1.getObject(AbstractBeanFactory.java:302)
	at org.springframework.beans.factory.support.DefaultSingletonBeanRegistry.getSingleton(DefaultSingletonBeanRegistry.java:228)
	at org.springframework.beans.factory.support.AbstractBeanFactory.doGetBean(AbstractBeanFactory.java:298)
	at org.springframework.beans.factory.support.AbstractBeanFactory.getBean(AbstractBeanFactory.java:193)
	at org.springframework.context.support.AbstractApplicationContext.getBean(AbstractApplicationContext.java:975)
	at org.springframework.context.support.AbstractApplicationContext.finishBeanFactoryInitialization(AbstractApplicationContext.java:752)
	at org.springframework.context.support.AbstractApplicationContext.refresh(AbstractApplicationContext.java:482)
	at org.springframework.boot.SpringApplication.refresh(SpringApplication.java:691)
	at org.springframework.boot.SpringApplication.run(SpringApplication.java:320)
	at org.springframework.boot.test.SpringApplicationContextLoader.loadContext(SpringApplicationContextLoader.java:107)
	at org.springframework.test.context.CacheAwareContextLoaderDelegate.loadContextInternal(CacheAwareContextLoaderDelegate.java:64)
	at org.springframework.test.context.CacheAwareContextLoaderDelegate.loadContext(CacheAwareContextLoaderDelegate.java:91)
	at org.springframework.test.context.DefaultTestContext.getApplicationContext(DefaultTestContext.java:101)
	at org.springframework.test.context.support.DependencyInjectionTestExecutionListener.injectDependencies(DependencyInjectionTestExecutionListener.java:109)
	at org.springframework.test.context.support.DependencyInjectionTestExecutionListener.prepareTestInstance(DependencyInjectionTestExecutionListener.java:75)
	at org.springframework.test.context.TestContextManager.prepareTestInstance(TestContextManager.java:331)
	at org.springframework.test.context.junit4.SpringJUnit4ClassRunner.createTest(SpringJUnit4ClassRunner.java:213)
	at org.springframework.test.context.junit4.SpringJUnit4ClassRunner$1.runReflectiveCall(SpringJUnit4ClassRunner.java:290)
	at org.junit.internal.runners.model.ReflectiveCallable.run(ReflectiveCallable.java:12)
	at org.springframework.test.context.junit4.SpringJUnit4ClassRunner.methodBlock(SpringJUnit4ClassRunner.java:292)
	at org.springframework.test.context.junit4.SpringJUnit4ClassRunner.runChild(SpringJUnit4ClassRunner.java:233)
	at org.springframework.test.context.junit4.SpringJUnit4ClassRunner.runChild(SpringJUnit4ClassRunner.java:87)
	at org.junit.runners.ParentRunner$3.run(ParentRunner.java:238)
	at org.junit.runners.ParentRunner$1.schedule(ParentRunner.java:63)
	at org.junit.runners.ParentRunner.runChildren(ParentRunner.java:236)
	at org.junit.runners.ParentRunner.access$000(ParentRunner.java:53)
	at org.junit.runners.ParentRunner$2.evaluate(ParentRunner.java:229)
	at org.springframework.test.context.junit4.statements.RunBeforeTestClassCallbacks.evaluate(RunBeforeTestClassCallbacks.java:61)
	at org.springframework.test.context.junit4.statements.RunAfterTestClassCallbacks.evaluate(RunAfterTestClassCallbacks.java:71)
	at org.junit.runners.ParentRunner.run(ParentRunner.java:309)
	at org.springframework.test.context.junit4.SpringJUnit4ClassRunner.run(SpringJUnit4ClassRunner.java:176)
	at org.apache.maven.surefire.junit4.JUnit4Provider.execute(JUnit4Provider.java:264)
	at org.apache.maven.surefire.junit4.JUnit4Provider.executeTestSet(JUnit4Provider.java:153)
	at org.apache.maven.surefire.junit4.JUnit4Provider.invoke(JUnit4Provider.java:124)
	at org.apache.maven.surefire.booter.ForkedBooter.invokeProviderInSameClassLoader(ForkedBooter.java:200)
	at org.apache.maven.surefire.booter.ForkedBooter.runSuitesInProcess(ForkedBooter.java:153)
	at org.apache.maven.surefire.booter.ForkedBooter.main(ForkedBooter.java:103)
Caused by: org.springframework.beans.factory.BeanCreationException: Error creating bean with name 'dataSource' defined in class path resource [org/springframework/boot/autoconfigure/jdbc/DataSourceAutoConfiguration$NonEmbeddedConfiguration.class]: Instantiation of bean failed; nested exception is org.springframework.beans.factory.BeanDefinitionStoreException: Factory method [public javax.sql.DataSource org.springframework.boot.autoconfigure.jdbc.DataSourceAutoConfiguration$NonEmbeddedConfiguration.dataSource()] threw exception; nested exception is org.springframework.beans.factory.BeanCreationException: Cannot determine embedded database driver class for database type NONE. If you want an embedded database please put a supported one on the classpath.
	at org.springframework.beans.factory.support.ConstructorResolver.instantiateUsingFactoryMethod(ConstructorResolver.java:597)
	at org.springframework.beans.factory.support.AbstractAutowireCapableBeanFactory.instantiateUsingFactoryMethod(AbstractAutowireCapableBeanFactory.java:1095)
	at org.springframework.beans.factory.support.AbstractAutowireCapableBeanFactory.createBeanInstance(AbstractAutowireCapableBeanFactory.java:990)
	at org.springframework.beans.factory.support.AbstractAutowireCapableBeanFactory.doCreateBean(AbstractAutowireCapableBeanFactory.java:504)
	at org.springframework.beans.factory.support.AbstractAutowireCapableBeanFactory.createBean(AbstractAutowireCapableBeanFactory.java:475)
	at org.springframework.beans.factory.support.AbstractBeanFactory$1.getObject(AbstractBeanFactory.java:302)
	at org.springframework.beans.factory.support.DefaultSingletonBeanRegistry.getSingleton(DefaultSingletonBeanRegistry.java:228)
	at org.springframework.beans.factory.support.AbstractBeanFactory.doGetBean(AbstractBeanFactory.java:298)
	at org.springframework.beans.factory.support.AbstractBeanFactory.getBean(AbstractBeanFactory.java:193)
	at org.springframework.beans.factory.support.DefaultListableBeanFactory.findAutowireCandidates(DefaultListableBeanFactory.java:1021)
	at org.springframework.beans.factory.support.DefaultListableBeanFactory.doResolveDependency(DefaultListableBeanFactory.java:964)
	at org.springframework.beans.factory.support.DefaultListableBeanFactory.resolveDependency(DefaultListableBeanFactory.java:862)
	at org.springframework.beans.factory.annotation.AutowiredAnnotationBeanPostProcessor$AutowiredFieldElement.inject(AutowiredAnnotationBeanPostProcessor.java:481)
	at org.springframework.beans.factory.annotation.InjectionMetadata.inject(InjectionMetadata.java:87)
	at org.springframework.beans.factory.annotation.AutowiredAnnotationBeanPostProcessor.postProcessPropertyValues(AutowiredAnnotationBeanPostProcessor.java:290)
	at org.springframework.beans.factory.support.AbstractAutowireCapableBeanFactory.populateBean(AbstractAutowireCapableBeanFactory.java:1186)
	at org.springframework.beans.factory.support.AbstractAutowireCapableBeanFactory.doCreateBean(AbstractAutowireCapableBeanFactory.java:537)
	at org.springframework.beans.factory.support.AbstractAutowireCapableBeanFactory.createBean(AbstractAutowireCapableBeanFactory.java:475)
	at org.springframework.beans.factory.support.AbstractBeanFactory$1.getObject(AbstractBeanFactory.java:302)
	at org.springframework.beans.factory.support.DefaultSingletonBeanRegistry.getSingleton(DefaultSingletonBeanRegistry.java:228)
	at org.springframework.beans.factory.support.AbstractBeanFactory.doGetBean(AbstractBeanFactory.java:298)
	at org.springframework.beans.factory.support.AbstractBeanFactory.getBean(AbstractBeanFactory.java:193)
	at org.springframework.beans.factory.support.ConstructorResolver.instantiateUsingFactoryMethod(ConstructorResolver.java:370)
	at org.springframework.beans.factory.support.AbstractAutowireCapableBeanFactory.instantiateUsingFactoryMethod(AbstractAutowireCapableBeanFactory.java:1095)
	at org.springframework.beans.factory.support.AbstractAutowireCapableBeanFactory.createBeanInstance(AbstractAutowireCapableBeanFactory.java:990)
	at org.springframework.beans.factory.support.AbstractAutowireCapableBeanFactory.doCreateBean(AbstractAutowireCapableBeanFactory.java:504)
	at org.springframework.beans.factory.support.AbstractAutowireCapableBeanFactory.createBean(AbstractAutowireCapableBeanFactory.java:475)
	at org.springframework.beans.factory.support.AbstractBeanFactory$1.getObject(AbstractBeanFactory.java:302)
	at org.springframework.beans.factory.support.DefaultSingletonBeanRegistry.getSingleton(DefaultSingletonBeanRegistry.java:228)
	at org.springframework.beans.factory.support.AbstractBeanFactory.doGetBean(AbstractBeanFactory.java:298)
	at org.springframework.beans.factory.support.AbstractBeanFactory.getBean(AbstractBeanFactory.java:193)
	at org.springframework.context.support.AbstractApplicationContext.getBean(AbstractApplicationContext.java:975)
	at org.springframework.context.support.AbstractApplicationContext.finishBeanFactoryInitialization(AbstractApplicationContext.java:752)
	at org.springframework.context.support.AbstractApplicationContext.refresh(AbstractApplicationContext.java:482)
	at org.springframework.boot.SpringApplication.refresh(SpringApplication.java:691)
	at org.springframework.boot.SpringApplication.run(SpringApplication.java:320)
	at org.springframework.boot.test.SpringApplicationContextLoader.loadContext(SpringApplicationContextLoader.java:107)
	at org.springframework.test.context.CacheAwareContextLoaderDelegate.loadContextInternal(CacheAwareContextLoaderDelegate.java:64)
	at org.springframework.test.context.CacheAwareContextLoaderDelegate.loadContext(CacheAwareContextLoaderDelegate.java:91)
	at org.springframework.test.context.DefaultTestContext.getApplicationContext(DefaultTestContext.java:101)
	at org.springframework.test.context.support.DependencyInjectionTestExecutionListener.injectDependencies(DependencyInjectionTestExecutionListener.java:109)
	at org.springframework.test.context.support.DependencyInjectionTestExecutionListener.prepareTestInstance(DependencyInjectionTestExecutionListener.java:75)
	at org.springframework.test.context.TestContextManager.prepareTestInstance(TestContextManager.java:331)
	at org.springframework.test.context.junit4.SpringJUnit4ClassRunner.createTest(SpringJUnit4ClassRunner.java:213)
	at org.springframework.test.context.junit4.SpringJUnit4ClassRunner$1.runReflectiveCall(SpringJUnit4ClassRunner.java:290)
	at org.junit.internal.runners.model.ReflectiveCallable.run(ReflectiveCallable.java:12)
	at org.springframework.test.context.junit4.SpringJUnit4ClassRunner.methodBlock(SpringJUnit4ClassRunner.java:292)
	at org.springframework.test.context.junit4.SpringJUnit4ClassRunner.runChild(SpringJUnit4ClassRunner.java:233)
	at org.springframework.test.context.junit4.SpringJUnit4ClassRunner.runChild(SpringJUnit4ClassRunner.java:87)
	at org.junit.runners.ParentRunner$3.run(ParentRunner.java:238)
	at org.junit.runners.ParentRunner$1.schedule(ParentRunner.java:63)
	at org.junit.runners.ParentRunner.runChildren(ParentRunner.java:236)
	at org.junit.runners.ParentRunner.access$000(ParentRunner.java:53)
	at org.junit.runners.ParentRunner$2.evaluate(ParentRunner.java:229)
	at org.springframework.test.context.junit4.statements.RunBeforeTestClassCallbacks.evaluate(RunBeforeTestClassCallbacks.java:61)
	at org.springframework.test.context.junit4.statements.RunAfterTestClassCallbacks.evaluate(RunAfterTestClassCallbacks.java:71)
	at org.junit.runners.ParentRunner.run(ParentRunner.java:309)
	at org.springframework.test.context.junit4.SpringJUnit4ClassRunner.run(SpringJUnit4ClassRunner.java:176)
	at org.apache.maven.surefire.junit4.JUnit4Provider.execute(JUnit4Provider.java:264)
	at org.apache.maven.surefire.junit4.JUnit4Provider.executeTestSet(JUnit4Provider.java:153)
	at org.apache.maven.surefire.junit4.JUnit4Provider.invoke(JUnit4Provider.java:124)
	at org.apache.maven.surefire.booter.ForkedBooter.invokeProviderInSameClassLoader(ForkedBooter.java:200)
	at org.apache.maven.surefire.booter.ForkedBooter.runSuitesInProcess(ForkedBooter.java:153)
	at org.apache.maven.surefire.booter.ForkedBooter.main(ForkedBooter.java:103)
Caused by: org.springframework.beans.factory.BeanDefinitionStoreException: Factory method [public javax.sql.DataSource org.springframework.boot.autoconfigure.jdbc.DataSourceAutoConfiguration$NonEmbeddedConfiguration.dataSource()] threw exception; nested exception is org.springframework.beans.factory.BeanCreationException: Cannot determine embedded database driver class for database type NONE. If you want an embedded database please put a supported one on the classpath.
	at org.springframework.beans.factory.support.SimpleInstantiationStrategy.instantiate(SimpleInstantiationStrategy.java:188)
	at org.springframework.beans.factory.support.ConstructorResolver.instantiateUsingFactoryMethod(ConstructorResolver.java:586)
	at org.springframework.beans.factory.support.AbstractAutowireCapableBeanFactory.instantiateUsingFactoryMethod(AbstractAutowireCapableBeanFactory.java:1095)
	at org.springframework.beans.factory.support.AbstractAutowireCapableBeanFactory.createBeanInstance(AbstractAutowireCapableBeanFactory.java:990)
	at org.springframework.beans.factory.support.AbstractAutowireCapableBeanFactory.doCreateBean(AbstractAutowireCapableBeanFactory.java:504)
	at org.springframework.beans.factory.support.AbstractAutowireCapableBeanFactory.createBean(AbstractAutowireCapableBeanFactory.java:475)
	at org.springframework.beans.factory.support.AbstractBeanFactory$1.getObject(AbstractBeanFactory.java:302)
	at org.springframework.beans.factory.support.DefaultSingletonBeanRegistry.getSingleton(DefaultSingletonBeanRegistry.java:228)
	at org.springframework.beans.factory.support.AbstractBeanFactory.doGetBean(AbstractBeanFactory.java:298)
	at org.springframework.beans.factory.support.AbstractBeanFactory.getBean(AbstractBeanFactory.java:193)
	at org.springframework.beans.factory.support.DefaultListableBeanFactory.findAutowireCandidates(DefaultListableBeanFactory.java:1021)
	at org.springframework.beans.factory.support.DefaultListableBeanFactory.doResolveDependency(DefaultListableBeanFactory.java:964)
	at org.springframework.beans.factory.support.DefaultListableBeanFactory.resolveDependency(DefaultListableBeanFactory.java:862)
	at org.springframework.beans.factory.annotation.AutowiredAnnotationBeanPostProcessor$AutowiredFieldElement.inject(AutowiredAnnotationBeanPostProcessor.java:481)
	at org.springframework.beans.factory.annotation.InjectionMetadata.inject(InjectionMetadata.java:87)
	at org.springframework.beans.factory.annotation.AutowiredAnnotationBeanPostProcessor.postProcessPropertyValues(AutowiredAnnotationBeanPostProcessor.java:290)
	at org.springframework.beans.factory.support.AbstractAutowireCapableBeanFactory.populateBean(AbstractAutowireCapableBeanFactory.java:1186)
	at org.springframework.beans.factory.support.AbstractAutowireCapableBeanFactory.doCreateBean(AbstractAutowireCapableBeanFactory.java:537)
	at org.springframework.beans.factory.support.AbstractAutowireCapableBeanFactory.createBean(AbstractAutowireCapableBeanFactory.java:475)
	at org.springframework.beans.factory.support.AbstractBeanFactory$1.getObject(AbstractBeanFactory.java:302)
	at org.springframework.beans.factory.support.DefaultSingletonBeanRegistry.getSingleton(DefaultSingletonBeanRegistry.java:228)
	at org.springframework.beans.factory.support.AbstractBeanFactory.doGetBean(AbstractBeanFactory.java:298)
	at org.springframework.beans.factory.support.AbstractBeanFactory.getBean(AbstractBeanFactory.java:193)
	at org.springframework.beans.factory.support.ConstructorResolver.instantiateUsingFactoryMethod(ConstructorResolver.java:370)
	at org.springframework.beans.factory.support.AbstractAutowireCapableBeanFactory.instantiateUsingFactoryMethod(AbstractAutowireCapableBeanFactory.java:1095)
	at org.springframework.beans.factory.support.AbstractAutowireCapableBeanFactory.createBeanInstance(AbstractAutowireCapableBeanFactory.java:990)
	at org.springframework.beans.factory.support.AbstractAutowireCapableBeanFactory.doCreateBean(AbstractAutowireCapableBeanFactory.java:504)
	at org.springframework.beans.factory.support.AbstractAutowireCapableBeanFactory.createBean(AbstractAutowireCapableBeanFactory.java:475)
	at org.springframework.beans.factory.support.AbstractBeanFactory$1.getObject(AbstractBeanFactory.java:302)
	at org.springframework.beans.factory.support.DefaultSingletonBeanRegistry.getSingleton(DefaultSingletonBeanRegistry.java:228)
	at org.springframework.beans.factory.support.AbstractBeanFactory.doGetBean(AbstractBeanFactory.java:298)
	at org.springframework.beans.factory.support.AbstractBeanFactory.getBean(AbstractBeanFactory.java:193)
	at org.springframework.context.support.AbstractApplicationContext.getBean(AbstractApplicationContext.java:975)
	at org.springframework.context.support.AbstractApplicationContext.finishBeanFactoryInitialization(AbstractApplicationContext.java:752)
	at org.springframework.context.support.AbstractApplicationContext.refresh(AbstractApplicationContext.java:482)
	at org.springframework.boot.SpringApplication.refresh(SpringApplication.java:691)
	at org.springframework.boot.SpringApplication.run(SpringApplication.java:320)
	at org.springframework.boot.test.SpringApplicationContextLoader.loadContext(SpringApplicationContextLoader.java:107)
	at org.springframework.test.context.CacheAwareContextLoaderDelegate.loadContextInternal(CacheAwareContextLoaderDelegate.java:64)
	at org.springframework.test.context.CacheAwareContextLoaderDelegate.loadContext(CacheAwareContextLoaderDelegate.java:91)
	at org.springframework.test.context.DefaultTestContext.getApplicationContext(DefaultTestContext.java:101)
	at org.springframework.test.context.support.DependencyInjectionTestExecutionListener.injectDependencies(DependencyInjectionTestExecutionListener.java:109)
	at org.springframework.test.context.support.DependencyInjectionTestExecutionListener.prepareTestInstance(DependencyInjectionTestExecutionListener.java:75)
	at org.springframework.test.context.TestContextManager.prepareTestInstance(TestContextManager.java:331)
	at org.springframework.test.context.junit4.SpringJUnit4ClassRunner.createTest(SpringJUnit4ClassRunner.java:213)
	at org.springframework.test.context.junit4.SpringJUnit4ClassRunner$1.runReflectiveCall(SpringJUnit4ClassRunner.java:290)
	at org.junit.internal.runners.model.ReflectiveCallable.run(ReflectiveCallable.java:12)
	at org.springframework.test.context.junit4.SpringJUnit4ClassRunner.methodBlock(SpringJUnit4ClassRunner.java:292)
	at org.springframework.test.context.junit4.SpringJUnit4ClassRunner.runChild(SpringJUnit4ClassRunner.java:233)
	at org.springframework.test.context.junit4.SpringJUnit4ClassRunner.runChild(SpringJUnit4ClassRunner.java:87)
	at org.junit.runners.ParentRunner$3.run(ParentRunner.java:238)
	at org.junit.runners.ParentRunner$1.schedule(ParentRunner.java:63)
	at org.junit.runners.ParentRunner.runChildren(ParentRunner.java:236)
	at org.junit.runners.ParentRunner.access$000(ParentRunner.java:53)
	at org.junit.runners.ParentRunner$2.evaluate(ParentRunner.java:229)
	at org.springframework.test.context.junit4.statements.RunBeforeTestClassCallbacks.evaluate(RunBeforeTestClassCallbacks.java:61)
	at org.springframework.test.context.junit4.statements.RunAfterTestClassCallbacks.evaluate(RunAfterTestClassCallbacks.java:71)
	at org.junit.runners.ParentRunner.run(ParentRunner.java:309)
	at org.springframework.test.context.junit4.SpringJUnit4ClassRunner.run(SpringJUnit4ClassRunner.java:176)
	at org.apache.maven.surefire.junit4.JUnit4Provider.execute(JUnit4Provider.java:264)
	at org.apache.maven.surefire.junit4.JUnit4Provider.executeTestSet(JUnit4Provider.java:153)
	at org.apache.maven.surefire.junit4.JUnit4Provider.invoke(JUnit4Provider.java:124)
	at org.apache.maven.surefire.booter.ForkedBooter.invokeProviderInSameClassLoader(ForkedBooter.java:200)
	at org.apache.maven.surefire.booter.ForkedBooter.runSuitesInProcess(ForkedBooter.java:153)
	at org.apache.maven.surefire.booter.ForkedBooter.main(ForkedBooter.java:103)
Caused by: org.springframework.beans.factory.BeanCreationException: Cannot determine embedded database driver class for database type NONE. If you want an embedded database please put a supported one on the classpath.
	at org.springframework.boot.autoconfigure.jdbc.DataSourceProperties.getDriverClassName(DataSourceProperties.java:93)
	at org.springframework.boot.autoconfigure.jdbc.DataSourceAutoConfiguration$NonEmbeddedConfiguration.dataSource(DataSourceAutoConfiguration.java:105)
	at sun.reflect.NativeMethodAccessorImpl.invoke0(Native Method)
	at sun.reflect.NativeMethodAccessorImpl.invoke(NativeMethodAccessorImpl.java:62)
	at sun.reflect.DelegatingMethodAccessorImpl.invoke(DelegatingMethodAccessorImpl.java:43)
	at java.lang.reflect.Method.invoke(Method.java:483)
	at org.springframework.beans.factory.support.SimpleInstantiationStrategy.instantiate(SimpleInstantiationStrategy.java:166)
	at org.springframework.beans.factory.support.ConstructorResolver.instantiateUsingFactoryMethod(ConstructorResolver.java:586)
	at org.springframework.beans.factory.support.AbstractAutowireCapableBeanFactory.instantiateUsingFactoryMethod(AbstractAutowireCapableBeanFactory.java:1095)
	at org.springframework.beans.factory.support.AbstractAutowireCapableBeanFactory.createBeanInstance(AbstractAutowireCapableBeanFactory.java:990)
	at org.springframework.beans.factory.support.AbstractAutowireCapableBeanFactory.doCreateBean(AbstractAutowireCapableBeanFactory.java:504)
	at org.springframework.beans.factory.support.AbstractAutowireCapableBeanFactory.createBean(AbstractAutowireCapableBeanFactory.java:475)
	at org.springframework.beans.factory.support.AbstractBeanFactory$1.getObject(AbstractBeanFactory.java:302)
	at org.springframework.beans.factory.support.DefaultSingletonBeanRegistry.getSingleton(DefaultSingletonBeanRegistry.java:228)
	at org.springframework.beans.factory.support.AbstractBeanFactory.doGetBean(AbstractBeanFactory.java:298)
	at org.springframework.beans.factory.support.AbstractBeanFactory.getBean(AbstractBeanFactory.java:193)
	at org.springframework.beans.factory.support.DefaultListableBeanFactory.findAutowireCandidates(DefaultListableBeanFactory.java:1021)
	at org.springframework.beans.factory.support.DefaultListableBeanFactory.doResolveDependency(DefaultListableBeanFactory.java:964)
	at org.springframework.beans.factory.support.DefaultListableBeanFactory.resolveDependency(DefaultListableBeanFactory.java:862)
	at org.springframework.beans.factory.annotation.AutowiredAnnotationBeanPostProcessor$AutowiredFieldElement.inject(AutowiredAnnotationBeanPostProcessor.java:481)
	at org.springframework.beans.factory.annotation.InjectionMetadata.inject(InjectionMetadata.java:87)
	at org.springframework.beans.factory.annotation.AutowiredAnnotationBeanPostProcessor.postProcessPropertyValues(AutowiredAnnotationBeanPostProcessor.java:290)
	at org.springframework.beans.factory.support.AbstractAutowireCapableBeanFactory.populateBean(AbstractAutowireCapableBeanFactory.java:1186)
	at org.springframework.beans.factory.support.AbstractAutowireCapableBeanFactory.doCreateBean(AbstractAutowireCapableBeanFactory.java:537)
	at org.springframework.beans.factory.support.AbstractAutowireCapableBeanFactory.createBean(AbstractAutowireCapableBeanFactory.java:475)
	at org.springframework.beans.factory.support.AbstractBeanFactory$1.getObject(AbstractBeanFactory.java:302)
	at org.springframework.beans.factory.support.DefaultSingletonBeanRegistry.getSingleton(DefaultSingletonBeanRegistry.java:228)
	at org.springframework.beans.factory.support.AbstractBeanFactory.doGetBean(AbstractBeanFactory.java:298)
	at org.springframework.beans.factory.support.AbstractBeanFactory.getBean(AbstractBeanFactory.java:193)
	at org.springframework.beans.factory.support.ConstructorResolver.instantiateUsingFactoryMethod(ConstructorResolver.java:370)
	at org.springframework.beans.factory.support.AbstractAutowireCapableBeanFactory.instantiateUsingFactoryMethod(AbstractAutowireCapableBeanFactory.java:1095)
	at org.springframework.beans.factory.support.AbstractAutowireCapableBeanFactory.createBeanInstance(AbstractAutowireCapableBeanFactory.java:990)
	at org.springframework.beans.factory.support.AbstractAutowireCapableBeanFactory.doCreateBean(AbstractAutowireCapableBeanFactory.java:504)
	at org.springframework.beans.factory.support.AbstractAutowireCapableBeanFactory.createBean(AbstractAutowireCapableBeanFactory.java:475)
	at org.springframework.beans.factory.support.AbstractBeanFactory$1.getObject(AbstractBeanFactory.java:302)
	at org.springframework.beans.factory.support.DefaultSingletonBeanRegistry.getSingleton(DefaultSingletonBeanRegistry.java:228)
	at org.springframework.beans.factory.support.AbstractBeanFactory.doGetBean(AbstractBeanFactory.java:298)
	at org.springframework.beans.factory.support.AbstractBeanFactory.getBean(AbstractBeanFactory.java:193)
	at org.springframework.context.support.AbstractApplicationContext.getBean(AbstractApplicationContext.java:975)
	at org.springframework.context.support.AbstractApplicationContext.finishBeanFactoryInitialization(AbstractApplicationContext.java:752)
	at org.springframework.context.support.AbstractApplicationContext.refresh(AbstractApplicationContext.java:482)
	at org.springframework.boot.SpringApplication.refresh(SpringApplication.java:691)
	at org.springframework.boot.SpringApplication.run(SpringApplication.java:320)
	at org.springframework.boot.test.SpringApplicationContextLoader.loadContext(SpringApplicationContextLoader.java:107)
	at org.springframework.test.context.CacheAwareContextLoaderDelegate.loadContextInternal(CacheAwareContextLoaderDelegate.java:64)
	at org.springframework.test.context.CacheAwareContextLoaderDelegate.loadContext(CacheAwareContextLoaderDelegate.java:91)
	at org.springframework.test.context.DefaultTestContext.getApplicationContext(DefaultTestContext.java:101)
	at org.springframework.test.context.support.DependencyInjectionTestExecutionListener.injectDependencies(DependencyInjectionTestExecutionListener.java:109)
	at org.springframework.test.context.support.DependencyInjectionTestExecutionListener.prepareTestInstance(DependencyInjectionTestExecutionListener.java:75)
	at org.springframework.test.context.TestContextManager.prepareTestInstance(TestContextManager.java:331)
	at org.springframework.test.context.junit4.SpringJUnit4ClassRunner.createTest(SpringJUnit4ClassRunner.java:213)
	at org.springframework.test.context.junit4.SpringJUnit4ClassRunner$1.runReflectiveCall(SpringJUnit4ClassRunner.java:290)
	at org.junit.internal.runners.model.ReflectiveCallable.run(ReflectiveCallable.java:12)
	at org.springframework.test.context.junit4.SpringJUnit4ClassRunner.methodBlock(SpringJUnit4ClassRunner.java:292)
	at org.springframework.test.context.junit4.SpringJUnit4ClassRunner.runChild(SpringJUnit4ClassRunner.java:233)
	at org.springframework.test.context.junit4.SpringJUnit4ClassRunner.runChild(SpringJUnit4ClassRunner.java:87)
	at org.junit.runners.ParentRunner$3.run(ParentRunner.java:238)
	at org.junit.runners.ParentRunner$1.schedule(ParentRunner.java:63)
	at org.junit.runners.ParentRunner.runChildren(ParentRunner.java:236)
	at org.junit.runners.ParentRunner.access$000(ParentRunner.java:53)
	at org.junit.runners.ParentRunner$2.evaluate(ParentRunner.java:229)
	at org.springframework.test.context.junit4.statements.RunBeforeTestClassCallbacks.evaluate(RunBeforeTestClassCallbacks.java:61)
	at org.springframework.test.context.junit4.statements.RunAfterTestClassCallbacks.evaluate(RunAfterTestClassCallbacks.java:71)
	at org.junit.runners.ParentRunner.run(ParentRunner.java:309)
	at org.springframework.test.context.junit4.SpringJUnit4ClassRunner.run(SpringJUnit4ClassRunner.java:176)
	at org.apache.maven.surefire.junit4.JUnit4Provider.execute(JUnit4Provider.java:264)
	at org.apache.maven.surefire.junit4.JUnit4Provider.executeTestSet(JUnit4Provider.java:153)
	at org.apache.maven.surefire.junit4.JUnit4Provider.invoke(JUnit4Provider.java:124)
	at org.apache.maven.surefire.booter.ForkedBooter.invokeProviderInSameClassLoader(ForkedBooter.java:200)
	at org.apache.maven.surefire.booter.ForkedBooter.runSuitesInProcess(ForkedBooter.java:153)
	at org.apache.maven.surefire.booter.ForkedBooter.main(ForkedBooter.java:103)
</error>
    <system-out>00:08:47.153 [main] DEBUG o.s.t.c.j.SpringJUnit4ClassRunner - SpringJUnit4ClassRunner constructor called with [class demo.ApplicationTests].
00:08:47.207 [main] DEBUG o.s.test.context.ContextLoaderUtils - Found explicit ContextLoader class [org.springframework.boot.test.SpringApplicationContextLoader] for context configuration attributes [ContextConfigurationAttributes@548a9f61 declaringClass = 'demo.ApplicationTests', classes = '{class demo.Application}', locations = '{}', inheritLocations = true, initializers = '{}', inheritInitializers = true, name = [null], contextLoaderClass = 'org.springframework.boot.test.SpringApplicationContextLoader']
00:08:47.215 [main] DEBUG o.s.test.context.ContextLoaderUtils - Could not find an 'annotation declaring class' for annotation type [org.springframework.test.context.ActiveProfiles] and class [demo.ApplicationTests]
00:08:47.219 [main] DEBUG o.s.test.context.TestContextManager - @TestExecutionListeners is not present for class [demo.ApplicationTests]: using defaults.
00:08:47.222 [main] INFO  o.s.test.context.TestContextManager - Could not instantiate TestExecutionListener [org.springframework.test.context.web.ServletTestExecutionListener]. Specify custom listener classes or make the default listener classes (and their required dependencies) available. Offending class: [javax/servlet/ServletContext]
00:08:47.235 [main] DEBUG o.s.t.annotation.ProfileValueUtils - Retrieved @ProfileValueSourceConfiguration [null] for test class [demo.ApplicationTests]
00:08:47.235 [main] DEBUG o.s.t.annotation.ProfileValueUtils - Retrieved ProfileValueSource type [class org.springframework.test.annotation.SystemProfileValueSource] for class [demo.ApplicationTests]
00:08:47.236 [main] DEBUG o.s.t.annotation.ProfileValueUtils - Retrieved @ProfileValueSourceConfiguration [null] for test class [demo.ApplicationTests]
00:08:47.236 [main] DEBUG o.s.t.annotation.ProfileValueUtils - Retrieved ProfileValueSource type [class org.springframework.test.annotation.SystemProfileValueSource] for class [demo.ApplicationTests]
00:08:47.239 [main] DEBUG o.s.t.annotation.ProfileValueUtils - Retrieved @ProfileValueSourceConfiguration [null] for test class [demo.ApplicationTests]
00:08:47.240 [main] DEBUG o.s.t.annotation.ProfileValueUtils - Retrieved ProfileValueSource type [class org.springframework.test.annotation.SystemProfileValueSource] for class [demo.ApplicationTests]
00:08:47.242 [main] DEBUG o.s.t.c.s.DependencyInjectionTestExecutionListener - Performing dependency injection for test context [[DefaultTestContext@3159c4b8 testClass = ApplicationTests, testInstance = demo.ApplicationTests@73846619, testMethod = [null], testException = [null], mergedContextConfiguration = [MergedContextConfiguration@4bec1f0c testClass = ApplicationTests, locations = '{}', classes = '{class demo.Application}', contextInitializerClasses = '[]', activeProfiles = '{}', contextLoader = 'org.springframework.boot.test.SpringApplicationContextLoader', parent = [null]]]].
00:08:47.353 [main] DEBUG o.s.core.env.StandardEnvironment - Adding [systemProperties] PropertySource with lowest search precedence
00:08:47.355 [main] DEBUG o.s.core.env.StandardEnvironment - Adding [systemEnvironment] PropertySource with lowest search precedence
00:08:47.355 [main] DEBUG o.s.core.env.StandardEnvironment - Initialized StandardEnvironment with PropertySources [systemProperties,systemEnvironment]
00:08:47.356 [main] DEBUG o.s.core.env.StandardEnvironment - Adding [integrationTest] PropertySource with search precedence immediately lower than [systemEnvironment]
2014-11-03 00:08:47.653 DEBUG 22732 --- [           main] o.s.c.e.PropertySourcesPropertyResolver  : Searching for key 'context.listener.classes' in [systemProperties]
2014-11-03 00:08:47.655 DEBUG 22732 --- [           main] o.s.c.e.PropertySourcesPropertyResolver  : Searching for key 'context.listener.classes' in [systemEnvironment]
2014-11-03 00:08:47.656 DEBUG 22732 --- [           main] o.s.c.e.PropertySourcesPropertyResolver  : Searching for key 'context.listener.classes' in [random]
2014-11-03 00:08:47.656 DEBUG 22732 --- [           main] o.s.c.e.PropertySourcesPropertyResolver  : Searching for key 'context.listener.classes' in [integrationTest]
2014-11-03 00:08:47.656 DEBUG 22732 --- [           main] o.s.c.e.PropertySourcesPropertyResolver  : Searching for key 'context.listener.classes' in [applicationConfigurationProperties]
2014-11-03 00:08:47.657 DEBUG 22732 --- [           main] o.s.c.e.PropertySourcesPropertyResolver  : Could not find key 'context.listener.classes' in any property source. Returning [null]
2014-11-03 00:08:47.658 DEBUG 22732 --- [           main] o.s.c.e.PropertySourcesPropertyResolver  : Searching for key 'banner.location' in [systemProperties]
2014-11-03 00:08:47.659 DEBUG 22732 --- [           main] o.s.c.e.PropertySourcesPropertyResolver  : Searching for key 'banner.location' in [systemEnvironment]
2014-11-03 00:08:47.659 DEBUG 22732 --- [           main] o.s.c.e.PropertySourcesPropertyResolver  : Searching for key 'banner.location' in [random]
2014-11-03 00:08:47.660 DEBUG 22732 --- [           main] o.s.c.e.PropertySourcesPropertyResolver  : Searching for key 'banner.location' in [integrationTest]
2014-11-03 00:08:47.660 DEBUG 22732 --- [           main] o.s.c.e.PropertySourcesPropertyResolver  : Searching for key 'banner.location' in [applicationConfigurationProperties]
2014-11-03 00:08:47.660 DEBUG 22732 --- [           main] o.s.c.e.PropertySourcesPropertyResolver  : Could not find key 'banner.location' in any property source. Returning [null]

  .   ____          _            __ _ _
 /\\ / ___'_ __ _ _(_)_ __  __ _ \ \ \ \
( ( )\___ | '_ | '_| | '_ \/ _` | \ \ \ \
 \\/  ___)| |_)| | | | | || (_| |  ) ) ) )
  '  |____| .__|_| |_|_| |_\__, | / / / /
 =========|_|==============|___/=/_/_/_/
 :: Spring Boot ::        (v1.1.8.RELEASE)

2014-11-03 00:08:47.697 DEBUG 22732 --- [           main] o.s.core.env.StandardEnvironment         : Adding [systemProperties] PropertySource with lowest search precedence
2014-11-03 00:08:47.697 DEBUG 22732 --- [           main] o.s.core.env.StandardEnvironment         : Adding [systemEnvironment] PropertySource with lowest search precedence
2014-11-03 00:08:47.698 DEBUG 22732 --- [           main] o.s.core.env.StandardEnvironment         : Initialized StandardEnvironment with PropertySources [systemProperties,systemEnvironment]
2014-11-03 00:08:47.720 DEBUG 22732 --- [           main] o.s.c.e.PropertySourcesPropertyResolver  : Searching for key 'context.initializer.classes' in [systemProperties]
2014-11-03 00:08:47.720 DEBUG 22732 --- [           main] o.s.c.e.PropertySourcesPropertyResolver  : Searching for key 'context.initializer.classes' in [systemEnvironment]
2014-11-03 00:08:47.720 DEBUG 22732 --- [           main] o.s.c.e.PropertySourcesPropertyResolver  : Searching for key 'context.initializer.classes' in [random]
2014-11-03 00:08:47.721 DEBUG 22732 --- [           main] o.s.c.e.PropertySourcesPropertyResolver  : Searching for key 'context.initializer.classes' in [integrationTest]
2014-11-03 00:08:47.721 DEBUG 22732 --- [           main] o.s.c.e.PropertySourcesPropertyResolver  : Searching for key 'context.initializer.classes' in [applicationConfigurationProperties]
2014-11-03 00:08:47.721 DEBUG 22732 --- [           main] o.s.c.e.PropertySourcesPropertyResolver  : Could not find key 'context.initializer.classes' in any property source. Returning [null]
2014-11-03 00:08:47.722 DEBUG 22732 --- [           main] o.s.c.e.PropertySourcesPropertyResolver  : Searching for key 'spring.config.name:application' in [systemProperties]
2014-11-03 00:08:47.722 DEBUG 22732 --- [           main] o.s.c.e.PropertySourcesPropertyResolver  : Searching for key 'spring.config.name:application' in [systemEnvironment]
2014-11-03 00:08:47.723 DEBUG 22732 --- [           main] o.s.c.e.PropertySourcesPropertyResolver  : Searching for key 'spring.config.name:application' in [random]
2014-11-03 00:08:47.723 DEBUG 22732 --- [           main] o.s.c.e.PropertySourcesPropertyResolver  : Searching for key 'spring.config.name:application' in [integrationTest]
2014-11-03 00:08:47.723 DEBUG 22732 --- [           main] o.s.c.e.PropertySourcesPropertyResolver  : Searching for key 'spring.config.name:application' in [applicationConfigurationProperties]
2014-11-03 00:08:47.723 DEBUG 22732 --- [           main] o.s.c.e.PropertySourcesPropertyResolver  : Could not find key 'spring.config.name:application' in any property source. Returning [null]
2014-11-03 00:08:47.724 DEBUG 22732 --- [           main] o.s.c.e.PropertySourcesPropertyResolver  : Searching for key 'spring.config.name' in [systemProperties]
2014-11-03 00:08:47.724 DEBUG 22732 --- [           main] o.s.c.e.PropertySourcesPropertyResolver  : Searching for key 'spring.config.name' in [systemEnvironment]
2014-11-03 00:08:47.724 DEBUG 22732 --- [           main] o.s.c.e.PropertySourcesPropertyResolver  : Searching for key 'spring.config.name' in [random]
2014-11-03 00:08:47.725 DEBUG 22732 --- [           main] o.s.c.e.PropertySourcesPropertyResolver  : Searching for key 'spring.config.name' in [integrationTest]
2014-11-03 00:08:47.725 DEBUG 22732 --- [           main] o.s.c.e.PropertySourcesPropertyResolver  : Searching for key 'spring.config.name' in [applicationConfigurationProperties]
2014-11-03 00:08:47.725 DEBUG 22732 --- [           main] o.s.c.e.PropertySourcesPropertyResolver  : Could not find key 'spring.config.name' in any property source. Returning [null]
2014-11-03 00:08:47.725 DEBUG 22732 --- [           main] o.s.c.e.PropertySourcesPropertyResolver  : Searching for key 'spring.application.name:application' in [systemProperties]
2014-11-03 00:08:47.726 DEBUG 22732 --- [           main] o.s.c.e.PropertySourcesPropertyResolver  : Searching for key 'spring.application.name:application' in [systemEnvironment]
2014-11-03 00:08:47.726 DEBUG 22732 --- [           main] o.s.c.e.PropertySourcesPropertyResolver  : Searching for key 'spring.application.name:application' in [random]
2014-11-03 00:08:47.726 DEBUG 22732 --- [           main] o.s.c.e.PropertySourcesPropertyResolver  : Searching for key 'spring.application.name:application' in [integrationTest]
2014-11-03 00:08:47.726 DEBUG 22732 --- [           main] o.s.c.e.PropertySourcesPropertyResolver  : Searching for key 'spring.application.name:application' in [applicationConfigurationProperties]
2014-11-03 00:08:47.727 DEBUG 22732 --- [           main] o.s.c.e.PropertySourcesPropertyResolver  : Could not find key 'spring.application.name:application' in any property source. Returning [null]
2014-11-03 00:08:47.727 DEBUG 22732 --- [           main] o.s.c.e.PropertySourcesPropertyResolver  : Searching for key 'spring.application.name' in [systemProperties]
2014-11-03 00:08:47.727 DEBUG 22732 --- [           main] o.s.c.e.PropertySourcesPropertyResolver  : Searching for key 'spring.application.name' in [systemEnvironment]
2014-11-03 00:08:47.727 DEBUG 22732 --- [           main] o.s.c.e.PropertySourcesPropertyResolver  : Searching for key 'spring.application.name' in [random]
2014-11-03 00:08:47.729 DEBUG 22732 --- [           main] o.s.c.e.PropertySourcesPropertyResolver  : Searching for key 'spring.application.name' in [integrationTest]
2014-11-03 00:08:47.729 DEBUG 22732 --- [           main] o.s.c.e.PropertySourcesPropertyResolver  : Searching for key 'spring.application.name' in [applicationConfigurationProperties]
2014-11-03 00:08:47.729 DEBUG 22732 --- [           main] o.s.c.e.PropertySourcesPropertyResolver  : Could not find key 'spring.application.name' in any property source. Returning [null]
2014-11-03 00:08:47.730 DEBUG 22732 --- [           main] o.s.c.e.PropertySourcesPropertyResolver  : Searching for key 'vcap.application.name:application' in [systemProperties]
2014-11-03 00:08:47.730 DEBUG 22732 --- [           main] o.s.c.e.PropertySourcesPropertyResolver  : Searching for key 'vcap.application.name:application' in [systemEnvironment]
2014-11-03 00:08:47.730 DEBUG 22732 --- [           main] o.s.c.e.PropertySourcesPropertyResolver  : Searching for key 'vcap.application.name:application' in [random]
2014-11-03 00:08:47.730 DEBUG 22732 --- [           main] o.s.c.e.PropertySourcesPropertyResolver  : Searching for key 'vcap.application.name:application' in [integrationTest]
2014-11-03 00:08:47.731 DEBUG 22732 --- [           main] o.s.c.e.PropertySourcesPropertyResolver  : Searching for key 'vcap.application.name:application' in [applicationConfigurationProperties]
2014-11-03 00:08:47.731 DEBUG 22732 --- [           main] o.s.c.e.PropertySourcesPropertyResolver  : Could not find key 'vcap.application.name:application' in any property source. Returning [null]
2014-11-03 00:08:47.731 DEBUG 22732 --- [           main] o.s.c.e.PropertySourcesPropertyResolver  : Searching for key 'vcap.application.name' in [systemProperties]
2014-11-03 00:08:47.731 DEBUG 22732 --- [           main] o.s.c.e.PropertySourcesPropertyResolver  : Searching for key 'vcap.application.name' in [systemEnvironment]
2014-11-03 00:08:47.732 DEBUG 22732 --- [           main] o.s.c.e.PropertySourcesPropertyResolver  : Searching for key 'vcap.application.name' in [random]
2014-11-03 00:08:47.732 DEBUG 22732 --- [           main] o.s.c.e.PropertySourcesPropertyResolver  : Searching for key 'vcap.application.name' in [integrationTest]
2014-11-03 00:08:47.732 DEBUG 22732 --- [           main] o.s.c.e.PropertySourcesPropertyResolver  : Searching for key 'vcap.application.name' in [applicationConfigurationProperties]
2014-11-03 00:08:47.733 DEBUG 22732 --- [           main] o.s.c.e.PropertySourcesPropertyResolver  : Could not find key 'vcap.application.name' in any property source. Returning [null]
2014-11-03 00:08:47.733 DEBUG 22732 --- [           main] o.s.c.e.PropertySourcesPropertyResolver  : Searching for key 'PORT:null' in [systemProperties]
2014-11-03 00:08:47.733 DEBUG 22732 --- [           main] o.s.c.e.PropertySourcesPropertyResolver  : Searching for key 'PORT:null' in [systemEnvironment]
2014-11-03 00:08:47.734 DEBUG 22732 --- [           main] o.s.c.e.PropertySourcesPropertyResolver  : Searching for key 'PORT:null' in [random]
2014-11-03 00:08:47.734 DEBUG 22732 --- [           main] o.s.c.e.PropertySourcesPropertyResolver  : Searching for key 'PORT:null' in [integrationTest]
2014-11-03 00:08:47.734 DEBUG 22732 --- [           main] o.s.c.e.PropertySourcesPropertyResolver  : Searching for key 'PORT:null' in [applicationConfigurationProperties]
2014-11-03 00:08:47.734 DEBUG 22732 --- [           main] o.s.c.e.PropertySourcesPropertyResolver  : Could not find key 'PORT:null' in any property source. Returning [null]
2014-11-03 00:08:47.734 DEBUG 22732 --- [           main] o.s.c.e.PropertySourcesPropertyResolver  : Searching for key 'PORT' in [systemProperties]
2014-11-03 00:08:47.734 DEBUG 22732 --- [           main] o.s.c.e.PropertySourcesPropertyResolver  : Searching for key 'PORT' in [systemEnvironment]
2014-11-03 00:08:47.735 DEBUG 22732 --- [           main] o.s.c.e.PropertySourcesPropertyResolver  : Searching for key 'PORT' in [random]
2014-11-03 00:08:47.735 DEBUG 22732 --- [           main] o.s.c.e.PropertySourcesPropertyResolver  : Searching for key 'PORT' in [integrationTest]
2014-11-03 00:08:47.735 DEBUG 22732 --- [           main] o.s.c.e.PropertySourcesPropertyResolver  : Searching for key 'PORT' in [applicationConfigurationProperties]
2014-11-03 00:08:47.735 DEBUG 22732 --- [           main] o.s.c.e.PropertySourcesPropertyResolver  : Could not find key 'PORT' in any property source. Returning [null]
2014-11-03 00:08:47.736 DEBUG 22732 --- [           main] o.s.c.e.PropertySourcesPropertyResolver  : Searching for key 'server.port:null' in [systemProperties]
2014-11-03 00:08:47.736 DEBUG 22732 --- [           main] o.s.c.e.PropertySourcesPropertyResolver  : Searching for key 'server.port:null' in [systemEnvironment]
2014-11-03 00:08:47.736 DEBUG 22732 --- [           main] o.s.c.e.PropertySourcesPropertyResolver  : Searching for key 'server.port:null' in [random]
2014-11-03 00:08:47.736 DEBUG 22732 --- [           main] o.s.c.e.PropertySourcesPropertyResolver  : Searching for key 'server.port:null' in [integrationTest]
2014-11-03 00:08:47.737 DEBUG 22732 --- [           main] o.s.c.e.PropertySourcesPropertyResolver  : Searching for key 'server.port:null' in [applicationConfigurationProperties]
2014-11-03 00:08:47.738 DEBUG 22732 --- [           main] o.s.c.e.PropertySourcesPropertyResolver  : Could not find key 'server.port:null' in any property source. Returning [null]
2014-11-03 00:08:47.738 DEBUG 22732 --- [           main] o.s.c.e.PropertySourcesPropertyResolver  : Searching for key 'server.port' in [systemProperties]
2014-11-03 00:08:47.738 DEBUG 22732 --- [           main] o.s.c.e.PropertySourcesPropertyResolver  : Searching for key 'server.port' in [systemEnvironment]
2014-11-03 00:08:47.738 DEBUG 22732 --- [           main] o.s.c.e.PropertySourcesPropertyResolver  : Searching for key 'server.port' in [random]
2014-11-03 00:08:47.738 DEBUG 22732 --- [           main] o.s.c.e.PropertySourcesPropertyResolver  : Searching for key 'server.port' in [integrationTest]
2014-11-03 00:08:47.739 DEBUG 22732 --- [           main] o.s.c.e.PropertySourcesPropertyResolver  : Found key 'server.port' in [integrationTest] with type [String] and value '-1'
2014-11-03 00:08:47.739 DEBUG 22732 --- [           main] o.s.c.e.PropertySourcesPropertyResolver  : Searching for key 'spring.application.index:-1' in [systemProperties]
2014-11-03 00:08:47.739 DEBUG 22732 --- [           main] o.s.c.e.PropertySourcesPropertyResolver  : Searching for key 'spring.application.index:-1' in [systemEnvironment]
2014-11-03 00:08:47.740 DEBUG 22732 --- [           main] o.s.c.e.PropertySourcesPropertyResolver  : Searching for key 'spring.application.index:-1' in [random]
2014-11-03 00:08:47.740 DEBUG 22732 --- [           main] o.s.c.e.PropertySourcesPropertyResolver  : Searching for key 'spring.application.index:-1' in [integrationTest]
2014-11-03 00:08:47.740 DEBUG 22732 --- [           main] o.s.c.e.PropertySourcesPropertyResolver  : Searching for key 'spring.application.index:-1' in [applicationConfigurationProperties]
2014-11-03 00:08:47.740 DEBUG 22732 --- [           main] o.s.c.e.PropertySourcesPropertyResolver  : Could not find key 'spring.application.index:-1' in any property source. Returning [null]
2014-11-03 00:08:47.741 DEBUG 22732 --- [           main] o.s.c.e.PropertySourcesPropertyResolver  : Searching for key 'spring.application.index' in [systemProperties]
2014-11-03 00:08:47.741 DEBUG 22732 --- [           main] o.s.c.e.PropertySourcesPropertyResolver  : Searching for key 'spring.application.index' in [systemEnvironment]
2014-11-03 00:08:47.741 DEBUG 22732 --- [           main] o.s.c.e.PropertySourcesPropertyResolver  : Searching for key 'spring.application.index' in [random]
2014-11-03 00:08:47.741 DEBUG 22732 --- [           main] o.s.c.e.PropertySourcesPropertyResolver  : Searching for key 'spring.application.index' in [integrationTest]
2014-11-03 00:08:47.742 DEBUG 22732 --- [           main] o.s.c.e.PropertySourcesPropertyResolver  : Searching for key 'spring.application.index' in [applicationConfigurationProperties]
2014-11-03 00:08:47.742 DEBUG 22732 --- [           main] o.s.c.e.PropertySourcesPropertyResolver  : Could not find key 'spring.application.index' in any property source. Returning [null]
2014-11-03 00:08:47.742 DEBUG 22732 --- [           main] o.s.c.e.PropertySourcesPropertyResolver  : Searching for key 'vcap.application.instance_index:-1' in [systemProperties]
2014-11-03 00:08:47.742 DEBUG 22732 --- [           main] o.s.c.e.PropertySourcesPropertyResolver  : Searching for key 'vcap.application.instance_index:-1' in [systemEnvironment]
2014-11-03 00:08:47.743 DEBUG 22732 --- [           main] o.s.c.e.PropertySourcesPropertyResolver  : Searching for key 'vcap.application.instance_index:-1' in [random]
2014-11-03 00:08:47.743 DEBUG 22732 --- [           main] o.s.c.e.PropertySourcesPropertyResolver  : Searching for key 'vcap.application.instance_index:-1' in [integrationTest]
2014-11-03 00:08:47.743 DEBUG 22732 --- [           main] o.s.c.e.PropertySourcesPropertyResolver  : Searching for key 'vcap.application.instance_index:-1' in [applicationConfigurationProperties]
2014-11-03 00:08:47.743 DEBUG 22732 --- [           main] o.s.c.e.PropertySourcesPropertyResolver  : Could not find key 'vcap.application.instance_index:-1' in any property source. Returning [null]
2014-11-03 00:08:47.743 DEBUG 22732 --- [           main] o.s.c.e.PropertySourcesPropertyResolver  : Searching for key 'vcap.application.instance_index' in [systemProperties]
2014-11-03 00:08:47.744 DEBUG 22732 --- [           main] o.s.c.e.PropertySourcesPropertyResolver  : Searching for key 'vcap.application.instance_index' in [systemEnvironment]
2014-11-03 00:08:47.744 DEBUG 22732 --- [           main] o.s.c.e.PropertySourcesPropertyResolver  : Searching for key 'vcap.application.instance_index' in [random]
2014-11-03 00:08:47.744 DEBUG 22732 --- [           main] o.s.c.e.PropertySourcesPropertyResolver  : Searching for key 'vcap.application.instance_index' in [integrationTest]
2014-11-03 00:08:47.744 DEBUG 22732 --- [           main] o.s.c.e.PropertySourcesPropertyResolver  : Searching for key 'vcap.application.instance_index' in [applicationConfigurationProperties]
2014-11-03 00:08:47.744 DEBUG 22732 --- [           main] o.s.c.e.PropertySourcesPropertyResolver  : Could not find key 'vcap.application.instance_index' in any property source. Returning [null]
2014-11-03 00:08:47.745 DEBUG 22732 --- [           main] o.s.c.e.PropertySourcesPropertyResolver  : Searching for key 'spring.profiles.active' in [systemProperties]
2014-11-03 00:08:47.745 DEBUG 22732 --- [           main] o.s.c.e.PropertySourcesPropertyResolver  : Searching for key 'spring.profiles.active' in [systemEnvironment]
2014-11-03 00:08:47.745 DEBUG 22732 --- [           main] o.s.c.e.PropertySourcesPropertyResolver  : Searching for key 'spring.profiles.active' in [random]
2014-11-03 00:08:47.746 DEBUG 22732 --- [           main] o.s.c.e.PropertySourcesPropertyResolver  : Searching for key 'spring.profiles.active' in [integrationTest]
2014-11-03 00:08:47.746 DEBUG 22732 --- [           main] o.s.c.e.PropertySourcesPropertyResolver  : Searching for key 'spring.profiles.active' in [applicationConfigurationProperties]
2014-11-03 00:08:47.746 DEBUG 22732 --- [           main] o.s.c.e.PropertySourcesPropertyResolver  : Could not find key 'spring.profiles.active' in any property source. Returning [null]
2014-11-03 00:08:47.750  INFO 22732 --- [           main] o.a.maven.surefire.booter.ForkedBooter   : Starting ForkedBooter v2.15 on Alexs-MacBook-Air.local with PID 22732 (/Users/alexvye/.m2/repository/org/apache/maven/surefire/surefire-booter/2.15/surefire-booter-2.15.jar started by alexvye in /Users/alexvye/Documents/workspace-sts-3.6.2.RELEASE/demo)
2014-11-03 00:08:47.750 DEBUG 22732 --- [           main] o.s.boot.SpringApplication               : Loading source class demo.Application
2014-11-03 00:08:47.789 DEBUG 22732 --- [           main] o.s.b.c.c.ConfigFileApplicationListener  : Skipped config file 'file:./config/application.yml' resource not found
2014-11-03 00:08:47.789 DEBUG 22732 --- [           main] o.s.b.c.c.ConfigFileApplicationListener  : Skipped config file 'file:./config/application.properties' resource not found
2014-11-03 00:08:47.789 DEBUG 22732 --- [           main] o.s.b.c.c.ConfigFileApplicationListener  : Skipped config file 'file:./config/application.yaml' resource not found
2014-11-03 00:08:47.789 DEBUG 22732 --- [           main] o.s.b.c.c.ConfigFileApplicationListener  : Skipped config file 'file:./application.yml' resource not found
2014-11-03 00:08:47.790 DEBUG 22732 --- [           main] o.s.b.c.c.ConfigFileApplicationListener  : Skipped config file 'file:./application.properties' resource not found
2014-11-03 00:08:47.790 DEBUG 22732 --- [           main] o.s.b.c.c.ConfigFileApplicationListener  : Skipped config file 'file:./application.yaml' resource not found
2014-11-03 00:08:47.790 DEBUG 22732 --- [           main] o.s.b.c.c.ConfigFileApplicationListener  : Skipped config file 'classpath:/config/application.yml' resource not found
2014-11-03 00:08:47.790 DEBUG 22732 --- [           main] o.s.b.c.c.ConfigFileApplicationListener  : Skipped config file 'classpath:/config/application.properties' resource not found
2014-11-03 00:08:47.790 DEBUG 22732 --- [           main] o.s.b.c.c.ConfigFileApplicationListener  : Skipped config file 'classpath:/config/application.yaml' resource not found
2014-11-03 00:08:47.790 DEBUG 22732 --- [           main] o.s.b.c.c.ConfigFileApplicationListener  : Skipped config file 'classpath:/application.yml' resource not found
2014-11-03 00:08:47.790 DEBUG 22732 --- [           main] o.s.b.c.c.ConfigFileApplicationListener  : Loaded config file 'classpath:/application.properties' 
2014-11-03 00:08:47.791 DEBUG 22732 --- [           main] o.s.b.c.c.ConfigFileApplicationListener  : Skipped config file 'classpath:/application.yaml' resource not found
2014-11-03 00:08:47.797  INFO 22732 --- [           main] s.c.a.AnnotationConfigApplicationContext : Refreshing org.springframework.context.annotation.AnnotationConfigApplicationContext@bef2d72: startup date [Mon Nov 03 00:08:47 AST 2014]; root of context hierarchy
2014-11-03 00:08:47.798 DEBUG 22732 --- [           main] s.c.a.AnnotationConfigApplicationContext : Bean factory for org.springframework.context.annotation.AnnotationConfigApplicationContext@bef2d72: org.springframework.beans.factory.support.DefaultListableBeanFactory@55182842: defining beans [org.springframework.context.annotation.internalConfigurationAnnotationProcessor,org.springframework.context.annotation.internalAutowiredAnnotationProcessor,org.springframework.context.annotation.internalRequiredAnnotationProcessor,org.springframework.context.annotation.internalCommonAnnotationProcessor,org.springframework.context.annotation.internalPersistenceAnnotationProcessor,application]; root of factory hierarchy
2014-11-03 00:08:47.813 DEBUG 22732 --- [           main] o.s.b.f.s.DefaultListableBeanFactory     : Creating shared instance of singleton bean 'org.springframework.context.annotation.internalConfigurationAnnotationProcessor'
2014-11-03 00:08:47.814 DEBUG 22732 --- [           main] o.s.b.f.s.DefaultListableBeanFactory     : Creating instance of bean 'org.springframework.context.annotation.internalConfigurationAnnotationProcessor'
2014-11-03 00:08:47.820 DEBUG 22732 --- [           main] o.s.b.f.s.DefaultListableBeanFactory     : Eagerly caching bean 'org.springframework.context.annotation.internalConfigurationAnnotationProcessor' to allow for resolving potential circular references
2014-11-03 00:08:47.823 DEBUG 22732 --- [           main] o.s.b.f.s.DefaultListableBeanFactory     : Finished creating instance of bean 'org.springframework.context.annotation.internalConfigurationAnnotationProcessor'
2014-11-03 00:08:47.839 DEBUG 22732 --- [           main] o.s.core.env.StandardEnvironment         : Adding [systemProperties] PropertySource with lowest search precedence
2014-11-03 00:08:47.840 DEBUG 22732 --- [           main] o.s.core.env.StandardEnvironment         : Adding [systemEnvironment] PropertySource with lowest search precedence
2014-11-03 00:08:47.840 DEBUG 22732 --- [           main] o.s.core.env.StandardEnvironment         : Initialized StandardEnvironment with PropertySources [systemProperties,systemEnvironment]
2014-11-03 00:08:47.844 DEBUG 22732 --- [           main] .i.s.PathMatchingResourcePatternResolver : Looking for matching resources in directory tree [/Users/alexvye/Documents/workspace-sts-3.6.2.RELEASE/demo/target/test-classes/demo]
2014-11-03 00:08:47.845 DEBUG 22732 --- [           main] .i.s.PathMatchingResourcePatternResolver : Searching directory [/Users/alexvye/Documents/workspace-sts-3.6.2.RELEASE/demo/target/test-classes/demo] for files matching pattern [/Users/alexvye/Documents/workspace-sts-3.6.2.RELEASE/demo/target/test-classes/demo/**/*.class]
2014-11-03 00:08:47.848 DEBUG 22732 --- [           main] .i.s.PathMatchingResourcePatternResolver : Looking for matching resources in directory tree [/Users/alexvye/Documents/workspace-sts-3.6.2.RELEASE/demo/target/classes/demo]
2014-11-03 00:08:47.848 DEBUG 22732 --- [           main] .i.s.PathMatchingResourcePatternResolver : Searching directory [/Users/alexvye/Documents/workspace-sts-3.6.2.RELEASE/demo/target/classes/demo] for files matching pattern [/Users/alexvye/Documents/workspace-sts-3.6.2.RELEASE/demo/target/classes/demo/**/*.class]
2014-11-03 00:08:47.848 DEBUG 22732 --- [           main] .i.s.PathMatchingResourcePatternResolver : Resolved location pattern [classpath*:demo/**/*.class] to resources [file [/Users/alexvye/Documents/workspace-sts-3.6.2.RELEASE/demo/target/test-classes/demo/ApplicationTests.class], file [/Users/alexvye/Documents/workspace-sts-3.6.2.RELEASE/demo/target/classes/demo/Application.class]]
2014-11-03 00:08:47.926 DEBUG 22732 --- [           main] c.t.c.AnnotationAttributesReadingVisitor : Failed to class-load type while reading annotation metadata. This is a non-fatal error, but certain annotation metadata may be unavailable.

java.lang.ClassNotFoundException: org.springframework.security.config.annotation.web.configuration.EnableWebSecurity
	at java.net.URLClassLoader$1.run(URLClassLoader.java:372)
	at java.net.URLClassLoader$1.run(URLClassLoader.java:361)
	at java.security.AccessController.doPrivileged(Native Method)
	at java.net.URLClassLoader.findClass(URLClassLoader.java:360)
	at java.lang.ClassLoader.loadClass(ClassLoader.java:424)
	at sun.misc.Launcher$AppClassLoader.loadClass(Launcher.java:308)
	at java.lang.ClassLoader.loadClass(ClassLoader.java:357)
	at org.springframework.core.type.classreading.RecursiveAnnotationAttributesVisitor.visitEnd(AnnotationAttributesReadingVisitor.java:181)
	at org.springframework.asm.ClassReader.readAnnotationValues(ClassReader.java:1788)
	at org.springframework.asm.ClassReader.accept(ClassReader.java:642)
	at org.springframework.asm.ClassReader.accept(ClassReader.java:508)
	at org.springframework.core.type.classreading.SimpleMetadataReader.&lt;init&gt;(SimpleMetadataReader.java:64)
	at org.springframework.core.type.classreading.SimpleMetadataReaderFactory.getMetadataReader(SimpleMetadataReaderFactory.java:82)
	at org.springframework.core.type.classreading.CachingMetadataReaderFactory.getMetadataReader(CachingMetadataReaderFactory.java:102)
	at org.springframework.core.type.classreading.SimpleMetadataReaderFactory.getMetadataReader(SimpleMetadataReaderFactory.java:77)
	at org.springframework.boot.autoconfigure.AutoConfigurationSorter$AutoConfigurationClasses.&lt;init&gt;(AutoConfigurationSorter.java:125)
	at org.springframework.boot.autoconfigure.AutoConfigurationSorter.getInPriorityOrder(AutoConfigurationSorter.java:60)
	at org.springframework.boot.autoconfigure.EnableAutoConfigurationImportSelector.selectImports(EnableAutoConfigurationImportSelector.java:72)
	at org.springframework.context.annotation.ConfigurationClassParser.processDeferredImportSelectors(ConfigurationClassParser.java:388)
	at org.springframework.context.annotation.ConfigurationClassParser.parse(ConfigurationClassParser.java:165)
	at org.springframework.context.annotation.ConfigurationClassPostProcessor.processConfigBeanDefinitions(ConfigurationClassPostProcessor.java:305)
	at org.springframework.context.annotation.ConfigurationClassPostProcessor.postProcessBeanDefinitionRegistry(ConfigurationClassPostProcessor.java:243)
	at org.springframework.context.support.PostProcessorRegistrationDelegate.invokeBeanDefinitionRegistryPostProcessors(PostProcessorRegistrationDelegate.java:254)
	at org.springframework.context.support.PostProcessorRegistrationDelegate.invokeBeanFactoryPostProcessors(PostProcessorRegistrationDelegate.java:94)
	at org.springframework.context.support.AbstractApplicationContext.invokeBeanFactoryPostProcessors(AbstractApplicationContext.java:611)
	at org.springframework.context.support.AbstractApplicationContext.refresh(AbstractApplicationContext.java:464)
	at org.springframework.boot.SpringApplication.refresh(SpringApplication.java:691)
	at org.springframework.boot.SpringApplication.run(SpringApplication.java:320)
	at org.springframework.boot.test.SpringApplicationContextLoader.loadContext(SpringApplicationContextLoader.java:107)
	at org.springframework.test.context.CacheAwareContextLoaderDelegate.loadContextInternal(CacheAwareContextLoaderDelegate.java:64)
	at org.springframework.test.context.CacheAwareContextLoaderDelegate.loadContext(CacheAwareContextLoaderDelegate.java:91)
	at org.springframework.test.context.DefaultTestContext.getApplicationContext(DefaultTestContext.java:101)
	at org.springframework.test.context.support.DependencyInjectionTestExecutionListener.injectDependencies(DependencyInjectionTestExecutionListener.java:109)
	at org.springframework.test.context.support.DependencyInjectionTestExecutionListener.prepareTestInstance(DependencyInjectionTestExecutionListener.java:75)
	at org.springframework.test.context.TestContextManager.prepareTestInstance(TestContextManager.java:331)
	at org.springframework.test.context.junit4.SpringJUnit4ClassRunner.createTest(SpringJUnit4ClassRunner.java:213)
	at org.springframework.test.context.junit4.SpringJUnit4ClassRunner$1.runReflectiveCall(SpringJUnit4ClassRunner.java:290)
	at org.junit.internal.runners.model.ReflectiveCallable.run(ReflectiveCallable.java:12)
	at org.springframework.test.context.junit4.SpringJUnit4ClassRunner.methodBlock(SpringJUnit4ClassRunner.java:292)
	at org.springframework.test.context.junit4.SpringJUnit4ClassRunner.runChild(SpringJUnit4ClassRunner.java:233)
	at org.springframework.test.context.junit4.SpringJUnit4ClassRunner.runChild(SpringJUnit4ClassRunner.java:87)
	at org.junit.runners.ParentRunner$3.run(ParentRunner.java:238)
	at org.junit.runners.ParentRunner$1.schedule(ParentRunner.java:63)
	at org.junit.runners.ParentRunner.runChildren(ParentRunner.java:236)
	at org.junit.runners.ParentRunner.access$000(ParentRunner.java:53)
	at org.junit.runners.ParentRunner$2.evaluate(ParentRunner.java:229)
	at org.springframework.test.context.junit4.statements.RunBeforeTestClassCallbacks.evaluate(RunBeforeTestClassCallbacks.java:61)
	at org.springframework.test.context.junit4.statements.RunAfterTestClassCallbacks.evaluate(RunAfterTestClassCallbacks.java:71)
	at org.junit.runners.ParentRunner.run(ParentRunner.java:309)
	at org.springframework.test.context.junit4.SpringJUnit4ClassRunner.run(SpringJUnit4ClassRunner.java:176)
	at org.apache.maven.surefire.junit4.JUnit4Provider.execute(JUnit4Provider.java:264)
	at org.apache.maven.surefire.junit4.JUnit4Provider.executeTestSet(JUnit4Provider.java:153)
	at org.apache.maven.surefire.junit4.JUnit4Provider.invoke(JUnit4Provider.java:124)
	at org.apache.maven.surefire.booter.ForkedBooter.invokeProviderInSameClassLoader(ForkedBooter.java:200)
	at org.apache.maven.surefire.booter.ForkedBooter.runSuitesInProcess(ForkedBooter.java:153)
	at org.apache.maven.surefire.booter.ForkedBooter.main(ForkedBooter.java:103)

2014-11-03 00:08:48.013 DEBUG 22732 --- [           main] c.t.c.AnnotationAttributesReadingVisitor : Failed to class-load type while reading annotation metadata. This is a non-fatal error, but certain annotation metadata may be unavailable.

java.lang.ClassNotFoundException: org.springframework.security.config.annotation.web.configuration.EnableWebSecurity
	at java.net.URLClassLoader$1.run(URLClassLoader.java:372)
	at java.net.URLClassLoader$1.run(URLClassLoader.java:361)
	at java.security.AccessController.doPrivileged(Native Method)
	at java.net.URLClassLoader.findClass(URLClassLoader.java:360)
	at java.lang.ClassLoader.loadClass(ClassLoader.java:424)
	at sun.misc.Launcher$AppClassLoader.loadClass(Launcher.java:308)
	at java.lang.ClassLoader.loadClass(ClassLoader.java:357)
	at org.springframework.core.type.classreading.RecursiveAnnotationAttributesVisitor.visitEnd(AnnotationAttributesReadingVisitor.java:181)
	at org.springframework.asm.ClassReader.readAnnotationValues(ClassReader.java:1788)
	at org.springframework.asm.ClassReader.accept(ClassReader.java:642)
	at org.springframework.asm.ClassReader.accept(ClassReader.java:508)
	at org.springframework.core.type.classreading.SimpleMetadataReader.&lt;init&gt;(SimpleMetadataReader.java:64)
	at org.springframework.core.type.classreading.SimpleMetadataReaderFactory.getMetadataReader(SimpleMetadataReaderFactory.java:82)
	at org.springframework.core.type.classreading.CachingMetadataReaderFactory.getMetadataReader(CachingMetadataReaderFactory.java:102)
	at org.springframework.core.type.classreading.SimpleMetadataReaderFactory.getMetadataReader(SimpleMetadataReaderFactory.java:77)
	at org.springframework.context.annotation.ConfigurationClassParser.asSourceClass(ConfigurationClassParser.java:561)
	at org.springframework.context.annotation.ConfigurationClassParser.asSourceClasses(ConfigurationClassParser.java:548)
	at org.springframework.context.annotation.ConfigurationClassParser.processDeferredImportSelectors(ConfigurationClassParser.java:389)
	at org.springframework.context.annotation.ConfigurationClassParser.parse(ConfigurationClassParser.java:165)
	at org.springframework.context.annotation.ConfigurationClassPostProcessor.processConfigBeanDefinitions(ConfigurationClassPostProcessor.java:305)
	at org.springframework.context.annotation.ConfigurationClassPostProcessor.postProcessBeanDefinitionRegistry(ConfigurationClassPostProcessor.java:243)
	at org.springframework.context.support.PostProcessorRegistrationDelegate.invokeBeanDefinitionRegistryPostProcessors(PostProcessorRegistrationDelegate.java:254)
	at org.springframework.context.support.PostProcessorRegistrationDelegate.invokeBeanFactoryPostProcessors(PostProcessorRegistrationDelegate.java:94)
	at org.springframework.context.support.AbstractApplicationContext.invokeBeanFactoryPostProcessors(AbstractApplicationContext.java:611)
	at org.springframework.context.support.AbstractApplicationContext.refresh(AbstractApplicationContext.java:464)
	at org.springframework.boot.SpringApplication.refresh(SpringApplication.java:691)
	at org.springframework.boot.SpringApplication.run(SpringApplication.java:320)
	at org.springframework.boot.test.SpringApplicationContextLoader.loadContext(SpringApplicationContextLoader.java:107)
	at org.springframework.test.context.CacheAwareContextLoaderDelegate.loadContextInternal(CacheAwareContextLoaderDelegate.java:64)
	at org.springframework.test.context.CacheAwareContextLoaderDelegate.loadContext(CacheAwareContextLoaderDelegate.java:91)
	at org.springframework.test.context.DefaultTestContext.getApplicationContext(DefaultTestContext.java:101)
	at org.springframework.test.context.support.DependencyInjectionTestExecutionListener.injectDependencies(DependencyInjectionTestExecutionListener.java:109)
	at org.springframework.test.context.support.DependencyInjectionTestExecutionListener.prepareTestInstance(DependencyInjectionTestExecutionListener.java:75)
	at org.springframework.test.context.TestContextManager.prepareTestInstance(TestContextManager.java:331)
	at org.springframework.test.context.junit4.SpringJUnit4ClassRunner.createTest(SpringJUnit4ClassRunner.java:213)
	at org.springframework.test.context.junit4.SpringJUnit4ClassRunner$1.runReflectiveCall(SpringJUnit4ClassRunner.java:290)
	at org.junit.internal.runners.model.ReflectiveCallable.run(ReflectiveCallable.java:12)
	at org.springframework.test.context.junit4.SpringJUnit4ClassRunner.methodBlock(SpringJUnit4ClassRunner.java:292)
	at org.springframework.test.context.junit4.SpringJUnit4ClassRunner.runChild(SpringJUnit4ClassRunner.java:233)
	at org.springframework.test.context.junit4.SpringJUnit4ClassRunner.runChild(SpringJUnit4ClassRunner.java:87)
	at org.junit.runners.ParentRunner$3.run(ParentRunner.java:238)
	at org.junit.runners.ParentRunner$1.schedule(ParentRunner.java:63)
	at org.junit.runners.ParentRunner.runChildren(ParentRunner.java:236)
	at org.junit.runners.ParentRunner.access$000(ParentRunner.java:53)
	at org.junit.runners.ParentRunner$2.evaluate(ParentRunner.java:229)
	at org.springframework.test.context.junit4.statements.RunBeforeTestClassCallbacks.evaluate(RunBeforeTestClassCallbacks.java:61)
	at org.springframework.test.context.junit4.statements.RunAfterTestClassCallbacks.evaluate(RunAfterTestClassCallbacks.java:71)
	at org.junit.runners.ParentRunner.run(ParentRunner.java:309)
	at org.springframework.test.context.junit4.SpringJUnit4ClassRunner.run(SpringJUnit4ClassRunner.java:176)
	at org.apache.maven.surefire.junit4.JUnit4Provider.execute(JUnit4Provider.java:264)
	at org.apache.maven.surefire.junit4.JUnit4Provider.executeTestSet(JUnit4Provider.java:153)
	at org.apache.maven.surefire.junit4.JUnit4Provider.invoke(JUnit4Provider.java:124)
	at org.apache.maven.surefire.booter.ForkedBooter.invokeProviderInSameClassLoader(ForkedBooter.java:200)
	at org.apache.maven.surefire.booter.ForkedBooter.runSuitesInProcess(ForkedBooter.java:153)
	at org.apache.maven.surefire.booter.ForkedBooter.main(ForkedBooter.java:103)

2014-11-03 00:08:48.022 DEBUG 22732 --- [           main] o.s.c.e.PropertySourcesPropertyResolver  : Searching for key 'spring.messages.basename' in [systemProperties]
2014-11-03 00:08:48.024 DEBUG 22732 --- [           main] o.s.c.e.PropertySourcesPropertyResolver  : Searching for key 'spring.messages.basename' in [systemEnvironment]
2014-11-03 00:08:48.025 DEBUG 22732 --- [           main] o.s.c.e.PropertySourcesPropertyResolver  : Searching for key 'spring.messages.basename' in [random]
2014-11-03 00:08:48.025 DEBUG 22732 --- [           main] o.s.c.e.PropertySourcesPropertyResolver  : Searching for key 'spring.messages.basename' in [integrationTest]
2014-11-03 00:08:48.025 DEBUG 22732 --- [           main] o.s.c.e.PropertySourcesPropertyResolver  : Searching for key 'spring.messages.basename' in [applicationConfigurationProperties]
2014-11-03 00:08:48.026 DEBUG 22732 --- [           main] o.s.c.e.PropertySourcesPropertyResolver  : Could not find key 'spring.messages.basename' in any property source. Returning [null]
2014-11-03 00:08:48.041 DEBUG 22732 --- [           main] .i.s.PathMatchingResourcePatternResolver : Looking for matching resources in directory tree [/Users/alexvye/Documents/workspace-sts-3.6.2.RELEASE/demo/target/test-classes]
2014-11-03 00:08:48.042 DEBUG 22732 --- [           main] .i.s.PathMatchingResourcePatternResolver : Searching directory [/Users/alexvye/Documents/workspace-sts-3.6.2.RELEASE/demo/target/test-classes] for files matching pattern [/Users/alexvye/Documents/workspace-sts-3.6.2.RELEASE/demo/target/test-classes/messages*.properties]
2014-11-03 00:08:48.043 DEBUG 22732 --- [           main] .i.s.PathMatchingResourcePatternResolver : Looking for matching resources in directory tree [/Users/alexvye/Documents/workspace-sts-3.6.2.RELEASE/demo/target/classes]
2014-11-03 00:08:48.044 DEBUG 22732 --- [           main] .i.s.PathMatchingResourcePatternResolver : Searching directory [/Users/alexvye/Documents/workspace-sts-3.6.2.RELEASE/demo/target/classes] for files matching pattern [/Users/alexvye/Documents/workspace-sts-3.6.2.RELEASE/demo/target/classes/messages*.properties]
2014-11-03 00:08:48.047 DEBUG 22732 --- [           main] .i.s.PathMatchingResourcePatternResolver : Looking for matching resources in jar file [file:/Users/alexvye/Documents/workspace-sts-3.6.2.RELEASE/demo/target/surefire/surefirebooter5096042793174352599.jar]
2014-11-03 00:08:48.048 DEBUG 22732 --- [           main] .i.s.PathMatchingResourcePatternResolver : Looking for matching resources in jar file [file:/Library/Java/JavaVirtualMachines/jdk1.8.0_20.jdk/Contents/Home/jre/lib/ext/cldrdata.jar]
2014-11-03 00:08:48.069 DEBUG 22732 --- [           main] .i.s.PathMatchingResourcePatternResolver : Looking for matching resources in jar file [file:/Library/Java/JavaVirtualMachines/jdk1.8.0_20.jdk/Contents/Home/jre/lib/ext/dnsns.jar]
2014-11-03 00:08:48.070 DEBUG 22732 --- [           main] .i.s.PathMatchingResourcePatternResolver : Looking for matching resources in jar file [file:/Library/Java/JavaVirtualMachines/jdk1.8.0_20.jdk/Contents/Home/jre/lib/ext/jfxrt.jar]
2014-11-03 00:08:48.130 DEBUG 22732 --- [           main] .i.s.PathMatchingResourcePatternResolver : Looking for matching resources in jar file [file:/Library/Java/JavaVirtualMachines/jdk1.8.0_20.jdk/Contents/Home/jre/lib/ext/localedata.jar]
2014-11-03 00:08:48.133 DEBUG 22732 --- [           main] .i.s.PathMatchingResourcePatternResolver : Looking for matching resources in jar file [file:/Library/Java/JavaVirtualMachines/jdk1.8.0_20.jdk/Contents/Home/jre/lib/ext/nashorn.jar]
2014-11-03 00:08:48.139 DEBUG 22732 --- [           main] .i.s.PathMatchingResourcePatternResolver : Looking for matching resources in jar file [file:/Library/Java/JavaVirtualMachines/jdk1.8.0_20.jdk/Contents/Home/jre/lib/ext/sunec.jar]
2014-11-03 00:08:48.140 DEBUG 22732 --- [           main] .i.s.PathMatchingResourcePatternResolver : Looking for matching resources in jar file [file:/Library/Java/JavaVirtualMachines/jdk1.8.0_20.jdk/Contents/Home/jre/lib/ext/sunjce_provider.jar]
2014-11-03 00:08:48.141 DEBUG 22732 --- [           main] .i.s.PathMatchingResourcePatternResolver : Looking for matching resources in jar file [file:/Library/Java/JavaVirtualMachines/jdk1.8.0_20.jdk/Contents/Home/jre/lib/ext/sunpkcs11.jar]
2014-11-03 00:08:48.143 DEBUG 22732 --- [           main] .i.s.PathMatchingResourcePatternResolver : Looking for matching resources in jar file [file:/Library/Java/JavaVirtualMachines/jdk1.8.0_20.jdk/Contents/Home/jre/lib/ext/zipfs.jar]
2014-11-03 00:08:48.144 DEBUG 22732 --- [           main] .i.s.PathMatchingResourcePatternResolver : Looking for matching resources in jar file [file:/System/Library/Java/Extensions/MRJToolkit.jar]
2014-11-03 00:08:48.145 DEBUG 22732 --- [           main] .i.s.PathMatchingResourcePatternResolver : Resolved location pattern [classpath*:messages*.properties] to resources []
2014-11-03 00:08:48.146 DEBUG 22732 --- [           main] o.s.b.f.s.DefaultListableBeanFactory     : Returning cached instance of singleton bean 'autoConfigurationReport'
2014-11-03 00:08:48.159 DEBUG 22732 --- [           main] o.s.b.f.s.DefaultListableBeanFactory     : Returning cached instance of singleton bean 'autoConfigurationReport'
2014-11-03 00:08:48.164 DEBUG 22732 --- [           main] o.s.b.f.s.DefaultListableBeanFactory     : Returning cached instance of singleton bean 'autoConfigurationReport'
2014-11-03 00:08:48.165 DEBUG 22732 --- [           main] o.s.b.f.s.DefaultListableBeanFactory     : Returning cached instance of singleton bean 'autoConfigurationReport'
2014-11-03 00:08:48.169 DEBUG 22732 --- [           main] o.s.b.f.s.DefaultListableBeanFactory     : Returning cached instance of singleton bean 'autoConfigurationReport'
2014-11-03 00:08:48.170 DEBUG 22732 --- [           main] o.s.b.f.s.DefaultListableBeanFactory     : Returning cached instance of singleton bean 'autoConfigurationReport'
2014-11-03 00:08:48.172 DEBUG 22732 --- [           main] o.s.b.f.s.DefaultListableBeanFactory     : Returning cached instance of singleton bean 'autoConfigurationReport'
2014-11-03 00:08:48.174 DEBUG 22732 --- [           main] o.s.b.f.s.DefaultListableBeanFactory     : Returning cached instance of singleton bean 'autoConfigurationReport'
2014-11-03 00:08:48.175 DEBUG 22732 --- [           main] o.s.c.e.PropertySourcesPropertyResolver  : Searching for key 'spring.aop.auto:true' in [systemProperties]
2014-11-03 00:08:48.176 DEBUG 22732 --- [           main] o.s.c.e.PropertySourcesPropertyResolver  : Searching for key 'spring.aop.auto:true' in [systemEnvironment]
2014-11-03 00:08:48.176 DEBUG 22732 --- [           main] o.s.c.e.PropertySourcesPropertyResolver  : Searching for key 'spring.aop.auto:true' in [random]
2014-11-03 00:08:48.177 DEBUG 22732 --- [           main] o.s.c.e.PropertySourcesPropertyResolver  : Searching for key 'spring.aop.auto:true' in [integrationTest]
2014-11-03 00:08:48.179 DEBUG 22732 --- [           main] o.s.c.e.PropertySourcesPropertyResolver  : Searching for key 'spring.aop.auto:true' in [applicationConfigurationProperties]
2014-11-03 00:08:48.183 DEBUG 22732 --- [           main] o.s.c.e.PropertySourcesPropertyResolver  : Could not find key 'spring.aop.auto:true' in any property source. Returning [null]
2014-11-03 00:08:48.183 DEBUG 22732 --- [           main] o.s.c.e.PropertySourcesPropertyResolver  : Searching for key 'spring.aop.auto' in [systemProperties]
2014-11-03 00:08:48.183 DEBUG 22732 --- [           main] o.s.c.e.PropertySourcesPropertyResolver  : Searching for key 'spring.aop.auto' in [systemEnvironment]
2014-11-03 00:08:48.184 DEBUG 22732 --- [           main] o.s.c.e.PropertySourcesPropertyResolver  : Searching for key 'spring.aop.auto' in [random]
2014-11-03 00:08:48.184 DEBUG 22732 --- [           main] o.s.c.e.PropertySourcesPropertyResolver  : Searching for key 'spring.aop.auto' in [integrationTest]
2014-11-03 00:08:48.186 DEBUG 22732 --- [           main] o.s.c.e.PropertySourcesPropertyResolver  : Searching for key 'spring.aop.auto' in [applicationConfigurationProperties]
2014-11-03 00:08:48.187 DEBUG 22732 --- [           main] o.s.c.e.PropertySourcesPropertyResolver  : Could not find key 'spring.aop.auto' in any property source. Returning [null]
2014-11-03 00:08:48.232 DEBUG 22732 --- [           main] o.s.b.f.s.DefaultListableBeanFactory     : Returning cached instance of singleton bean 'autoConfigurationReport'
2014-11-03 00:08:48.236 DEBUG 22732 --- [           main] o.s.c.e.PropertySourcesPropertyResolver  : Searching for key 'spring.aop.proxyTargetClass:false' in [systemProperties]
2014-11-03 00:08:48.236 DEBUG 22732 --- [           main] o.s.c.e.PropertySourcesPropertyResolver  : Searching for key 'spring.aop.proxyTargetClass:false' in [systemEnvironment]
2014-11-03 00:08:48.237 DEBUG 22732 --- [           main] o.s.c.e.PropertySourcesPropertyResolver  : Searching for key 'spring.aop.proxyTargetClass:false' in [random]
2014-11-03 00:08:48.237 DEBUG 22732 --- [           main] o.s.c.e.PropertySourcesPropertyResolver  : Searching for key 'spring.aop.proxyTargetClass:false' in [integrationTest]
2014-11-03 00:08:48.237 DEBUG 22732 --- [           main] o.s.c.e.PropertySourcesPropertyResolver  : Searching for key 'spring.aop.proxyTargetClass:false' in [applicationConfigurationProperties]
2014-11-03 00:08:48.237 DEBUG 22732 --- [           main] o.s.c.e.PropertySourcesPropertyResolver  : Could not find key 'spring.aop.proxyTargetClass:false' in any property source. Returning [null]
2014-11-03 00:08:48.238 DEBUG 22732 --- [           main] o.s.c.e.PropertySourcesPropertyResolver  : Searching for key 'spring.aop.proxyTargetClass' in [systemProperties]
2014-11-03 00:08:48.238 DEBUG 22732 --- [           main] o.s.c.e.PropertySourcesPropertyResolver  : Searching for key 'spring.aop.proxyTargetClass' in [systemEnvironment]
2014-11-03 00:08:48.238 DEBUG 22732 --- [           main] o.s.c.e.PropertySourcesPropertyResolver  : Searching for key 'spring.aop.proxyTargetClass' in [random]
2014-11-03 00:08:48.238 DEBUG 22732 --- [           main] o.s.c.e.PropertySourcesPropertyResolver  : Searching for key 'spring.aop.proxyTargetClass' in [integrationTest]
2014-11-03 00:08:48.238 DEBUG 22732 --- [           main] o.s.c.e.PropertySourcesPropertyResolver  : Searching for key 'spring.aop.proxyTargetClass' in [applicationConfigurationProperties]
2014-11-03 00:08:48.239 DEBUG 22732 --- [           main] o.s.c.e.PropertySourcesPropertyResolver  : Could not find key 'spring.aop.proxyTargetClass' in any property source. Returning [null]
2014-11-03 00:08:48.239 DEBUG 22732 --- [           main] o.s.b.f.s.DefaultListableBeanFactory     : Returning cached instance of singleton bean 'autoConfigurationReport'
2014-11-03 00:08:48.239 DEBUG 22732 --- [           main] o.s.c.e.PropertySourcesPropertyResolver  : Searching for key 'spring.aop.proxyTargetClass:false' in [systemProperties]
2014-11-03 00:08:48.239 DEBUG 22732 --- [           main] o.s.c.e.PropertySourcesPropertyResolver  : Searching for key 'spring.aop.proxyTargetClass:false' in [systemEnvironment]
2014-11-03 00:08:48.240 DEBUG 22732 --- [           main] o.s.c.e.PropertySourcesPropertyResolver  : Searching for key 'spring.aop.proxyTargetClass:false' in [random]
2014-11-03 00:08:48.240 DEBUG 22732 --- [           main] o.s.c.e.PropertySourcesPropertyResolver  : Searching for key 'spring.aop.proxyTargetClass:false' in [integrationTest]
2014-11-03 00:08:48.240 DEBUG 22732 --- [           main] o.s.c.e.PropertySourcesPropertyResolver  : Searching for key 'spring.aop.proxyTargetClass:false' in [applicationConfigurationProperties]
2014-11-03 00:08:48.240 DEBUG 22732 --- [           main] o.s.c.e.PropertySourcesPropertyResolver  : Could not find key 'spring.aop.proxyTargetClass:false' in any property source. Returning [null]
2014-11-03 00:08:48.240 DEBUG 22732 --- [           main] o.s.c.e.PropertySourcesPropertyResolver  : Searching for key 'spring.aop.proxyTargetClass' in [systemProperties]
2014-11-03 00:08:48.240 DEBUG 22732 --- [           main] o.s.c.e.PropertySourcesPropertyResolver  : Searching for key 'spring.aop.proxyTargetClass' in [systemEnvironment]
2014-11-03 00:08:48.240 DEBUG 22732 --- [           main] o.s.c.e.PropertySourcesPropertyResolver  : Searching for key 'spring.aop.proxyTargetClass' in [random]
2014-11-03 00:08:48.241 DEBUG 22732 --- [           main] o.s.c.e.PropertySourcesPropertyResolver  : Searching for key 'spring.aop.proxyTargetClass' in [integrationTest]
2014-11-03 00:08:48.241 DEBUG 22732 --- [           main] o.s.c.e.PropertySourcesPropertyResolver  : Searching for key 'spring.aop.proxyTargetClass' in [applicationConfigurationProperties]
2014-11-03 00:08:48.241 DEBUG 22732 --- [           main] o.s.c.e.PropertySourcesPropertyResolver  : Could not find key 'spring.aop.proxyTargetClass' in any property source. Returning [null]
2014-11-03 00:08:48.244 DEBUG 22732 --- [           main] o.s.b.f.s.DefaultListableBeanFactory     : Returning cached instance of singleton bean 'autoConfigurationReport'
2014-11-03 00:08:48.252 DEBUG 22732 --- [           main] o.s.b.f.s.DefaultListableBeanFactory     : Returning cached instance of singleton bean 'autoConfigurationReport'
2014-11-03 00:08:48.262 DEBUG 22732 --- [           main] o.s.b.f.s.DefaultListableBeanFactory     : Returning cached instance of singleton bean 'autoConfigurationReport'
2014-11-03 00:08:48.263 DEBUG 22732 --- [           main] o.s.b.f.s.DefaultListableBeanFactory     : Returning cached instance of singleton bean 'autoConfigurationReport'
2014-11-03 00:08:48.266 DEBUG 22732 --- [           main] o.s.b.f.s.DefaultListableBeanFactory     : Returning cached instance of singleton bean 'autoConfigurationReport'
2014-11-03 00:08:48.288 DEBUG 22732 --- [           main] o.s.b.f.s.DefaultListableBeanFactory     : Returning cached instance of singleton bean 'autoConfigurationReport'
2014-11-03 00:08:48.294 DEBUG 22732 --- [           main] o.s.b.f.s.DefaultListableBeanFactory     : Returning cached instance of singleton bean 'autoConfigurationReport'
2014-11-03 00:08:48.303 DEBUG 22732 --- [           main] o.s.b.f.s.DefaultListableBeanFactory     : Returning cached instance of singleton bean 'autoConfigurationReport'
2014-11-03 00:08:48.308 DEBUG 22732 --- [           main] o.s.b.f.s.DefaultListableBeanFactory     : Returning cached instance of singleton bean 'autoConfigurationReport'
2014-11-03 00:08:48.311 DEBUG 22732 --- [           main] o.s.b.f.s.DefaultListableBeanFactory     : Returning cached instance of singleton bean 'autoConfigurationReport'
2014-11-03 00:08:48.316 DEBUG 22732 --- [           main] o.s.b.f.s.DefaultListableBeanFactory     : Returning cached instance of singleton bean 'autoConfigurationReport'
2014-11-03 00:08:48.317 DEBUG 22732 --- [           main] o.s.c.e.PropertySourcesPropertyResolver  : Searching for key 'spring.data.jpa.repositories.enabled:true' in [systemProperties]
2014-11-03 00:08:48.318 DEBUG 22732 --- [           main] o.s.c.e.PropertySourcesPropertyResolver  : Searching for key 'spring.data.jpa.repositories.enabled:true' in [systemEnvironment]
2014-11-03 00:08:48.318 DEBUG 22732 --- [           main] o.s.c.e.PropertySourcesPropertyResolver  : Searching for key 'spring.data.jpa.repositories.enabled:true' in [random]
2014-11-03 00:08:48.318 DEBUG 22732 --- [           main] o.s.c.e.PropertySourcesPropertyResolver  : Searching for key 'spring.data.jpa.repositories.enabled:true' in [integrationTest]
2014-11-03 00:08:48.319 DEBUG 22732 --- [           main] o.s.c.e.PropertySourcesPropertyResolver  : Searching for key 'spring.data.jpa.repositories.enabled:true' in [applicationConfigurationProperties]
2014-11-03 00:08:48.319 DEBUG 22732 --- [           main] o.s.c.e.PropertySourcesPropertyResolver  : Could not find key 'spring.data.jpa.repositories.enabled:true' in any property source. Returning [null]
2014-11-03 00:08:48.320 DEBUG 22732 --- [           main] o.s.c.e.PropertySourcesPropertyResolver  : Searching for key 'spring.data.jpa.repositories.enabled' in [systemProperties]
2014-11-03 00:08:48.321 DEBUG 22732 --- [           main] o.s.c.e.PropertySourcesPropertyResolver  : Searching for key 'spring.data.jpa.repositories.enabled' in [systemEnvironment]
2014-11-03 00:08:48.321 DEBUG 22732 --- [           main] o.s.c.e.PropertySourcesPropertyResolver  : Searching for key 'spring.data.jpa.repositories.enabled' in [random]
2014-11-03 00:08:48.321 DEBUG 22732 --- [           main] o.s.c.e.PropertySourcesPropertyResolver  : Searching for key 'spring.data.jpa.repositories.enabled' in [integrationTest]
2014-11-03 00:08:48.322 DEBUG 22732 --- [           main] o.s.c.e.PropertySourcesPropertyResolver  : Searching for key 'spring.data.jpa.repositories.enabled' in [applicationConfigurationProperties]
2014-11-03 00:08:48.323 DEBUG 22732 --- [           main] o.s.c.e.PropertySourcesPropertyResolver  : Could not find key 'spring.data.jpa.repositories.enabled' in any property source. Returning [null]
2014-11-03 00:08:48.325 DEBUG 22732 --- [           main] o.s.b.f.s.DefaultListableBeanFactory     : Returning cached instance of singleton bean 'autoConfigurationReport'
2014-11-03 00:08:48.332 DEBUG 22732 --- [           main] o.s.b.f.s.DefaultListableBeanFactory     : Returning cached instance of singleton bean 'autoConfigurationReport'
2014-11-03 00:08:48.346 DEBUG 22732 --- [           main] o.s.b.f.s.DefaultListableBeanFactory     : Returning cached instance of singleton bean 'autoConfigurationReport'
2014-11-03 00:08:48.349 DEBUG 22732 --- [           main] o.s.b.f.s.DefaultListableBeanFactory     : Returning cached instance of singleton bean 'autoConfigurationReport'
2014-11-03 00:08:48.351 DEBUG 22732 --- [           main] o.s.b.f.s.DefaultListableBeanFactory     : Returning cached instance of singleton bean 'autoConfigurationReport'
2014-11-03 00:08:48.352 DEBUG 22732 --- [           main] o.s.b.f.s.DefaultListableBeanFactory     : Returning cached instance of singleton bean 'autoConfigurationReport'
2014-11-03 00:08:48.354 DEBUG 22732 --- [           main] o.s.b.f.s.DefaultListableBeanFactory     : Returning cached instance of singleton bean 'autoConfigurationReport'
2014-11-03 00:08:48.356 DEBUG 22732 --- [           main] o.s.b.f.s.DefaultListableBeanFactory     : Returning cached instance of singleton bean 'autoConfigurationReport'
2014-11-03 00:08:48.360 DEBUG 22732 --- [           main] o.s.b.f.s.DefaultListableBeanFactory     : Returning cached instance of singleton bean 'autoConfigurationReport'
2014-11-03 00:08:48.374 DEBUG 22732 --- [           main] o.s.b.f.s.DefaultListableBeanFactory     : Returning cached instance of singleton bean 'autoConfigurationReport'
2014-11-03 00:08:48.375 DEBUG 22732 --- [           main] o.s.b.f.s.DefaultListableBeanFactory     : Returning cached instance of singleton bean 'autoConfigurationReport'
2014-11-03 00:08:48.377 DEBUG 22732 --- [           main] o.s.b.f.s.DefaultListableBeanFactory     : Returning cached instance of singleton bean 'autoConfigurationReport'
2014-11-03 00:08:48.382 DEBUG 22732 --- [           main] o.s.b.f.s.DefaultListableBeanFactory     : Returning cached instance of singleton bean 'autoConfigurationReport'
2014-11-03 00:08:48.384 DEBUG 22732 --- [           main] o.s.c.e.PropertySourcesPropertyResolver  : Searching for key 'spring.jmx.enabled:true' in [systemProperties]
2014-11-03 00:08:48.384 DEBUG 22732 --- [           main] o.s.c.e.PropertySourcesPropertyResolver  : Searching for key 'spring.jmx.enabled:true' in [systemEnvironment]
2014-11-03 00:08:48.385 DEBUG 22732 --- [           main] o.s.c.e.PropertySourcesPropertyResolver  : Searching for key 'spring.jmx.enabled:true' in [random]
2014-11-03 00:08:48.385 DEBUG 22732 --- [           main] o.s.c.e.PropertySourcesPropertyResolver  : Searching for key 'spring.jmx.enabled:true' in [integrationTest]
2014-11-03 00:08:48.388 DEBUG 22732 --- [           main] o.s.c.e.PropertySourcesPropertyResolver  : Searching for key 'spring.jmx.enabled:true' in [applicationConfigurationProperties]
2014-11-03 00:08:48.391 DEBUG 22732 --- [           main] o.s.c.e.PropertySourcesPropertyResolver  : Could not find key 'spring.jmx.enabled:true' in any property source. Returning [null]
2014-11-03 00:08:48.391 DEBUG 22732 --- [           main] o.s.c.e.PropertySourcesPropertyResolver  : Searching for key 'spring.jmx.enabled' in [systemProperties]
2014-11-03 00:08:48.392 DEBUG 22732 --- [           main] o.s.c.e.PropertySourcesPropertyResolver  : Searching for key 'spring.jmx.enabled' in [systemEnvironment]
2014-11-03 00:08:48.393 DEBUG 22732 --- [           main] o.s.c.e.PropertySourcesPropertyResolver  : Searching for key 'spring.jmx.enabled' in [random]
2014-11-03 00:08:48.394 DEBUG 22732 --- [           main] o.s.c.e.PropertySourcesPropertyResolver  : Searching for key 'spring.jmx.enabled' in [integrationTest]
2014-11-03 00:08:48.397 DEBUG 22732 --- [           main] o.s.c.e.PropertySourcesPropertyResolver  : Found key 'spring.jmx.enabled' in [integrationTest] with type [String] and value 'false'
2014-11-03 00:08:48.398 DEBUG 22732 --- [           main] o.s.b.f.s.DefaultListableBeanFactory     : Returning cached instance of singleton bean 'autoConfigurationReport'
2014-11-03 00:08:48.408 DEBUG 22732 --- [           main] o.s.b.f.s.DefaultListableBeanFactory     : Returning cached instance of singleton bean 'autoConfigurationReport'
2014-11-03 00:08:48.414 DEBUG 22732 --- [           main] o.s.b.f.s.DefaultListableBeanFactory     : Returning cached instance of singleton bean 'autoConfigurationReport'
2014-11-03 00:08:48.431 DEBUG 22732 --- [           main] o.s.b.f.s.DefaultListableBeanFactory     : Returning cached instance of singleton bean 'autoConfigurationReport'
2014-11-03 00:08:48.432 DEBUG 22732 --- [           main] o.s.b.f.s.DefaultListableBeanFactory     : Returning cached instance of singleton bean 'autoConfigurationReport'
2014-11-03 00:08:48.433 DEBUG 22732 --- [           main] o.s.b.f.s.DefaultListableBeanFactory     : Returning cached instance of singleton bean 'autoConfigurationReport'
2014-11-03 00:08:48.434 DEBUG 22732 --- [           main] o.s.b.f.s.DefaultListableBeanFactory     : Returning cached instance of singleton bean 'autoConfigurationReport'
2014-11-03 00:08:48.435 DEBUG 22732 --- [           main] o.s.b.f.s.DefaultListableBeanFactory     : Returning cached instance of singleton bean 'autoConfigurationReport'
2014-11-03 00:08:48.437 DEBUG 22732 --- [           main] o.s.b.f.s.DefaultListableBeanFactory     : Returning cached instance of singleton bean 'autoConfigurationReport'
2014-11-03 00:08:48.438 DEBUG 22732 --- [           main] o.s.b.f.s.DefaultListableBeanFactory     : Returning cached instance of singleton bean 'autoConfigurationReport'
2014-11-03 00:08:48.439 DEBUG 22732 --- [           main] o.s.b.f.s.DefaultListableBeanFactory     : Returning cached instance of singleton bean 'autoConfigurationReport'
2014-11-03 00:08:48.440 DEBUG 22732 --- [           main] o.s.b.f.s.DefaultListableBeanFactory     : Returning cached instance of singleton bean 'autoConfigurationReport'
2014-11-03 00:08:48.440 DEBUG 22732 --- [           main] o.s.b.f.s.DefaultListableBeanFactory     : Returning cached instance of singleton bean 'autoConfigurationReport'
2014-11-03 00:08:48.441 DEBUG 22732 --- [           main] o.s.b.f.s.DefaultListableBeanFactory     : Returning cached instance of singleton bean 'autoConfigurationReport'
2014-11-03 00:08:48.442 DEBUG 22732 --- [           main] o.s.b.f.s.DefaultListableBeanFactory     : Returning cached instance of singleton bean 'autoConfigurationReport'
2014-11-03 00:08:48.443 DEBUG 22732 --- [           main] o.s.b.f.s.DefaultListableBeanFactory     : Returning cached instance of singleton bean 'autoConfigurationReport'
2014-11-03 00:08:48.444 DEBUG 22732 --- [           main] o.s.b.f.s.DefaultListableBeanFactory     : Returning cached instance of singleton bean 'autoConfigurationReport'
2014-11-03 00:08:48.452 DEBUG 22732 --- [           main] o.s.b.f.s.DefaultListableBeanFactory     : Returning cached instance of singleton bean 'autoConfigurationReport'
2014-11-03 00:08:48.455 DEBUG 22732 --- [           main] o.s.b.f.s.DefaultListableBeanFactory     : Returning cached instance of singleton bean 'autoConfigurationReport'
2014-11-03 00:08:48.458 DEBUG 22732 --- [           main] o.s.c.e.PropertySourcesPropertyResolver  : Searching for key 'security.basic.enabled:true' in [systemProperties]
2014-11-03 00:08:48.459 DEBUG 22732 --- [           main] o.s.c.e.PropertySourcesPropertyResolver  : Searching for key 'security.basic.enabled:true' in [systemEnvironment]
2014-11-03 00:08:48.459 DEBUG 22732 --- [           main] o.s.c.e.PropertySourcesPropertyResolver  : Searching for key 'security.basic.enabled:true' in [random]
2014-11-03 00:08:48.459 DEBUG 22732 --- [           main] o.s.c.e.PropertySourcesPropertyResolver  : Searching for key 'security.basic.enabled:true' in [integrationTest]
2014-11-03 00:08:48.460 DEBUG 22732 --- [           main] o.s.c.e.PropertySourcesPropertyResolver  : Searching for key 'security.basic.enabled:true' in [applicationConfigurationProperties]
2014-11-03 00:08:48.460 DEBUG 22732 --- [           main] o.s.c.e.PropertySourcesPropertyResolver  : Could not find key 'security.basic.enabled:true' in any property source. Returning [null]
2014-11-03 00:08:48.460 DEBUG 22732 --- [           main] o.s.c.e.PropertySourcesPropertyResolver  : Searching for key 'security.basic.enabled' in [systemProperties]
2014-11-03 00:08:48.460 DEBUG 22732 --- [           main] o.s.c.e.PropertySourcesPropertyResolver  : Searching for key 'security.basic.enabled' in [systemEnvironment]
2014-11-03 00:08:48.461 DEBUG 22732 --- [           main] o.s.c.e.PropertySourcesPropertyResolver  : Searching for key 'security.basic.enabled' in [random]
2014-11-03 00:08:48.461 DEBUG 22732 --- [           main] o.s.c.e.PropertySourcesPropertyResolver  : Searching for key 'security.basic.enabled' in [integrationTest]
2014-11-03 00:08:48.461 DEBUG 22732 --- [           main] o.s.c.e.PropertySourcesPropertyResolver  : Searching for key 'security.basic.enabled' in [applicationConfigurationProperties]
2014-11-03 00:08:48.462 DEBUG 22732 --- [           main] o.s.c.e.PropertySourcesPropertyResolver  : Could not find key 'security.basic.enabled' in any property source. Returning [null]
2014-11-03 00:08:48.462 DEBUG 22732 --- [           main] o.s.b.f.s.DefaultListableBeanFactory     : Returning cached instance of singleton bean 'autoConfigurationReport'
2014-11-03 00:08:48.464 DEBUG 22732 --- [           main] o.s.b.f.s.DefaultListableBeanFactory     : Returning cached instance of singleton bean 'autoConfigurationReport'
2014-11-03 00:08:48.465 DEBUG 22732 --- [           main] o.s.b.f.s.DefaultListableBeanFactory     : Returning cached instance of singleton bean 'autoConfigurationReport'
2014-11-03 00:08:48.466 DEBUG 22732 --- [           main] o.s.b.f.s.DefaultListableBeanFactory     : Returning cached instance of singleton bean 'autoConfigurationReport'
2014-11-03 00:08:48.477 DEBUG 22732 --- [           main] o.s.b.f.s.DefaultListableBeanFactory     : Returning cached instance of singleton bean 'autoConfigurationReport'
2014-11-03 00:08:48.478 DEBUG 22732 --- [           main] o.s.b.f.s.DefaultListableBeanFactory     : Returning cached instance of singleton bean 'autoConfigurationReport'
2014-11-03 00:08:48.483 DEBUG 22732 --- [           main] a.ConfigurationClassBeanDefinitionReader : Registered bean definition for imported @Configuration class org.springframework.boot.autoconfigure.PropertyPlaceholderAutoConfiguration
2014-11-03 00:08:48.487 DEBUG 22732 --- [           main] o.s.b.f.s.DefaultListableBeanFactory     : Returning cached instance of singleton bean 'autoConfigurationReport'
2014-11-03 00:08:48.489 DEBUG 22732 --- [           main] a.ConfigurationClassBeanDefinitionReader : Registering bean definition for @Bean method org.springframework.boot.autoconfigure.PropertyPlaceholderAutoConfiguration.propertySourcesPlaceholderConfigurer()
2014-11-03 00:08:48.489 DEBUG 22732 --- [           main] o.s.b.f.s.DefaultListableBeanFactory     : Returning cached instance of singleton bean 'autoConfigurationReport'
2014-11-03 00:08:48.490 DEBUG 22732 --- [           main] o.s.c.e.PropertySourcesPropertyResolver  : Searching for key 'spring.aop.auto:true' in [systemProperties]
2014-11-03 00:08:48.490 DEBUG 22732 --- [           main] o.s.c.e.PropertySourcesPropertyResolver  : Searching for key 'spring.aop.auto:true' in [systemEnvironment]
2014-11-03 00:08:48.490 DEBUG 22732 --- [           main] o.s.c.e.PropertySourcesPropertyResolver  : Searching for key 'spring.aop.auto:true' in [random]
2014-11-03 00:08:48.491 DEBUG 22732 --- [           main] o.s.c.e.PropertySourcesPropertyResolver  : Searching for key 'spring.aop.auto:true' in [integrationTest]
2014-11-03 00:08:48.491 DEBUG 22732 --- [           main] o.s.c.e.PropertySourcesPropertyResolver  : Searching for key 'spring.aop.auto:true' in [applicationConfigurationProperties]
2014-11-03 00:08:48.491 DEBUG 22732 --- [           main] o.s.c.e.PropertySourcesPropertyResolver  : Could not find key 'spring.aop.auto:true' in any property source. Returning [null]
2014-11-03 00:08:48.491 DEBUG 22732 --- [           main] o.s.c.e.PropertySourcesPropertyResolver  : Searching for key 'spring.aop.auto' in [systemProperties]
2014-11-03 00:08:48.492 DEBUG 22732 --- [           main] o.s.c.e.PropertySourcesPropertyResolver  : Searching for key 'spring.aop.auto' in [systemEnvironment]
2014-11-03 00:08:48.492 DEBUG 22732 --- [           main] o.s.c.e.PropertySourcesPropertyResolver  : Searching for key 'spring.aop.auto' in [random]
2014-11-03 00:08:48.492 DEBUG 22732 --- [           main] o.s.c.e.PropertySourcesPropertyResolver  : Searching for key 'spring.aop.auto' in [integrationTest]
2014-11-03 00:08:48.493 DEBUG 22732 --- [           main] o.s.c.e.PropertySourcesPropertyResolver  : Searching for key 'spring.aop.auto' in [applicationConfigurationProperties]
2014-11-03 00:08:48.493 DEBUG 22732 --- [           main] o.s.c.e.PropertySourcesPropertyResolver  : Could not find key 'spring.aop.auto' in any property source. Returning [null]
2014-11-03 00:08:48.493 DEBUG 22732 --- [           main] o.s.b.f.s.DefaultListableBeanFactory     : Returning cached instance of singleton bean 'autoConfigurationReport'
2014-11-03 00:08:48.494 DEBUG 22732 --- [           main] o.s.c.e.PropertySourcesPropertyResolver  : Searching for key 'spring.aop.proxyTargetClass:false' in [systemProperties]
2014-11-03 00:08:48.494 DEBUG 22732 --- [           main] o.s.c.e.PropertySourcesPropertyResolver  : Searching for key 'spring.aop.proxyTargetClass:false' in [systemEnvironment]
2014-11-03 00:08:48.495 DEBUG 22732 --- [           main] o.s.c.e.PropertySourcesPropertyResolver  : Searching for key 'spring.aop.proxyTargetClass:false' in [random]
2014-11-03 00:08:48.496 DEBUG 22732 --- [           main] o.s.c.e.PropertySourcesPropertyResolver  : Searching for key 'spring.aop.proxyTargetClass:false' in [integrationTest]
2014-11-03 00:08:48.496 DEBUG 22732 --- [           main] o.s.c.e.PropertySourcesPropertyResolver  : Searching for key 'spring.aop.proxyTargetClass:false' in [applicationConfigurationProperties]
2014-11-03 00:08:48.496 DEBUG 22732 --- [           main] o.s.c.e.PropertySourcesPropertyResolver  : Could not find key 'spring.aop.proxyTargetClass:false' in any property source. Returning [null]
2014-11-03 00:08:48.499 DEBUG 22732 --- [           main] o.s.c.e.PropertySourcesPropertyResolver  : Searching for key 'spring.aop.proxyTargetClass' in [systemProperties]
2014-11-03 00:08:48.499 DEBUG 22732 --- [           main] o.s.c.e.PropertySourcesPropertyResolver  : Searching for key 'spring.aop.proxyTargetClass' in [systemEnvironment]
2014-11-03 00:08:48.500 DEBUG 22732 --- [           main] o.s.c.e.PropertySourcesPropertyResolver  : Searching for key 'spring.aop.proxyTargetClass' in [random]
2014-11-03 00:08:48.500 DEBUG 22732 --- [           main] o.s.c.e.PropertySourcesPropertyResolver  : Searching for key 'spring.aop.proxyTargetClass' in [integrationTest]
2014-11-03 00:08:48.500 DEBUG 22732 --- [           main] o.s.c.e.PropertySourcesPropertyResolver  : Searching for key 'spring.aop.proxyTargetClass' in [applicationConfigurationProperties]
2014-11-03 00:08:48.501 DEBUG 22732 --- [           main] o.s.c.e.PropertySourcesPropertyResolver  : Could not find key 'spring.aop.proxyTargetClass' in any property source. Returning [null]
2014-11-03 00:08:48.501 DEBUG 22732 --- [           main] o.s.b.f.s.DefaultListableBeanFactory     : Returning cached instance of singleton bean 'autoConfigurationReport'
2014-11-03 00:08:48.501 DEBUG 22732 --- [           main] a.ConfigurationClassBeanDefinitionReader : Registered bean definition for imported @Configuration class org.springframework.boot.autoconfigure.aop.AopAutoConfiguration$JdkDynamicAutoProxyConfiguration
2014-11-03 00:08:48.506 DEBUG 22732 --- [           main] a.ConfigurationClassBeanDefinitionReader : Registered bean definition for imported @Configuration class org.springframework.boot.autoconfigure.aop.AopAutoConfiguration
2014-11-03 00:08:48.507 DEBUG 22732 --- [           main] o.s.b.f.s.DefaultListableBeanFactory     : Returning cached instance of singleton bean 'autoConfigurationReport'
2014-11-03 00:08:48.507 DEBUG 22732 --- [           main] o.s.b.f.s.DefaultListableBeanFactory     : Returning cached instance of singleton bean 'autoConfigurationReport'
2014-11-03 00:08:48.507 DEBUG 22732 --- [           main] a.ConfigurationClassBeanDefinitionReader : Registered bean definition for imported @Configuration class org.springframework.boot.autoconfigure.jdbc.DataSourceAutoConfiguration$JdbcTemplateConfiguration
2014-11-03 00:08:48.511 DEBUG 22732 --- [           main] o.s.b.f.s.DefaultListableBeanFactory     : Returning cached instance of singleton bean 'autoConfigurationReport'
2014-11-03 00:08:48.512 DEBUG 22732 --- [           main] a.ConfigurationClassBeanDefinitionReader : Registering bean definition for @Bean method org.springframework.boot.autoconfigure.jdbc.DataSourceAutoConfiguration$JdbcTemplateConfiguration.jdbcTemplate()
2014-11-03 00:08:48.520 DEBUG 22732 --- [           main] o.s.b.f.s.DefaultListableBeanFactory     : Returning cached instance of singleton bean 'autoConfigurationReport'
2014-11-03 00:08:48.521 DEBUG 22732 --- [           main] a.ConfigurationClassBeanDefinitionReader : Registering bean definition for @Bean method org.springframework.boot.autoconfigure.jdbc.DataSourceAutoConfiguration$JdbcTemplateConfiguration.namedParameterJdbcTemplate()
2014-11-03 00:08:48.521 DEBUG 22732 --- [           main] o.s.b.f.s.DefaultListableBeanFactory     : Returning cached instance of singleton bean 'autoConfigurationReport'
2014-11-03 00:08:48.525 DEBUG 22732 --- [           main] o.s.b.f.s.DefaultListableBeanFactory     : Returning cached instance of singleton bean 'autoConfigurationReport'
2014-11-03 00:08:48.525 DEBUG 22732 --- [           main] a.ConfigurationClassBeanDefinitionReader : Registered bean definition for imported @Configuration class org.springframework.boot.autoconfigure.jdbc.DataSourceAutoConfiguration$NonEmbeddedConfiguration
2014-11-03 00:08:48.526 DEBUG 22732 --- [           main] a.ConfigurationClassBeanDefinitionReader : Registering bean definition for @Bean method org.springframework.boot.autoconfigure.jdbc.DataSourceAutoConfiguration$NonEmbeddedConfiguration.dataSource()
2014-11-03 00:08:48.531 DEBUG 22732 --- [           main] o.s.b.f.s.DefaultListableBeanFactory     : Returning cached instance of singleton bean 'autoConfigurationReport'
2014-11-03 00:08:48.532 DEBUG 22732 --- [           main] a.ConfigurationClassBeanDefinitionReader : Registered bean definition for imported @Configuration class org.springframework.boot.autoconfigure.jdbc.DataSourceAutoConfiguration$DataSourceInitializerConfiguration
2014-11-03 00:08:48.532 DEBUG 22732 --- [           main] a.ConfigurationClassBeanDefinitionReader : Registering bean definition for @Bean method org.springframework.boot.autoconfigure.jdbc.DataSourceAutoConfiguration$DataSourceInitializerConfiguration.dataSourceInitializer()
2014-11-03 00:08:48.533 DEBUG 22732 --- [           main] a.ConfigurationClassBeanDefinitionReader : Registered bean definition for imported @Configuration class org.springframework.boot.autoconfigure.jdbc.DataSourceAutoConfiguration
2014-11-03 00:08:48.541 DEBUG 22732 --- [           main] o.s.b.f.s.DefaultListableBeanFactory     : Returning cached instance of singleton bean 'autoConfigurationReport'
2014-11-03 00:08:48.541 DEBUG 22732 --- [           main] o.s.b.f.s.DefaultListableBeanFactory     : Returning cached instance of singleton bean 'autoConfigurationReport'
2014-11-03 00:08:48.544 DEBUG 22732 --- [           main] a.ConfigurationClassBeanDefinitionReader : Registered bean definition for imported @Configuration class org.springframework.boot.autoconfigure.orm.jpa.HibernateJpaAutoConfiguration
2014-11-03 00:08:48.555 DEBUG 22732 --- [           main] o.s.b.f.s.DefaultListableBeanFactory     : Returning cached instance of singleton bean 'autoConfigurationReport'
2014-11-03 00:08:48.556 DEBUG 22732 --- [           main] a.ConfigurationClassBeanDefinitionReader : Registering bean definition for @Bean method org.springframework.boot.autoconfigure.orm.jpa.HibernateJpaAutoConfiguration.transactionManager()
2014-11-03 00:08:48.564 DEBUG 22732 --- [           main] o.s.b.f.s.DefaultListableBeanFactory     : Returning cached instance of singleton bean 'autoConfigurationReport'
2014-11-03 00:08:48.564 DEBUG 22732 --- [           main] a.ConfigurationClassBeanDefinitionReader : Registering bean definition for @Bean method org.springframework.boot.autoconfigure.orm.jpa.HibernateJpaAutoConfiguration.jpaVendorAdapter()
2014-11-03 00:08:48.569 DEBUG 22732 --- [           main] o.s.b.f.s.DefaultListableBeanFactory     : Returning cached instance of singleton bean 'autoConfigurationReport'
2014-11-03 00:08:48.569 DEBUG 22732 --- [           main] a.ConfigurationClassBeanDefinitionReader : Registering bean definition for @Bean method org.springframework.boot.autoconfigure.orm.jpa.HibernateJpaAutoConfiguration.entityManagerFactoryBuilder()
2014-11-03 00:08:48.573 DEBUG 22732 --- [           main] o.s.b.f.s.DefaultListableBeanFactory     : Returning cached instance of singleton bean 'autoConfigurationReport'
2014-11-03 00:08:48.574 DEBUG 22732 --- [           main] a.ConfigurationClassBeanDefinitionReader : Registering bean definition for @Bean method org.springframework.boot.autoconfigure.orm.jpa.HibernateJpaAutoConfiguration.entityManagerFactory()
2014-11-03 00:08:48.583 DEBUG 22732 --- [           main] o.s.b.f.s.DefaultListableBeanFactory     : Returning cached instance of singleton bean 'autoConfigurationReport'
2014-11-03 00:08:48.583 DEBUG 22732 --- [           main] o.s.b.f.s.DefaultListableBeanFactory     : Returning cached instance of singleton bean 'autoConfigurationReport'
2014-11-03 00:08:48.590 DEBUG 22732 --- [           main] o.s.b.f.s.DefaultListableBeanFactory     : Returning cached instance of singleton bean 'autoConfigurationReport'
2014-11-03 00:08:48.591 DEBUG 22732 --- [           main] o.s.c.e.PropertySourcesPropertyResolver  : Searching for key 'spring.data.jpa.repositories.enabled:true' in [systemProperties]
2014-11-03 00:08:48.591 DEBUG 22732 --- [           main] o.s.c.e.PropertySourcesPropertyResolver  : Searching for key 'spring.data.jpa.repositories.enabled:true' in [systemEnvironment]
2014-11-03 00:08:48.591 DEBUG 22732 --- [           main] o.s.c.e.PropertySourcesPropertyResolver  : Searching for key 'spring.data.jpa.repositories.enabled:true' in [random]
2014-11-03 00:08:48.591 DEBUG 22732 --- [           main] o.s.c.e.PropertySourcesPropertyResolver  : Searching for key 'spring.data.jpa.repositories.enabled:true' in [integrationTest]
2014-11-03 00:08:48.591 DEBUG 22732 --- [           main] o.s.c.e.PropertySourcesPropertyResolver  : Searching for key 'spring.data.jpa.repositories.enabled:true' in [applicationConfigurationProperties]
2014-11-03 00:08:48.592 DEBUG 22732 --- [           main] o.s.c.e.PropertySourcesPropertyResolver  : Could not find key 'spring.data.jpa.repositories.enabled:true' in any property source. Returning [null]
2014-11-03 00:08:48.592 DEBUG 22732 --- [           main] o.s.c.e.PropertySourcesPropertyResolver  : Searching for key 'spring.data.jpa.repositories.enabled' in [systemProperties]
2014-11-03 00:08:48.592 DEBUG 22732 --- [           main] o.s.c.e.PropertySourcesPropertyResolver  : Searching for key 'spring.data.jpa.repositories.enabled' in [systemEnvironment]
2014-11-03 00:08:48.592 DEBUG 22732 --- [           main] o.s.c.e.PropertySourcesPropertyResolver  : Searching for key 'spring.data.jpa.repositories.enabled' in [random]
2014-11-03 00:08:48.592 DEBUG 22732 --- [           main] o.s.c.e.PropertySourcesPropertyResolver  : Searching for key 'spring.data.jpa.repositories.enabled' in [integrationTest]
2014-11-03 00:08:48.592 DEBUG 22732 --- [           main] o.s.c.e.PropertySourcesPropertyResolver  : Searching for key 'spring.data.jpa.repositories.enabled' in [applicationConfigurationProperties]
2014-11-03 00:08:48.592 DEBUG 22732 --- [           main] o.s.c.e.PropertySourcesPropertyResolver  : Could not find key 'spring.data.jpa.repositories.enabled' in any property source. Returning [null]
2014-11-03 00:08:48.593 DEBUG 22732 --- [           main] o.s.b.f.s.DefaultListableBeanFactory     : Returning cached instance of singleton bean 'autoConfigurationReport'
2014-11-03 00:08:48.593 DEBUG 22732 --- [           main] a.ConfigurationClassBeanDefinitionReader : Registered bean definition for imported @Configuration class org.springframework.boot.autoconfigure.data.jpa.JpaRepositoriesAutoConfiguration
2014-11-03 00:08:48.611 DEBUG 22732 --- [           main] o.s.core.env.StandardEnvironment         : Adding [systemProperties] PropertySource with lowest search precedence
2014-11-03 00:08:48.611 DEBUG 22732 --- [           main] o.s.core.env.StandardEnvironment         : Adding [systemEnvironment] PropertySource with lowest search precedence
2014-11-03 00:08:48.612 DEBUG 22732 --- [           main] o.s.core.env.StandardEnvironment         : Initialized StandardEnvironment with PropertySources [systemProperties,systemEnvironment]
2014-11-03 00:08:48.615 DEBUG 22732 --- [           main] o.s.b.f.s.DefaultListableBeanFactory     : Creating shared instance of singleton bean 'org.springframework.boot.autoconfigure.AutoConfigurationPackages'
2014-11-03 00:08:48.615 DEBUG 22732 --- [           main] o.s.b.f.s.DefaultListableBeanFactory     : Creating instance of bean 'org.springframework.boot.autoconfigure.AutoConfigurationPackages'
2014-11-03 00:08:48.633 DEBUG 22732 --- [           main] o.s.b.f.s.DefaultListableBeanFactory     : Eagerly caching bean 'org.springframework.boot.autoconfigure.AutoConfigurationPackages' to allow for resolving potential circular references
2014-11-03 00:08:48.633 DEBUG 22732 --- [           main] o.s.b.f.s.DefaultListableBeanFactory     : Finished creating instance of bean 'org.springframework.boot.autoconfigure.AutoConfigurationPackages'
2014-11-03 00:08:48.634 DEBUG 22732 --- [           main] o.s.b.a.AutoConfigurationPackages        : @EnableAutoConfiguration was declared on a class in the package 'demo'. Automatic @Repository and @Entity scanning is enabled.
2014-11-03 00:08:48.634 DEBUG 22732 --- [           main] .i.s.PathMatchingResourcePatternResolver : Looking for matching resources in directory tree [/Users/alexvye/Documents/workspace-sts-3.6.2.RELEASE/demo/target/test-classes/demo]
2014-11-03 00:08:48.634 DEBUG 22732 --- [           main] .i.s.PathMatchingResourcePatternResolver : Searching directory [/Users/alexvye/Documents/workspace-sts-3.6.2.RELEASE/demo/target/test-classes/demo] for files matching pattern [/Users/alexvye/Documents/workspace-sts-3.6.2.RELEASE/demo/target/test-classes/demo/**/*.class]
2014-11-03 00:08:48.635 DEBUG 22732 --- [           main] .i.s.PathMatchingResourcePatternResolver : Looking for matching resources in directory tree [/Users/alexvye/Documents/workspace-sts-3.6.2.RELEASE/demo/target/classes/demo]
2014-11-03 00:08:48.635 DEBUG 22732 --- [           main] .i.s.PathMatchingResourcePatternResolver : Searching directory [/Users/alexvye/Documents/workspace-sts-3.6.2.RELEASE/demo/target/classes/demo] for files matching pattern [/Users/alexvye/Documents/workspace-sts-3.6.2.RELEASE/demo/target/classes/demo/**/*.class]
2014-11-03 00:08:48.636 DEBUG 22732 --- [           main] .i.s.PathMatchingResourcePatternResolver : Resolved location pattern [classpath*:demo/**/*.class] to resources [file [/Users/alexvye/Documents/workspace-sts-3.6.2.RELEASE/demo/target/test-classes/demo/ApplicationTests.class], file [/Users/alexvye/Documents/workspace-sts-3.6.2.RELEASE/demo/target/classes/demo/Application.class]]
2014-11-03 00:08:48.637 DEBUG 22732 --- [           main] o.s.b.f.s.DefaultListableBeanFactory     : Returning cached instance of singleton bean 'autoConfigurationReport'
2014-11-03 00:08:48.650 DEBUG 22732 --- [           main] o.s.b.f.s.DefaultListableBeanFactory     : Returning cached instance of singleton bean 'autoConfigurationReport'
2014-11-03 00:08:48.651 DEBUG 22732 --- [           main] a.ConfigurationClassBeanDefinitionReader : Registered bean definition for imported @Configuration class org.springframework.transaction.annotation.ProxyTransactionManagementConfiguration
2014-11-03 00:08:48.652 DEBUG 22732 --- [           main] a.ConfigurationClassBeanDefinitionReader : Registering bean definition for @Bean method org.springframework.transaction.annotation.ProxyTransactionManagementConfiguration.org.springframework.transaction.config.internalTransactionAdvisor()
2014-11-03 00:08:48.652 DEBUG 22732 --- [           main] a.ConfigurationClassBeanDefinitionReader : Registering bean definition for @Bean method org.springframework.transaction.annotation.ProxyTransactionManagementConfiguration.transactionAttributeSource()
2014-11-03 00:08:48.652 DEBUG 22732 --- [           main] a.ConfigurationClassBeanDefinitionReader : Registering bean definition for @Bean method org.springframework.transaction.annotation.ProxyTransactionManagementConfiguration.transactionInterceptor()
2014-11-03 00:08:48.653 DEBUG 22732 --- [           main] a.ConfigurationClassBeanDefinitionReader : Registered bean definition for imported @Configuration class org.springframework.boot.autoconfigure.jdbc.DataSourceTransactionManagerAutoConfiguration$TransactionManagementConfiguration
2014-11-03 00:08:48.653 DEBUG 22732 --- [           main] a.ConfigurationClassBeanDefinitionReader : Registered bean definition for imported @Configuration class org.springframework.boot.autoconfigure.jdbc.DataSourceTransactionManagerAutoConfiguration
2014-11-03 00:08:48.664 DEBUG 22732 --- [           main] o.s.b.f.s.DefaultListableBeanFactory     : Returning cached instance of singleton bean 'autoConfigurationReport'
2014-11-03 00:08:48.741 DEBUG 22732 --- [           main] o.s.c.a.ConfigurationClassEnhancer       : Successfully enhanced demo.Application; enhanced class name is: demo.Application$$EnhancerBySpringCGLIB$$1b3c81f6
2014-11-03 00:08:48.742 DEBUG 22732 --- [           main] o.s.c.a.ConfigurationClassPostProcessor  : Replacing bean definition 'application' existing class name 'demo.Application' with enhanced class name 'demo.Application$$EnhancerBySpringCGLIB$$1b3c81f6'
2014-11-03 00:08:48.745 DEBUG 22732 --- [           main] o.s.c.a.ConfigurationClassEnhancer       : Successfully enhanced org.springframework.boot.autoconfigure.PropertyPlaceholderAutoConfiguration; enhanced class name is: org.springframework.boot.autoconfigure.PropertyPlaceholderAutoConfiguration$$EnhancerBySpringCGLIB$$2715e5c6
2014-11-03 00:08:48.745 DEBUG 22732 --- [           main] o.s.c.a.ConfigurationClassPostProcessor  : Replacing bean definition 'org.springframework.boot.autoconfigure.PropertyPlaceholderAutoConfiguration' existing class name 'org.springframework.boot.autoconfigure.PropertyPlaceholderAutoConfiguration' with enhanced class name 'org.springframework.boot.autoconfigure.PropertyPlaceholderAutoConfiguration$$EnhancerBySpringCGLIB$$2715e5c6'
2014-11-03 00:08:48.749 DEBUG 22732 --- [           main] o.s.c.a.ConfigurationClassEnhancer       : Successfully enhanced org.springframework.boot.autoconfigure.aop.AopAutoConfiguration$JdkDynamicAutoProxyConfiguration; enhanced class name is: org.springframework.boot.autoconfigure.aop.AopAutoConfiguration$JdkDynamicAutoProxyConfiguration$$EnhancerBySpringCGLIB$$75d97e7d
2014-11-03 00:08:48.749 DEBUG 22732 --- [           main] o.s.c.a.ConfigurationClassPostProcessor  : Replacing bean definition 'org.springframework.boot.autoconfigure.aop.AopAutoConfiguration$JdkDynamicAutoProxyConfiguration' existing class name 'org.springframework.boot.autoconfigure.aop.AopAutoConfiguration$JdkDynamicAutoProxyConfiguration' with enhanced class name 'org.springframework.boot.autoconfigure.aop.AopAutoConfiguration$JdkDynamicAutoProxyConfiguration$$EnhancerBySpringCGLIB$$75d97e7d'
2014-11-03 00:08:48.752 DEBUG 22732 --- [           main] o.s.c.a.ConfigurationClassEnhancer       : Successfully enhanced org.springframework.boot.autoconfigure.aop.AopAutoConfiguration; enhanced class name is: org.springframework.boot.autoconfigure.aop.AopAutoConfiguration$$EnhancerBySpringCGLIB$$46c36e0e
2014-11-03 00:08:48.753 DEBUG 22732 --- [           main] o.s.c.a.ConfigurationClassPostProcessor  : Replacing bean definition 'org.springframework.boot.autoconfigure.aop.AopAutoConfiguration' existing class name 'org.springframework.boot.autoconfigure.aop.AopAutoConfiguration' with enhanced class name 'org.springframework.boot.autoconfigure.aop.AopAutoConfiguration$$EnhancerBySpringCGLIB$$46c36e0e'
2014-11-03 00:08:48.761 DEBUG 22732 --- [           main] o.s.c.a.ConfigurationClassEnhancer       : Successfully enhanced org.springframework.boot.autoconfigure.jdbc.DataSourceAutoConfiguration$JdbcTemplateConfiguration; enhanced class name is: org.springframework.boot.autoconfigure.jdbc.DataSourceAutoConfiguration$JdbcTemplateConfiguration$$EnhancerBySpringCGLIB$$f8f432e9
2014-11-03 00:08:48.761 DEBUG 22732 --- [           main] o.s.c.a.ConfigurationClassPostProcessor  : Replacing bean definition 'org.springframework.boot.autoconfigure.jdbc.DataSourceAutoConfiguration$JdbcTemplateConfiguration' existing class name 'org.springframework.boot.autoconfigure.jdbc.DataSourceAutoConfiguration$JdbcTemplateConfiguration' with enhanced class name 'org.springframework.boot.autoconfigure.jdbc.DataSourceAutoConfiguration$JdbcTemplateConfiguration$$EnhancerBySpringCGLIB$$f8f432e9'
2014-11-03 00:08:48.767 DEBUG 22732 --- [           main] o.s.c.a.ConfigurationClassEnhancer       : Successfully enhanced org.springframework.boot.autoconfigure.jdbc.DataSourceAutoConfiguration$DataSourceInitializerConfiguration; enhanced class name is: org.springframework.boot.autoconfigure.jdbc.DataSourceAutoConfiguration$DataSourceInitializerConfiguration$$EnhancerBySpringCGLIB$$a775c6b3
2014-11-03 00:08:48.767 DEBUG 22732 --- [           main] o.s.c.a.ConfigurationClassPostProcessor  : Replacing bean definition 'org.springframework.boot.autoconfigure.jdbc.DataSourceAutoConfiguration$DataSourceInitializerConfiguration' existing class name 'org.springframework.boot.autoconfigure.jdbc.DataSourceAutoConfiguration$DataSourceInitializerConfiguration' with enhanced class name 'org.springframework.boot.autoconfigure.jdbc.DataSourceAutoConfiguration$DataSourceInitializerConfiguration$$EnhancerBySpringCGLIB$$a775c6b3'
2014-11-03 00:08:48.770 DEBUG 22732 --- [           main] o.s.c.a.ConfigurationClassEnhancer       : Successfully enhanced org.springframework.boot.autoconfigure.jdbc.DataSourceAutoConfiguration; enhanced class name is: org.springframework.boot.autoconfigure.jdbc.DataSourceAutoConfiguration$$EnhancerBySpringCGLIB$$e250f22c
2014-11-03 00:08:48.770 DEBUG 22732 --- [           main] o.s.c.a.ConfigurationClassPostProcessor  : Replacing bean definition 'org.springframework.boot.autoconfigure.jdbc.DataSourceAutoConfiguration' existing class name 'org.springframework.boot.autoconfigure.jdbc.DataSourceAutoConfiguration' with enhanced class name 'org.springframework.boot.autoconfigure.jdbc.DataSourceAutoConfiguration$$EnhancerBySpringCGLIB$$e250f22c'
2014-11-03 00:08:48.775 DEBUG 22732 --- [           main] o.s.c.a.ConfigurationClassEnhancer       : Successfully enhanced org.springframework.boot.autoconfigure.orm.jpa.HibernateJpaAutoConfiguration; enhanced class name is: org.springframework.boot.autoconfigure.orm.jpa.HibernateJpaAutoConfiguration$$EnhancerBySpringCGLIB$$a34ee2ec
2014-11-03 00:08:48.775 DEBUG 22732 --- [           main] o.s.c.a.ConfigurationClassPostProcessor  : Replacing bean definition 'org.springframework.boot.autoconfigure.orm.jpa.HibernateJpaAutoConfiguration' existing class name 'org.springframework.boot.autoconfigure.orm.jpa.HibernateJpaAutoConfiguration' with enhanced class name 'org.springframework.boot.autoconfigure.orm.jpa.HibernateJpaAutoConfiguration$$EnhancerBySpringCGLIB$$a34ee2ec'
2014-11-03 00:08:48.780 DEBUG 22732 --- [           main] o.s.c.a.ConfigurationClassEnhancer       : Successfully enhanced org.springframework.boot.autoconfigure.data.jpa.JpaRepositoriesAutoConfiguration; enhanced class name is: org.springframework.boot.autoconfigure.data.jpa.JpaRepositoriesAutoConfiguration$$EnhancerBySpringCGLIB$$f334a180
2014-11-03 00:08:48.780 DEBUG 22732 --- [           main] o.s.c.a.ConfigurationClassPostProcessor  : Replacing bean definition 'org.springframework.boot.autoconfigure.data.jpa.JpaRepositoriesAutoConfiguration' existing class name 'org.springframework.boot.autoconfigure.data.jpa.JpaRepositoriesAutoConfiguration' with enhanced class name 'org.springframework.boot.autoconfigure.data.jpa.JpaRepositoriesAutoConfiguration$$EnhancerBySpringCGLIB$$f334a180'
2014-11-03 00:08:48.789 DEBUG 22732 --- [           main] o.s.c.a.ConfigurationClassEnhancer       : Successfully enhanced org.springframework.transaction.annotation.ProxyTransactionManagementConfiguration; enhanced class name is: org.springframework.transaction.annotation.ProxyTransactionManagementConfiguration$$EnhancerBySpringCGLIB$$412af6cc
2014-11-03 00:08:48.789 DEBUG 22732 --- [           main] o.s.c.a.ConfigurationClassPostProcessor  : Replacing bean definition 'org.springframework.transaction.annotation.ProxyTransactionManagementConfiguration' existing class name 'org.springframework.transaction.annotation.ProxyTransactionManagementConfiguration' with enhanced class name 'org.springframework.transaction.annotation.ProxyTransactionManagementConfiguration$$EnhancerBySpringCGLIB$$412af6cc'
2014-11-03 00:08:48.792 DEBUG 22732 --- [           main] o.s.c.a.ConfigurationClassEnhancer       : Successfully enhanced org.springframework.boot.autoconfigure.jdbc.DataSourceTransactionManagerAutoConfiguration$TransactionManagementConfiguration; enhanced class name is: org.springframework.boot.autoconfigure.jdbc.DataSourceTransactionManagerAutoConfiguration$TransactionManagementConfiguration$$EnhancerBySpringCGLIB$$9540845e
2014-11-03 00:08:48.792 DEBUG 22732 --- [           main] o.s.c.a.ConfigurationClassPostProcessor  : Replacing bean definition 'org.springframework.boot.autoconfigure.jdbc.DataSourceTransactionManagerAutoConfiguration$TransactionManagementConfiguration' existing class name 'org.springframework.boot.autoconfigure.jdbc.DataSourceTransactionManagerAutoConfiguration$TransactionManagementConfiguration' with enhanced class name 'org.springframework.boot.autoconfigure.jdbc.DataSourceTransactionManagerAutoConfiguration$TransactionManagementConfiguration$$EnhancerBySpringCGLIB$$9540845e'
2014-11-03 00:08:48.796 DEBUG 22732 --- [           main] o.s.c.a.ConfigurationClassEnhancer       : Successfully enhanced org.springframework.boot.autoconfigure.jdbc.DataSourceTransactionManagerAutoConfiguration; enhanced class name is: org.springframework.boot.autoconfigure.jdbc.DataSourceTransactionManagerAutoConfiguration$$EnhancerBySpringCGLIB$$1cf8df5d
2014-11-03 00:08:48.796 DEBUG 22732 --- [           main] o.s.c.a.ConfigurationClassPostProcessor  : Replacing bean definition 'org.springframework.boot.autoconfigure.jdbc.DataSourceTransactionManagerAutoConfiguration' existing class name 'org.springframework.boot.autoconfigure.jdbc.DataSourceTransactionManagerAutoConfiguration' with enhanced class name 'org.springframework.boot.autoconfigure.jdbc.DataSourceTransactionManagerAutoConfiguration$$EnhancerBySpringCGLIB$$1cf8df5d'
2014-11-03 00:08:48.796 DEBUG 22732 --- [           main] o.s.core.env.StandardEnvironment         : Adding [applicationConfig: [classpath:/application.properties]] PropertySource with search precedence immediately lower than [applicationConfigurationProperties]
2014-11-03 00:08:48.797 DEBUG 22732 --- [           main] o.s.core.env.StandardEnvironment         : Removing [applicationConfigurationProperties] PropertySource
2014-11-03 00:08:48.797 DEBUG 22732 --- [           main] o.s.core.env.StandardEnvironment         : Removing [defaultProperties] PropertySource
2014-11-03 00:08:48.800 DEBUG 22732 --- [           main] o.s.b.f.s.DefaultListableBeanFactory     : Creating shared instance of singleton bean 'propertySourcesPlaceholderConfigurer'
2014-11-03 00:08:48.801 DEBUG 22732 --- [           main] o.s.b.f.s.DefaultListableBeanFactory     : Creating instance of bean 'propertySourcesPlaceholderConfigurer'
2014-11-03 00:08:48.804 DEBUG 22732 --- [           main] o.s.b.f.s.DefaultListableBeanFactory     : Eagerly caching bean 'propertySourcesPlaceholderConfigurer' to allow for resolving potential circular references
2014-11-03 00:08:48.805 DEBUG 22732 --- [           main] o.s.b.f.s.DefaultListableBeanFactory     : Finished creating instance of bean 'propertySourcesPlaceholderConfigurer'
2014-11-03 00:08:48.805 DEBUG 22732 --- [           main] o.s.core.env.MutablePropertySources      : Adding [environmentProperties] PropertySource with lowest search precedence
2014-11-03 00:08:48.806 DEBUG 22732 --- [           main] o.s.core.env.MutablePropertySources      : Adding [localProperties] PropertySource with lowest search precedence
2014-11-03 00:08:48.809 DEBUG 22732 --- [           main] o.s.b.f.s.DefaultListableBeanFactory     : Creating shared instance of singleton bean 'org.springframework.boot.context.properties.ConfigurationPropertiesBindingPostProcessor.store'
2014-11-03 00:08:48.809 DEBUG 22732 --- [           main] o.s.b.f.s.DefaultListableBeanFactory     : Creating instance of bean 'org.springframework.boot.context.properties.ConfigurationPropertiesBindingPostProcessor.store'
2014-11-03 00:08:48.810 DEBUG 22732 --- [           main] o.s.b.f.s.DefaultListableBeanFactory     : Eagerly caching bean 'org.springframework.boot.context.properties.ConfigurationPropertiesBindingPostProcessor.store' to allow for resolving potential circular references
2014-11-03 00:08:48.810 DEBUG 22732 --- [           main] o.s.b.f.s.DefaultListableBeanFactory     : Finished creating instance of bean 'org.springframework.boot.context.properties.ConfigurationPropertiesBindingPostProcessor.store'
2014-11-03 00:08:48.810 DEBUG 22732 --- [           main] o.s.b.f.s.DefaultListableBeanFactory     : Creating shared instance of singleton bean 'org.springframework.data.jpa.repository.support.EntityManagerBeanDefinitionRegistrarPostProcessor#0'
2014-11-03 00:08:48.810 DEBUG 22732 --- [           main] o.s.b.f.s.DefaultListableBeanFactory     : Creating instance of bean 'org.springframework.data.jpa.repository.support.EntityManagerBeanDefinitionRegistrarPostProcessor#0'
2014-11-03 00:08:48.810 DEBUG 22732 --- [           main] o.s.b.f.s.DefaultListableBeanFactory     : Eagerly caching bean 'org.springframework.data.jpa.repository.support.EntityManagerBeanDefinitionRegistrarPostProcessor#0' to allow for resolving potential circular references
2014-11-03 00:08:48.810 DEBUG 22732 --- [           main] o.s.b.f.s.DefaultListableBeanFactory     : Finished creating instance of bean 'org.springframework.data.jpa.repository.support.EntityManagerBeanDefinitionRegistrarPostProcessor#0'
2014-11-03 00:08:48.817 DEBUG 22732 --- [           main] o.s.b.f.s.DefaultListableBeanFactory     : Creating shared instance of singleton bean 'org.springframework.context.annotation.internalAutowiredAnnotationProcessor'
2014-11-03 00:08:48.817 DEBUG 22732 --- [           main] o.s.b.f.s.DefaultListableBeanFactory     : Creating instance of bean 'org.springframework.context.annotation.internalAutowiredAnnotationProcessor'
2014-11-03 00:08:48.818 DEBUG 22732 --- [           main] o.s.b.f.s.DefaultListableBeanFactory     : Eagerly caching bean 'org.springframework.context.annotation.internalAutowiredAnnotationProcessor' to allow for resolving potential circular references
2014-11-03 00:08:48.819 DEBUG 22732 --- [           main] o.s.b.f.s.DefaultListableBeanFactory     : Finished creating instance of bean 'org.springframework.context.annotation.internalAutowiredAnnotationProcessor'
2014-11-03 00:08:48.821 DEBUG 22732 --- [           main] o.s.b.f.s.DefaultListableBeanFactory     : Creating shared instance of singleton bean 'org.springframework.context.annotation.internalRequiredAnnotationProcessor'
2014-11-03 00:08:48.821 DEBUG 22732 --- [           main] o.s.b.f.s.DefaultListableBeanFactory     : Creating instance of bean 'org.springframework.context.annotation.internalRequiredAnnotationProcessor'
2014-11-03 00:08:48.822 DEBUG 22732 --- [           main] o.s.b.f.s.DefaultListableBeanFactory     : Eagerly caching bean 'org.springframework.context.annotation.internalRequiredAnnotationProcessor' to allow for resolving potential circular references
2014-11-03 00:08:48.822 DEBUG 22732 --- [           main] o.s.b.f.s.DefaultListableBeanFactory     : Finished creating instance of bean 'org.springframework.context.annotation.internalRequiredAnnotationProcessor'
2014-11-03 00:08:48.822 DEBUG 22732 --- [           main] o.s.b.f.s.DefaultListableBeanFactory     : Creating shared instance of singleton bean 'org.springframework.context.annotation.internalCommonAnnotationProcessor'
2014-11-03 00:08:48.822 DEBUG 22732 --- [           main] o.s.b.f.s.DefaultListableBeanFactory     : Creating instance of bean 'org.springframework.context.annotation.internalCommonAnnotationProcessor'
2014-11-03 00:08:48.827 DEBUG 22732 --- [           main] o.s.b.f.s.DefaultListableBeanFactory     : Eagerly caching bean 'org.springframework.context.annotation.internalCommonAnnotationProcessor' to allow for resolving potential circular references
2014-11-03 00:08:48.827 DEBUG 22732 --- [           main] o.s.b.f.s.DefaultListableBeanFactory     : Finished creating instance of bean 'org.springframework.context.annotation.internalCommonAnnotationProcessor'
2014-11-03 00:08:48.827 DEBUG 22732 --- [           main] o.s.b.f.s.DefaultListableBeanFactory     : Creating shared instance of singleton bean 'org.springframework.context.annotation.internalPersistenceAnnotationProcessor'
2014-11-03 00:08:48.827 DEBUG 22732 --- [           main] o.s.b.f.s.DefaultListableBeanFactory     : Creating instance of bean 'org.springframework.context.annotation.internalPersistenceAnnotationProcessor'
2014-11-03 00:08:48.829 DEBUG 22732 --- [           main] o.s.b.f.s.DefaultListableBeanFactory     : Eagerly caching bean 'org.springframework.context.annotation.internalPersistenceAnnotationProcessor' to allow for resolving potential circular references
2014-11-03 00:08:48.829 DEBUG 22732 --- [           main] o.s.b.f.s.DefaultListableBeanFactory     : Finished creating instance of bean 'org.springframework.context.annotation.internalPersistenceAnnotationProcessor'
2014-11-03 00:08:48.829 DEBUG 22732 --- [           main] o.s.b.f.s.DefaultListableBeanFactory     : Creating shared instance of singleton bean 'org.springframework.context.annotation.ConfigurationClassPostProcessor.importAwareProcessor'
2014-11-03 00:08:48.829 DEBUG 22732 --- [           main] o.s.b.f.s.DefaultListableBeanFactory     : Creating instance of bean 'org.springframework.context.annotation.ConfigurationClassPostProcessor.importAwareProcessor'
2014-11-03 00:08:48.829 DEBUG 22732 --- [           main] o.s.b.f.s.DefaultListableBeanFactory     : Eagerly caching bean 'org.springframework.context.annotation.ConfigurationClassPostProcessor.importAwareProcessor' to allow for resolving potential circular references
2014-11-03 00:08:48.829 DEBUG 22732 --- [           main] o.s.b.f.s.DefaultListableBeanFactory     : Finished creating instance of bean 'org.springframework.context.annotation.ConfigurationClassPostProcessor.importAwareProcessor'
2014-11-03 00:08:48.829 DEBUG 22732 --- [           main] o.s.b.f.s.DefaultListableBeanFactory     : Creating shared instance of singleton bean 'org.springframework.context.annotation.ConfigurationClassPostProcessor.enhancedConfigurationProcessor'
2014-11-03 00:08:48.830 DEBUG 22732 --- [           main] o.s.b.f.s.DefaultListableBeanFactory     : Creating instance of bean 'org.springframework.context.annotation.ConfigurationClassPostProcessor.enhancedConfigurationProcessor'
2014-11-03 00:08:48.830 DEBUG 22732 --- [           main] o.s.b.f.s.DefaultListableBeanFactory     : Eagerly caching bean 'org.springframework.context.annotation.ConfigurationClassPostProcessor.enhancedConfigurationProcessor' to allow for resolving potential circular references
2014-11-03 00:08:48.830 DEBUG 22732 --- [           main] o.s.b.f.s.DefaultListableBeanFactory     : Finished creating instance of bean 'org.springframework.context.annotation.ConfigurationClassPostProcessor.enhancedConfigurationProcessor'
2014-11-03 00:08:48.830 DEBUG 22732 --- [           main] o.s.b.f.s.DefaultListableBeanFactory     : Creating shared instance of singleton bean 'org.springframework.boot.context.properties.ConfigurationPropertiesBindingPostProcessor'
2014-11-03 00:08:48.830 DEBUG 22732 --- [           main] o.s.b.f.s.DefaultListableBeanFactory     : Creating instance of bean 'org.springframework.boot.context.properties.ConfigurationPropertiesBindingPostProcessor'
2014-11-03 00:08:48.832 DEBUG 22732 --- [           main] o.s.core.env.StandardEnvironment         : Adding [systemProperties] PropertySource with lowest search precedence
2014-11-03 00:08:48.832 DEBUG 22732 --- [           main] o.s.core.env.StandardEnvironment         : Adding [systemEnvironment] PropertySource with lowest search precedence
2014-11-03 00:08:48.832 DEBUG 22732 --- [           main] o.s.core.env.StandardEnvironment         : Initialized StandardEnvironment with PropertySources [systemProperties,systemEnvironment]
2014-11-03 00:08:48.832 DEBUG 22732 --- [           main] o.s.b.f.s.DefaultListableBeanFactory     : Eagerly caching bean 'org.springframework.boot.context.properties.ConfigurationPropertiesBindingPostProcessor' to allow for resolving potential circular references
2014-11-03 00:08:48.833 DEBUG 22732 --- [           main] o.s.b.f.s.DefaultListableBeanFactory     : Returning cached instance of singleton bean 'org.springframework.boot.context.properties.ConfigurationPropertiesBindingPostProcessor.store'
2014-11-03 00:08:48.838 DEBUG 22732 --- [           main] o.s.b.f.s.DefaultListableBeanFactory     : Invoking afterPropertiesSet() on bean with name 'org.springframework.boot.context.properties.ConfigurationPropertiesBindingPostProcessor'
2014-11-03 00:08:48.840 DEBUG 22732 --- [           main] o.s.b.f.s.DefaultListableBeanFactory     : Returning cached instance of singleton bean 'propertySourcesPlaceholderConfigurer'
2014-11-03 00:08:48.843 DEBUG 22732 --- [           main] o.s.b.f.s.DefaultListableBeanFactory     : Finished creating instance of bean 'org.springframework.boot.context.properties.ConfigurationPropertiesBindingPostProcessor'
2014-11-03 00:08:48.843 DEBUG 22732 --- [           main] o.s.b.f.s.DefaultListableBeanFactory     : Creating shared instance of singleton bean 'org.springframework.data.repository.core.support.RepositoryInterfaceAwareBeanPostProcessor#0'
2014-11-03 00:08:48.843 DEBUG 22732 --- [           main] o.s.b.f.s.DefaultListableBeanFactory     : Creating instance of bean 'org.springframework.data.repository.core.support.RepositoryInterfaceAwareBeanPostProcessor#0'
2014-11-03 00:08:48.844 DEBUG 22732 --- [           main] o.s.b.f.s.DefaultListableBeanFactory     : Eagerly caching bean 'org.springframework.data.repository.core.support.RepositoryInterfaceAwareBeanPostProcessor#0' to allow for resolving potential circular references
2014-11-03 00:08:48.844 DEBUG 22732 --- [           main] o.s.b.f.s.DefaultListableBeanFactory     : Finished creating instance of bean 'org.springframework.data.repository.core.support.RepositoryInterfaceAwareBeanPostProcessor#0'
2014-11-03 00:08:48.844 DEBUG 22732 --- [           main] o.s.b.f.s.DefaultListableBeanFactory     : Creating shared instance of singleton bean 'org.springframework.aop.config.internalAutoProxyCreator'
2014-11-03 00:08:48.844 DEBUG 22732 --- [           main] o.s.b.f.s.DefaultListableBeanFactory     : Creating instance of bean 'org.springframework.aop.config.internalAutoProxyCreator'
2014-11-03 00:08:48.870 DEBUG 22732 --- [           main] o.s.b.f.s.DefaultListableBeanFactory     : Eagerly caching bean 'org.springframework.aop.config.internalAutoProxyCreator' to allow for resolving potential circular references
2014-11-03 00:08:48.884 DEBUG 22732 --- [           main] o.s.b.f.s.DefaultListableBeanFactory     : Finished creating instance of bean 'org.springframework.aop.config.internalAutoProxyCreator'
2014-11-03 00:08:48.884 DEBUG 22732 --- [           main] o.s.b.f.s.DefaultListableBeanFactory     : Creating shared instance of singleton bean 'dataSourceInitializerPostProcessor'
2014-11-03 00:08:48.884 DEBUG 22732 --- [           main] o.s.b.f.s.DefaultListableBeanFactory     : Creating instance of bean 'dataSourceInitializerPostProcessor'
2014-11-03 00:08:48.887 DEBUG 22732 --- [           main] o.s.b.f.annotation.InjectionMetadata     : Registered injected element on class [org.springframework.boot.autoconfigure.jdbc.DataSourceInitializerPostProcessor]: AutowiredFieldElement for private org.springframework.beans.factory.BeanFactory org.springframework.boot.autoconfigure.jdbc.DataSourceInitializerPostProcessor.beanFactory
2014-11-03 00:08:48.887 DEBUG 22732 --- [           main] o.s.b.f.s.DefaultListableBeanFactory     : Eagerly caching bean 'dataSourceInitializerPostProcessor' to allow for resolving potential circular references
2014-11-03 00:08:48.889 DEBUG 22732 --- [           main] o.s.b.f.annotation.InjectionMetadata     : Processing injected method of bean 'dataSourceInitializerPostProcessor': AutowiredFieldElement for private org.springframework.beans.factory.BeanFactory org.springframework.boot.autoconfigure.jdbc.DataSourceInitializerPostProcessor.beanFactory
2014-11-03 00:08:48.892 DEBUG 22732 --- [           main] f.a.AutowiredAnnotationBeanPostProcessor : Autowiring by type from bean name 'dataSourceInitializerPostProcessor' to bean named 'org.springframework.beans.factory.support.DefaultListableBeanFactory@55182842'
2014-11-03 00:08:48.893 DEBUG 22732 --- [           main] o.s.b.f.s.DefaultListableBeanFactory     : Finished creating instance of bean 'dataSourceInitializerPostProcessor'
2014-11-03 00:08:48.893 DEBUG 22732 --- [           main] o.s.b.f.s.DefaultListableBeanFactory     : Creating shared instance of singleton bean 'dataSourceInitializedPublisher'
2014-11-03 00:08:48.893 DEBUG 22732 --- [           main] o.s.b.f.s.DefaultListableBeanFactory     : Creating instance of bean 'dataSourceInitializedPublisher'
2014-11-03 00:08:48.894 DEBUG 22732 --- [           main] o.s.b.f.annotation.InjectionMetadata     : Registered injected element on class [org.springframework.boot.autoconfigure.orm.jpa.DataSourceInitializedPublisher]: AutowiredFieldElement for private org.springframework.context.ApplicationContext org.springframework.boot.autoconfigure.orm.jpa.DataSourceInitializedPublisher.applicationContext
2014-11-03 00:08:48.894 DEBUG 22732 --- [           main] o.s.b.f.s.DefaultListableBeanFactory     : Eagerly caching bean 'dataSourceInitializedPublisher' to allow for resolving potential circular references
2014-11-03 00:08:48.895 DEBUG 22732 --- [           main] o.s.b.f.annotation.InjectionMetadata     : Processing injected method of bean 'dataSourceInitializedPublisher': AutowiredFieldElement for private org.springframework.context.ApplicationContext org.springframework.boot.autoconfigure.orm.jpa.DataSourceInitializedPublisher.applicationContext
2014-11-03 00:08:48.897 DEBUG 22732 --- [           main] f.a.AutowiredAnnotationBeanPostProcessor : Autowiring by type from bean name 'dataSourceInitializedPublisher' to bean named 'org.springframework.context.annotation.AnnotationConfigApplicationContext@bef2d72'
2014-11-03 00:08:48.897 DEBUG 22732 --- [           main] o.s.b.f.s.DefaultListableBeanFactory     : Finished creating instance of bean 'dataSourceInitializedPublisher'
2014-11-03 00:08:48.900 DEBUG 22732 --- [           main] s.c.a.AnnotationConfigApplicationContext : Unable to locate MessageSource with name 'messageSource': using default [org.springframework.context.support.DelegatingMessageSource@14bee915]
2014-11-03 00:08:48.901 DEBUG 22732 --- [           main] o.s.b.f.s.DefaultListableBeanFactory     : Returning cached instance of singleton bean 'applicationEventMulticaster'
2014-11-03 00:08:48.901 DEBUG 22732 --- [           main] s.c.a.AnnotationConfigApplicationContext : Using ApplicationEventMulticaster [org.springframework.context.event.SimpleApplicationEventMulticaster@1115ec15]
2014-11-03 00:08:48.905 DEBUG 22732 --- [           main] o.s.b.f.s.DefaultListableBeanFactory     : Creating shared instance of singleton bean 'entityManagerFactory'
2014-11-03 00:08:48.905 DEBUG 22732 --- [           main] o.s.b.f.s.DefaultListableBeanFactory     : Creating instance of bean 'entityManagerFactory'
2014-11-03 00:08:48.905 DEBUG 22732 --- [           main] o.s.b.f.s.DefaultListableBeanFactory     : Creating shared instance of singleton bean 'org.springframework.boot.autoconfigure.orm.jpa.HibernateJpaAutoConfiguration'
2014-11-03 00:08:48.905 DEBUG 22732 --- [           main] o.s.b.f.s.DefaultListableBeanFactory     : Creating instance of bean 'org.springframework.boot.autoconfigure.orm.jpa.HibernateJpaAutoConfiguration'
2014-11-03 00:08:48.913 DEBUG 22732 --- [           main] o.s.b.f.s.DefaultListableBeanFactory     : Creating shared instance of singleton bean 'org.springframework.transaction.config.internalTransactionAdvisor'
2014-11-03 00:08:48.913 DEBUG 22732 --- [           main] o.s.b.f.s.DefaultListableBeanFactory     : Creating instance of bean 'org.springframework.transaction.config.internalTransactionAdvisor'
2014-11-03 00:08:48.913 DEBUG 22732 --- [           main] o.s.b.f.s.DefaultListableBeanFactory     : Creating shared instance of singleton bean 'org.springframework.transaction.annotation.ProxyTransactionManagementConfiguration'
2014-11-03 00:08:48.914 DEBUG 22732 --- [           main] o.s.b.f.s.DefaultListableBeanFactory     : Creating instance of bean 'org.springframework.transaction.annotation.ProxyTransactionManagementConfiguration'
2014-11-03 00:08:48.915 DEBUG 22732 --- [           main] .a.f.a.BeanFactoryAdvisorRetrievalHelper : Skipping currently created advisor 'org.springframework.transaction.config.internalTransactionAdvisor'
2014-11-03 00:08:48.931 DEBUG 22732 --- [           main] o.s.b.f.annotation.InjectionMetadata     : Registered injected element on class [org.springframework.transaction.annotation.ProxyTransactionManagementConfiguration$$EnhancerBySpringCGLIB$$412af6cc]: AutowiredMethodElement for void org.springframework.transaction.annotation.AbstractTransactionManagementConfiguration.setConfigurers(java.util.Collection)
2014-11-03 00:08:48.932 DEBUG 22732 --- [           main] o.s.b.f.s.DefaultListableBeanFactory     : Eagerly caching bean 'org.springframework.transaction.annotation.ProxyTransactionManagementConfiguration' to allow for resolving potential circular references
2014-11-03 00:08:48.936 DEBUG 22732 --- [           main] o.s.b.f.annotation.InjectionMetadata     : Processing injected method of bean 'org.springframework.transaction.annotation.ProxyTransactionManagementConfiguration': AutowiredMethodElement for void org.springframework.transaction.annotation.AbstractTransactionManagementConfiguration.setConfigurers(java.util.Collection)
2014-11-03 00:08:48.941 DEBUG 22732 --- [           main] o.s.b.f.s.DefaultListableBeanFactory     : Returning cached instance of singleton bean 'org.springframework.context.annotation.ConfigurationClassPostProcessor.importRegistry'
2014-11-03 00:08:48.941 DEBUG 22732 --- [           main] .a.f.a.BeanFactoryAdvisorRetrievalHelper : Skipping currently created advisor 'org.springframework.transaction.config.internalTransactionAdvisor'
2014-11-03 00:08:48.942 DEBUG 22732 --- [           main] .a.f.a.BeanFactoryAdvisorRetrievalHelper : Skipping currently created advisor 'org.springframework.transaction.config.internalTransactionAdvisor'
2014-11-03 00:08:48.943 DEBUG 22732 --- [           main] o.s.b.f.s.DefaultListableBeanFactory     : Finished creating instance of bean 'org.springframework.transaction.annotation.ProxyTransactionManagementConfiguration'
2014-11-03 00:08:48.960 DEBUG 22732 --- [           main] o.s.b.f.s.DefaultListableBeanFactory     : Creating shared instance of singleton bean 'transactionAttributeSource'
2014-11-03 00:08:48.960 DEBUG 22732 --- [           main] o.s.b.f.s.DefaultListableBeanFactory     : Creating instance of bean 'transactionAttributeSource'
2014-11-03 00:08:48.960 DEBUG 22732 --- [           main] o.s.b.f.s.DefaultListableBeanFactory     : Returning cached instance of singleton bean 'org.springframework.transaction.annotation.ProxyTransactionManagementConfiguration'
2014-11-03 00:08:48.962 DEBUG 22732 --- [           main] o.s.b.f.s.DefaultListableBeanFactory     : Eagerly caching bean 'transactionAttributeSource' to allow for resolving potential circular references
2014-11-03 00:08:48.967 DEBUG 22732 --- [           main] .a.f.a.BeanFactoryAdvisorRetrievalHelper : Skipping currently created advisor 'org.springframework.transaction.config.internalTransactionAdvisor'
2014-11-03 00:08:48.967 DEBUG 22732 --- [           main] .a.f.a.BeanFactoryAdvisorRetrievalHelper : Skipping currently created advisor 'org.springframework.transaction.config.internalTransactionAdvisor'
2014-11-03 00:08:48.967 DEBUG 22732 --- [           main] o.s.b.f.s.DefaultListableBeanFactory     : Finished creating instance of bean 'transactionAttributeSource'
2014-11-03 00:08:48.968 DEBUG 22732 --- [           main] o.s.b.f.s.DefaultListableBeanFactory     : Creating shared instance of singleton bean 'transactionInterceptor'
2014-11-03 00:08:48.968 DEBUG 22732 --- [           main] o.s.b.f.s.DefaultListableBeanFactory     : Creating instance of bean 'transactionInterceptor'
2014-11-03 00:08:48.968 DEBUG 22732 --- [           main] o.s.b.f.s.DefaultListableBeanFactory     : Returning cached instance of singleton bean 'org.springframework.transaction.annotation.ProxyTransactionManagementConfiguration'
2014-11-03 00:08:48.972 DEBUG 22732 --- [           main] o.s.b.f.s.DefaultListableBeanFactory     : Returning cached instance of singleton bean 'transactionAttributeSource'
2014-11-03 00:08:48.978 DEBUG 22732 --- [           main] o.s.b.f.s.DefaultListableBeanFactory     : Eagerly caching bean 'transactionInterceptor' to allow for resolving potential circular references
2014-11-03 00:08:48.981 DEBUG 22732 --- [           main] o.s.b.f.s.DefaultListableBeanFactory     : Invoking afterPropertiesSet() on bean with name 'transactionInterceptor'
2014-11-03 00:08:48.982 DEBUG 22732 --- [           main] o.s.b.f.s.DefaultListableBeanFactory     : Finished creating instance of bean 'transactionInterceptor'
2014-11-03 00:08:48.983 DEBUG 22732 --- [           main] o.s.b.f.s.DefaultListableBeanFactory     : Eagerly caching bean 'org.springframework.transaction.config.internalTransactionAdvisor' to allow for resolving potential circular references
2014-11-03 00:08:48.987 DEBUG 22732 --- [           main] o.s.b.f.s.DefaultListableBeanFactory     : Finished creating instance of bean 'org.springframework.transaction.config.internalTransactionAdvisor'
2014-11-03 00:08:48.993 DEBUG 22732 --- [           main] o.s.b.f.annotation.InjectionMetadata     : Registered injected element on class [org.springframework.boot.autoconfigure.orm.jpa.HibernateJpaAutoConfiguration$$EnhancerBySpringCGLIB$$a34ee2ec]: AutowiredFieldElement for private javax.sql.DataSource org.springframework.boot.autoconfigure.orm.jpa.JpaBaseConfiguration.dataSource
2014-11-03 00:08:48.993 DEBUG 22732 --- [           main] o.s.b.f.annotation.InjectionMetadata     : Registered injected element on class [org.springframework.boot.autoconfigure.orm.jpa.HibernateJpaAutoConfiguration$$EnhancerBySpringCGLIB$$a34ee2ec]: AutowiredFieldElement for private org.springframework.orm.jpa.persistenceunit.PersistenceUnitManager org.springframework.boot.autoconfigure.orm.jpa.JpaBaseConfiguration.persistenceUnitManager
2014-11-03 00:08:48.993 DEBUG 22732 --- [           main] o.s.b.f.annotation.InjectionMetadata     : Registered injected element on class [org.springframework.boot.autoconfigure.orm.jpa.HibernateJpaAutoConfiguration$$EnhancerBySpringCGLIB$$a34ee2ec]: AutowiredFieldElement for private org.springframework.boot.autoconfigure.orm.jpa.JpaProperties org.springframework.boot.autoconfigure.orm.jpa.JpaBaseConfiguration.jpaProperties
2014-11-03 00:08:48.993 DEBUG 22732 --- [           main] o.s.b.f.annotation.InjectionMetadata     : Registered injected element on class [org.springframework.boot.autoconfigure.orm.jpa.HibernateJpaAutoConfiguration$$EnhancerBySpringCGLIB$$a34ee2ec]: AutowiredFieldElement for private org.springframework.boot.autoconfigure.orm.jpa.JpaProperties org.springframework.boot.autoconfigure.orm.jpa.HibernateJpaAutoConfiguration.properties
2014-11-03 00:08:48.994 DEBUG 22732 --- [           main] o.s.b.f.annotation.InjectionMetadata     : Registered injected element on class [org.springframework.boot.autoconfigure.orm.jpa.HibernateJpaAutoConfiguration$$EnhancerBySpringCGLIB$$a34ee2ec]: AutowiredFieldElement for private javax.sql.DataSource org.springframework.boot.autoconfigure.orm.jpa.HibernateJpaAutoConfiguration.dataSource
2014-11-03 00:08:48.994 DEBUG 22732 --- [           main] o.s.b.f.annotation.InjectionMetadata     : Registered injected element on class [org.springframework.boot.autoconfigure.orm.jpa.HibernateJpaAutoConfiguration$$EnhancerBySpringCGLIB$$a34ee2ec]: AutowiredFieldElement for private org.springframework.context.ConfigurableApplicationContext org.springframework.boot.autoconfigure.orm.jpa.HibernateJpaAutoConfiguration.applicationContext
2014-11-03 00:08:48.994 DEBUG 22732 --- [           main] o.s.b.f.s.DefaultListableBeanFactory     : Eagerly caching bean 'org.springframework.boot.autoconfigure.orm.jpa.HibernateJpaAutoConfiguration' to allow for resolving potential circular references
2014-11-03 00:08:49.015 DEBUG 22732 --- [           main] o.s.b.f.annotation.InjectionMetadata     : Processing injected method of bean 'org.springframework.boot.autoconfigure.orm.jpa.HibernateJpaAutoConfiguration': AutowiredFieldElement for private javax.sql.DataSource org.springframework.boot.autoconfigure.orm.jpa.JpaBaseConfiguration.dataSource
2014-11-03 00:08:49.020 DEBUG 22732 --- [           main] o.s.b.f.s.DefaultListableBeanFactory     : Creating shared instance of singleton bean 'dataSource'
2014-11-03 00:08:49.020 DEBUG 22732 --- [           main] o.s.b.f.s.DefaultListableBeanFactory     : Creating instance of bean 'dataSource'
2014-11-03 00:08:49.020 DEBUG 22732 --- [           main] o.s.b.f.s.DefaultListableBeanFactory     : Creating shared instance of singleton bean 'org.springframework.boot.autoconfigure.jdbc.DataSourceAutoConfiguration$NonEmbeddedConfiguration'
2014-11-03 00:08:49.020 DEBUG 22732 --- [           main] o.s.b.f.s.DefaultListableBeanFactory     : Creating instance of bean 'org.springframework.boot.autoconfigure.jdbc.DataSourceAutoConfiguration$NonEmbeddedConfiguration'
2014-11-03 00:08:49.020 DEBUG 22732 --- [           main] o.s.b.f.s.DefaultListableBeanFactory     : Returning cached instance of singleton bean 'org.springframework.transaction.config.internalTransactionAdvisor'
2014-11-03 00:08:49.021 DEBUG 22732 --- [           main] o.s.b.f.annotation.InjectionMetadata     : Registered injected element on class [org.springframework.boot.autoconfigure.jdbc.DataSourceAutoConfiguration$NonEmbeddedConfiguration]: AutowiredFieldElement for private org.springframework.boot.autoconfigure.jdbc.DataSourceProperties org.springframework.boot.autoconfigure.jdbc.DataSourceAutoConfiguration$NonEmbeddedConfiguration.properties
2014-11-03 00:08:49.022 DEBUG 22732 --- [           main] o.s.b.f.s.DefaultListableBeanFactory     : Eagerly caching bean 'org.springframework.boot.autoconfigure.jdbc.DataSourceAutoConfiguration$NonEmbeddedConfiguration' to allow for resolving potential circular references
2014-11-03 00:08:49.025 DEBUG 22732 --- [           main] o.s.b.f.annotation.InjectionMetadata     : Processing injected method of bean 'org.springframework.boot.autoconfigure.jdbc.DataSourceAutoConfiguration$NonEmbeddedConfiguration': AutowiredFieldElement for private org.springframework.boot.autoconfigure.jdbc.DataSourceProperties org.springframework.boot.autoconfigure.jdbc.DataSourceAutoConfiguration$NonEmbeddedConfiguration.properties
2014-11-03 00:08:49.027 DEBUG 22732 --- [           main] o.s.b.f.s.DefaultListableBeanFactory     : Creating shared instance of singleton bean 'spring.datasource.CONFIGURATION_PROPERTIES'
2014-11-03 00:08:49.027 DEBUG 22732 --- [           main] o.s.b.f.s.DefaultListableBeanFactory     : Creating instance of bean 'spring.datasource.CONFIGURATION_PROPERTIES'
2014-11-03 00:08:49.027 DEBUG 22732 --- [           main] o.s.b.f.s.DefaultListableBeanFactory     : Returning cached instance of singleton bean 'org.springframework.transaction.config.internalTransactionAdvisor'
2014-11-03 00:08:49.030 DEBUG 22732 --- [           main] o.s.b.f.s.DefaultListableBeanFactory     : Eagerly caching bean 'spring.datasource.CONFIGURATION_PROPERTIES' to allow for resolving potential circular references
2014-11-03 00:08:49.044 DEBUG 22732 --- [           main] o.s.core.env.MutablePropertySources      : Adding [systemProperties] PropertySource with lowest search precedence
2014-11-03 00:08:49.049 DEBUG 22732 --- [           main] o.s.core.env.MutablePropertySources      : Adding [systemEnvironment] PropertySource with lowest search precedence
2014-11-03 00:08:49.050 DEBUG 22732 --- [           main] o.s.core.env.MutablePropertySources      : Adding [random] PropertySource with lowest search precedence
2014-11-03 00:08:49.050 DEBUG 22732 --- [           main] o.s.core.env.MutablePropertySources      : Adding [integrationTest] PropertySource with lowest search precedence
2014-11-03 00:08:49.050 DEBUG 22732 --- [           main] o.s.core.env.MutablePropertySources      : Adding [applicationConfig: [classpath:/application.properties]] PropertySource with lowest search precedence
2014-11-03 00:08:49.050 DEBUG 22732 --- [           main] o.s.core.env.MutablePropertySources      : Adding [localProperties] PropertySource with lowest search precedence
2014-11-03 00:08:49.053 DEBUG 22732 --- [           main] o.s.core.env.MutablePropertySources      : Adding [systemProperties] PropertySource with lowest search precedence
2014-11-03 00:08:49.054 DEBUG 22732 --- [           main] o.s.core.env.MutablePropertySources      : Adding [systemEnvironment] PropertySource with lowest search precedence
2014-11-03 00:08:49.054 DEBUG 22732 --- [           main] o.s.core.env.MutablePropertySources      : Adding [random] PropertySource with lowest search precedence
2014-11-03 00:08:49.054 DEBUG 22732 --- [           main] o.s.core.env.MutablePropertySources      : Adding [integrationTest] PropertySource with lowest search precedence
2014-11-03 00:08:49.054 DEBUG 22732 --- [           main] o.s.core.env.MutablePropertySources      : Adding [applicationConfig: [classpath:/application.properties]] PropertySource with lowest search precedence
2014-11-03 00:08:49.054 DEBUG 22732 --- [           main] o.s.core.env.MutablePropertySources      : Adding [localProperties] PropertySource with lowest search precedence
2014-11-03 00:08:49.054 DEBUG 22732 --- [           main] o.s.c.e.PropertySourcesPropertyResolver  : Searching for key 'spring.datasource.data' in [systemProperties]
2014-11-03 00:08:49.054 DEBUG 22732 --- [           main] o.s.c.e.PropertySourcesPropertyResolver  : Searching for key 'spring.datasource.data' in [systemEnvironment]
2014-11-03 00:08:49.055 DEBUG 22732 --- [           main] o.s.c.e.PropertySourcesPropertyResolver  : Searching for key 'spring.datasource.data' in [random]
2014-11-03 00:08:49.055 DEBUG 22732 --- [           main] o.s.c.e.PropertySourcesPropertyResolver  : Searching for key 'spring.datasource.data' in [integrationTest]
2014-11-03 00:08:49.055 DEBUG 22732 --- [           main] o.s.c.e.PropertySourcesPropertyResolver  : Searching for key 'spring.datasource.data' in [applicationConfig: [classpath:/application.properties]]
2014-11-03 00:08:49.055 DEBUG 22732 --- [           main] o.s.c.e.PropertySourcesPropertyResolver  : Searching for key 'spring.datasource.data' in [localProperties]
2014-11-03 00:08:49.055 DEBUG 22732 --- [           main] o.s.c.e.PropertySourcesPropertyResolver  : Could not find key 'spring.datasource.data' in any property source. Returning [null]
2014-11-03 00:08:49.055 DEBUG 22732 --- [           main] o.s.core.env.MutablePropertySources      : Adding [systemProperties] PropertySource with lowest search precedence
2014-11-03 00:08:49.055 DEBUG 22732 --- [           main] o.s.core.env.MutablePropertySources      : Adding [systemEnvironment] PropertySource with lowest search precedence
2014-11-03 00:08:49.056 DEBUG 22732 --- [           main] o.s.core.env.MutablePropertySources      : Adding [random] PropertySource with lowest search precedence
2014-11-03 00:08:49.056 DEBUG 22732 --- [           main] o.s.core.env.MutablePropertySources      : Adding [integrationTest] PropertySource with lowest search precedence
2014-11-03 00:08:49.056 DEBUG 22732 --- [           main] o.s.core.env.MutablePropertySources      : Adding [applicationConfig: [classpath:/application.properties]] PropertySource with lowest search precedence
2014-11-03 00:08:49.056 DEBUG 22732 --- [           main] o.s.core.env.MutablePropertySources      : Adding [localProperties] PropertySource with lowest search precedence
2014-11-03 00:08:49.056 DEBUG 22732 --- [           main] o.s.c.e.PropertySourcesPropertyResolver  : Searching for key 'SPRING_DATASOURCE_USERNAME' in [systemProperties]
2014-11-03 00:08:49.056 DEBUG 22732 --- [           main] o.s.c.e.PropertySourcesPropertyResolver  : Searching for key 'SPRING_DATASOURCE_USERNAME' in [systemEnvironment]
2014-11-03 00:08:49.057 DEBUG 22732 --- [           main] o.s.c.e.PropertySourcesPropertyResolver  : Searching for key 'SPRING_DATASOURCE_USERNAME' in [random]
2014-11-03 00:08:49.057 DEBUG 22732 --- [           main] o.s.c.e.PropertySourcesPropertyResolver  : Searching for key 'SPRING_DATASOURCE_USERNAME' in [integrationTest]
2014-11-03 00:08:49.057 DEBUG 22732 --- [           main] o.s.c.e.PropertySourcesPropertyResolver  : Searching for key 'SPRING_DATASOURCE_USERNAME' in [applicationConfig: [classpath:/application.properties]]
2014-11-03 00:08:49.057 DEBUG 22732 --- [           main] o.s.c.e.PropertySourcesPropertyResolver  : Searching for key 'SPRING_DATASOURCE_USERNAME' in [localProperties]
2014-11-03 00:08:49.057 DEBUG 22732 --- [           main] o.s.c.e.PropertySourcesPropertyResolver  : Could not find key 'SPRING_DATASOURCE_USERNAME' in any property source. Returning [null]
2014-11-03 00:08:49.058 DEBUG 22732 --- [           main] o.s.core.env.MutablePropertySources      : Adding [systemProperties] PropertySource with lowest search precedence
2014-11-03 00:08:49.058 DEBUG 22732 --- [           main] o.s.core.env.MutablePropertySources      : Adding [systemEnvironment] PropertySource with lowest search precedence
2014-11-03 00:08:49.058 DEBUG 22732 --- [           main] o.s.core.env.MutablePropertySources      : Adding [random] PropertySource with lowest search precedence
2014-11-03 00:08:49.058 DEBUG 22732 --- [           main] o.s.core.env.MutablePropertySources      : Adding [integrationTest] PropertySource with lowest search precedence
2014-11-03 00:08:49.058 DEBUG 22732 --- [           main] o.s.core.env.MutablePropertySources      : Adding [applicationConfig: [classpath:/application.properties]] PropertySource with lowest search precedence
2014-11-03 00:08:49.058 DEBUG 22732 --- [           main] o.s.core.env.MutablePropertySources      : Adding [localProperties] PropertySource with lowest search precedence
2014-11-03 00:08:49.059 DEBUG 22732 --- [           main] o.s.c.e.PropertySourcesPropertyResolver  : Searching for key 'spring.datasource.classloader' in [systemProperties]
2014-11-03 00:08:49.059 DEBUG 22732 --- [           main] o.s.c.e.PropertySourcesPropertyResolver  : Searching for key 'spring.datasource.classloader' in [systemEnvironment]
2014-11-03 00:08:49.059 DEBUG 22732 --- [           main] o.s.c.e.PropertySourcesPropertyResolver  : Searching for key 'spring.datasource.classloader' in [random]
2014-11-03 00:08:49.059 DEBUG 22732 --- [           main] o.s.c.e.PropertySourcesPropertyResolver  : Searching for key 'spring.datasource.classloader' in [integrationTest]
2014-11-03 00:08:49.059 DEBUG 22732 --- [           main] o.s.c.e.PropertySourcesPropertyResolver  : Searching for key 'spring.datasource.classloader' in [applicationConfig: [classpath:/application.properties]]
2014-11-03 00:08:49.059 DEBUG 22732 --- [           main] o.s.c.e.PropertySourcesPropertyResolver  : Searching for key 'spring.datasource.classloader' in [localProperties]
2014-11-03 00:08:49.060 DEBUG 22732 --- [           main] o.s.c.e.PropertySourcesPropertyResolver  : Could not find key 'spring.datasource.classloader' in any property source. Returning [null]
2014-11-03 00:08:49.060 DEBUG 22732 --- [           main] o.s.core.env.MutablePropertySources      : Adding [systemProperties] PropertySource with lowest search precedence
2014-11-03 00:08:49.060 DEBUG 22732 --- [           main] o.s.core.env.MutablePropertySources      : Adding [systemEnvironment] PropertySource with lowest search precedence
2014-11-03 00:08:49.060 DEBUG 22732 --- [           main] o.s.core.env.MutablePropertySources      : Adding [random] PropertySource with lowest search precedence
2014-11-03 00:08:49.060 DEBUG 22732 --- [           main] o.s.core.env.MutablePropertySources      : Adding [integrationTest] PropertySource with lowest search precedence
2014-11-03 00:08:49.060 DEBUG 22732 --- [           main] o.s.core.env.MutablePropertySources      : Adding [applicationConfig: [classpath:/application.properties]] PropertySource with lowest search precedence
2014-11-03 00:08:49.061 DEBUG 22732 --- [           main] o.s.core.env.MutablePropertySources      : Adding [localProperties] PropertySource with lowest search precedence
2014-11-03 00:08:49.061 DEBUG 22732 --- [           main] o.s.c.e.PropertySourcesPropertyResolver  : Searching for key 'SPRING.DATASOURCE.URL' in [systemProperties]
2014-11-03 00:08:49.061 DEBUG 22732 --- [           main] o.s.c.e.PropertySourcesPropertyResolver  : Searching for key 'SPRING.DATASOURCE.URL' in [systemEnvironment]
2014-11-03 00:08:49.061 DEBUG 22732 --- [           main] o.s.c.e.PropertySourcesPropertyResolver  : Searching for key 'SPRING.DATASOURCE.URL' in [random]
2014-11-03 00:08:49.061 DEBUG 22732 --- [           main] o.s.c.e.PropertySourcesPropertyResolver  : Searching for key 'SPRING.DATASOURCE.URL' in [integrationTest]
2014-11-03 00:08:49.061 DEBUG 22732 --- [           main] o.s.c.e.PropertySourcesPropertyResolver  : Searching for key 'SPRING.DATASOURCE.URL' in [applicationConfig: [classpath:/application.properties]]
2014-11-03 00:08:49.061 DEBUG 22732 --- [           main] o.s.c.e.PropertySourcesPropertyResolver  : Searching for key 'SPRING.DATASOURCE.URL' in [localProperties]
2014-11-03 00:08:49.061 DEBUG 22732 --- [           main] o.s.c.e.PropertySourcesPropertyResolver  : Could not find key 'SPRING.DATASOURCE.URL' in any property source. Returning [null]
2014-11-03 00:08:49.061 DEBUG 22732 --- [           main] o.s.core.env.MutablePropertySources      : Adding [systemProperties] PropertySource with lowest search precedence
2014-11-03 00:08:49.062 DEBUG 22732 --- [           main] o.s.core.env.MutablePropertySources      : Adding [systemEnvironment] PropertySource with lowest search precedence
2014-11-03 00:08:49.062 DEBUG 22732 --- [           main] o.s.core.env.MutablePropertySources      : Adding [random] PropertySource with lowest search precedence
2014-11-03 00:08:49.062 DEBUG 22732 --- [           main] o.s.core.env.MutablePropertySources      : Adding [integrationTest] PropertySource with lowest search precedence
2014-11-03 00:08:49.062 DEBUG 22732 --- [           main] o.s.core.env.MutablePropertySources      : Adding [applicationConfig: [classpath:/application.properties]] PropertySource with lowest search precedence
2014-11-03 00:08:49.062 DEBUG 22732 --- [           main] o.s.core.env.MutablePropertySources      : Adding [localProperties] PropertySource with lowest search precedence
2014-11-03 00:08:49.062 DEBUG 22732 --- [           main] o.s.c.e.PropertySourcesPropertyResolver  : Searching for key 'springdatasourceurl' in [systemProperties]
2014-11-03 00:08:49.062 DEBUG 22732 --- [           main] o.s.c.e.PropertySourcesPropertyResolver  : Searching for key 'springdatasourceurl' in [systemEnvironment]
2014-11-03 00:08:49.062 DEBUG 22732 --- [           main] o.s.c.e.PropertySourcesPropertyResolver  : Searching for key 'springdatasourceurl' in [random]
2014-11-03 00:08:49.062 DEBUG 22732 --- [           main] o.s.c.e.PropertySourcesPropertyResolver  : Searching for key 'springdatasourceurl' in [integrationTest]
2014-11-03 00:08:49.063 DEBUG 22732 --- [           main] o.s.c.e.PropertySourcesPropertyResolver  : Searching for key 'springdatasourceurl' in [applicationConfig: [classpath:/application.properties]]
2014-11-03 00:08:49.063 DEBUG 22732 --- [           main] o.s.c.e.PropertySourcesPropertyResolver  : Searching for key 'springdatasourceurl' in [localProperties]
2014-11-03 00:08:49.063 DEBUG 22732 --- [           main] o.s.c.e.PropertySourcesPropertyResolver  : Could not find key 'springdatasourceurl' in any property source. Returning [null]
2014-11-03 00:08:49.063 DEBUG 22732 --- [           main] o.s.core.env.MutablePropertySources      : Adding [systemProperties] PropertySource with lowest search precedence
2014-11-03 00:08:49.063 DEBUG 22732 --- [           main] o.s.core.env.MutablePropertySources      : Adding [systemEnvironment] PropertySource with lowest search precedence
2014-11-03 00:08:49.063 DEBUG 22732 --- [           main] o.s.core.env.MutablePropertySources      : Adding [random] PropertySource with lowest search precedence
2014-11-03 00:08:49.063 DEBUG 22732 --- [           main] o.s.core.env.MutablePropertySources      : Adding [integrationTest] PropertySource with lowest search precedence
2014-11-03 00:08:49.063 DEBUG 22732 --- [           main] o.s.core.env.MutablePropertySources      : Adding [applicationConfig: [classpath:/application.properties]] PropertySource with lowest search precedence
2014-11-03 00:08:49.063 DEBUG 22732 --- [           main] o.s.core.env.MutablePropertySources      : Adding [localProperties] PropertySource with lowest search precedence
2014-11-03 00:08:49.064 DEBUG 22732 --- [           main] o.s.c.e.PropertySourcesPropertyResolver  : Searching for key 'SPRING_DATASOURCE_PLATFORM' in [systemProperties]
2014-11-03 00:08:49.064 DEBUG 22732 --- [           main] o.s.c.e.PropertySourcesPropertyResolver  : Searching for key 'SPRING_DATASOURCE_PLATFORM' in [systemEnvironment]
2014-11-03 00:08:49.064 DEBUG 22732 --- [           main] o.s.c.e.PropertySourcesPropertyResolver  : Searching for key 'SPRING_DATASOURCE_PLATFORM' in [random]
2014-11-03 00:08:49.064 DEBUG 22732 --- [           main] o.s.c.e.PropertySourcesPropertyResolver  : Searching for key 'SPRING_DATASOURCE_PLATFORM' in [integrationTest]
2014-11-03 00:08:49.064 DEBUG 22732 --- [           main] o.s.c.e.PropertySourcesPropertyResolver  : Searching for key 'SPRING_DATASOURCE_PLATFORM' in [applicationConfig: [classpath:/application.properties]]
2014-11-03 00:08:49.064 DEBUG 22732 --- [           main] o.s.c.e.PropertySourcesPropertyResolver  : Searching for key 'SPRING_DATASOURCE_PLATFORM' in [localProperties]
2014-11-03 00:08:49.064 DEBUG 22732 --- [           main] o.s.c.e.PropertySourcesPropertyResolver  : Could not find key 'SPRING_DATASOURCE_PLATFORM' in any property source. Returning [null]
2014-11-03 00:08:49.065 DEBUG 22732 --- [           main] o.s.core.env.MutablePropertySources      : Adding [systemProperties] PropertySource with lowest search precedence
2014-11-03 00:08:49.065 DEBUG 22732 --- [           main] o.s.core.env.MutablePropertySources      : Adding [systemEnvironment] PropertySource with lowest search precedence
2014-11-03 00:08:49.066 DEBUG 22732 --- [           main] o.s.core.env.MutablePropertySources      : Adding [random] PropertySource with lowest search precedence
2014-11-03 00:08:49.068 DEBUG 22732 --- [           main] o.s.core.env.MutablePropertySources      : Adding [integrationTest] PropertySource with lowest search precedence
2014-11-03 00:08:49.069 DEBUG 22732 --- [           main] o.s.core.env.MutablePropertySources      : Adding [applicationConfig: [classpath:/application.properties]] PropertySource with lowest search precedence
2014-11-03 00:08:49.073 DEBUG 22732 --- [           main] o.s.core.env.MutablePropertySources      : Adding [localProperties] PropertySource with lowest search precedence
2014-11-03 00:08:49.073 DEBUG 22732 --- [           main] o.s.c.e.PropertySourcesPropertyResolver  : Searching for key 'SPRINGDATASOURCEINITIALIZE' in [systemProperties]
2014-11-03 00:08:49.073 DEBUG 22732 --- [           main] o.s.c.e.PropertySourcesPropertyResolver  : Searching for key 'SPRINGDATASOURCEINITIALIZE' in [systemEnvironment]
2014-11-03 00:08:49.074 DEBUG 22732 --- [           main] o.s.c.e.PropertySourcesPropertyResolver  : Searching for key 'SPRINGDATASOURCEINITIALIZE' in [random]
2014-11-03 00:08:49.074 DEBUG 22732 --- [           main] o.s.c.e.PropertySourcesPropertyResolver  : Searching for key 'SPRINGDATASOURCEINITIALIZE' in [integrationTest]
2014-11-03 00:08:49.074 DEBUG 22732 --- [           main] o.s.c.e.PropertySourcesPropertyResolver  : Searching for key 'SPRINGDATASOURCEINITIALIZE' in [applicationConfig: [classpath:/application.properties]]
2014-11-03 00:08:49.074 DEBUG 22732 --- [           main] o.s.c.e.PropertySourcesPropertyResolver  : Searching for key 'SPRINGDATASOURCEINITIALIZE' in [localProperties]
2014-11-03 00:08:49.074 DEBUG 22732 --- [           main] o.s.c.e.PropertySourcesPropertyResolver  : Could not find key 'SPRINGDATASOURCEINITIALIZE' in any property source. Returning [null]
2014-11-03 00:08:49.074 DEBUG 22732 --- [           main] o.s.core.env.MutablePropertySources      : Adding [systemProperties] PropertySource with lowest search precedence
2014-11-03 00:08:49.080 DEBUG 22732 --- [           main] o.s.core.env.MutablePropertySources      : Adding [systemEnvironment] PropertySource with lowest search precedence
2014-11-03 00:08:49.080 DEBUG 22732 --- [           main] o.s.core.env.MutablePropertySources      : Adding [random] PropertySource with lowest search precedence
2014-11-03 00:08:49.080 DEBUG 22732 --- [           main] o.s.core.env.MutablePropertySources      : Adding [integrationTest] PropertySource with lowest search precedence
2014-11-03 00:08:49.080 DEBUG 22732 --- [           main] o.s.core.env.MutablePropertySources      : Adding [applicationConfig: [classpath:/application.properties]] PropertySource with lowest search precedence
2014-11-03 00:08:49.080 DEBUG 22732 --- [           main] o.s.core.env.MutablePropertySources      : Adding [localProperties] PropertySource with lowest search precedence
2014-11-03 00:08:49.081 DEBUG 22732 --- [           main] o.s.c.e.PropertySourcesPropertyResolver  : Searching for key 'springdatasourceclassloader' in [systemProperties]
2014-11-03 00:08:49.081 DEBUG 22732 --- [           main] o.s.c.e.PropertySourcesPropertyResolver  : Searching for key 'springdatasourceclassloader' in [systemEnvironment]
2014-11-03 00:08:49.081 DEBUG 22732 --- [           main] o.s.c.e.PropertySourcesPropertyResolver  : Searching for key 'springdatasourceclassloader' in [random]
2014-11-03 00:08:49.082 DEBUG 22732 --- [           main] o.s.c.e.PropertySourcesPropertyResolver  : Searching for key 'springdatasourceclassloader' in [integrationTest]
2014-11-03 00:08:49.082 DEBUG 22732 --- [           main] o.s.c.e.PropertySourcesPropertyResolver  : Searching for key 'springdatasourceclassloader' in [applicationConfig: [classpath:/application.properties]]
2014-11-03 00:08:49.082 DEBUG 22732 --- [           main] o.s.c.e.PropertySourcesPropertyResolver  : Searching for key 'springdatasourceclassloader' in [localProperties]
2014-11-03 00:08:49.082 DEBUG 22732 --- [           main] o.s.c.e.PropertySourcesPropertyResolver  : Could not find key 'springdatasourceclassloader' in any property source. Returning [null]
2014-11-03 00:08:49.082 DEBUG 22732 --- [           main] o.s.core.env.MutablePropertySources      : Adding [systemProperties] PropertySource with lowest search precedence
2014-11-03 00:08:49.084 DEBUG 22732 --- [           main] o.s.core.env.MutablePropertySources      : Adding [systemEnvironment] PropertySource with lowest search precedence
2014-11-03 00:08:49.084 DEBUG 22732 --- [           main] o.s.core.env.MutablePropertySources      : Adding [random] PropertySource with lowest search precedence
2014-11-03 00:08:49.084 DEBUG 22732 --- [           main] o.s.core.env.MutablePropertySources      : Adding [integrationTest] PropertySource with lowest search precedence
2014-11-03 00:08:49.084 DEBUG 22732 --- [           main] o.s.core.env.MutablePropertySources      : Adding [applicationConfig: [classpath:/application.properties]] PropertySource with lowest search precedence
2014-11-03 00:08:49.084 DEBUG 22732 --- [           main] o.s.core.env.MutablePropertySources      : Adding [localProperties] PropertySource with lowest search precedence
2014-11-03 00:08:49.085 DEBUG 22732 --- [           main] o.s.c.e.PropertySourcesPropertyResolver  : Searching for key 'SPRING_DATASOURCE_CLASSLOADER' in [systemProperties]
2014-11-03 00:08:49.085 DEBUG 22732 --- [           main] o.s.c.e.PropertySourcesPropertyResolver  : Searching for key 'SPRING_DATASOURCE_CLASSLOADER' in [systemEnvironment]
2014-11-03 00:08:49.085 DEBUG 22732 --- [           main] o.s.c.e.PropertySourcesPropertyResolver  : Searching for key 'SPRING_DATASOURCE_CLASSLOADER' in [random]
2014-11-03 00:08:49.085 DEBUG 22732 --- [           main] o.s.c.e.PropertySourcesPropertyResolver  : Searching for key 'SPRING_DATASOURCE_CLASSLOADER' in [integrationTest]
2014-11-03 00:08:49.085 DEBUG 22732 --- [           main] o.s.c.e.PropertySourcesPropertyResolver  : Searching for key 'SPRING_DATASOURCE_CLASSLOADER' in [applicationConfig: [classpath:/application.properties]]
2014-11-03 00:08:49.085 DEBUG 22732 --- [           main] o.s.c.e.PropertySourcesPropertyResolver  : Searching for key 'SPRING_DATASOURCE_CLASSLOADER' in [localProperties]
2014-11-03 00:08:49.085 DEBUG 22732 --- [           main] o.s.c.e.PropertySourcesPropertyResolver  : Could not find key 'SPRING_DATASOURCE_CLASSLOADER' in any property source. Returning [null]
2014-11-03 00:08:49.085 DEBUG 22732 --- [           main] o.s.core.env.MutablePropertySources      : Adding [systemProperties] PropertySource with lowest search precedence
2014-11-03 00:08:49.085 DEBUG 22732 --- [           main] o.s.core.env.MutablePropertySources      : Adding [systemEnvironment] PropertySource with lowest search precedence
2014-11-03 00:08:49.085 DEBUG 22732 --- [           main] o.s.core.env.MutablePropertySources      : Adding [random] PropertySource with lowest search precedence
2014-11-03 00:08:49.085 DEBUG 22732 --- [           main] o.s.core.env.MutablePropertySources      : Adding [integrationTest] PropertySource with lowest search precedence
2014-11-03 00:08:49.086 DEBUG 22732 --- [           main] o.s.core.env.MutablePropertySources      : Adding [applicationConfig: [classpath:/application.properties]] PropertySource with lowest search precedence
2014-11-03 00:08:49.086 DEBUG 22732 --- [           main] o.s.core.env.MutablePropertySources      : Adding [localProperties] PropertySource with lowest search precedence
2014-11-03 00:08:49.086 DEBUG 22732 --- [           main] o.s.c.e.PropertySourcesPropertyResolver  : Searching for key 'spring_datasource_beanClassLoader' in [systemProperties]
2014-11-03 00:08:49.086 DEBUG 22732 --- [           main] o.s.c.e.PropertySourcesPropertyResolver  : Searching for key 'spring_datasource_beanClassLoader' in [systemEnvironment]
2014-11-03 00:08:49.086 DEBUG 22732 --- [           main] o.s.c.e.PropertySourcesPropertyResolver  : Searching for key 'spring_datasource_beanClassLoader' in [random]
2014-11-03 00:08:49.086 DEBUG 22732 --- [           main] o.s.c.e.PropertySourcesPropertyResolver  : Searching for key 'spring_datasource_beanClassLoader' in [integrationTest]
2014-11-03 00:08:49.086 DEBUG 22732 --- [           main] o.s.c.e.PropertySourcesPropertyResolver  : Searching for key 'spring_datasource_beanClassLoader' in [applicationConfig: [classpath:/application.properties]]
2014-11-03 00:08:49.086 DEBUG 22732 --- [           main] o.s.c.e.PropertySourcesPropertyResolver  : Searching for key 'spring_datasource_beanClassLoader' in [localProperties]
2014-11-03 00:08:49.086 DEBUG 22732 --- [           main] o.s.c.e.PropertySourcesPropertyResolver  : Could not find key 'spring_datasource_beanClassLoader' in any property source. Returning [null]
2014-11-03 00:08:49.086 DEBUG 22732 --- [           main] o.s.core.env.MutablePropertySources      : Adding [systemProperties] PropertySource with lowest search precedence
2014-11-03 00:08:49.086 DEBUG 22732 --- [           main] o.s.core.env.MutablePropertySources      : Adding [systemEnvironment] PropertySource with lowest search precedence
2014-11-03 00:08:49.086 DEBUG 22732 --- [           main] o.s.core.env.MutablePropertySources      : Adding [random] PropertySource with lowest search precedence
2014-11-03 00:08:49.086 DEBUG 22732 --- [           main] o.s.core.env.MutablePropertySources      : Adding [integrationTest] PropertySource with lowest search precedence
2014-11-03 00:08:49.086 DEBUG 22732 --- [           main] o.s.core.env.MutablePropertySources      : Adding [applicationConfig: [classpath:/application.properties]] PropertySource with lowest search precedence
2014-11-03 00:08:49.086 DEBUG 22732 --- [           main] o.s.core.env.MutablePropertySources      : Adding [localProperties] PropertySource with lowest search precedence
2014-11-03 00:08:49.086 DEBUG 22732 --- [           main] o.s.c.e.PropertySourcesPropertyResolver  : Searching for key 'springDatasourceSeparator' in [systemProperties]
2014-11-03 00:08:49.086 DEBUG 22732 --- [           main] o.s.c.e.PropertySourcesPropertyResolver  : Searching for key 'springDatasourceSeparator' in [systemEnvironment]
2014-11-03 00:08:49.087 DEBUG 22732 --- [           main] o.s.c.e.PropertySourcesPropertyResolver  : Searching for key 'springDatasourceSeparator' in [random]
2014-11-03 00:08:49.087 DEBUG 22732 --- [           main] o.s.c.e.PropertySourcesPropertyResolver  : Searching for key 'springDatasourceSeparator' in [integrationTest]
2014-11-03 00:08:49.087 DEBUG 22732 --- [           main] o.s.c.e.PropertySourcesPropertyResolver  : Searching for key 'springDatasourceSeparator' in [applicationConfig: [classpath:/application.properties]]
2014-11-03 00:08:49.087 DEBUG 22732 --- [           main] o.s.c.e.PropertySourcesPropertyResolver  : Searching for key 'springDatasourceSeparator' in [localProperties]
2014-11-03 00:08:49.087 DEBUG 22732 --- [           main] o.s.c.e.PropertySourcesPropertyResolver  : Could not find key 'springDatasourceSeparator' in any property source. Returning [null]
2014-11-03 00:08:49.087 DEBUG 22732 --- [           main] o.s.core.env.MutablePropertySources      : Adding [systemProperties] PropertySource with lowest search precedence
2014-11-03 00:08:49.087 DEBUG 22732 --- [           main] o.s.core.env.MutablePropertySources      : Adding [systemEnvironment] PropertySource with lowest search precedence
2014-11-03 00:08:49.087 DEBUG 22732 --- [           main] o.s.core.env.MutablePropertySources      : Adding [random] PropertySource with lowest search precedence
2014-11-03 00:08:49.087 DEBUG 22732 --- [           main] o.s.core.env.MutablePropertySources      : Adding [integrationTest] PropertySource with lowest search precedence
2014-11-03 00:08:49.087 DEBUG 22732 --- [           main] o.s.core.env.MutablePropertySources      : Adding [applicationConfig: [classpath:/application.properties]] PropertySource with lowest search precedence
2014-11-03 00:08:49.087 DEBUG 22732 --- [           main] o.s.core.env.MutablePropertySources      : Adding [localProperties] PropertySource with lowest search precedence
2014-11-03 00:08:49.087 DEBUG 22732 --- [           main] o.s.c.e.PropertySourcesPropertyResolver  : Searching for key 'spring.datasource.driverclassname' in [systemProperties]
2014-11-03 00:08:49.087 DEBUG 22732 --- [           main] o.s.c.e.PropertySourcesPropertyResolver  : Searching for key 'spring.datasource.driverclassname' in [systemEnvironment]
2014-11-03 00:08:49.087 DEBUG 22732 --- [           main] o.s.c.e.PropertySourcesPropertyResolver  : Searching for key 'spring.datasource.driverclassname' in [random]
2014-11-03 00:08:49.087 DEBUG 22732 --- [           main] o.s.c.e.PropertySourcesPropertyResolver  : Searching for key 'spring.datasource.driverclassname' in [integrationTest]
2014-11-03 00:08:49.087 DEBUG 22732 --- [           main] o.s.c.e.PropertySourcesPropertyResolver  : Searching for key 'spring.datasource.driverclassname' in [applicationConfig: [classpath:/application.properties]]
2014-11-03 00:08:49.087 DEBUG 22732 --- [           main] o.s.c.e.PropertySourcesPropertyResolver  : Searching for key 'spring.datasource.driverclassname' in [localProperties]
2014-11-03 00:08:49.088 DEBUG 22732 --- [           main] o.s.c.e.PropertySourcesPropertyResolver  : Could not find key 'spring.datasource.driverclassname' in any property source. Returning [null]
2014-11-03 00:08:49.088 DEBUG 22732 --- [           main] o.s.core.env.MutablePropertySources      : Adding [systemProperties] PropertySource with lowest search precedence
2014-11-03 00:08:49.088 DEBUG 22732 --- [           main] o.s.core.env.MutablePropertySources      : Adding [systemEnvironment] PropertySource with lowest search precedence
2014-11-03 00:08:49.088 DEBUG 22732 --- [           main] o.s.core.env.MutablePropertySources      : Adding [random] PropertySource with lowest search precedence
2014-11-03 00:08:49.088 DEBUG 22732 --- [           main] o.s.core.env.MutablePropertySources      : Adding [integrationTest] PropertySource with lowest search precedence
2014-11-03 00:08:49.088 DEBUG 22732 --- [           main] o.s.core.env.MutablePropertySources      : Adding [applicationConfig: [classpath:/application.properties]] PropertySource with lowest search precedence
2014-11-03 00:08:49.088 DEBUG 22732 --- [           main] o.s.core.env.MutablePropertySources      : Adding [localProperties] PropertySource with lowest search precedence
2014-11-03 00:08:49.088 DEBUG 22732 --- [           main] o.s.c.e.PropertySourcesPropertyResolver  : Searching for key 'spring_datasource_password' in [systemProperties]
2014-11-03 00:08:49.088 DEBUG 22732 --- [           main] o.s.c.e.PropertySourcesPropertyResolver  : Searching for key 'spring_datasource_password' in [systemEnvironment]
2014-11-03 00:08:49.088 DEBUG 22732 --- [           main] o.s.c.e.PropertySourcesPropertyResolver  : Searching for key 'spring_datasource_password' in [random]
2014-11-03 00:08:49.088 DEBUG 22732 --- [           main] o.s.c.e.PropertySourcesPropertyResolver  : Searching for key 'spring_datasource_password' in [integrationTest]
2014-11-03 00:08:49.088 DEBUG 22732 --- [           main] o.s.c.e.PropertySourcesPropertyResolver  : Searching for key 'spring_datasource_password' in [applicationConfig: [classpath:/application.properties]]
2014-11-03 00:08:49.089 DEBUG 22732 --- [           main] o.s.c.e.PropertySourcesPropertyResolver  : Searching for key 'spring_datasource_password' in [localProperties]
2014-11-03 00:08:49.089 DEBUG 22732 --- [           main] o.s.c.e.PropertySourcesPropertyResolver  : Could not find key 'spring_datasource_password' in any property source. Returning [null]
2014-11-03 00:08:49.089 DEBUG 22732 --- [           main] o.s.core.env.MutablePropertySources      : Adding [systemProperties] PropertySource with lowest search precedence
2014-11-03 00:08:49.089 DEBUG 22732 --- [           main] o.s.core.env.MutablePropertySources      : Adding [systemEnvironment] PropertySource with lowest search precedence
2014-11-03 00:08:49.089 DEBUG 22732 --- [           main] o.s.core.env.MutablePropertySources      : Adding [random] PropertySource with lowest search precedence
2014-11-03 00:08:49.089 DEBUG 22732 --- [           main] o.s.core.env.MutablePropertySources      : Adding [integrationTest] PropertySource with lowest search precedence
2014-11-03 00:08:49.089 DEBUG 22732 --- [           main] o.s.core.env.MutablePropertySources      : Adding [applicationConfig: [classpath:/application.properties]] PropertySource with lowest search precedence
2014-11-03 00:08:49.090 DEBUG 22732 --- [           main] o.s.core.env.MutablePropertySources      : Adding [localProperties] PropertySource with lowest search precedence
2014-11-03 00:08:49.090 DEBUG 22732 --- [           main] o.s.c.e.PropertySourcesPropertyResolver  : Searching for key 'SPRING.DATASOURCE.SCHEMA' in [systemProperties]
2014-11-03 00:08:49.090 DEBUG 22732 --- [           main] o.s.c.e.PropertySourcesPropertyResolver  : Searching for key 'SPRING.DATASOURCE.SCHEMA' in [systemEnvironment]
2014-11-03 00:08:49.090 DEBUG 22732 --- [           main] o.s.c.e.PropertySourcesPropertyResolver  : Searching for key 'SPRING.DATASOURCE.SCHEMA' in [random]
2014-11-03 00:08:49.090 DEBUG 22732 --- [           main] o.s.c.e.PropertySourcesPropertyResolver  : Searching for key 'SPRING.DATASOURCE.SCHEMA' in [integrationTest]
2014-11-03 00:08:49.090 DEBUG 22732 --- [           main] o.s.c.e.PropertySourcesPropertyResolver  : Searching for key 'SPRING.DATASOURCE.SCHEMA' in [applicationConfig: [classpath:/application.properties]]
2014-11-03 00:08:49.090 DEBUG 22732 --- [           main] o.s.c.e.PropertySourcesPropertyResolver  : Searching for key 'SPRING.DATASOURCE.SCHEMA' in [localProperties]
2014-11-03 00:08:49.090 DEBUG 22732 --- [           main] o.s.c.e.PropertySourcesPropertyResolver  : Could not find key 'SPRING.DATASOURCE.SCHEMA' in any property source. Returning [null]
2014-11-03 00:08:49.090 DEBUG 22732 --- [           main] o.s.core.env.MutablePropertySources      : Adding [systemProperties] PropertySource with lowest search precedence
2014-11-03 00:08:49.090 DEBUG 22732 --- [           main] o.s.core.env.MutablePropertySources      : Adding [systemEnvironment] PropertySource with lowest search precedence
2014-11-03 00:08:49.090 DEBUG 22732 --- [           main] o.s.core.env.MutablePropertySources      : Adding [random] PropertySource with lowest search precedence
2014-11-03 00:08:49.090 DEBUG 22732 --- [           main] o.s.core.env.MutablePropertySources      : Adding [integrationTest] PropertySource with lowest search precedence
2014-11-03 00:08:49.090 DEBUG 22732 --- [           main] o.s.core.env.MutablePropertySources      : Adding [applicationConfig: [classpath:/application.properties]] PropertySource with lowest search precedence
2014-11-03 00:08:49.090 DEBUG 22732 --- [           main] o.s.core.env.MutablePropertySources      : Adding [localProperties] PropertySource with lowest search precedence
2014-11-03 00:08:49.090 DEBUG 22732 --- [           main] o.s.c.e.PropertySourcesPropertyResolver  : Searching for key 'spring_datasource_beanclassloader' in [systemProperties]
2014-11-03 00:08:49.091 DEBUG 22732 --- [           main] o.s.c.e.PropertySourcesPropertyResolver  : Searching for key 'spring_datasource_beanclassloader' in [systemEnvironment]
2014-11-03 00:08:49.091 DEBUG 22732 --- [           main] o.s.c.e.PropertySourcesPropertyResolver  : Searching for key 'spring_datasource_beanclassloader' in [random]
2014-11-03 00:08:49.091 DEBUG 22732 --- [           main] o.s.c.e.PropertySourcesPropertyResolver  : Searching for key 'spring_datasource_beanclassloader' in [integrationTest]
2014-11-03 00:08:49.091 DEBUG 22732 --- [           main] o.s.c.e.PropertySourcesPropertyResolver  : Searching for key 'spring_datasource_beanclassloader' in [applicationConfig: [classpath:/application.properties]]
2014-11-03 00:08:49.091 DEBUG 22732 --- [           main] o.s.c.e.PropertySourcesPropertyResolver  : Searching for key 'spring_datasource_beanclassloader' in [localProperties]
2014-11-03 00:08:49.091 DEBUG 22732 --- [           main] o.s.c.e.PropertySourcesPropertyResolver  : Could not find key 'spring_datasource_beanclassloader' in any property source. Returning [null]
2014-11-03 00:08:49.091 DEBUG 22732 --- [           main] o.s.core.env.MutablePropertySources      : Adding [systemProperties] PropertySource with lowest search precedence
2014-11-03 00:08:49.091 DEBUG 22732 --- [           main] o.s.core.env.MutablePropertySources      : Adding [systemEnvironment] PropertySource with lowest search precedence
2014-11-03 00:08:49.091 DEBUG 22732 --- [           main] o.s.core.env.MutablePropertySources      : Adding [random] PropertySource with lowest search precedence
2014-11-03 00:08:49.091 DEBUG 22732 --- [           main] o.s.core.env.MutablePropertySources      : Adding [integrationTest] PropertySource with lowest search precedence
2014-11-03 00:08:49.091 DEBUG 22732 --- [           main] o.s.core.env.MutablePropertySources      : Adding [applicationConfig: [classpath:/application.properties]] PropertySource with lowest search precedence
2014-11-03 00:08:49.091 DEBUG 22732 --- [           main] o.s.core.env.MutablePropertySources      : Adding [localProperties] PropertySource with lowest search precedence
2014-11-03 00:08:49.091 DEBUG 22732 --- [           main] o.s.c.e.PropertySourcesPropertyResolver  : Searching for key 'springDatasourceUsername' in [systemProperties]
2014-11-03 00:08:49.091 DEBUG 22732 --- [           main] o.s.c.e.PropertySourcesPropertyResolver  : Searching for key 'springDatasourceUsername' in [systemEnvironment]
2014-11-03 00:08:49.092 DEBUG 22732 --- [           main] o.s.c.e.PropertySourcesPropertyResolver  : Searching for key 'springDatasourceUsername' in [random]
2014-11-03 00:08:49.092 DEBUG 22732 --- [           main] o.s.c.e.PropertySourcesPropertyResolver  : Searching for key 'springDatasourceUsername' in [integrationTest]
2014-11-03 00:08:49.092 DEBUG 22732 --- [           main] o.s.c.e.PropertySourcesPropertyResolver  : Searching for key 'springDatasourceUsername' in [applicationConfig: [classpath:/application.properties]]
2014-11-03 00:08:49.092 DEBUG 22732 --- [           main] o.s.c.e.PropertySourcesPropertyResolver  : Searching for key 'springDatasourceUsername' in [localProperties]
2014-11-03 00:08:49.092 DEBUG 22732 --- [           main] o.s.c.e.PropertySourcesPropertyResolver  : Could not find key 'springDatasourceUsername' in any property source. Returning [null]
2014-11-03 00:08:49.092 DEBUG 22732 --- [           main] o.s.core.env.MutablePropertySources      : Adding [systemProperties] PropertySource with lowest search precedence
2014-11-03 00:08:49.092 DEBUG 22732 --- [           main] o.s.core.env.MutablePropertySources      : Adding [systemEnvironment] PropertySource with lowest search precedence
2014-11-03 00:08:49.092 DEBUG 22732 --- [           main] o.s.core.env.MutablePropertySources      : Adding [random] PropertySource with lowest search precedence
2014-11-03 00:08:49.092 DEBUG 22732 --- [           main] o.s.core.env.MutablePropertySources      : Adding [integrationTest] PropertySource with lowest search precedence
2014-11-03 00:08:49.092 DEBUG 22732 --- [           main] o.s.core.env.MutablePropertySources      : Adding [applicationConfig: [classpath:/application.properties]] PropertySource with lowest search precedence
2014-11-03 00:08:49.092 DEBUG 22732 --- [           main] o.s.core.env.MutablePropertySources      : Adding [localProperties] PropertySource with lowest search precedence
2014-11-03 00:08:49.092 DEBUG 22732 --- [           main] o.s.c.e.PropertySourcesPropertyResolver  : Searching for key 'SPRING_DATASOURCE_CONTINUEONERROR' in [systemProperties]
2014-11-03 00:08:49.092 DEBUG 22732 --- [           main] o.s.c.e.PropertySourcesPropertyResolver  : Searching for key 'SPRING_DATASOURCE_CONTINUEONERROR' in [systemEnvironment]
2014-11-03 00:08:49.092 DEBUG 22732 --- [           main] o.s.c.e.PropertySourcesPropertyResolver  : Searching for key 'SPRING_DATASOURCE_CONTINUEONERROR' in [random]
2014-11-03 00:08:49.093 DEBUG 22732 --- [           main] o.s.c.e.PropertySourcesPropertyResolver  : Searching for key 'SPRING_DATASOURCE_CONTINUEONERROR' in [integrationTest]
2014-11-03 00:08:49.093 DEBUG 22732 --- [           main] o.s.c.e.PropertySourcesPropertyResolver  : Searching for key 'SPRING_DATASOURCE_CONTINUEONERROR' in [applicationConfig: [classpath:/application.properties]]
2014-11-03 00:08:49.093 DEBUG 22732 --- [           main] o.s.c.e.PropertySourcesPropertyResolver  : Searching for key 'SPRING_DATASOURCE_CONTINUEONERROR' in [localProperties]
2014-11-03 00:08:49.093 DEBUG 22732 --- [           main] o.s.c.e.PropertySourcesPropertyResolver  : Could not find key 'SPRING_DATASOURCE_CONTINUEONERROR' in any property source. Returning [null]
2014-11-03 00:08:49.093 DEBUG 22732 --- [           main] o.s.core.env.MutablePropertySources      : Adding [systemProperties] PropertySource with lowest search precedence
2014-11-03 00:08:49.093 DEBUG 22732 --- [           main] o.s.core.env.MutablePropertySources      : Adding [systemEnvironment] PropertySource with lowest search precedence
2014-11-03 00:08:49.093 DEBUG 22732 --- [           main] o.s.core.env.MutablePropertySources      : Adding [random] PropertySource with lowest search precedence
2014-11-03 00:08:49.093 DEBUG 22732 --- [           main] o.s.core.env.MutablePropertySources      : Adding [integrationTest] PropertySource with lowest search precedence
2014-11-03 00:08:49.093 DEBUG 22732 --- [           main] o.s.core.env.MutablePropertySources      : Adding [applicationConfig: [classpath:/application.properties]] PropertySource with lowest search precedence
2014-11-03 00:08:49.093 DEBUG 22732 --- [           main] o.s.core.env.MutablePropertySources      : Adding [localProperties] PropertySource with lowest search precedence
2014-11-03 00:08:49.093 DEBUG 22732 --- [           main] o.s.c.e.PropertySourcesPropertyResolver  : Searching for key 'springdatasourcesqlscriptencoding' in [systemProperties]
2014-11-03 00:08:49.093 DEBUG 22732 --- [           main] o.s.c.e.PropertySourcesPropertyResolver  : Searching for key 'springdatasourcesqlscriptencoding' in [systemEnvironment]
2014-11-03 00:08:49.094 DEBUG 22732 --- [           main] o.s.c.e.PropertySourcesPropertyResolver  : Searching for key 'springdatasourcesqlscriptencoding' in [random]
2014-11-03 00:08:49.094 DEBUG 22732 --- [           main] o.s.c.e.PropertySourcesPropertyResolver  : Searching for key 'springdatasourcesqlscriptencoding' in [integrationTest]
2014-11-03 00:08:49.094 DEBUG 22732 --- [           main] o.s.c.e.PropertySourcesPropertyResolver  : Searching for key 'springdatasourcesqlscriptencoding' in [applicationConfig: [classpath:/application.properties]]
2014-11-03 00:08:49.094 DEBUG 22732 --- [           main] o.s.c.e.PropertySourcesPropertyResolver  : Searching for key 'springdatasourcesqlscriptencoding' in [localProperties]
2014-11-03 00:08:49.094 DEBUG 22732 --- [           main] o.s.c.e.PropertySourcesPropertyResolver  : Could not find key 'springdatasourcesqlscriptencoding' in any property source. Returning [null]
2014-11-03 00:08:49.094 DEBUG 22732 --- [           main] o.s.core.env.MutablePropertySources      : Adding [systemProperties] PropertySource with lowest search precedence
2014-11-03 00:08:49.094 DEBUG 22732 --- [           main] o.s.core.env.MutablePropertySources      : Adding [systemEnvironment] PropertySource with lowest search precedence
2014-11-03 00:08:49.094 DEBUG 22732 --- [           main] o.s.core.env.MutablePropertySources      : Adding [random] PropertySource with lowest search precedence
2014-11-03 00:08:49.094 DEBUG 22732 --- [           main] o.s.core.env.MutablePropertySources      : Adding [integrationTest] PropertySource with lowest search precedence
2014-11-03 00:08:49.094 DEBUG 22732 --- [           main] o.s.core.env.MutablePropertySources      : Adding [applicationConfig: [classpath:/application.properties]] PropertySource with lowest search precedence
2014-11-03 00:08:49.094 DEBUG 22732 --- [           main] o.s.core.env.MutablePropertySources      : Adding [localProperties] PropertySource with lowest search precedence
2014-11-03 00:08:49.095 DEBUG 22732 --- [           main] o.s.c.e.PropertySourcesPropertyResolver  : Searching for key 'spring.datasource.password' in [systemProperties]
2014-11-03 00:08:49.095 DEBUG 22732 --- [           main] o.s.c.e.PropertySourcesPropertyResolver  : Searching for key 'spring.datasource.password' in [systemEnvironment]
2014-11-03 00:08:49.095 DEBUG 22732 --- [           main] o.s.c.e.PropertySourcesPropertyResolver  : Searching for key 'spring.datasource.password' in [random]
2014-11-03 00:08:49.095 DEBUG 22732 --- [           main] o.s.c.e.PropertySourcesPropertyResolver  : Searching for key 'spring.datasource.password' in [integrationTest]
2014-11-03 00:08:49.095 DEBUG 22732 --- [           main] o.s.c.e.PropertySourcesPropertyResolver  : Searching for key 'spring.datasource.password' in [applicationConfig: [classpath:/application.properties]]
2014-11-03 00:08:49.095 DEBUG 22732 --- [           main] o.s.c.e.PropertySourcesPropertyResolver  : Searching for key 'spring.datasource.password' in [localProperties]
2014-11-03 00:08:49.095 DEBUG 22732 --- [           main] o.s.c.e.PropertySourcesPropertyResolver  : Could not find key 'spring.datasource.password' in any property source. Returning [null]
2014-11-03 00:08:49.095 DEBUG 22732 --- [           main] o.s.core.env.MutablePropertySources      : Adding [systemProperties] PropertySource with lowest search precedence
2014-11-03 00:08:49.095 DEBUG 22732 --- [           main] o.s.core.env.MutablePropertySources      : Adding [systemEnvironment] PropertySource with lowest search precedence
2014-11-03 00:08:49.095 DEBUG 22732 --- [           main] o.s.core.env.MutablePropertySources      : Adding [random] PropertySource with lowest search precedence
2014-11-03 00:08:49.096 DEBUG 22732 --- [           main] o.s.core.env.MutablePropertySources      : Adding [integrationTest] PropertySource with lowest search precedence
2014-11-03 00:08:49.096 DEBUG 22732 --- [           main] o.s.core.env.MutablePropertySources      : Adding [applicationConfig: [classpath:/application.properties]] PropertySource with lowest search precedence
2014-11-03 00:08:49.096 DEBUG 22732 --- [           main] o.s.core.env.MutablePropertySources      : Adding [localProperties] PropertySource with lowest search precedence
2014-11-03 00:08:49.096 DEBUG 22732 --- [           main] o.s.c.e.PropertySourcesPropertyResolver  : Searching for key 'springdatasourceschema' in [systemProperties]
2014-11-03 00:08:49.096 DEBUG 22732 --- [           main] o.s.c.e.PropertySourcesPropertyResolver  : Searching for key 'springdatasourceschema' in [systemEnvironment]
2014-11-03 00:08:49.096 DEBUG 22732 --- [           main] o.s.c.e.PropertySourcesPropertyResolver  : Searching for key 'springdatasourceschema' in [random]
2014-11-03 00:08:49.096 DEBUG 22732 --- [           main] o.s.c.e.PropertySourcesPropertyResolver  : Searching for key 'springdatasourceschema' in [integrationTest]
2014-11-03 00:08:49.096 DEBUG 22732 --- [           main] o.s.c.e.PropertySourcesPropertyResolver  : Searching for key 'springdatasourceschema' in [applicationConfig: [classpath:/application.properties]]
2014-11-03 00:08:49.096 DEBUG 22732 --- [           main] o.s.c.e.PropertySourcesPropertyResolver  : Searching for key 'springdatasourceschema' in [localProperties]
2014-11-03 00:08:49.097 DEBUG 22732 --- [           main] o.s.c.e.PropertySourcesPropertyResolver  : Could not find key 'springdatasourceschema' in any property source. Returning [null]
2014-11-03 00:08:49.097 DEBUG 22732 --- [           main] o.s.core.env.MutablePropertySources      : Adding [systemProperties] PropertySource with lowest search precedence
2014-11-03 00:08:49.097 DEBUG 22732 --- [           main] o.s.core.env.MutablePropertySources      : Adding [systemEnvironment] PropertySource with lowest search precedence
2014-11-03 00:08:49.097 DEBUG 22732 --- [           main] o.s.core.env.MutablePropertySources      : Adding [random] PropertySource with lowest search precedence
2014-11-03 00:08:49.097 DEBUG 22732 --- [           main] o.s.core.env.MutablePropertySources      : Adding [integrationTest] PropertySource with lowest search precedence
2014-11-03 00:08:49.097 DEBUG 22732 --- [           main] o.s.core.env.MutablePropertySources      : Adding [applicationConfig: [classpath:/application.properties]] PropertySource with lowest search precedence
2014-11-03 00:08:49.097 DEBUG 22732 --- [           main] o.s.core.env.MutablePropertySources      : Adding [localProperties] PropertySource with lowest search precedence
2014-11-03 00:08:49.097 DEBUG 22732 --- [           main] o.s.c.e.PropertySourcesPropertyResolver  : Searching for key 'spring.datasource.url' in [systemProperties]
2014-11-03 00:08:49.098 DEBUG 22732 --- [           main] o.s.c.e.PropertySourcesPropertyResolver  : Searching for key 'spring.datasource.url' in [systemEnvironment]
2014-11-03 00:08:49.098 DEBUG 22732 --- [           main] o.s.c.e.PropertySourcesPropertyResolver  : Searching for key 'spring.datasource.url' in [random]
2014-11-03 00:08:49.098 DEBUG 22732 --- [           main] o.s.c.e.PropertySourcesPropertyResolver  : Searching for key 'spring.datasource.url' in [integrationTest]
2014-11-03 00:08:49.098 DEBUG 22732 --- [           main] o.s.c.e.PropertySourcesPropertyResolver  : Searching for key 'spring.datasource.url' in [applicationConfig: [classpath:/application.properties]]
2014-11-03 00:08:49.098 DEBUG 22732 --- [           main] o.s.c.e.PropertySourcesPropertyResolver  : Searching for key 'spring.datasource.url' in [localProperties]
2014-11-03 00:08:49.099 DEBUG 22732 --- [           main] o.s.c.e.PropertySourcesPropertyResolver  : Could not find key 'spring.datasource.url' in any property source. Returning [null]
2014-11-03 00:08:49.099 DEBUG 22732 --- [           main] o.s.core.env.MutablePropertySources      : Adding [systemProperties] PropertySource with lowest search precedence
2014-11-03 00:08:49.099 DEBUG 22732 --- [           main] o.s.core.env.MutablePropertySources      : Adding [systemEnvironment] PropertySource with lowest search precedence
2014-11-03 00:08:49.100 DEBUG 22732 --- [           main] o.s.core.env.MutablePropertySources      : Adding [random] PropertySource with lowest search precedence
2014-11-03 00:08:49.100 DEBUG 22732 --- [           main] o.s.core.env.MutablePropertySources      : Adding [integrationTest] PropertySource with lowest search precedence
2014-11-03 00:08:49.100 DEBUG 22732 --- [           main] o.s.core.env.MutablePropertySources      : Adding [applicationConfig: [classpath:/application.properties]] PropertySource with lowest search precedence
2014-11-03 00:08:49.100 DEBUG 22732 --- [           main] o.s.core.env.MutablePropertySources      : Adding [localProperties] PropertySource with lowest search precedence
2014-11-03 00:08:49.100 DEBUG 22732 --- [           main] o.s.c.e.PropertySourcesPropertyResolver  : Searching for key 'spring.datasource.class_loader' in [systemProperties]
2014-11-03 00:08:49.100 DEBUG 22732 --- [           main] o.s.c.e.PropertySourcesPropertyResolver  : Searching for key 'spring.datasource.class_loader' in [systemEnvironment]
2014-11-03 00:08:49.100 DEBUG 22732 --- [           main] o.s.c.e.PropertySourcesPropertyResolver  : Searching for key 'spring.datasource.class_loader' in [random]
2014-11-03 00:08:49.100 DEBUG 22732 --- [           main] o.s.c.e.PropertySourcesPropertyResolver  : Searching for key 'spring.datasource.class_loader' in [integrationTest]
2014-11-03 00:08:49.100 DEBUG 22732 --- [           main] o.s.c.e.PropertySourcesPropertyResolver  : Searching for key 'spring.datasource.class_loader' in [applicationConfig: [classpath:/application.properties]]
2014-11-03 00:08:49.101 DEBUG 22732 --- [           main] o.s.c.e.PropertySourcesPropertyResolver  : Searching for key 'spring.datasource.class_loader' in [localProperties]
2014-11-03 00:08:49.101 DEBUG 22732 --- [           main] o.s.c.e.PropertySourcesPropertyResolver  : Could not find key 'spring.datasource.class_loader' in any property source. Returning [null]
2014-11-03 00:08:49.101 DEBUG 22732 --- [           main] o.s.core.env.MutablePropertySources      : Adding [systemProperties] PropertySource with lowest search precedence
2014-11-03 00:08:49.101 DEBUG 22732 --- [           main] o.s.core.env.MutablePropertySources      : Adding [systemEnvironment] PropertySource with lowest search precedence
2014-11-03 00:08:49.101 DEBUG 22732 --- [           main] o.s.core.env.MutablePropertySources      : Adding [random] PropertySource with lowest search precedence
2014-11-03 00:08:49.101 DEBUG 22732 --- [           main] o.s.core.env.MutablePropertySources      : Adding [integrationTest] PropertySource with lowest search precedence
2014-11-03 00:08:49.101 DEBUG 22732 --- [           main] o.s.core.env.MutablePropertySources      : Adding [applicationConfig: [classpath:/application.properties]] PropertySource with lowest search precedence
2014-11-03 00:08:49.101 DEBUG 22732 --- [           main] o.s.core.env.MutablePropertySources      : Adding [localProperties] PropertySource with lowest search precedence
2014-11-03 00:08:49.101 DEBUG 22732 --- [           main] o.s.c.e.PropertySourcesPropertyResolver  : Searching for key 'spring_datasource_driverClassName' in [systemProperties]
2014-11-03 00:08:49.101 DEBUG 22732 --- [           main] o.s.c.e.PropertySourcesPropertyResolver  : Searching for key 'spring_datasource_driverClassName' in [systemEnvironment]
2014-11-03 00:08:49.102 DEBUG 22732 --- [           main] o.s.c.e.PropertySourcesPropertyResolver  : Searching for key 'spring_datasource_driverClassName' in [random]
2014-11-03 00:08:49.102 DEBUG 22732 --- [           main] o.s.c.e.PropertySourcesPropertyResolver  : Searching for key 'spring_datasource_driverClassName' in [integrationTest]
2014-11-03 00:08:49.102 DEBUG 22732 --- [           main] o.s.c.e.PropertySourcesPropertyResolver  : Searching for key 'spring_datasource_driverClassName' in [applicationConfig: [classpath:/application.properties]]
2014-11-03 00:08:49.102 DEBUG 22732 --- [           main] o.s.c.e.PropertySourcesPropertyResolver  : Searching for key 'spring_datasource_driverClassName' in [localProperties]
2014-11-03 00:08:49.102 DEBUG 22732 --- [           main] o.s.c.e.PropertySourcesPropertyResolver  : Could not find key 'spring_datasource_driverClassName' in any property source. Returning [null]
2014-11-03 00:08:49.102 DEBUG 22732 --- [           main] o.s.core.env.MutablePropertySources      : Adding [systemProperties] PropertySource with lowest search precedence
2014-11-03 00:08:49.102 DEBUG 22732 --- [           main] o.s.core.env.MutablePropertySources      : Adding [systemEnvironment] PropertySource with lowest search precedence
2014-11-03 00:08:49.102 DEBUG 22732 --- [           main] o.s.core.env.MutablePropertySources      : Adding [random] PropertySource with lowest search precedence
2014-11-03 00:08:49.103 DEBUG 22732 --- [           main] o.s.core.env.MutablePropertySources      : Adding [integrationTest] PropertySource with lowest search precedence
2014-11-03 00:08:49.103 DEBUG 22732 --- [           main] o.s.core.env.MutablePropertySources      : Adding [applicationConfig: [classpath:/application.properties]] PropertySource with lowest search precedence
2014-11-03 00:08:49.103 DEBUG 22732 --- [           main] o.s.core.env.MutablePropertySources      : Adding [localProperties] PropertySource with lowest search precedence
2014-11-03 00:08:49.103 DEBUG 22732 --- [           main] o.s.c.e.PropertySourcesPropertyResolver  : Searching for key 'SPRING.DATASOURCE.INITIALIZE' in [systemProperties]
2014-11-03 00:08:49.103 DEBUG 22732 --- [           main] o.s.c.e.PropertySourcesPropertyResolver  : Searching for key 'SPRING.DATASOURCE.INITIALIZE' in [systemEnvironment]
2014-11-03 00:08:49.103 DEBUG 22732 --- [           main] o.s.c.e.PropertySourcesPropertyResolver  : Searching for key 'SPRING.DATASOURCE.INITIALIZE' in [random]
2014-11-03 00:08:49.103 DEBUG 22732 --- [           main] o.s.c.e.PropertySourcesPropertyResolver  : Searching for key 'SPRING.DATASOURCE.INITIALIZE' in [integrationTest]
2014-11-03 00:08:49.104 DEBUG 22732 --- [           main] o.s.c.e.PropertySourcesPropertyResolver  : Searching for key 'SPRING.DATASOURCE.INITIALIZE' in [applicationConfig: [classpath:/application.properties]]
2014-11-03 00:08:49.104 DEBUG 22732 --- [           main] o.s.c.e.PropertySourcesPropertyResolver  : Searching for key 'SPRING.DATASOURCE.INITIALIZE' in [localProperties]
2014-11-03 00:08:49.104 DEBUG 22732 --- [           main] o.s.c.e.PropertySourcesPropertyResolver  : Could not find key 'SPRING.DATASOURCE.INITIALIZE' in any property source. Returning [null]
2014-11-03 00:08:49.104 DEBUG 22732 --- [           main] o.s.core.env.MutablePropertySources      : Adding [systemProperties] PropertySource with lowest search precedence
2014-11-03 00:08:49.104 DEBUG 22732 --- [           main] o.s.core.env.MutablePropertySources      : Adding [systemEnvironment] PropertySource with lowest search precedence
2014-11-03 00:08:49.104 DEBUG 22732 --- [           main] o.s.core.env.MutablePropertySources      : Adding [random] PropertySource with lowest search precedence
2014-11-03 00:08:49.104 DEBUG 22732 --- [           main] o.s.core.env.MutablePropertySources      : Adding [integrationTest] PropertySource with lowest search precedence
2014-11-03 00:08:49.105 DEBUG 22732 --- [           main] o.s.core.env.MutablePropertySources      : Adding [applicationConfig: [classpath:/application.properties]] PropertySource with lowest search precedence
2014-11-03 00:08:49.105 DEBUG 22732 --- [           main] o.s.core.env.MutablePropertySources      : Adding [localProperties] PropertySource with lowest search precedence
2014-11-03 00:08:49.105 DEBUG 22732 --- [           main] o.s.c.e.PropertySourcesPropertyResolver  : Searching for key 'spring.datasource.driver_class_name' in [systemProperties]
2014-11-03 00:08:49.105 DEBUG 22732 --- [           main] o.s.c.e.PropertySourcesPropertyResolver  : Searching for key 'spring.datasource.driver_class_name' in [systemEnvironment]
2014-11-03 00:08:49.105 DEBUG 22732 --- [           main] o.s.c.e.PropertySourcesPropertyResolver  : Searching for key 'spring.datasource.driver_class_name' in [random]
2014-11-03 00:08:49.105 DEBUG 22732 --- [           main] o.s.c.e.PropertySourcesPropertyResolver  : Searching for key 'spring.datasource.driver_class_name' in [integrationTest]
2014-11-03 00:08:49.105 DEBUG 22732 --- [           main] o.s.c.e.PropertySourcesPropertyResolver  : Searching for key 'spring.datasource.driver_class_name' in [applicationConfig: [classpath:/application.properties]]
2014-11-03 00:08:49.106 DEBUG 22732 --- [           main] o.s.c.e.PropertySourcesPropertyResolver  : Searching for key 'spring.datasource.driver_class_name' in [localProperties]
2014-11-03 00:08:49.106 DEBUG 22732 --- [           main] o.s.c.e.PropertySourcesPropertyResolver  : Could not find key 'spring.datasource.driver_class_name' in any property source. Returning [null]
2014-11-03 00:08:49.106 DEBUG 22732 --- [           main] o.s.core.env.MutablePropertySources      : Adding [systemProperties] PropertySource with lowest search precedence
2014-11-03 00:08:49.106 DEBUG 22732 --- [           main] o.s.core.env.MutablePropertySources      : Adding [systemEnvironment] PropertySource with lowest search precedence
2014-11-03 00:08:49.106 DEBUG 22732 --- [           main] o.s.core.env.MutablePropertySources      : Adding [random] PropertySource with lowest search precedence
2014-11-03 00:08:49.106 DEBUG 22732 --- [           main] o.s.core.env.MutablePropertySources      : Adding [integrationTest] PropertySource with lowest search precedence
2014-11-03 00:08:49.106 DEBUG 22732 --- [           main] o.s.core.env.MutablePropertySources      : Adding [applicationConfig: [classpath:/application.properties]] PropertySource with lowest search precedence
2014-11-03 00:08:49.106 DEBUG 22732 --- [           main] o.s.core.env.MutablePropertySources      : Adding [localProperties] PropertySource with lowest search precedence
2014-11-03 00:08:49.107 DEBUG 22732 --- [           main] o.s.c.e.PropertySourcesPropertyResolver  : Searching for key 'spring.datasource.initialize' in [systemProperties]
2014-11-03 00:08:49.107 DEBUG 22732 --- [           main] o.s.c.e.PropertySourcesPropertyResolver  : Searching for key 'spring.datasource.initialize' in [systemEnvironment]
2014-11-03 00:08:49.107 DEBUG 22732 --- [           main] o.s.c.e.PropertySourcesPropertyResolver  : Searching for key 'spring.datasource.initialize' in [random]
2014-11-03 00:08:49.107 DEBUG 22732 --- [           main] o.s.c.e.PropertySourcesPropertyResolver  : Searching for key 'spring.datasource.initialize' in [integrationTest]
2014-11-03 00:08:49.107 DEBUG 22732 --- [           main] o.s.c.e.PropertySourcesPropertyResolver  : Searching for key 'spring.datasource.initialize' in [applicationConfig: [classpath:/application.properties]]
2014-11-03 00:08:49.107 DEBUG 22732 --- [           main] o.s.c.e.PropertySourcesPropertyResolver  : Searching for key 'spring.datasource.initialize' in [localProperties]
2014-11-03 00:08:49.107 DEBUG 22732 --- [           main] o.s.c.e.PropertySourcesPropertyResolver  : Could not find key 'spring.datasource.initialize' in any property source. Returning [null]
2014-11-03 00:08:49.107 DEBUG 22732 --- [           main] o.s.core.env.MutablePropertySources      : Adding [systemProperties] PropertySource with lowest search precedence
2014-11-03 00:08:49.107 DEBUG 22732 --- [           main] o.s.core.env.MutablePropertySources      : Adding [systemEnvironment] PropertySource with lowest search precedence
2014-11-03 00:08:49.108 DEBUG 22732 --- [           main] o.s.core.env.MutablePropertySources      : Adding [random] PropertySource with lowest search precedence
2014-11-03 00:08:49.108 DEBUG 22732 --- [           main] o.s.core.env.MutablePropertySources      : Adding [integrationTest] PropertySource with lowest search precedence
2014-11-03 00:08:49.108 DEBUG 22732 --- [           main] o.s.core.env.MutablePropertySources      : Adding [applicationConfig: [classpath:/application.properties]] PropertySource with lowest search precedence
2014-11-03 00:08:49.108 DEBUG 22732 --- [           main] o.s.core.env.MutablePropertySources      : Adding [localProperties] PropertySource with lowest search precedence
2014-11-03 00:08:49.108 DEBUG 22732 --- [           main] o.s.c.e.PropertySourcesPropertyResolver  : Searching for key 'springDatasourceSchema' in [systemProperties]
2014-11-03 00:08:49.108 DEBUG 22732 --- [           main] o.s.c.e.PropertySourcesPropertyResolver  : Searching for key 'springDatasourceSchema' in [systemEnvironment]
2014-11-03 00:08:49.109 DEBUG 22732 --- [           main] o.s.c.e.PropertySourcesPropertyResolver  : Searching for key 'springDatasourceSchema' in [random]
2014-11-03 00:08:49.109 DEBUG 22732 --- [           main] o.s.c.e.PropertySourcesPropertyResolver  : Searching for key 'springDatasourceSchema' in [integrationTest]
2014-11-03 00:08:49.109 DEBUG 22732 --- [           main] o.s.c.e.PropertySourcesPropertyResolver  : Searching for key 'springDatasourceSchema' in [applicationConfig: [classpath:/application.properties]]
2014-11-03 00:08:49.109 DEBUG 22732 --- [           main] o.s.c.e.PropertySourcesPropertyResolver  : Searching for key 'springDatasourceSchema' in [localProperties]
2014-11-03 00:08:49.109 DEBUG 22732 --- [           main] o.s.c.e.PropertySourcesPropertyResolver  : Could not find key 'springDatasourceSchema' in any property source. Returning [null]
2014-11-03 00:08:49.109 DEBUG 22732 --- [           main] o.s.core.env.MutablePropertySources      : Adding [systemProperties] PropertySource with lowest search precedence
2014-11-03 00:08:49.109 DEBUG 22732 --- [           main] o.s.core.env.MutablePropertySources      : Adding [systemEnvironment] PropertySource with lowest search precedence
2014-11-03 00:08:49.110 DEBUG 22732 --- [           main] o.s.core.env.MutablePropertySources      : Adding [random] PropertySource with lowest search precedence
2014-11-03 00:08:49.110 DEBUG 22732 --- [           main] o.s.core.env.MutablePropertySources      : Adding [integrationTest] PropertySource with lowest search precedence
2014-11-03 00:08:49.110 DEBUG 22732 --- [           main] o.s.core.env.MutablePropertySources      : Adding [applicationConfig: [classpath:/application.properties]] PropertySource with lowest search precedence
2014-11-03 00:08:49.110 DEBUG 22732 --- [           main] o.s.core.env.MutablePropertySources      : Adding [localProperties] PropertySource with lowest search precedence
2014-11-03 00:08:49.110 DEBUG 22732 --- [           main] o.s.c.e.PropertySourcesPropertyResolver  : Searching for key 'SPRING.DATASOURCE.CLASS_LOADER' in [systemProperties]
2014-11-03 00:08:49.110 DEBUG 22732 --- [           main] o.s.c.e.PropertySourcesPropertyResolver  : Searching for key 'SPRING.DATASOURCE.CLASS_LOADER' in [systemEnvironment]
2014-11-03 00:08:49.110 DEBUG 22732 --- [           main] o.s.c.e.PropertySourcesPropertyResolver  : Searching for key 'SPRING.DATASOURCE.CLASS_LOADER' in [random]
2014-11-03 00:08:49.111 DEBUG 22732 --- [           main] o.s.c.e.PropertySourcesPropertyResolver  : Searching for key 'SPRING.DATASOURCE.CLASS_LOADER' in [integrationTest]
2014-11-03 00:08:49.111 DEBUG 22732 --- [           main] o.s.c.e.PropertySourcesPropertyResolver  : Searching for key 'SPRING.DATASOURCE.CLASS_LOADER' in [applicationConfig: [classpath:/application.properties]]
2014-11-03 00:08:49.111 DEBUG 22732 --- [           main] o.s.c.e.PropertySourcesPropertyResolver  : Searching for key 'SPRING.DATASOURCE.CLASS_LOADER' in [localProperties]
2014-11-03 00:08:49.111 DEBUG 22732 --- [           main] o.s.c.e.PropertySourcesPropertyResolver  : Could not find key 'SPRING.DATASOURCE.CLASS_LOADER' in any property source. Returning [null]
2014-11-03 00:08:49.111 DEBUG 22732 --- [           main] o.s.core.env.MutablePropertySources      : Adding [systemProperties] PropertySource with lowest search precedence
2014-11-03 00:08:49.112 DEBUG 22732 --- [           main] o.s.core.env.MutablePropertySources      : Adding [systemEnvironment] PropertySource with lowest search precedence
2014-11-03 00:08:49.112 DEBUG 22732 --- [           main] o.s.core.env.MutablePropertySources      : Adding [random] PropertySource with lowest search precedence
2014-11-03 00:08:49.112 DEBUG 22732 --- [           main] o.s.core.env.MutablePropertySources      : Adding [integrationTest] PropertySource with lowest search precedence
2014-11-03 00:08:49.112 DEBUG 22732 --- [           main] o.s.core.env.MutablePropertySources      : Adding [applicationConfig: [classpath:/application.properties]] PropertySource with lowest search precedence
2014-11-03 00:08:49.112 DEBUG 22732 --- [           main] o.s.core.env.MutablePropertySources      : Adding [localProperties] PropertySource with lowest search precedence
2014-11-03 00:08:49.113 DEBUG 22732 --- [           main] o.s.c.e.PropertySourcesPropertyResolver  : Searching for key 'SPRINGDATASOURCEPASSWORD' in [systemProperties]
2014-11-03 00:08:49.113 DEBUG 22732 --- [           main] o.s.c.e.PropertySourcesPropertyResolver  : Searching for key 'SPRINGDATASOURCEPASSWORD' in [systemEnvironment]
2014-11-03 00:08:49.113 DEBUG 22732 --- [           main] o.s.c.e.PropertySourcesPropertyResolver  : Searching for key 'SPRINGDATASOURCEPASSWORD' in [random]
2014-11-03 00:08:49.113 DEBUG 22732 --- [           main] o.s.c.e.PropertySourcesPropertyResolver  : Searching for key 'SPRINGDATASOURCEPASSWORD' in [integrationTest]
2014-11-03 00:08:49.114 DEBUG 22732 --- [           main] o.s.c.e.PropertySourcesPropertyResolver  : Searching for key 'SPRINGDATASOURCEPASSWORD' in [applicationConfig: [classpath:/application.properties]]
2014-11-03 00:08:49.114 DEBUG 22732 --- [           main] o.s.c.e.PropertySourcesPropertyResolver  : Searching for key 'SPRINGDATASOURCEPASSWORD' in [localProperties]
2014-11-03 00:08:49.114 DEBUG 22732 --- [           main] o.s.c.e.PropertySourcesPropertyResolver  : Could not find key 'SPRINGDATASOURCEPASSWORD' in any property source. Returning [null]
2014-11-03 00:08:49.114 DEBUG 22732 --- [           main] o.s.core.env.MutablePropertySources      : Adding [systemProperties] PropertySource with lowest search precedence
2014-11-03 00:08:49.114 DEBUG 22732 --- [           main] o.s.core.env.MutablePropertySources      : Adding [systemEnvironment] PropertySource with lowest search precedence
2014-11-03 00:08:49.114 DEBUG 22732 --- [           main] o.s.core.env.MutablePropertySources      : Adding [random] PropertySource with lowest search precedence
2014-11-03 00:08:49.115 DEBUG 22732 --- [           main] o.s.core.env.MutablePropertySources      : Adding [integrationTest] PropertySource with lowest search precedence
2014-11-03 00:08:49.115 DEBUG 22732 --- [           main] o.s.core.env.MutablePropertySources      : Adding [applicationConfig: [classpath:/application.properties]] PropertySource with lowest search precedence
2014-11-03 00:08:49.115 DEBUG 22732 --- [           main] o.s.core.env.MutablePropertySources      : Adding [localProperties] PropertySource with lowest search precedence
2014-11-03 00:08:49.115 DEBUG 22732 --- [           main] o.s.c.e.PropertySourcesPropertyResolver  : Searching for key 'spring.datasource.driverClassName' in [systemProperties]
2014-11-03 00:08:49.115 DEBUG 22732 --- [           main] o.s.c.e.PropertySourcesPropertyResolver  : Searching for key 'spring.datasource.driverClassName' in [systemEnvironment]
2014-11-03 00:08:49.115 DEBUG 22732 --- [           main] o.s.c.e.PropertySourcesPropertyResolver  : Searching for key 'spring.datasource.driverClassName' in [random]
2014-11-03 00:08:49.116 DEBUG 22732 --- [           main] o.s.c.e.PropertySourcesPropertyResolver  : Searching for key 'spring.datasource.driverClassName' in [integrationTest]
2014-11-03 00:08:49.116 DEBUG 22732 --- [           main] o.s.c.e.PropertySourcesPropertyResolver  : Searching for key 'spring.datasource.driverClassName' in [applicationConfig: [classpath:/application.properties]]
2014-11-03 00:08:49.116 DEBUG 22732 --- [           main] o.s.c.e.PropertySourcesPropertyResolver  : Searching for key 'spring.datasource.driverClassName' in [localProperties]
2014-11-03 00:08:49.116 DEBUG 22732 --- [           main] o.s.c.e.PropertySourcesPropertyResolver  : Could not find key 'spring.datasource.driverClassName' in any property source. Returning [null]
2014-11-03 00:08:49.116 DEBUG 22732 --- [           main] o.s.core.env.MutablePropertySources      : Adding [systemProperties] PropertySource with lowest search precedence
2014-11-03 00:08:49.116 DEBUG 22732 --- [           main] o.s.core.env.MutablePropertySources      : Adding [systemEnvironment] PropertySource with lowest search precedence
2014-11-03 00:08:49.117 DEBUG 22732 --- [           main] o.s.core.env.MutablePropertySources      : Adding [random] PropertySource with lowest search precedence
2014-11-03 00:08:49.117 DEBUG 22732 --- [           main] o.s.core.env.MutablePropertySources      : Adding [integrationTest] PropertySource with lowest search precedence
2014-11-03 00:08:49.117 DEBUG 22732 --- [           main] o.s.core.env.MutablePropertySources      : Adding [applicationConfig: [classpath:/application.properties]] PropertySource with lowest search precedence
2014-11-03 00:08:49.117 DEBUG 22732 --- [           main] o.s.core.env.MutablePropertySources      : Adding [localProperties] PropertySource with lowest search precedence
2014-11-03 00:08:49.117 DEBUG 22732 --- [           main] o.s.c.e.PropertySourcesPropertyResolver  : Searching for key 'spring_datasource_data' in [systemProperties]
2014-11-03 00:08:49.117 DEBUG 22732 --- [           main] o.s.c.e.PropertySourcesPropertyResolver  : Searching for key 'spring_datasource_data' in [systemEnvironment]
2014-11-03 00:08:49.118 DEBUG 22732 --- [           main] o.s.c.e.PropertySourcesPropertyResolver  : Searching for key 'spring_datasource_data' in [random]
2014-11-03 00:08:49.118 DEBUG 22732 --- [           main] o.s.c.e.PropertySourcesPropertyResolver  : Searching for key 'spring_datasource_data' in [integrationTest]
2014-11-03 00:08:49.118 DEBUG 22732 --- [           main] o.s.c.e.PropertySourcesPropertyResolver  : Searching for key 'spring_datasource_data' in [applicationConfig: [classpath:/application.properties]]
2014-11-03 00:08:49.118 DEBUG 22732 --- [           main] o.s.c.e.PropertySourcesPropertyResolver  : Searching for key 'spring_datasource_data' in [localProperties]
2014-11-03 00:08:49.118 DEBUG 22732 --- [           main] o.s.c.e.PropertySourcesPropertyResolver  : Could not find key 'spring_datasource_data' in any property source. Returning [null]
2014-11-03 00:08:49.118 DEBUG 22732 --- [           main] o.s.core.env.MutablePropertySources      : Adding [systemProperties] PropertySource with lowest search precedence
2014-11-03 00:08:49.118 DEBUG 22732 --- [           main] o.s.core.env.MutablePropertySources      : Adding [systemEnvironment] PropertySource with lowest search precedence
2014-11-03 00:08:49.118 DEBUG 22732 --- [           main] o.s.core.env.MutablePropertySources      : Adding [random] PropertySource with lowest search precedence
2014-11-03 00:08:49.119 DEBUG 22732 --- [           main] o.s.core.env.MutablePropertySources      : Adding [integrationTest] PropertySource with lowest search precedence
2014-11-03 00:08:49.119 DEBUG 22732 --- [           main] o.s.core.env.MutablePropertySources      : Adding [applicationConfig: [classpath:/application.properties]] PropertySource with lowest search precedence
2014-11-03 00:08:49.119 DEBUG 22732 --- [           main] o.s.core.env.MutablePropertySources      : Adding [localProperties] PropertySource with lowest search precedence
2014-11-03 00:08:49.119 DEBUG 22732 --- [           main] o.s.c.e.PropertySourcesPropertyResolver  : Searching for key 'SPRINGDATASOURCECONTINUEONERROR' in [systemProperties]
2014-11-03 00:08:49.119 DEBUG 22732 --- [           main] o.s.c.e.PropertySourcesPropertyResolver  : Searching for key 'SPRINGDATASOURCECONTINUEONERROR' in [systemEnvironment]
2014-11-03 00:08:49.119 DEBUG 22732 --- [           main] o.s.c.e.PropertySourcesPropertyResolver  : Searching for key 'SPRINGDATASOURCECONTINUEONERROR' in [random]
2014-11-03 00:08:49.120 DEBUG 22732 --- [           main] o.s.c.e.PropertySourcesPropertyResolver  : Searching for key 'SPRINGDATASOURCECONTINUEONERROR' in [integrationTest]
2014-11-03 00:08:49.120 DEBUG 22732 --- [           main] o.s.c.e.PropertySourcesPropertyResolver  : Searching for key 'SPRINGDATASOURCECONTINUEONERROR' in [applicationConfig: [classpath:/application.properties]]
2014-11-03 00:08:49.120 DEBUG 22732 --- [           main] o.s.c.e.PropertySourcesPropertyResolver  : Searching for key 'SPRINGDATASOURCECONTINUEONERROR' in [localProperties]
2014-11-03 00:08:49.120 DEBUG 22732 --- [           main] o.s.c.e.PropertySourcesPropertyResolver  : Could not find key 'SPRINGDATASOURCECONTINUEONERROR' in any property source. Returning [null]
2014-11-03 00:08:49.120 DEBUG 22732 --- [           main] o.s.core.env.MutablePropertySources      : Adding [systemProperties] PropertySource with lowest search precedence
2014-11-03 00:08:49.122 DEBUG 22732 --- [           main] o.s.core.env.MutablePropertySources      : Adding [systemEnvironment] PropertySource with lowest search precedence
2014-11-03 00:08:49.123 DEBUG 22732 --- [           main] o.s.core.env.MutablePropertySources      : Adding [random] PropertySource with lowest search precedence
2014-11-03 00:08:49.123 DEBUG 22732 --- [           main] o.s.core.env.MutablePropertySources      : Adding [integrationTest] PropertySource with lowest search precedence
2014-11-03 00:08:49.123 DEBUG 22732 --- [           main] o.s.core.env.MutablePropertySources      : Adding [applicationConfig: [classpath:/application.properties]] PropertySource with lowest search precedence
2014-11-03 00:08:49.123 DEBUG 22732 --- [           main] o.s.core.env.MutablePropertySources      : Adding [localProperties] PropertySource with lowest search precedence
2014-11-03 00:08:49.123 DEBUG 22732 --- [           main] o.s.c.e.PropertySourcesPropertyResolver  : Searching for key 'springdatasourcedriverclassname' in [systemProperties]
2014-11-03 00:08:49.123 DEBUG 22732 --- [           main] o.s.c.e.PropertySourcesPropertyResolver  : Searching for key 'springdatasourcedriverclassname' in [systemEnvironment]
2014-11-03 00:08:49.124 DEBUG 22732 --- [           main] o.s.c.e.PropertySourcesPropertyResolver  : Searching for key 'springdatasourcedriverclassname' in [random]
2014-11-03 00:08:49.124 DEBUG 22732 --- [           main] o.s.c.e.PropertySourcesPropertyResolver  : Searching for key 'springdatasourcedriverclassname' in [integrationTest]
2014-11-03 00:08:49.124 DEBUG 22732 --- [           main] o.s.c.e.PropertySourcesPropertyResolver  : Searching for key 'springdatasourcedriverclassname' in [applicationConfig: [classpath:/application.properties]]
2014-11-03 00:08:49.124 DEBUG 22732 --- [           main] o.s.c.e.PropertySourcesPropertyResolver  : Searching for key 'springdatasourcedriverclassname' in [localProperties]
2014-11-03 00:08:49.124 DEBUG 22732 --- [           main] o.s.c.e.PropertySourcesPropertyResolver  : Could not find key 'springdatasourcedriverclassname' in any property source. Returning [null]
2014-11-03 00:08:49.124 DEBUG 22732 --- [           main] o.s.core.env.MutablePropertySources      : Adding [systemProperties] PropertySource with lowest search precedence
2014-11-03 00:08:49.124 DEBUG 22732 --- [           main] o.s.core.env.MutablePropertySources      : Adding [systemEnvironment] PropertySource with lowest search precedence
2014-11-03 00:08:49.125 DEBUG 22732 --- [           main] o.s.core.env.MutablePropertySources      : Adding [random] PropertySource with lowest search precedence
2014-11-03 00:08:49.125 DEBUG 22732 --- [           main] o.s.core.env.MutablePropertySources      : Adding [integrationTest] PropertySource with lowest search precedence
2014-11-03 00:08:49.125 DEBUG 22732 --- [           main] o.s.core.env.MutablePropertySources      : Adding [applicationConfig: [classpath:/application.properties]] PropertySource with lowest search precedence
2014-11-03 00:08:49.125 DEBUG 22732 --- [           main] o.s.core.env.MutablePropertySources      : Adding [localProperties] PropertySource with lowest search precedence
2014-11-03 00:08:49.125 DEBUG 22732 --- [           main] o.s.c.e.PropertySourcesPropertyResolver  : Searching for key 'SPRING_DATASOURCE_SQLSCRIPTENCODING' in [systemProperties]
2014-11-03 00:08:49.125 DEBUG 22732 --- [           main] o.s.c.e.PropertySourcesPropertyResolver  : Searching for key 'SPRING_DATASOURCE_SQLSCRIPTENCODING' in [systemEnvironment]
2014-11-03 00:08:49.126 DEBUG 22732 --- [           main] o.s.c.e.PropertySourcesPropertyResolver  : Searching for key 'SPRING_DATASOURCE_SQLSCRIPTENCODING' in [random]
2014-11-03 00:08:49.126 DEBUG 22732 --- [           main] o.s.c.e.PropertySourcesPropertyResolver  : Searching for key 'SPRING_DATASOURCE_SQLSCRIPTENCODING' in [integrationTest]
2014-11-03 00:08:49.126 DEBUG 22732 --- [           main] o.s.c.e.PropertySourcesPropertyResolver  : Searching for key 'SPRING_DATASOURCE_SQLSCRIPTENCODING' in [applicationConfig: [classpath:/application.properties]]
2014-11-03 00:08:49.126 DEBUG 22732 --- [           main] o.s.c.e.PropertySourcesPropertyResolver  : Searching for key 'SPRING_DATASOURCE_SQLSCRIPTENCODING' in [localProperties]
2014-11-03 00:08:49.126 DEBUG 22732 --- [           main] o.s.c.e.PropertySourcesPropertyResolver  : Could not find key 'SPRING_DATASOURCE_SQLSCRIPTENCODING' in any property source. Returning [null]
2014-11-03 00:08:49.126 DEBUG 22732 --- [           main] o.s.core.env.MutablePropertySources      : Adding [systemProperties] PropertySource with lowest search precedence
2014-11-03 00:08:49.126 DEBUG 22732 --- [           main] o.s.core.env.MutablePropertySources      : Adding [systemEnvironment] PropertySource with lowest search precedence
2014-11-03 00:08:49.127 DEBUG 22732 --- [           main] o.s.core.env.MutablePropertySources      : Adding [random] PropertySource with lowest search precedence
2014-11-03 00:08:49.127 DEBUG 22732 --- [           main] o.s.core.env.MutablePropertySources      : Adding [integrationTest] PropertySource with lowest search precedence
2014-11-03 00:08:49.127 DEBUG 22732 --- [           main] o.s.core.env.MutablePropertySources      : Adding [applicationConfig: [classpath:/application.properties]] PropertySource with lowest search precedence
2014-11-03 00:08:49.127 DEBUG 22732 --- [           main] o.s.core.env.MutablePropertySources      : Adding [localProperties] PropertySource with lowest search precedence
2014-11-03 00:08:49.127 DEBUG 22732 --- [           main] o.s.c.e.PropertySourcesPropertyResolver  : Searching for key 'spring.datasource.classLoader' in [systemProperties]
2014-11-03 00:08:49.127 DEBUG 22732 --- [           main] o.s.c.e.PropertySourcesPropertyResolver  : Searching for key 'spring.datasource.classLoader' in [systemEnvironment]
2014-11-03 00:08:49.128 DEBUG 22732 --- [           main] o.s.c.e.PropertySourcesPropertyResolver  : Searching for key 'spring.datasource.classLoader' in [random]
2014-11-03 00:08:49.128 DEBUG 22732 --- [           main] o.s.c.e.PropertySourcesPropertyResolver  : Searching for key 'spring.datasource.classLoader' in [integrationTest]
2014-11-03 00:08:49.128 DEBUG 22732 --- [           main] o.s.c.e.PropertySourcesPropertyResolver  : Searching for key 'spring.datasource.classLoader' in [applicationConfig: [classpath:/application.properties]]
2014-11-03 00:08:49.128 DEBUG 22732 --- [           main] o.s.c.e.PropertySourcesPropertyResolver  : Searching for key 'spring.datasource.classLoader' in [localProperties]
2014-11-03 00:08:49.128 DEBUG 22732 --- [           main] o.s.c.e.PropertySourcesPropertyResolver  : Could not find key 'spring.datasource.classLoader' in any property source. Returning [null]
2014-11-03 00:08:49.129 DEBUG 22732 --- [           main] o.s.core.env.MutablePropertySources      : Adding [systemProperties] PropertySource with lowest search precedence
2014-11-03 00:08:49.129 DEBUG 22732 --- [           main] o.s.core.env.MutablePropertySources      : Adding [systemEnvironment] PropertySource with lowest search precedence
2014-11-03 00:08:49.129 DEBUG 22732 --- [           main] o.s.core.env.MutablePropertySources      : Adding [random] PropertySource with lowest search precedence
2014-11-03 00:08:49.129 DEBUG 22732 --- [           main] o.s.core.env.MutablePropertySources      : Adding [integrationTest] PropertySource with lowest search precedence
2014-11-03 00:08:49.130 DEBUG 22732 --- [           main] o.s.core.env.MutablePropertySources      : Adding [applicationConfig: [classpath:/application.properties]] PropertySource with lowest search precedence
2014-11-03 00:08:49.130 DEBUG 22732 --- [           main] o.s.core.env.MutablePropertySources      : Adding [localProperties] PropertySource with lowest search precedence
2014-11-03 00:08:49.130 DEBUG 22732 --- [           main] o.s.c.e.PropertySourcesPropertyResolver  : Searching for key 'SPRING.DATASOURCE.PLATFORM' in [systemProperties]
2014-11-03 00:08:49.130 DEBUG 22732 --- [           main] o.s.c.e.PropertySourcesPropertyResolver  : Searching for key 'SPRING.DATASOURCE.PLATFORM' in [systemEnvironment]
2014-11-03 00:08:49.130 DEBUG 22732 --- [           main] o.s.c.e.PropertySourcesPropertyResolver  : Searching for key 'SPRING.DATASOURCE.PLATFORM' in [random]
2014-11-03 00:08:49.130 DEBUG 22732 --- [           main] o.s.c.e.PropertySourcesPropertyResolver  : Searching for key 'SPRING.DATASOURCE.PLATFORM' in [integrationTest]
2014-11-03 00:08:49.130 DEBUG 22732 --- [           main] o.s.c.e.PropertySourcesPropertyResolver  : Searching for key 'SPRING.DATASOURCE.PLATFORM' in [applicationConfig: [classpath:/application.properties]]
2014-11-03 00:08:49.131 DEBUG 22732 --- [           main] o.s.c.e.PropertySourcesPropertyResolver  : Searching for key 'SPRING.DATASOURCE.PLATFORM' in [localProperties]
2014-11-03 00:08:49.131 DEBUG 22732 --- [           main] o.s.c.e.PropertySourcesPropertyResolver  : Could not find key 'SPRING.DATASOURCE.PLATFORM' in any property source. Returning [null]
2014-11-03 00:08:49.131 DEBUG 22732 --- [           main] o.s.core.env.MutablePropertySources      : Adding [systemProperties] PropertySource with lowest search precedence
2014-11-03 00:08:49.132 DEBUG 22732 --- [           main] o.s.core.env.MutablePropertySources      : Adding [systemEnvironment] PropertySource with lowest search precedence
2014-11-03 00:08:49.132 DEBUG 22732 --- [           main] o.s.core.env.MutablePropertySources      : Adding [random] PropertySource with lowest search precedence
2014-11-03 00:08:49.132 DEBUG 22732 --- [           main] o.s.core.env.MutablePropertySources      : Adding [integrationTest] PropertySource with lowest search precedence
2014-11-03 00:08:49.132 DEBUG 22732 --- [           main] o.s.core.env.MutablePropertySources      : Adding [applicationConfig: [classpath:/application.properties]] PropertySource with lowest search precedence
2014-11-03 00:08:49.132 DEBUG 22732 --- [           main] o.s.core.env.MutablePropertySources      : Adding [localProperties] PropertySource with lowest search precedence
2014-11-03 00:08:49.132 DEBUG 22732 --- [           main] o.s.c.e.PropertySourcesPropertyResolver  : Searching for key 'SPRINGDATASOURCESEPARATOR' in [systemProperties]
2014-11-03 00:08:49.132 DEBUG 22732 --- [           main] o.s.c.e.PropertySourcesPropertyResolver  : Searching for key 'SPRINGDATASOURCESEPARATOR' in [systemEnvironment]
2014-11-03 00:08:49.133 DEBUG 22732 --- [           main] o.s.c.e.PropertySourcesPropertyResolver  : Searching for key 'SPRINGDATASOURCESEPARATOR' in [random]
2014-11-03 00:08:49.133 DEBUG 22732 --- [           main] o.s.c.e.PropertySourcesPropertyResolver  : Searching for key 'SPRINGDATASOURCESEPARATOR' in [integrationTest]
2014-11-03 00:08:49.133 DEBUG 22732 --- [           main] o.s.c.e.PropertySourcesPropertyResolver  : Searching for key 'SPRINGDATASOURCESEPARATOR' in [applicationConfig: [classpath:/application.properties]]
2014-11-03 00:08:49.133 DEBUG 22732 --- [           main] o.s.c.e.PropertySourcesPropertyResolver  : Searching for key 'SPRINGDATASOURCESEPARATOR' in [localProperties]
2014-11-03 00:08:49.133 DEBUG 22732 --- [           main] o.s.c.e.PropertySourcesPropertyResolver  : Could not find key 'SPRINGDATASOURCESEPARATOR' in any property source. Returning [null]
2014-11-03 00:08:49.133 DEBUG 22732 --- [           main] o.s.core.env.MutablePropertySources      : Adding [systemProperties] PropertySource with lowest search precedence
2014-11-03 00:08:49.133 DEBUG 22732 --- [           main] o.s.core.env.MutablePropertySources      : Adding [systemEnvironment] PropertySource with lowest search precedence
2014-11-03 00:08:49.134 DEBUG 22732 --- [           main] o.s.core.env.MutablePropertySources      : Adding [random] PropertySource with lowest search precedence
2014-11-03 00:08:49.134 DEBUG 22732 --- [           main] o.s.core.env.MutablePropertySources      : Adding [integrationTest] PropertySource with lowest search precedence
2014-11-03 00:08:49.134 DEBUG 22732 --- [           main] o.s.core.env.MutablePropertySources      : Adding [applicationConfig: [classpath:/application.properties]] PropertySource with lowest search precedence
2014-11-03 00:08:49.134 DEBUG 22732 --- [           main] o.s.core.env.MutablePropertySources      : Adding [localProperties] PropertySource with lowest search precedence
2014-11-03 00:08:49.134 DEBUG 22732 --- [           main] o.s.c.e.PropertySourcesPropertyResolver  : Searching for key 'spring_datasource_driverclassname' in [systemProperties]
2014-11-03 00:08:49.134 DEBUG 22732 --- [           main] o.s.c.e.PropertySourcesPropertyResolver  : Searching for key 'spring_datasource_driverclassname' in [systemEnvironment]
2014-11-03 00:08:49.135 DEBUG 22732 --- [           main] o.s.c.e.PropertySourcesPropertyResolver  : Searching for key 'spring_datasource_driverclassname' in [random]
2014-11-03 00:08:49.135 DEBUG 22732 --- [           main] o.s.c.e.PropertySourcesPropertyResolver  : Searching for key 'spring_datasource_driverclassname' in [integrationTest]
2014-11-03 00:08:49.135 DEBUG 22732 --- [           main] o.s.c.e.PropertySourcesPropertyResolver  : Searching for key 'spring_datasource_driverclassname' in [applicationConfig: [classpath:/application.properties]]
2014-11-03 00:08:49.135 DEBUG 22732 --- [           main] o.s.c.e.PropertySourcesPropertyResolver  : Searching for key 'spring_datasource_driverclassname' in [localProperties]
2014-11-03 00:08:49.135 DEBUG 22732 --- [           main] o.s.c.e.PropertySourcesPropertyResolver  : Could not find key 'spring_datasource_driverclassname' in any property source. Returning [null]
2014-11-03 00:08:49.135 DEBUG 22732 --- [           main] o.s.core.env.MutablePropertySources      : Adding [systemProperties] PropertySource with lowest search precedence
2014-11-03 00:08:49.136 DEBUG 22732 --- [           main] o.s.core.env.MutablePropertySources      : Adding [systemEnvironment] PropertySource with lowest search precedence
2014-11-03 00:08:49.136 DEBUG 22732 --- [           main] o.s.core.env.MutablePropertySources      : Adding [random] PropertySource with lowest search precedence
2014-11-03 00:08:49.137 DEBUG 22732 --- [           main] o.s.core.env.MutablePropertySources      : Adding [integrationTest] PropertySource with lowest search precedence
2014-11-03 00:08:49.137 DEBUG 22732 --- [           main] o.s.core.env.MutablePropertySources      : Adding [applicationConfig: [classpath:/application.properties]] PropertySource with lowest search precedence
2014-11-03 00:08:49.137 DEBUG 22732 --- [           main] o.s.core.env.MutablePropertySources      : Adding [localProperties] PropertySource with lowest search precedence
2014-11-03 00:08:49.137 DEBUG 22732 --- [           main] o.s.c.e.PropertySourcesPropertyResolver  : Searching for key 'SPRINGDATASOURCEURL' in [systemProperties]
2014-11-03 00:08:49.137 DEBUG 22732 --- [           main] o.s.c.e.PropertySourcesPropertyResolver  : Searching for key 'SPRINGDATASOURCEURL' in [systemEnvironment]
2014-11-03 00:08:49.137 DEBUG 22732 --- [           main] o.s.c.e.PropertySourcesPropertyResolver  : Searching for key 'SPRINGDATASOURCEURL' in [random]
2014-11-03 00:08:49.137 DEBUG 22732 --- [           main] o.s.c.e.PropertySourcesPropertyResolver  : Searching for key 'SPRINGDATASOURCEURL' in [integrationTest]
2014-11-03 00:08:49.137 DEBUG 22732 --- [           main] o.s.c.e.PropertySourcesPropertyResolver  : Searching for key 'SPRINGDATASOURCEURL' in [applicationConfig: [classpath:/application.properties]]
2014-11-03 00:08:49.138 DEBUG 22732 --- [           main] o.s.c.e.PropertySourcesPropertyResolver  : Searching for key 'SPRINGDATASOURCEURL' in [localProperties]
2014-11-03 00:08:49.138 DEBUG 22732 --- [           main] o.s.c.e.PropertySourcesPropertyResolver  : Could not find key 'SPRINGDATASOURCEURL' in any property source. Returning [null]
2014-11-03 00:08:49.138 DEBUG 22732 --- [           main] o.s.core.env.MutablePropertySources      : Adding [systemProperties] PropertySource with lowest search precedence
2014-11-03 00:08:49.138 DEBUG 22732 --- [           main] o.s.core.env.MutablePropertySources      : Adding [systemEnvironment] PropertySource with lowest search precedence
2014-11-03 00:08:49.138 DEBUG 22732 --- [           main] o.s.core.env.MutablePropertySources      : Adding [random] PropertySource with lowest search precedence
2014-11-03 00:08:49.138 DEBUG 22732 --- [           main] o.s.core.env.MutablePropertySources      : Adding [integrationTest] PropertySource with lowest search precedence
2014-11-03 00:08:49.139 DEBUG 22732 --- [           main] o.s.core.env.MutablePropertySources      : Adding [applicationConfig: [classpath:/application.properties]] PropertySource with lowest search precedence
2014-11-03 00:08:49.145 DEBUG 22732 --- [           main] o.s.core.env.MutablePropertySources      : Adding [localProperties] PropertySource with lowest search precedence
2014-11-03 00:08:49.146 DEBUG 22732 --- [           main] o.s.c.e.PropertySourcesPropertyResolver  : Searching for key 'SPRINGDATASOURCEBEANCLASSLOADER' in [systemProperties]
2014-11-03 00:08:49.146 DEBUG 22732 --- [           main] o.s.c.e.PropertySourcesPropertyResolver  : Searching for key 'SPRINGDATASOURCEBEANCLASSLOADER' in [systemEnvironment]
2014-11-03 00:08:49.146 DEBUG 22732 --- [           main] o.s.c.e.PropertySourcesPropertyResolver  : Searching for key 'SPRINGDATASOURCEBEANCLASSLOADER' in [random]
2014-11-03 00:08:49.147 DEBUG 22732 --- [           main] o.s.c.e.PropertySourcesPropertyResolver  : Searching for key 'SPRINGDATASOURCEBEANCLASSLOADER' in [integrationTest]
2014-11-03 00:08:49.147 DEBUG 22732 --- [           main] o.s.c.e.PropertySourcesPropertyResolver  : Searching for key 'SPRINGDATASOURCEBEANCLASSLOADER' in [applicationConfig: [classpath:/application.properties]]
2014-11-03 00:08:49.147 DEBUG 22732 --- [           main] o.s.c.e.PropertySourcesPropertyResolver  : Searching for key 'SPRINGDATASOURCEBEANCLASSLOADER' in [localProperties]
2014-11-03 00:08:49.147 DEBUG 22732 --- [           main] o.s.c.e.PropertySourcesPropertyResolver  : Could not find key 'SPRINGDATASOURCEBEANCLASSLOADER' in any property source. Returning [null]
2014-11-03 00:08:49.147 DEBUG 22732 --- [           main] o.s.core.env.MutablePropertySources      : Adding [systemProperties] PropertySource with lowest search precedence
2014-11-03 00:08:49.147 DEBUG 22732 --- [           main] o.s.core.env.MutablePropertySources      : Adding [systemEnvironment] PropertySource with lowest search precedence
2014-11-03 00:08:49.148 DEBUG 22732 --- [           main] o.s.core.env.MutablePropertySources      : Adding [random] PropertySource with lowest search precedence
2014-11-03 00:08:49.148 DEBUG 22732 --- [           main] o.s.core.env.MutablePropertySources      : Adding [integrationTest] PropertySource with lowest search precedence
2014-11-03 00:08:49.148 DEBUG 22732 --- [           main] o.s.core.env.MutablePropertySources      : Adding [applicationConfig: [classpath:/application.properties]] PropertySource with lowest search precedence
2014-11-03 00:08:49.148 DEBUG 22732 --- [           main] o.s.core.env.MutablePropertySources      : Adding [localProperties] PropertySource with lowest search precedence
2014-11-03 00:08:49.148 DEBUG 22732 --- [           main] o.s.c.e.PropertySourcesPropertyResolver  : Searching for key 'springDatasourcePlatform' in [systemProperties]
2014-11-03 00:08:49.148 DEBUG 22732 --- [           main] o.s.c.e.PropertySourcesPropertyResolver  : Searching for key 'springDatasourcePlatform' in [systemEnvironment]
2014-11-03 00:08:49.148 DEBUG 22732 --- [           main] o.s.c.e.PropertySourcesPropertyResolver  : Searching for key 'springDatasourcePlatform' in [random]
2014-11-03 00:08:49.149 DEBUG 22732 --- [           main] o.s.c.e.PropertySourcesPropertyResolver  : Searching for key 'springDatasourcePlatform' in [integrationTest]
2014-11-03 00:08:49.149 DEBUG 22732 --- [           main] o.s.c.e.PropertySourcesPropertyResolver  : Searching for key 'springDatasourcePlatform' in [applicationConfig: [classpath:/application.properties]]
2014-11-03 00:08:49.149 DEBUG 22732 --- [           main] o.s.c.e.PropertySourcesPropertyResolver  : Searching for key 'springDatasourcePlatform' in [localProperties]
2014-11-03 00:08:49.149 DEBUG 22732 --- [           main] o.s.c.e.PropertySourcesPropertyResolver  : Could not find key 'springDatasourcePlatform' in any property source. Returning [null]
2014-11-03 00:08:49.149 DEBUG 22732 --- [           main] o.s.core.env.MutablePropertySources      : Adding [systemProperties] PropertySource with lowest search precedence
2014-11-03 00:08:49.149 DEBUG 22732 --- [           main] o.s.core.env.MutablePropertySources      : Adding [systemEnvironment] PropertySource with lowest search precedence
2014-11-03 00:08:49.149 DEBUG 22732 --- [           main] o.s.core.env.MutablePropertySources      : Adding [random] PropertySource with lowest search precedence
2014-11-03 00:08:49.150 DEBUG 22732 --- [           main] o.s.core.env.MutablePropertySources      : Adding [integrationTest] PropertySource with lowest search precedence
2014-11-03 00:08:49.150 DEBUG 22732 --- [           main] o.s.core.env.MutablePropertySources      : Adding [applicationConfig: [classpath:/application.properties]] PropertySource with lowest search precedence
2014-11-03 00:08:49.150 DEBUG 22732 --- [           main] o.s.core.env.MutablePropertySources      : Adding [localProperties] PropertySource with lowest search precedence
2014-11-03 00:08:49.150 DEBUG 22732 --- [           main] o.s.c.e.PropertySourcesPropertyResolver  : Searching for key 'SPRING.DATASOURCE.PASSWORD' in [systemProperties]
2014-11-03 00:08:49.150 DEBUG 22732 --- [           main] o.s.c.e.PropertySourcesPropertyResolver  : Searching for key 'SPRING.DATASOURCE.PASSWORD' in [systemEnvironment]
2014-11-03 00:08:49.150 DEBUG 22732 --- [           main] o.s.c.e.PropertySourcesPropertyResolver  : Searching for key 'SPRING.DATASOURCE.PASSWORD' in [random]
2014-11-03 00:08:49.151 DEBUG 22732 --- [           main] o.s.c.e.PropertySourcesPropertyResolver  : Searching for key 'SPRING.DATASOURCE.PASSWORD' in [integrationTest]
2014-11-03 00:08:49.151 DEBUG 22732 --- [           main] o.s.c.e.PropertySourcesPropertyResolver  : Searching for key 'SPRING.DATASOURCE.PASSWORD' in [applicationConfig: [classpath:/application.properties]]
2014-11-03 00:08:49.151 DEBUG 22732 --- [           main] o.s.c.e.PropertySourcesPropertyResolver  : Searching for key 'SPRING.DATASOURCE.PASSWORD' in [localProperties]
2014-11-03 00:08:49.151 DEBUG 22732 --- [           main] o.s.c.e.PropertySourcesPropertyResolver  : Could not find key 'SPRING.DATASOURCE.PASSWORD' in any property source. Returning [null]
2014-11-03 00:08:49.151 DEBUG 22732 --- [           main] o.s.core.env.MutablePropertySources      : Adding [systemProperties] PropertySource with lowest search precedence
2014-11-03 00:08:49.151 DEBUG 22732 --- [           main] o.s.core.env.MutablePropertySources      : Adding [systemEnvironment] PropertySource with lowest search precedence
2014-11-03 00:08:49.151 DEBUG 22732 --- [           main] o.s.core.env.MutablePropertySources      : Adding [random] PropertySource with lowest search precedence
2014-11-03 00:08:49.152 DEBUG 22732 --- [           main] o.s.core.env.MutablePropertySources      : Adding [integrationTest] PropertySource with lowest search precedence
2014-11-03 00:08:49.152 DEBUG 22732 --- [           main] o.s.core.env.MutablePropertySources      : Adding [applicationConfig: [classpath:/application.properties]] PropertySource with lowest search precedence
2014-11-03 00:08:49.152 DEBUG 22732 --- [           main] o.s.core.env.MutablePropertySources      : Adding [localProperties] PropertySource with lowest search precedence
2014-11-03 00:08:49.152 DEBUG 22732 --- [           main] o.s.c.e.PropertySourcesPropertyResolver  : Searching for key 'SPRINGDATASOURCEUSERNAME' in [systemProperties]
2014-11-03 00:08:49.152 DEBUG 22732 --- [           main] o.s.c.e.PropertySourcesPropertyResolver  : Searching for key 'SPRINGDATASOURCEUSERNAME' in [systemEnvironment]
2014-11-03 00:08:49.152 DEBUG 22732 --- [           main] o.s.c.e.PropertySourcesPropertyResolver  : Searching for key 'SPRINGDATASOURCEUSERNAME' in [random]
2014-11-03 00:08:49.152 DEBUG 22732 --- [           main] o.s.c.e.PropertySourcesPropertyResolver  : Searching for key 'SPRINGDATASOURCEUSERNAME' in [integrationTest]
2014-11-03 00:08:49.153 DEBUG 22732 --- [           main] o.s.c.e.PropertySourcesPropertyResolver  : Searching for key 'SPRINGDATASOURCEUSERNAME' in [applicationConfig: [classpath:/application.properties]]
2014-11-03 00:08:49.153 DEBUG 22732 --- [           main] o.s.c.e.PropertySourcesPropertyResolver  : Searching for key 'SPRINGDATASOURCEUSERNAME' in [localProperties]
2014-11-03 00:08:49.153 DEBUG 22732 --- [           main] o.s.c.e.PropertySourcesPropertyResolver  : Could not find key 'SPRINGDATASOURCEUSERNAME' in any property source. Returning [null]
2014-11-03 00:08:49.153 DEBUG 22732 --- [           main] o.s.core.env.MutablePropertySources      : Adding [systemProperties] PropertySource with lowest search precedence
2014-11-03 00:08:49.153 DEBUG 22732 --- [           main] o.s.core.env.MutablePropertySources      : Adding [systemEnvironment] PropertySource with lowest search precedence
2014-11-03 00:08:49.153 DEBUG 22732 --- [           main] o.s.core.env.MutablePropertySources      : Adding [random] PropertySource with lowest search precedence
2014-11-03 00:08:49.153 DEBUG 22732 --- [           main] o.s.core.env.MutablePropertySources      : Adding [integrationTest] PropertySource with lowest search precedence
2014-11-03 00:08:49.153 DEBUG 22732 --- [           main] o.s.core.env.MutablePropertySources      : Adding [applicationConfig: [classpath:/application.properties]] PropertySource with lowest search precedence
2014-11-03 00:08:49.154 DEBUG 22732 --- [           main] o.s.core.env.MutablePropertySources      : Adding [localProperties] PropertySource with lowest search precedence
2014-11-03 00:08:49.154 DEBUG 22732 --- [           main] o.s.c.e.PropertySourcesPropertyResolver  : Searching for key 'springdatasourceinitialize' in [systemProperties]
2014-11-03 00:08:49.154 DEBUG 22732 --- [           main] o.s.c.e.PropertySourcesPropertyResolver  : Searching for key 'springdatasourceinitialize' in [systemEnvironment]
2014-11-03 00:08:49.154 DEBUG 22732 --- [           main] o.s.c.e.PropertySourcesPropertyResolver  : Searching for key 'springdatasourceinitialize' in [random]
2014-11-03 00:08:49.154 DEBUG 22732 --- [           main] o.s.c.e.PropertySourcesPropertyResolver  : Searching for key 'springdatasourceinitialize' in [integrationTest]
2014-11-03 00:08:49.154 DEBUG 22732 --- [           main] o.s.c.e.PropertySourcesPropertyResolver  : Searching for key 'springdatasourceinitialize' in [applicationConfig: [classpath:/application.properties]]
2014-11-03 00:08:49.154 DEBUG 22732 --- [           main] o.s.c.e.PropertySourcesPropertyResolver  : Searching for key 'springdatasourceinitialize' in [localProperties]
2014-11-03 00:08:49.155 DEBUG 22732 --- [           main] o.s.c.e.PropertySourcesPropertyResolver  : Could not find key 'springdatasourceinitialize' in any property source. Returning [null]
2014-11-03 00:08:49.155 DEBUG 22732 --- [           main] o.s.core.env.MutablePropertySources      : Adding [systemProperties] PropertySource with lowest search precedence
2014-11-03 00:08:49.155 DEBUG 22732 --- [           main] o.s.core.env.MutablePropertySources      : Adding [systemEnvironment] PropertySource with lowest search precedence
2014-11-03 00:08:49.155 DEBUG 22732 --- [           main] o.s.core.env.MutablePropertySources      : Adding [random] PropertySource with lowest search precedence
2014-11-03 00:08:49.155 DEBUG 22732 --- [           main] o.s.core.env.MutablePropertySources      : Adding [integrationTest] PropertySource with lowest search precedence
2014-11-03 00:08:49.155 DEBUG 22732 --- [           main] o.s.core.env.MutablePropertySources      : Adding [applicationConfig: [classpath:/application.properties]] PropertySource with lowest search precedence
2014-11-03 00:08:49.155 DEBUG 22732 --- [           main] o.s.core.env.MutablePropertySources      : Adding [localProperties] PropertySource with lowest search precedence
2014-11-03 00:08:49.156 DEBUG 22732 --- [           main] o.s.c.e.PropertySourcesPropertyResolver  : Searching for key 'spring_datasource_continueonerror' in [systemProperties]
2014-11-03 00:08:49.156 DEBUG 22732 --- [           main] o.s.c.e.PropertySourcesPropertyResolver  : Searching for key 'spring_datasource_continueonerror' in [systemEnvironment]
2014-11-03 00:08:49.156 DEBUG 22732 --- [           main] o.s.c.e.PropertySourcesPropertyResolver  : Searching for key 'spring_datasource_continueonerror' in [random]
2014-11-03 00:08:49.156 DEBUG 22732 --- [           main] o.s.c.e.PropertySourcesPropertyResolver  : Searching for key 'spring_datasource_continueonerror' in [integrationTest]
2014-11-03 00:08:49.156 DEBUG 22732 --- [           main] o.s.c.e.PropertySourcesPropertyResolver  : Searching for key 'spring_datasource_continueonerror' in [applicationConfig: [classpath:/application.properties]]
2014-11-03 00:08:49.156 DEBUG 22732 --- [           main] o.s.c.e.PropertySourcesPropertyResolver  : Searching for key 'spring_datasource_continueonerror' in [localProperties]
2014-11-03 00:08:49.156 DEBUG 22732 --- [           main] o.s.c.e.PropertySourcesPropertyResolver  : Could not find key 'spring_datasource_continueonerror' in any property source. Returning [null]
2014-11-03 00:08:49.157 DEBUG 22732 --- [           main] o.s.core.env.MutablePropertySources      : Adding [systemProperties] PropertySource with lowest search precedence
2014-11-03 00:08:49.157 DEBUG 22732 --- [           main] o.s.core.env.MutablePropertySources      : Adding [systemEnvironment] PropertySource with lowest search precedence
2014-11-03 00:08:49.158 DEBUG 22732 --- [           main] o.s.core.env.MutablePropertySources      : Adding [random] PropertySource with lowest search precedence
2014-11-03 00:08:49.161 DEBUG 22732 --- [           main] o.s.core.env.MutablePropertySources      : Adding [integrationTest] PropertySource with lowest search precedence
2014-11-03 00:08:49.162 DEBUG 22732 --- [           main] o.s.core.env.MutablePropertySources      : Adding [applicationConfig: [classpath:/application.properties]] PropertySource with lowest search precedence
2014-11-03 00:08:49.162 DEBUG 22732 --- [           main] o.s.core.env.MutablePropertySources      : Adding [localProperties] PropertySource with lowest search precedence
2014-11-03 00:08:49.162 DEBUG 22732 --- [           main] o.s.c.e.PropertySourcesPropertyResolver  : Searching for key 'SPRING.DATASOURCE.DRIVERCLASSNAME' in [systemProperties]
2014-11-03 00:08:49.162 DEBUG 22732 --- [           main] o.s.c.e.PropertySourcesPropertyResolver  : Searching for key 'SPRING.DATASOURCE.DRIVERCLASSNAME' in [systemEnvironment]
2014-11-03 00:08:49.162 DEBUG 22732 --- [           main] o.s.c.e.PropertySourcesPropertyResolver  : Searching for key 'SPRING.DATASOURCE.DRIVERCLASSNAME' in [random]
2014-11-03 00:08:49.162 DEBUG 22732 --- [           main] o.s.c.e.PropertySourcesPropertyResolver  : Searching for key 'SPRING.DATASOURCE.DRIVERCLASSNAME' in [integrationTest]
2014-11-03 00:08:49.163 DEBUG 22732 --- [           main] o.s.c.e.PropertySourcesPropertyResolver  : Searching for key 'SPRING.DATASOURCE.DRIVERCLASSNAME' in [applicationConfig: [classpath:/application.properties]]
2014-11-03 00:08:49.163 DEBUG 22732 --- [           main] o.s.c.e.PropertySourcesPropertyResolver  : Searching for key 'SPRING.DATASOURCE.DRIVERCLASSNAME' in [localProperties]
2014-11-03 00:08:49.163 DEBUG 22732 --- [           main] o.s.c.e.PropertySourcesPropertyResolver  : Could not find key 'SPRING.DATASOURCE.DRIVERCLASSNAME' in any property source. Returning [null]
2014-11-03 00:08:49.166 DEBUG 22732 --- [           main] o.s.core.env.MutablePropertySources      : Adding [systemProperties] PropertySource with lowest search precedence
2014-11-03 00:08:49.187 DEBUG 22732 --- [           main] o.s.core.env.MutablePropertySources      : Adding [systemEnvironment] PropertySource with lowest search precedence
2014-11-03 00:08:49.191 DEBUG 22732 --- [           main] o.s.core.env.MutablePropertySources      : Adding [random] PropertySource with lowest search precedence
2014-11-03 00:08:49.191 DEBUG 22732 --- [           main] o.s.core.env.MutablePropertySources      : Adding [integrationTest] PropertySource with lowest search precedence
2014-11-03 00:08:49.192 DEBUG 22732 --- [           main] o.s.core.env.MutablePropertySources      : Adding [applicationConfig: [classpath:/application.properties]] PropertySource with lowest search precedence
2014-11-03 00:08:49.192 DEBUG 22732 --- [           main] o.s.core.env.MutablePropertySources      : Adding [localProperties] PropertySource with lowest search precedence
2014-11-03 00:08:49.192 DEBUG 22732 --- [           main] o.s.c.e.PropertySourcesPropertyResolver  : Searching for key 'springdatasourcecontinueonerror' in [systemProperties]
2014-11-03 00:08:49.192 DEBUG 22732 --- [           main] o.s.c.e.PropertySourcesPropertyResolver  : Searching for key 'springdatasourcecontinueonerror' in [systemEnvironment]
2014-11-03 00:08:49.193 DEBUG 22732 --- [           main] o.s.c.e.PropertySourcesPropertyResolver  : Searching for key 'springdatasourcecontinueonerror' in [random]
2014-11-03 00:08:49.193 DEBUG 22732 --- [           main] o.s.c.e.PropertySourcesPropertyResolver  : Searching for key 'springdatasourcecontinueonerror' in [integrationTest]
2014-11-03 00:08:49.193 DEBUG 22732 --- [           main] o.s.c.e.PropertySourcesPropertyResolver  : Searching for key 'springdatasourcecontinueonerror' in [applicationConfig: [classpath:/application.properties]]
2014-11-03 00:08:49.193 DEBUG 22732 --- [           main] o.s.c.e.PropertySourcesPropertyResolver  : Searching for key 'springdatasourcecontinueonerror' in [localProperties]
2014-11-03 00:08:49.193 DEBUG 22732 --- [           main] o.s.c.e.PropertySourcesPropertyResolver  : Could not find key 'springdatasourcecontinueonerror' in any property source. Returning [null]
2014-11-03 00:08:49.193 DEBUG 22732 --- [           main] o.s.core.env.MutablePropertySources      : Adding [systemProperties] PropertySource with lowest search precedence
2014-11-03 00:08:49.193 DEBUG 22732 --- [           main] o.s.core.env.MutablePropertySources      : Adding [systemEnvironment] PropertySource with lowest search precedence
2014-11-03 00:08:49.194 DEBUG 22732 --- [           main] o.s.core.env.MutablePropertySources      : Adding [random] PropertySource with lowest search precedence
2014-11-03 00:08:49.194 DEBUG 22732 --- [           main] o.s.core.env.MutablePropertySources      : Adding [integrationTest] PropertySource with lowest search precedence
2014-11-03 00:08:49.194 DEBUG 22732 --- [           main] o.s.core.env.MutablePropertySources      : Adding [applicationConfig: [classpath:/application.properties]] PropertySource with lowest search precedence
2014-11-03 00:08:49.194 DEBUG 22732 --- [           main] o.s.core.env.MutablePropertySources      : Adding [localProperties] PropertySource with lowest search precedence
2014-11-03 00:08:49.194 DEBUG 22732 --- [           main] o.s.c.e.PropertySourcesPropertyResolver  : Searching for key 'springdatasourcepassword' in [systemProperties]
2014-11-03 00:08:49.194 DEBUG 22732 --- [           main] o.s.c.e.PropertySourcesPropertyResolver  : Searching for key 'springdatasourcepassword' in [systemEnvironment]
2014-11-03 00:08:49.194 DEBUG 22732 --- [           main] o.s.c.e.PropertySourcesPropertyResolver  : Searching for key 'springdatasourcepassword' in [random]
2014-11-03 00:08:49.194 DEBUG 22732 --- [           main] o.s.c.e.PropertySourcesPropertyResolver  : Searching for key 'springdatasourcepassword' in [integrationTest]
2014-11-03 00:08:49.194 DEBUG 22732 --- [           main] o.s.c.e.PropertySourcesPropertyResolver  : Searching for key 'springdatasourcepassword' in [applicationConfig: [classpath:/application.properties]]
2014-11-03 00:08:49.194 DEBUG 22732 --- [           main] o.s.c.e.PropertySourcesPropertyResolver  : Searching for key 'springdatasourcepassword' in [localProperties]
2014-11-03 00:08:49.194 DEBUG 22732 --- [           main] o.s.c.e.PropertySourcesPropertyResolver  : Could not find key 'springdatasourcepassword' in any property source. Returning [null]
2014-11-03 00:08:49.194 DEBUG 22732 --- [           main] o.s.core.env.MutablePropertySources      : Adding [systemProperties] PropertySource with lowest search precedence
2014-11-03 00:08:49.194 DEBUG 22732 --- [           main] o.s.core.env.MutablePropertySources      : Adding [systemEnvironment] PropertySource with lowest search precedence
2014-11-03 00:08:49.194 DEBUG 22732 --- [           main] o.s.core.env.MutablePropertySources      : Adding [random] PropertySource with lowest search precedence
2014-11-03 00:08:49.194 DEBUG 22732 --- [           main] o.s.core.env.MutablePropertySources      : Adding [integrationTest] PropertySource with lowest search precedence
2014-11-03 00:08:49.194 DEBUG 22732 --- [           main] o.s.core.env.MutablePropertySources      : Adding [applicationConfig: [classpath:/application.properties]] PropertySource with lowest search precedence
2014-11-03 00:08:49.194 DEBUG 22732 --- [           main] o.s.core.env.MutablePropertySources      : Adding [localProperties] PropertySource with lowest search precedence
2014-11-03 00:08:49.195 DEBUG 22732 --- [           main] o.s.c.e.PropertySourcesPropertyResolver  : Searching for key 'spring.datasource.sqlscriptencoding' in [systemProperties]
2014-11-03 00:08:49.195 DEBUG 22732 --- [           main] o.s.c.e.PropertySourcesPropertyResolver  : Searching for key 'spring.datasource.sqlscriptencoding' in [systemEnvironment]
2014-11-03 00:08:49.195 DEBUG 22732 --- [           main] o.s.c.e.PropertySourcesPropertyResolver  : Searching for key 'spring.datasource.sqlscriptencoding' in [random]
2014-11-03 00:08:49.195 DEBUG 22732 --- [           main] o.s.c.e.PropertySourcesPropertyResolver  : Searching for key 'spring.datasource.sqlscriptencoding' in [integrationTest]
2014-11-03 00:08:49.195 DEBUG 22732 --- [           main] o.s.c.e.PropertySourcesPropertyResolver  : Searching for key 'spring.datasource.sqlscriptencoding' in [applicationConfig: [classpath:/application.properties]]
2014-11-03 00:08:49.195 DEBUG 22732 --- [           main] o.s.c.e.PropertySourcesPropertyResolver  : Searching for key 'spring.datasource.sqlscriptencoding' in [localProperties]
2014-11-03 00:08:49.195 DEBUG 22732 --- [           main] o.s.c.e.PropertySourcesPropertyResolver  : Could not find key 'spring.datasource.sqlscriptencoding' in any property source. Returning [null]
2014-11-03 00:08:49.195 DEBUG 22732 --- [           main] o.s.core.env.MutablePropertySources      : Adding [systemProperties] PropertySource with lowest search precedence
2014-11-03 00:08:49.195 DEBUG 22732 --- [           main] o.s.core.env.MutablePropertySources      : Adding [systemEnvironment] PropertySource with lowest search precedence
2014-11-03 00:08:49.195 DEBUG 22732 --- [           main] o.s.core.env.MutablePropertySources      : Adding [random] PropertySource with lowest search precedence
2014-11-03 00:08:49.195 DEBUG 22732 --- [           main] o.s.core.env.MutablePropertySources      : Adding [integrationTest] PropertySource with lowest search precedence
2014-11-03 00:08:49.195 DEBUG 22732 --- [           main] o.s.core.env.MutablePropertySources      : Adding [applicationConfig: [classpath:/application.properties]] PropertySource with lowest search precedence
2014-11-03 00:08:49.195 DEBUG 22732 --- [           main] o.s.core.env.MutablePropertySources      : Adding [localProperties] PropertySource with lowest search precedence
2014-11-03 00:08:49.195 DEBUG 22732 --- [           main] o.s.c.e.PropertySourcesPropertyResolver  : Searching for key 'SPRING_DATASOURCE_DRIVERCLASSNAME' in [systemProperties]
2014-11-03 00:08:49.195 DEBUG 22732 --- [           main] o.s.c.e.PropertySourcesPropertyResolver  : Searching for key 'SPRING_DATASOURCE_DRIVERCLASSNAME' in [systemEnvironment]
2014-11-03 00:08:49.195 DEBUG 22732 --- [           main] o.s.c.e.PropertySourcesPropertyResolver  : Searching for key 'SPRING_DATASOURCE_DRIVERCLASSNAME' in [random]
2014-11-03 00:08:49.195 DEBUG 22732 --- [           main] o.s.c.e.PropertySourcesPropertyResolver  : Searching for key 'SPRING_DATASOURCE_DRIVERCLASSNAME' in [integrationTest]
2014-11-03 00:08:49.196 DEBUG 22732 --- [           main] o.s.c.e.PropertySourcesPropertyResolver  : Searching for key 'SPRING_DATASOURCE_DRIVERCLASSNAME' in [applicationConfig: [classpath:/application.properties]]
2014-11-03 00:08:49.196 DEBUG 22732 --- [           main] o.s.c.e.PropertySourcesPropertyResolver  : Searching for key 'SPRING_DATASOURCE_DRIVERCLASSNAME' in [localProperties]
2014-11-03 00:08:49.196 DEBUG 22732 --- [           main] o.s.c.e.PropertySourcesPropertyResolver  : Could not find key 'SPRING_DATASOURCE_DRIVERCLASSNAME' in any property source. Returning [null]
2014-11-03 00:08:49.196 DEBUG 22732 --- [           main] o.s.core.env.MutablePropertySources      : Adding [systemProperties] PropertySource with lowest search precedence
2014-11-03 00:08:49.196 DEBUG 22732 --- [           main] o.s.core.env.MutablePropertySources      : Adding [systemEnvironment] PropertySource with lowest search precedence
2014-11-03 00:08:49.196 DEBUG 22732 --- [           main] o.s.core.env.MutablePropertySources      : Adding [random] PropertySource with lowest search precedence
2014-11-03 00:08:49.196 DEBUG 22732 --- [           main] o.s.core.env.MutablePropertySources      : Adding [integrationTest] PropertySource with lowest search precedence
2014-11-03 00:08:49.196 DEBUG 22732 --- [           main] o.s.core.env.MutablePropertySources      : Adding [applicationConfig: [classpath:/application.properties]] PropertySource with lowest search precedence
2014-11-03 00:08:49.196 DEBUG 22732 --- [           main] o.s.core.env.MutablePropertySources      : Adding [localProperties] PropertySource with lowest search precedence
2014-11-03 00:08:49.196 DEBUG 22732 --- [           main] o.s.c.e.PropertySourcesPropertyResolver  : Searching for key 'spring.datasource.beanClassLoader' in [systemProperties]
2014-11-03 00:08:49.196 DEBUG 22732 --- [           main] o.s.c.e.PropertySourcesPropertyResolver  : Searching for key 'spring.datasource.beanClassLoader' in [systemEnvironment]
2014-11-03 00:08:49.196 DEBUG 22732 --- [           main] o.s.c.e.PropertySourcesPropertyResolver  : Searching for key 'spring.datasource.beanClassLoader' in [random]
2014-11-03 00:08:49.196 DEBUG 22732 --- [           main] o.s.c.e.PropertySourcesPropertyResolver  : Searching for key 'spring.datasource.beanClassLoader' in [integrationTest]
2014-11-03 00:08:49.196 DEBUG 22732 --- [           main] o.s.c.e.PropertySourcesPropertyResolver  : Searching for key 'spring.datasource.beanClassLoader' in [applicationConfig: [classpath:/application.properties]]
2014-11-03 00:08:49.196 DEBUG 22732 --- [           main] o.s.c.e.PropertySourcesPropertyResolver  : Searching for key 'spring.datasource.beanClassLoader' in [localProperties]
2014-11-03 00:08:49.196 DEBUG 22732 --- [           main] o.s.c.e.PropertySourcesPropertyResolver  : Could not find key 'spring.datasource.beanClassLoader' in any property source. Returning [null]
2014-11-03 00:08:49.196 DEBUG 22732 --- [           main] o.s.core.env.MutablePropertySources      : Adding [systemProperties] PropertySource with lowest search precedence
2014-11-03 00:08:49.197 DEBUG 22732 --- [           main] o.s.core.env.MutablePropertySources      : Adding [systemEnvironment] PropertySource with lowest search precedence
2014-11-03 00:08:49.197 DEBUG 22732 --- [           main] o.s.core.env.MutablePropertySources      : Adding [random] PropertySource with lowest search precedence
2014-11-03 00:08:49.197 DEBUG 22732 --- [           main] o.s.core.env.MutablePropertySources      : Adding [integrationTest] PropertySource with lowest search precedence
2014-11-03 00:08:49.197 DEBUG 22732 --- [           main] o.s.core.env.MutablePropertySources      : Adding [applicationConfig: [classpath:/application.properties]] PropertySource with lowest search precedence
2014-11-03 00:08:49.197 DEBUG 22732 --- [           main] o.s.core.env.MutablePropertySources      : Adding [localProperties] PropertySource with lowest search precedence
2014-11-03 00:08:49.197 DEBUG 22732 --- [           main] o.s.c.e.PropertySourcesPropertyResolver  : Searching for key 'spring_datasource_classLoader' in [systemProperties]
2014-11-03 00:08:49.197 DEBUG 22732 --- [           main] o.s.c.e.PropertySourcesPropertyResolver  : Searching for key 'spring_datasource_classLoader' in [systemEnvironment]
2014-11-03 00:08:49.197 DEBUG 22732 --- [           main] o.s.c.e.PropertySourcesPropertyResolver  : Searching for key 'spring_datasource_classLoader' in [random]
2014-11-03 00:08:49.197 DEBUG 22732 --- [           main] o.s.c.e.PropertySourcesPropertyResolver  : Searching for key 'spring_datasource_classLoader' in [integrationTest]
2014-11-03 00:08:49.199 DEBUG 22732 --- [           main] o.s.c.e.PropertySourcesPropertyResolver  : Searching for key 'spring_datasource_classLoader' in [applicationConfig: [classpath:/application.properties]]
2014-11-03 00:08:49.200 DEBUG 22732 --- [           main] o.s.c.e.PropertySourcesPropertyResolver  : Searching for key 'spring_datasource_classLoader' in [localProperties]
2014-11-03 00:08:49.200 DEBUG 22732 --- [           main] o.s.c.e.PropertySourcesPropertyResolver  : Could not find key 'spring_datasource_classLoader' in any property source. Returning [null]
2014-11-03 00:08:49.200 DEBUG 22732 --- [           main] o.s.core.env.MutablePropertySources      : Adding [systemProperties] PropertySource with lowest search precedence
2014-11-03 00:08:49.200 DEBUG 22732 --- [           main] o.s.core.env.MutablePropertySources      : Adding [systemEnvironment] PropertySource with lowest search precedence
2014-11-03 00:08:49.200 DEBUG 22732 --- [           main] o.s.core.env.MutablePropertySources      : Adding [random] PropertySource with lowest search precedence
2014-11-03 00:08:49.200 DEBUG 22732 --- [           main] o.s.core.env.MutablePropertySources      : Adding [integrationTest] PropertySource with lowest search precedence
2014-11-03 00:08:49.200 DEBUG 22732 --- [           main] o.s.core.env.MutablePropertySources      : Adding [applicationConfig: [classpath:/application.properties]] PropertySource with lowest search precedence
2014-11-03 00:08:49.200 DEBUG 22732 --- [           main] o.s.core.env.MutablePropertySources      : Adding [localProperties] PropertySource with lowest search precedence
2014-11-03 00:08:49.200 DEBUG 22732 --- [           main] o.s.c.e.PropertySourcesPropertyResolver  : Searching for key 'spring_datasource_url' in [systemProperties]
2014-11-03 00:08:49.200 DEBUG 22732 --- [           main] o.s.c.e.PropertySourcesPropertyResolver  : Searching for key 'spring_datasource_url' in [systemEnvironment]
2014-11-03 00:08:49.200 DEBUG 22732 --- [           main] o.s.c.e.PropertySourcesPropertyResolver  : Searching for key 'spring_datasource_url' in [random]
2014-11-03 00:08:49.200 DEBUG 22732 --- [           main] o.s.c.e.PropertySourcesPropertyResolver  : Searching for key 'spring_datasource_url' in [integrationTest]
2014-11-03 00:08:49.201 DEBUG 22732 --- [           main] o.s.c.e.PropertySourcesPropertyResolver  : Searching for key 'spring_datasource_url' in [applicationConfig: [classpath:/application.properties]]
2014-11-03 00:08:49.201 DEBUG 22732 --- [           main] o.s.c.e.PropertySourcesPropertyResolver  : Searching for key 'spring_datasource_url' in [localProperties]
2014-11-03 00:08:49.201 DEBUG 22732 --- [           main] o.s.c.e.PropertySourcesPropertyResolver  : Could not find key 'spring_datasource_url' in any property source. Returning [null]
2014-11-03 00:08:49.201 DEBUG 22732 --- [           main] o.s.core.env.MutablePropertySources      : Adding [systemProperties] PropertySource with lowest search precedence
2014-11-03 00:08:49.201 DEBUG 22732 --- [           main] o.s.core.env.MutablePropertySources      : Adding [systemEnvironment] PropertySource with lowest search precedence
2014-11-03 00:08:49.201 DEBUG 22732 --- [           main] o.s.core.env.MutablePropertySources      : Adding [random] PropertySource with lowest search precedence
2014-11-03 00:08:49.201 DEBUG 22732 --- [           main] o.s.core.env.MutablePropertySources      : Adding [integrationTest] PropertySource with lowest search precedence
2014-11-03 00:08:49.201 DEBUG 22732 --- [           main] o.s.core.env.MutablePropertySources      : Adding [applicationConfig: [classpath:/application.properties]] PropertySource with lowest search precedence
2014-11-03 00:08:49.201 DEBUG 22732 --- [           main] o.s.core.env.MutablePropertySources      : Adding [localProperties] PropertySource with lowest search precedence
2014-11-03 00:08:49.201 DEBUG 22732 --- [           main] o.s.c.e.PropertySourcesPropertyResolver  : Searching for key 'springDatasourceUrl' in [systemProperties]
2014-11-03 00:08:49.201 DEBUG 22732 --- [           main] o.s.c.e.PropertySourcesPropertyResolver  : Searching for key 'springDatasourceUrl' in [systemEnvironment]
2014-11-03 00:08:49.201 DEBUG 22732 --- [           main] o.s.c.e.PropertySourcesPropertyResolver  : Searching for key 'springDatasourceUrl' in [random]
2014-11-03 00:08:49.201 DEBUG 22732 --- [           main] o.s.c.e.PropertySourcesPropertyResolver  : Searching for key 'springDatasourceUrl' in [integrationTest]
2014-11-03 00:08:49.201 DEBUG 22732 --- [           main] o.s.c.e.PropertySourcesPropertyResolver  : Searching for key 'springDatasourceUrl' in [applicationConfig: [classpath:/application.properties]]
2014-11-03 00:08:49.201 DEBUG 22732 --- [           main] o.s.c.e.PropertySourcesPropertyResolver  : Searching for key 'springDatasourceUrl' in [localProperties]
2014-11-03 00:08:49.201 DEBUG 22732 --- [           main] o.s.c.e.PropertySourcesPropertyResolver  : Could not find key 'springDatasourceUrl' in any property source. Returning [null]
2014-11-03 00:08:49.201 DEBUG 22732 --- [           main] o.s.core.env.MutablePropertySources      : Adding [systemProperties] PropertySource with lowest search precedence
2014-11-03 00:08:49.201 DEBUG 22732 --- [           main] o.s.core.env.MutablePropertySources      : Adding [systemEnvironment] PropertySource with lowest search precedence
2014-11-03 00:08:49.201 DEBUG 22732 --- [           main] o.s.core.env.MutablePropertySources      : Adding [random] PropertySource with lowest search precedence
2014-11-03 00:08:49.202 DEBUG 22732 --- [           main] o.s.core.env.MutablePropertySources      : Adding [integrationTest] PropertySource with lowest search precedence
2014-11-03 00:08:49.202 DEBUG 22732 --- [           main] o.s.core.env.MutablePropertySources      : Adding [applicationConfig: [classpath:/application.properties]] PropertySource with lowest search precedence
2014-11-03 00:08:49.202 DEBUG 22732 --- [           main] o.s.core.env.MutablePropertySources      : Adding [localProperties] PropertySource with lowest search precedence
2014-11-03 00:08:49.202 DEBUG 22732 --- [           main] o.s.c.e.PropertySourcesPropertyResolver  : Searching for key 'spring.datasource.username' in [systemProperties]
2014-11-03 00:08:49.202 DEBUG 22732 --- [           main] o.s.c.e.PropertySourcesPropertyResolver  : Searching for key 'spring.datasource.username' in [systemEnvironment]
2014-11-03 00:08:49.202 DEBUG 22732 --- [           main] o.s.c.e.PropertySourcesPropertyResolver  : Searching for key 'spring.datasource.username' in [random]
2014-11-03 00:08:49.202 DEBUG 22732 --- [           main] o.s.c.e.PropertySourcesPropertyResolver  : Searching for key 'spring.datasource.username' in [integrationTest]
2014-11-03 00:08:49.202 DEBUG 22732 --- [           main] o.s.c.e.PropertySourcesPropertyResolver  : Searching for key 'spring.datasource.username' in [applicationConfig: [classpath:/application.properties]]
2014-11-03 00:08:49.202 DEBUG 22732 --- [           main] o.s.c.e.PropertySourcesPropertyResolver  : Searching for key 'spring.datasource.username' in [localProperties]
2014-11-03 00:08:49.202 DEBUG 22732 --- [           main] o.s.c.e.PropertySourcesPropertyResolver  : Could not find key 'spring.datasource.username' in any property source. Returning [null]
2014-11-03 00:08:49.202 DEBUG 22732 --- [           main] o.s.core.env.MutablePropertySources      : Adding [systemProperties] PropertySource with lowest search precedence
2014-11-03 00:08:49.202 DEBUG 22732 --- [           main] o.s.core.env.MutablePropertySources      : Adding [systemEnvironment] PropertySource with lowest search precedence
2014-11-03 00:08:49.202 DEBUG 22732 --- [           main] o.s.core.env.MutablePropertySources      : Adding [random] PropertySource with lowest search precedence
2014-11-03 00:08:49.202 DEBUG 22732 --- [           main] o.s.core.env.MutablePropertySources      : Adding [integrationTest] PropertySource with lowest search precedence
2014-11-03 00:08:49.202 DEBUG 22732 --- [           main] o.s.core.env.MutablePropertySources      : Adding [applicationConfig: [classpath:/application.properties]] PropertySource with lowest search precedence
2014-11-03 00:08:49.202 DEBUG 22732 --- [           main] o.s.core.env.MutablePropertySources      : Adding [localProperties] PropertySource with lowest search precedence
2014-11-03 00:08:49.202 DEBUG 22732 --- [           main] o.s.c.e.PropertySourcesPropertyResolver  : Searching for key 'spring.datasource.continueonerror' in [systemProperties]
2014-11-03 00:08:49.203 DEBUG 22732 --- [           main] o.s.c.e.PropertySourcesPropertyResolver  : Searching for key 'spring.datasource.continueonerror' in [systemEnvironment]
2014-11-03 00:08:49.203 DEBUG 22732 --- [           main] o.s.c.e.PropertySourcesPropertyResolver  : Searching for key 'spring.datasource.continueonerror' in [random]
2014-11-03 00:08:49.203 DEBUG 22732 --- [           main] o.s.c.e.PropertySourcesPropertyResolver  : Searching for key 'spring.datasource.continueonerror' in [integrationTest]
2014-11-03 00:08:49.203 DEBUG 22732 --- [           main] o.s.c.e.PropertySourcesPropertyResolver  : Searching for key 'spring.datasource.continueonerror' in [applicationConfig: [classpath:/application.properties]]
2014-11-03 00:08:49.209 DEBUG 22732 --- [           main] o.s.c.e.PropertySourcesPropertyResolver  : Searching for key 'spring.datasource.continueonerror' in [localProperties]
2014-11-03 00:08:49.209 DEBUG 22732 --- [           main] o.s.c.e.PropertySourcesPropertyResolver  : Could not find key 'spring.datasource.continueonerror' in any property source. Returning [null]
2014-11-03 00:08:49.209 DEBUG 22732 --- [           main] o.s.core.env.MutablePropertySources      : Adding [systemProperties] PropertySource with lowest search precedence
2014-11-03 00:08:49.209 DEBUG 22732 --- [           main] o.s.core.env.MutablePropertySources      : Adding [systemEnvironment] PropertySource with lowest search precedence
2014-11-03 00:08:49.209 DEBUG 22732 --- [           main] o.s.core.env.MutablePropertySources      : Adding [random] PropertySource with lowest search precedence
2014-11-03 00:08:49.209 DEBUG 22732 --- [           main] o.s.core.env.MutablePropertySources      : Adding [integrationTest] PropertySource with lowest search precedence
2014-11-03 00:08:49.209 DEBUG 22732 --- [           main] o.s.core.env.MutablePropertySources      : Adding [applicationConfig: [classpath:/application.properties]] PropertySource with lowest search precedence
2014-11-03 00:08:49.209 DEBUG 22732 --- [           main] o.s.core.env.MutablePropertySources      : Adding [localProperties] PropertySource with lowest search precedence
2014-11-03 00:08:49.209 DEBUG 22732 --- [           main] o.s.c.e.PropertySourcesPropertyResolver  : Searching for key 'spring.datasource.schema' in [systemProperties]
2014-11-03 00:08:49.209 DEBUG 22732 --- [           main] o.s.c.e.PropertySourcesPropertyResolver  : Searching for key 'spring.datasource.schema' in [systemEnvironment]
2014-11-03 00:08:49.209 DEBUG 22732 --- [           main] o.s.c.e.PropertySourcesPropertyResolver  : Searching for key 'spring.datasource.schema' in [random]
2014-11-03 00:08:49.209 DEBUG 22732 --- [           main] o.s.c.e.PropertySourcesPropertyResolver  : Searching for key 'spring.datasource.schema' in [integrationTest]
2014-11-03 00:08:49.209 DEBUG 22732 --- [           main] o.s.c.e.PropertySourcesPropertyResolver  : Searching for key 'spring.datasource.schema' in [applicationConfig: [classpath:/application.properties]]
2014-11-03 00:08:49.209 DEBUG 22732 --- [           main] o.s.c.e.PropertySourcesPropertyResolver  : Searching for key 'spring.datasource.schema' in [localProperties]
2014-11-03 00:08:49.209 DEBUG 22732 --- [           main] o.s.c.e.PropertySourcesPropertyResolver  : Could not find key 'spring.datasource.schema' in any property source. Returning [null]
2014-11-03 00:08:49.210 DEBUG 22732 --- [           main] o.s.core.env.MutablePropertySources      : Adding [systemProperties] PropertySource with lowest search precedence
2014-11-03 00:08:49.210 DEBUG 22732 --- [           main] o.s.core.env.MutablePropertySources      : Adding [systemEnvironment] PropertySource with lowest search precedence
2014-11-03 00:08:49.210 DEBUG 22732 --- [           main] o.s.core.env.MutablePropertySources      : Adding [random] PropertySource with lowest search precedence
2014-11-03 00:08:49.210 DEBUG 22732 --- [           main] o.s.core.env.MutablePropertySources      : Adding [integrationTest] PropertySource with lowest search precedence
2014-11-03 00:08:49.210 DEBUG 22732 --- [           main] o.s.core.env.MutablePropertySources      : Adding [applicationConfig: [classpath:/application.properties]] PropertySource with lowest search precedence
2014-11-03 00:08:49.210 DEBUG 22732 --- [           main] o.s.core.env.MutablePropertySources      : Adding [localProperties] PropertySource with lowest search precedence
2014-11-03 00:08:49.210 DEBUG 22732 --- [           main] o.s.c.e.PropertySourcesPropertyResolver  : Searching for key 'SPRING.DATASOURCE.SQLSCRIPTENCODING' in [systemProperties]
2014-11-03 00:08:49.210 DEBUG 22732 --- [           main] o.s.c.e.PropertySourcesPropertyResolver  : Searching for key 'SPRING.DATASOURCE.SQLSCRIPTENCODING' in [systemEnvironment]
2014-11-03 00:08:49.210 DEBUG 22732 --- [           main] o.s.c.e.PropertySourcesPropertyResolver  : Searching for key 'SPRING.DATASOURCE.SQLSCRIPTENCODING' in [random]
2014-11-03 00:08:49.210 DEBUG 22732 --- [           main] o.s.c.e.PropertySourcesPropertyResolver  : Searching for key 'SPRING.DATASOURCE.SQLSCRIPTENCODING' in [integrationTest]
2014-11-03 00:08:49.210 DEBUG 22732 --- [           main] o.s.c.e.PropertySourcesPropertyResolver  : Searching for key 'SPRING.DATASOURCE.SQLSCRIPTENCODING' in [applicationConfig: [classpath:/application.properties]]
2014-11-03 00:08:49.210 DEBUG 22732 --- [           main] o.s.c.e.PropertySourcesPropertyResolver  : Searching for key 'SPRING.DATASOURCE.SQLSCRIPTENCODING' in [localProperties]
2014-11-03 00:08:49.210 DEBUG 22732 --- [           main] o.s.c.e.PropertySourcesPropertyResolver  : Could not find key 'SPRING.DATASOURCE.SQLSCRIPTENCODING' in any property source. Returning [null]
2014-11-03 00:08:49.210 DEBUG 22732 --- [           main] o.s.core.env.MutablePropertySources      : Adding [systemProperties] PropertySource with lowest search precedence
2014-11-03 00:08:49.210 DEBUG 22732 --- [           main] o.s.core.env.MutablePropertySources      : Adding [systemEnvironment] PropertySource with lowest search precedence
2014-11-03 00:08:49.210 DEBUG 22732 --- [           main] o.s.core.env.MutablePropertySources      : Adding [random] PropertySource with lowest search precedence
2014-11-03 00:08:49.210 DEBUG 22732 --- [           main] o.s.core.env.MutablePropertySources      : Adding [integrationTest] PropertySource with lowest search precedence
2014-11-03 00:08:49.210 DEBUG 22732 --- [           main] o.s.core.env.MutablePropertySources      : Adding [applicationConfig: [classpath:/application.properties]] PropertySource with lowest search precedence
2014-11-03 00:08:49.211 DEBUG 22732 --- [           main] o.s.core.env.MutablePropertySources      : Adding [localProperties] PropertySource with lowest search precedence
2014-11-03 00:08:49.211 DEBUG 22732 --- [           main] o.s.c.e.PropertySourcesPropertyResolver  : Searching for key 'springdatasourceplatform' in [systemProperties]
2014-11-03 00:08:49.211 DEBUG 22732 --- [           main] o.s.c.e.PropertySourcesPropertyResolver  : Searching for key 'springdatasourceplatform' in [systemEnvironment]
2014-11-03 00:08:49.211 DEBUG 22732 --- [           main] o.s.c.e.PropertySourcesPropertyResolver  : Searching for key 'springdatasourceplatform' in [random]
2014-11-03 00:08:49.211 DEBUG 22732 --- [           main] o.s.c.e.PropertySourcesPropertyResolver  : Searching for key 'springdatasourceplatform' in [integrationTest]
2014-11-03 00:08:49.211 DEBUG 22732 --- [           main] o.s.c.e.PropertySourcesPropertyResolver  : Searching for key 'springdatasourceplatform' in [applicationConfig: [classpath:/application.properties]]
2014-11-03 00:08:49.211 DEBUG 22732 --- [           main] o.s.c.e.PropertySourcesPropertyResolver  : Searching for key 'springdatasourceplatform' in [localProperties]
2014-11-03 00:08:49.211 DEBUG 22732 --- [           main] o.s.c.e.PropertySourcesPropertyResolver  : Could not find key 'springdatasourceplatform' in any property source. Returning [null]
2014-11-03 00:08:49.211 DEBUG 22732 --- [           main] o.s.core.env.MutablePropertySources      : Adding [systemProperties] PropertySource with lowest search precedence
2014-11-03 00:08:49.211 DEBUG 22732 --- [           main] o.s.core.env.MutablePropertySources      : Adding [systemEnvironment] PropertySource with lowest search precedence
2014-11-03 00:08:49.211 DEBUG 22732 --- [           main] o.s.core.env.MutablePropertySources      : Adding [random] PropertySource with lowest search precedence
2014-11-03 00:08:49.211 DEBUG 22732 --- [           main] o.s.core.env.MutablePropertySources      : Adding [integrationTest] PropertySource with lowest search precedence
2014-11-03 00:08:49.211 DEBUG 22732 --- [           main] o.s.core.env.MutablePropertySources      : Adding [applicationConfig: [classpath:/application.properties]] PropertySource with lowest search precedence
2014-11-03 00:08:49.211 DEBUG 22732 --- [           main] o.s.core.env.MutablePropertySources      : Adding [localProperties] PropertySource with lowest search precedence
2014-11-03 00:08:49.211 DEBUG 22732 --- [           main] o.s.c.e.PropertySourcesPropertyResolver  : Searching for key 'spring_datasource_sqlscriptencoding' in [systemProperties]
2014-11-03 00:08:49.211 DEBUG 22732 --- [           main] o.s.c.e.PropertySourcesPropertyResolver  : Searching for key 'spring_datasource_sqlscriptencoding' in [systemEnvironment]
2014-11-03 00:08:49.211 DEBUG 22732 --- [           main] o.s.c.e.PropertySourcesPropertyResolver  : Searching for key 'spring_datasource_sqlscriptencoding' in [random]
2014-11-03 00:08:49.211 DEBUG 22732 --- [           main] o.s.c.e.PropertySourcesPropertyResolver  : Searching for key 'spring_datasource_sqlscriptencoding' in [integrationTest]
2014-11-03 00:08:49.211 DEBUG 22732 --- [           main] o.s.c.e.PropertySourcesPropertyResolver  : Searching for key 'spring_datasource_sqlscriptencoding' in [applicationConfig: [classpath:/application.properties]]
2014-11-03 00:08:49.212 DEBUG 22732 --- [           main] o.s.c.e.PropertySourcesPropertyResolver  : Searching for key 'spring_datasource_sqlscriptencoding' in [localProperties]
2014-11-03 00:08:49.212 DEBUG 22732 --- [           main] o.s.c.e.PropertySourcesPropertyResolver  : Could not find key 'spring_datasource_sqlscriptencoding' in any property source. Returning [null]
2014-11-03 00:08:49.212 DEBUG 22732 --- [           main] o.s.core.env.MutablePropertySources      : Adding [systemProperties] PropertySource with lowest search precedence
2014-11-03 00:08:49.212 DEBUG 22732 --- [           main] o.s.core.env.MutablePropertySources      : Adding [systemEnvironment] PropertySource with lowest search precedence
2014-11-03 00:08:49.212 DEBUG 22732 --- [           main] o.s.core.env.MutablePropertySources      : Adding [random] PropertySource with lowest search precedence
2014-11-03 00:08:49.212 DEBUG 22732 --- [           main] o.s.core.env.MutablePropertySources      : Adding [integrationTest] PropertySource with lowest search precedence
2014-11-03 00:08:49.212 DEBUG 22732 --- [           main] o.s.core.env.MutablePropertySources      : Adding [applicationConfig: [classpath:/application.properties]] PropertySource with lowest search precedence
2014-11-03 00:08:49.212 DEBUG 22732 --- [           main] o.s.core.env.MutablePropertySources      : Adding [localProperties] PropertySource with lowest search precedence
2014-11-03 00:08:49.212 DEBUG 22732 --- [           main] o.s.c.e.PropertySourcesPropertyResolver  : Searching for key 'spring.datasource.continueOnError' in [systemProperties]
2014-11-03 00:08:49.212 DEBUG 22732 --- [           main] o.s.c.e.PropertySourcesPropertyResolver  : Searching for key 'spring.datasource.continueOnError' in [systemEnvironment]
2014-11-03 00:08:49.212 DEBUG 22732 --- [           main] o.s.c.e.PropertySourcesPropertyResolver  : Searching for key 'spring.datasource.continueOnError' in [random]
2014-11-03 00:08:49.212 DEBUG 22732 --- [           main] o.s.c.e.PropertySourcesPropertyResolver  : Searching for key 'spring.datasource.continueOnError' in [integrationTest]
2014-11-03 00:08:49.212 DEBUG 22732 --- [           main] o.s.c.e.PropertySourcesPropertyResolver  : Searching for key 'spring.datasource.continueOnError' in [applicationConfig: [classpath:/application.properties]]
2014-11-03 00:08:49.212 DEBUG 22732 --- [           main] o.s.c.e.PropertySourcesPropertyResolver  : Searching for key 'spring.datasource.continueOnError' in [localProperties]
2014-11-03 00:08:49.212 DEBUG 22732 --- [           main] o.s.c.e.PropertySourcesPropertyResolver  : Could not find key 'spring.datasource.continueOnError' in any property source. Returning [null]
2014-11-03 00:08:49.212 DEBUG 22732 --- [           main] o.s.core.env.MutablePropertySources      : Adding [systemProperties] PropertySource with lowest search precedence
2014-11-03 00:08:49.212 DEBUG 22732 --- [           main] o.s.core.env.MutablePropertySources      : Adding [systemEnvironment] PropertySource with lowest search precedence
2014-11-03 00:08:49.212 DEBUG 22732 --- [           main] o.s.core.env.MutablePropertySources      : Adding [random] PropertySource with lowest search precedence
2014-11-03 00:08:49.213 DEBUG 22732 --- [           main] o.s.core.env.MutablePropertySources      : Adding [integrationTest] PropertySource with lowest search precedence
2014-11-03 00:08:49.213 DEBUG 22732 --- [           main] o.s.core.env.MutablePropertySources      : Adding [applicationConfig: [classpath:/application.properties]] PropertySource with lowest search precedence
2014-11-03 00:08:49.213 DEBUG 22732 --- [           main] o.s.core.env.MutablePropertySources      : Adding [localProperties] PropertySource with lowest search precedence
2014-11-03 00:08:49.213 DEBUG 22732 --- [           main] o.s.c.e.PropertySourcesPropertyResolver  : Searching for key 'SPRING_DATASOURCE_URL' in [systemProperties]
2014-11-03 00:08:49.213 DEBUG 22732 --- [           main] o.s.c.e.PropertySourcesPropertyResolver  : Searching for key 'SPRING_DATASOURCE_URL' in [systemEnvironment]
2014-11-03 00:08:49.213 DEBUG 22732 --- [           main] o.s.c.e.PropertySourcesPropertyResolver  : Searching for key 'SPRING_DATASOURCE_URL' in [random]
2014-11-03 00:08:49.213 DEBUG 22732 --- [           main] o.s.c.e.PropertySourcesPropertyResolver  : Searching for key 'SPRING_DATASOURCE_URL' in [integrationTest]
2014-11-03 00:08:49.213 DEBUG 22732 --- [           main] o.s.c.e.PropertySourcesPropertyResolver  : Searching for key 'SPRING_DATASOURCE_URL' in [applicationConfig: [classpath:/application.properties]]
2014-11-03 00:08:49.213 DEBUG 22732 --- [           main] o.s.c.e.PropertySourcesPropertyResolver  : Searching for key 'SPRING_DATASOURCE_URL' in [localProperties]
2014-11-03 00:08:49.213 DEBUG 22732 --- [           main] o.s.c.e.PropertySourcesPropertyResolver  : Could not find key 'SPRING_DATASOURCE_URL' in any property source. Returning [null]
2014-11-03 00:08:49.213 DEBUG 22732 --- [           main] o.s.core.env.MutablePropertySources      : Adding [systemProperties] PropertySource with lowest search precedence
2014-11-03 00:08:49.216 DEBUG 22732 --- [           main] o.s.core.env.MutablePropertySources      : Adding [systemEnvironment] PropertySource with lowest search precedence
2014-11-03 00:08:49.217 DEBUG 22732 --- [           main] o.s.core.env.MutablePropertySources      : Adding [random] PropertySource with lowest search precedence
2014-11-03 00:08:49.218 DEBUG 22732 --- [           main] o.s.core.env.MutablePropertySources      : Adding [integrationTest] PropertySource with lowest search precedence
2014-11-03 00:08:49.218 DEBUG 22732 --- [           main] o.s.core.env.MutablePropertySources      : Adding [applicationConfig: [classpath:/application.properties]] PropertySource with lowest search precedence
2014-11-03 00:08:49.218 DEBUG 22732 --- [           main] o.s.core.env.MutablePropertySources      : Adding [localProperties] PropertySource with lowest search precedence
2014-11-03 00:08:49.218 DEBUG 22732 --- [           main] o.s.c.e.PropertySourcesPropertyResolver  : Searching for key 'springDatasourcePassword' in [systemProperties]
2014-11-03 00:08:49.218 DEBUG 22732 --- [           main] o.s.c.e.PropertySourcesPropertyResolver  : Searching for key 'springDatasourcePassword' in [systemEnvironment]
2014-11-03 00:08:49.218 DEBUG 22732 --- [           main] o.s.c.e.PropertySourcesPropertyResolver  : Searching for key 'springDatasourcePassword' in [random]
2014-11-03 00:08:49.218 DEBUG 22732 --- [           main] o.s.c.e.PropertySourcesPropertyResolver  : Searching for key 'springDatasourcePassword' in [integrationTest]
2014-11-03 00:08:49.218 DEBUG 22732 --- [           main] o.s.c.e.PropertySourcesPropertyResolver  : Searching for key 'springDatasourcePassword' in [applicationConfig: [classpath:/application.properties]]
2014-11-03 00:08:49.218 DEBUG 22732 --- [           main] o.s.c.e.PropertySourcesPropertyResolver  : Searching for key 'springDatasourcePassword' in [localProperties]
2014-11-03 00:08:49.218 DEBUG 22732 --- [           main] o.s.c.e.PropertySourcesPropertyResolver  : Could not find key 'springDatasourcePassword' in any property source. Returning [null]
2014-11-03 00:08:49.218 DEBUG 22732 --- [           main] o.s.core.env.MutablePropertySources      : Adding [systemProperties] PropertySource with lowest search precedence
2014-11-03 00:08:49.218 DEBUG 22732 --- [           main] o.s.core.env.MutablePropertySources      : Adding [systemEnvironment] PropertySource with lowest search precedence
2014-11-03 00:08:49.218 DEBUG 22732 --- [           main] o.s.core.env.MutablePropertySources      : Adding [random] PropertySource with lowest search precedence
2014-11-03 00:08:49.218 DEBUG 22732 --- [           main] o.s.core.env.MutablePropertySources      : Adding [integrationTest] PropertySource with lowest search precedence
2014-11-03 00:08:49.218 DEBUG 22732 --- [           main] o.s.core.env.MutablePropertySources      : Adding [applicationConfig: [classpath:/application.properties]] PropertySource with lowest search precedence
2014-11-03 00:08:49.219 DEBUG 22732 --- [           main] o.s.core.env.MutablePropertySources      : Adding [localProperties] PropertySource with lowest search precedence
2014-11-03 00:08:49.219 DEBUG 22732 --- [           main] o.s.c.e.PropertySourcesPropertyResolver  : Searching for key 'SPRING.DATASOURCE.DATA' in [systemProperties]
2014-11-03 00:08:49.219 DEBUG 22732 --- [           main] o.s.c.e.PropertySourcesPropertyResolver  : Searching for key 'SPRING.DATASOURCE.DATA' in [systemEnvironment]
2014-11-03 00:08:49.219 DEBUG 22732 --- [           main] o.s.c.e.PropertySourcesPropertyResolver  : Searching for key 'SPRING.DATASOURCE.DATA' in [random]
2014-11-03 00:08:49.219 DEBUG 22732 --- [           main] o.s.c.e.PropertySourcesPropertyResolver  : Searching for key 'SPRING.DATASOURCE.DATA' in [integrationTest]
2014-11-03 00:08:49.219 DEBUG 22732 --- [           main] o.s.c.e.PropertySourcesPropertyResolver  : Searching for key 'SPRING.DATASOURCE.DATA' in [applicationConfig: [classpath:/application.properties]]
2014-11-03 00:08:49.219 DEBUG 22732 --- [           main] o.s.c.e.PropertySourcesPropertyResolver  : Searching for key 'SPRING.DATASOURCE.DATA' in [localProperties]
2014-11-03 00:08:49.219 DEBUG 22732 --- [           main] o.s.c.e.PropertySourcesPropertyResolver  : Could not find key 'SPRING.DATASOURCE.DATA' in any property source. Returning [null]
2014-11-03 00:08:49.219 DEBUG 22732 --- [           main] o.s.core.env.MutablePropertySources      : Adding [systemProperties] PropertySource with lowest search precedence
2014-11-03 00:08:49.219 DEBUG 22732 --- [           main] o.s.core.env.MutablePropertySources      : Adding [systemEnvironment] PropertySource with lowest search precedence
2014-11-03 00:08:49.219 DEBUG 22732 --- [           main] o.s.core.env.MutablePropertySources      : Adding [random] PropertySource with lowest search precedence
2014-11-03 00:08:49.219 DEBUG 22732 --- [           main] o.s.core.env.MutablePropertySources      : Adding [integrationTest] PropertySource with lowest search precedence
2014-11-03 00:08:49.219 DEBUG 22732 --- [           main] o.s.core.env.MutablePropertySources      : Adding [applicationConfig: [classpath:/application.properties]] PropertySource with lowest search precedence
2014-11-03 00:08:49.220 DEBUG 22732 --- [           main] o.s.core.env.MutablePropertySources      : Adding [localProperties] PropertySource with lowest search precedence
2014-11-03 00:08:49.220 DEBUG 22732 --- [           main] o.s.c.e.PropertySourcesPropertyResolver  : Searching for key 'SPRING_DATASOURCE_SEPARATOR' in [systemProperties]
2014-11-03 00:08:49.220 DEBUG 22732 --- [           main] o.s.c.e.PropertySourcesPropertyResolver  : Searching for key 'SPRING_DATASOURCE_SEPARATOR' in [systemEnvironment]
2014-11-03 00:08:49.220 DEBUG 22732 --- [           main] o.s.c.e.PropertySourcesPropertyResolver  : Searching for key 'SPRING_DATASOURCE_SEPARATOR' in [random]
2014-11-03 00:08:49.221 DEBUG 22732 --- [           main] o.s.c.e.PropertySourcesPropertyResolver  : Searching for key 'SPRING_DATASOURCE_SEPARATOR' in [integrationTest]
2014-11-03 00:08:49.221 DEBUG 22732 --- [           main] o.s.c.e.PropertySourcesPropertyResolver  : Searching for key 'SPRING_DATASOURCE_SEPARATOR' in [applicationConfig: [classpath:/application.properties]]
2014-11-03 00:08:49.221 DEBUG 22732 --- [           main] o.s.c.e.PropertySourcesPropertyResolver  : Searching for key 'SPRING_DATASOURCE_SEPARATOR' in [localProperties]
2014-11-03 00:08:49.221 DEBUG 22732 --- [           main] o.s.c.e.PropertySourcesPropertyResolver  : Could not find key 'SPRING_DATASOURCE_SEPARATOR' in any property source. Returning [null]
2014-11-03 00:08:49.221 DEBUG 22732 --- [           main] o.s.core.env.MutablePropertySources      : Adding [systemProperties] PropertySource with lowest search precedence
2014-11-03 00:08:49.221 DEBUG 22732 --- [           main] o.s.core.env.MutablePropertySources      : Adding [systemEnvironment] PropertySource with lowest search precedence
2014-11-03 00:08:49.221 DEBUG 22732 --- [           main] o.s.core.env.MutablePropertySources      : Adding [random] PropertySource with lowest search precedence
2014-11-03 00:08:49.221 DEBUG 22732 --- [           main] o.s.core.env.MutablePropertySources      : Adding [integrationTest] PropertySource with lowest search precedence
2014-11-03 00:08:49.221 DEBUG 22732 --- [           main] o.s.core.env.MutablePropertySources      : Adding [applicationConfig: [classpath:/application.properties]] PropertySource with lowest search precedence
2014-11-03 00:08:49.221 DEBUG 22732 --- [           main] o.s.core.env.MutablePropertySources      : Adding [localProperties] PropertySource with lowest search precedence
2014-11-03 00:08:49.221 DEBUG 22732 --- [           main] o.s.c.e.PropertySourcesPropertyResolver  : Searching for key 'springdatasourceusername' in [systemProperties]
2014-11-03 00:08:49.221 DEBUG 22732 --- [           main] o.s.c.e.PropertySourcesPropertyResolver  : Searching for key 'springdatasourceusername' in [systemEnvironment]
2014-11-03 00:08:49.222 DEBUG 22732 --- [           main] o.s.c.e.PropertySourcesPropertyResolver  : Searching for key 'springdatasourceusername' in [random]
2014-11-03 00:08:49.222 DEBUG 22732 --- [           main] o.s.c.e.PropertySourcesPropertyResolver  : Searching for key 'springdatasourceusername' in [integrationTest]
2014-11-03 00:08:49.222 DEBUG 22732 --- [           main] o.s.c.e.PropertySourcesPropertyResolver  : Searching for key 'springdatasourceusername' in [applicationConfig: [classpath:/application.properties]]
2014-11-03 00:08:49.222 DEBUG 22732 --- [           main] o.s.c.e.PropertySourcesPropertyResolver  : Searching for key 'springdatasourceusername' in [localProperties]
2014-11-03 00:08:49.222 DEBUG 22732 --- [           main] o.s.c.e.PropertySourcesPropertyResolver  : Could not find key 'springdatasourceusername' in any property source. Returning [null]
2014-11-03 00:08:49.222 DEBUG 22732 --- [           main] o.s.core.env.MutablePropertySources      : Adding [systemProperties] PropertySource with lowest search precedence
2014-11-03 00:08:49.222 DEBUG 22732 --- [           main] o.s.core.env.MutablePropertySources      : Adding [systemEnvironment] PropertySource with lowest search precedence
2014-11-03 00:08:49.222 DEBUG 22732 --- [           main] o.s.core.env.MutablePropertySources      : Adding [random] PropertySource with lowest search precedence
2014-11-03 00:08:49.223 DEBUG 22732 --- [           main] o.s.core.env.MutablePropertySources      : Adding [integrationTest] PropertySource with lowest search precedence
2014-11-03 00:08:49.223 DEBUG 22732 --- [           main] o.s.core.env.MutablePropertySources      : Adding [applicationConfig: [classpath:/application.properties]] PropertySource with lowest search precedence
2014-11-03 00:08:49.223 DEBUG 22732 --- [           main] o.s.core.env.MutablePropertySources      : Adding [localProperties] PropertySource with lowest search precedence
2014-11-03 00:08:49.223 DEBUG 22732 --- [           main] o.s.c.e.PropertySourcesPropertyResolver  : Searching for key 'spring_datasource_schema' in [systemProperties]
2014-11-03 00:08:49.223 DEBUG 22732 --- [           main] o.s.c.e.PropertySourcesPropertyResolver  : Searching for key 'spring_datasource_schema' in [systemEnvironment]
2014-11-03 00:08:49.223 DEBUG 22732 --- [           main] o.s.c.e.PropertySourcesPropertyResolver  : Searching for key 'spring_datasource_schema' in [random]
2014-11-03 00:08:49.223 DEBUG 22732 --- [           main] o.s.c.e.PropertySourcesPropertyResolver  : Searching for key 'spring_datasource_schema' in [integrationTest]
2014-11-03 00:08:49.223 DEBUG 22732 --- [           main] o.s.c.e.PropertySourcesPropertyResolver  : Searching for key 'spring_datasource_schema' in [applicationConfig: [classpath:/application.properties]]
2014-11-03 00:08:49.223 DEBUG 22732 --- [           main] o.s.c.e.PropertySourcesPropertyResolver  : Searching for key 'spring_datasource_schema' in [localProperties]
2014-11-03 00:08:49.223 DEBUG 22732 --- [           main] o.s.c.e.PropertySourcesPropertyResolver  : Could not find key 'spring_datasource_schema' in any property source. Returning [null]
2014-11-03 00:08:49.223 DEBUG 22732 --- [           main] o.s.core.env.MutablePropertySources      : Adding [systemProperties] PropertySource with lowest search precedence
2014-11-03 00:08:49.223 DEBUG 22732 --- [           main] o.s.core.env.MutablePropertySources      : Adding [systemEnvironment] PropertySource with lowest search precedence
2014-11-03 00:08:49.223 DEBUG 22732 --- [           main] o.s.core.env.MutablePropertySources      : Adding [random] PropertySource with lowest search precedence
2014-11-03 00:08:49.223 DEBUG 22732 --- [           main] o.s.core.env.MutablePropertySources      : Adding [integrationTest] PropertySource with lowest search precedence
2014-11-03 00:08:49.223 DEBUG 22732 --- [           main] o.s.core.env.MutablePropertySources      : Adding [applicationConfig: [classpath:/application.properties]] PropertySource with lowest search precedence
2014-11-03 00:08:49.224 DEBUG 22732 --- [           main] o.s.core.env.MutablePropertySources      : Adding [localProperties] PropertySource with lowest search precedence
2014-11-03 00:08:49.224 DEBUG 22732 --- [           main] o.s.c.e.PropertySourcesPropertyResolver  : Searching for key 'SPRING.DATASOURCE.BEAN_CLASS_LOADER' in [systemProperties]
2014-11-03 00:08:49.224 DEBUG 22732 --- [           main] o.s.c.e.PropertySourcesPropertyResolver  : Searching for key 'SPRING.DATASOURCE.BEAN_CLASS_LOADER' in [systemEnvironment]
2014-11-03 00:08:49.224 DEBUG 22732 --- [           main] o.s.c.e.PropertySourcesPropertyResolver  : Searching for key 'SPRING.DATASOURCE.BEAN_CLASS_LOADER' in [random]
2014-11-03 00:08:49.224 DEBUG 22732 --- [           main] o.s.c.e.PropertySourcesPropertyResolver  : Searching for key 'SPRING.DATASOURCE.BEAN_CLASS_LOADER' in [integrationTest]
2014-11-03 00:08:49.224 DEBUG 22732 --- [           main] o.s.c.e.PropertySourcesPropertyResolver  : Searching for key 'SPRING.DATASOURCE.BEAN_CLASS_LOADER' in [applicationConfig: [classpath:/application.properties]]
2014-11-03 00:08:49.224 DEBUG 22732 --- [           main] o.s.c.e.PropertySourcesPropertyResolver  : Searching for key 'SPRING.DATASOURCE.BEAN_CLASS_LOADER' in [localProperties]
2014-11-03 00:08:49.224 DEBUG 22732 --- [           main] o.s.c.e.PropertySourcesPropertyResolver  : Could not find key 'SPRING.DATASOURCE.BEAN_CLASS_LOADER' in any property source. Returning [null]
2014-11-03 00:08:49.225 DEBUG 22732 --- [           main] o.s.core.env.MutablePropertySources      : Adding [systemProperties] PropertySource with lowest search precedence
2014-11-03 00:08:49.225 DEBUG 22732 --- [           main] o.s.core.env.MutablePropertySources      : Adding [systemEnvironment] PropertySource with lowest search precedence
2014-11-03 00:08:49.225 DEBUG 22732 --- [           main] o.s.core.env.MutablePropertySources      : Adding [random] PropertySource with lowest search precedence
2014-11-03 00:08:49.225 DEBUG 22732 --- [           main] o.s.core.env.MutablePropertySources      : Adding [integrationTest] PropertySource with lowest search precedence
2014-11-03 00:08:49.225 DEBUG 22732 --- [           main] o.s.core.env.MutablePropertySources      : Adding [applicationConfig: [classpath:/application.properties]] PropertySource with lowest search precedence
2014-11-03 00:08:49.225 DEBUG 22732 --- [           main] o.s.core.env.MutablePropertySources      : Adding [localProperties] PropertySource with lowest search precedence
2014-11-03 00:08:49.225 DEBUG 22732 --- [           main] o.s.c.e.PropertySourcesPropertyResolver  : Searching for key 'SPRING_DATASOURCE_PASSWORD' in [systemProperties]
2014-11-03 00:08:49.225 DEBUG 22732 --- [           main] o.s.c.e.PropertySourcesPropertyResolver  : Searching for key 'SPRING_DATASOURCE_PASSWORD' in [systemEnvironment]
2014-11-03 00:08:49.225 DEBUG 22732 --- [           main] o.s.c.e.PropertySourcesPropertyResolver  : Searching for key 'SPRING_DATASOURCE_PASSWORD' in [random]
2014-11-03 00:08:49.225 DEBUG 22732 --- [           main] o.s.c.e.PropertySourcesPropertyResolver  : Searching for key 'SPRING_DATASOURCE_PASSWORD' in [integrationTest]
2014-11-03 00:08:49.225 DEBUG 22732 --- [           main] o.s.c.e.PropertySourcesPropertyResolver  : Searching for key 'SPRING_DATASOURCE_PASSWORD' in [applicationConfig: [classpath:/application.properties]]
2014-11-03 00:08:49.225 DEBUG 22732 --- [           main] o.s.c.e.PropertySourcesPropertyResolver  : Searching for key 'SPRING_DATASOURCE_PASSWORD' in [localProperties]
2014-11-03 00:08:49.225 DEBUG 22732 --- [           main] o.s.c.e.PropertySourcesPropertyResolver  : Could not find key 'SPRING_DATASOURCE_PASSWORD' in any property source. Returning [null]
2014-11-03 00:08:49.225 DEBUG 22732 --- [           main] o.s.core.env.MutablePropertySources      : Adding [systemProperties] PropertySource with lowest search precedence
2014-11-03 00:08:49.225 DEBUG 22732 --- [           main] o.s.core.env.MutablePropertySources      : Adding [systemEnvironment] PropertySource with lowest search precedence
2014-11-03 00:08:49.226 DEBUG 22732 --- [           main] o.s.core.env.MutablePropertySources      : Adding [random] PropertySource with lowest search precedence
2014-11-03 00:08:49.226 DEBUG 22732 --- [           main] o.s.core.env.MutablePropertySources      : Adding [integrationTest] PropertySource with lowest search precedence
2014-11-03 00:08:49.226 DEBUG 22732 --- [           main] o.s.core.env.MutablePropertySources      : Adding [applicationConfig: [classpath:/application.properties]] PropertySource with lowest search precedence
2014-11-03 00:08:49.226 DEBUG 22732 --- [           main] o.s.core.env.MutablePropertySources      : Adding [localProperties] PropertySource with lowest search precedence
2014-11-03 00:08:49.226 DEBUG 22732 --- [           main] o.s.c.e.PropertySourcesPropertyResolver  : Searching for key 'SPRINGDATASOURCEPLATFORM' in [systemProperties]
2014-11-03 00:08:49.226 DEBUG 22732 --- [           main] o.s.c.e.PropertySourcesPropertyResolver  : Searching for key 'SPRINGDATASOURCEPLATFORM' in [systemEnvironment]
2014-11-03 00:08:49.226 DEBUG 22732 --- [           main] o.s.c.e.PropertySourcesPropertyResolver  : Searching for key 'SPRINGDATASOURCEPLATFORM' in [random]
2014-11-03 00:08:49.226 DEBUG 22732 --- [           main] o.s.c.e.PropertySourcesPropertyResolver  : Searching for key 'SPRINGDATASOURCEPLATFORM' in [integrationTest]
2014-11-03 00:08:49.226 DEBUG 22732 --- [           main] o.s.c.e.PropertySourcesPropertyResolver  : Searching for key 'SPRINGDATASOURCEPLATFORM' in [applicationConfig: [classpath:/application.properties]]
2014-11-03 00:08:49.226 DEBUG 22732 --- [           main] o.s.c.e.PropertySourcesPropertyResolver  : Searching for key 'SPRINGDATASOURCEPLATFORM' in [localProperties]
2014-11-03 00:08:49.226 DEBUG 22732 --- [           main] o.s.c.e.PropertySourcesPropertyResolver  : Could not find key 'SPRINGDATASOURCEPLATFORM' in any property source. Returning [null]
2014-11-03 00:08:49.226 DEBUG 22732 --- [           main] o.s.core.env.MutablePropertySources      : Adding [systemProperties] PropertySource with lowest search precedence
2014-11-03 00:08:49.226 DEBUG 22732 --- [           main] o.s.core.env.MutablePropertySources      : Adding [systemEnvironment] PropertySource with lowest search precedence
2014-11-03 00:08:49.226 DEBUG 22732 --- [           main] o.s.core.env.MutablePropertySources      : Adding [random] PropertySource with lowest search precedence
2014-11-03 00:08:49.226 DEBUG 22732 --- [           main] o.s.core.env.MutablePropertySources      : Adding [integrationTest] PropertySource with lowest search precedence
2014-11-03 00:08:49.227 DEBUG 22732 --- [           main] o.s.core.env.MutablePropertySources      : Adding [applicationConfig: [classpath:/application.properties]] PropertySource with lowest search precedence
2014-11-03 00:08:49.227 DEBUG 22732 --- [           main] o.s.core.env.MutablePropertySources      : Adding [localProperties] PropertySource with lowest search precedence
2014-11-03 00:08:49.227 DEBUG 22732 --- [           main] o.s.c.e.PropertySourcesPropertyResolver  : Searching for key 'SPRING.DATASOURCE.DRIVER_CLASS_NAME' in [systemProperties]
2014-11-03 00:08:49.227 DEBUG 22732 --- [           main] o.s.c.e.PropertySourcesPropertyResolver  : Searching for key 'SPRING.DATASOURCE.DRIVER_CLASS_NAME' in [systemEnvironment]
2014-11-03 00:08:49.227 DEBUG 22732 --- [           main] o.s.c.e.PropertySourcesPropertyResolver  : Searching for key 'SPRING.DATASOURCE.DRIVER_CLASS_NAME' in [random]
2014-11-03 00:08:49.227 DEBUG 22732 --- [           main] o.s.c.e.PropertySourcesPropertyResolver  : Searching for key 'SPRING.DATASOURCE.DRIVER_CLASS_NAME' in [integrationTest]
2014-11-03 00:08:49.227 DEBUG 22732 --- [           main] o.s.c.e.PropertySourcesPropertyResolver  : Searching for key 'SPRING.DATASOURCE.DRIVER_CLASS_NAME' in [applicationConfig: [classpath:/application.properties]]
2014-11-03 00:08:49.227 DEBUG 22732 --- [           main] o.s.c.e.PropertySourcesPropertyResolver  : Searching for key 'SPRING.DATASOURCE.DRIVER_CLASS_NAME' in [localProperties]
2014-11-03 00:08:49.227 DEBUG 22732 --- [           main] o.s.c.e.PropertySourcesPropertyResolver  : Could not find key 'SPRING.DATASOURCE.DRIVER_CLASS_NAME' in any property source. Returning [null]
2014-11-03 00:08:49.227 DEBUG 22732 --- [           main] o.s.core.env.MutablePropertySources      : Adding [systemProperties] PropertySource with lowest search precedence
2014-11-03 00:08:49.227 DEBUG 22732 --- [           main] o.s.core.env.MutablePropertySources      : Adding [systemEnvironment] PropertySource with lowest search precedence
2014-11-03 00:08:49.227 DEBUG 22732 --- [           main] o.s.core.env.MutablePropertySources      : Adding [random] PropertySource with lowest search precedence
2014-11-03 00:08:49.228 DEBUG 22732 --- [           main] o.s.core.env.MutablePropertySources      : Adding [integrationTest] PropertySource with lowest search precedence
2014-11-03 00:08:49.228 DEBUG 22732 --- [           main] o.s.core.env.MutablePropertySources      : Adding [applicationConfig: [classpath:/application.properties]] PropertySource with lowest search precedence
2014-11-03 00:08:49.228 DEBUG 22732 --- [           main] o.s.core.env.MutablePropertySources      : Adding [localProperties] PropertySource with lowest search precedence
2014-11-03 00:08:49.228 DEBUG 22732 --- [           main] o.s.c.e.PropertySourcesPropertyResolver  : Searching for key 'spring.datasource.sql_script_encoding' in [systemProperties]
2014-11-03 00:08:49.228 DEBUG 22732 --- [           main] o.s.c.e.PropertySourcesPropertyResolver  : Searching for key 'spring.datasource.sql_script_encoding' in [systemEnvironment]
2014-11-03 00:08:49.228 DEBUG 22732 --- [           main] o.s.c.e.PropertySourcesPropertyResolver  : Searching for key 'spring.datasource.sql_script_encoding' in [random]
2014-11-03 00:08:49.229 DEBUG 22732 --- [           main] o.s.c.e.PropertySourcesPropertyResolver  : Searching for key 'spring.datasource.sql_script_encoding' in [integrationTest]
2014-11-03 00:08:49.229 DEBUG 22732 --- [           main] o.s.c.e.PropertySourcesPropertyResolver  : Searching for key 'spring.datasource.sql_script_encoding' in [applicationConfig: [classpath:/application.properties]]
2014-11-03 00:08:49.229 DEBUG 22732 --- [           main] o.s.c.e.PropertySourcesPropertyResolver  : Searching for key 'spring.datasource.sql_script_encoding' in [localProperties]
2014-11-03 00:08:49.229 DEBUG 22732 --- [           main] o.s.c.e.PropertySourcesPropertyResolver  : Could not find key 'spring.datasource.sql_script_encoding' in any property source. Returning [null]
2014-11-03 00:08:49.229 DEBUG 22732 --- [           main] o.s.core.env.MutablePropertySources      : Adding [systemProperties] PropertySource with lowest search precedence
2014-11-03 00:08:49.229 DEBUG 22732 --- [           main] o.s.core.env.MutablePropertySources      : Adding [systemEnvironment] PropertySource with lowest search precedence
2014-11-03 00:08:49.229 DEBUG 22732 --- [           main] o.s.core.env.MutablePropertySources      : Adding [random] PropertySource with lowest search precedence
2014-11-03 00:08:49.229 DEBUG 22732 --- [           main] o.s.core.env.MutablePropertySources      : Adding [integrationTest] PropertySource with lowest search precedence
2014-11-03 00:08:49.229 DEBUG 22732 --- [           main] o.s.core.env.MutablePropertySources      : Adding [applicationConfig: [classpath:/application.properties]] PropertySource with lowest search precedence
2014-11-03 00:08:49.229 DEBUG 22732 --- [           main] o.s.core.env.MutablePropertySources      : Adding [localProperties] PropertySource with lowest search precedence
2014-11-03 00:08:49.229 DEBUG 22732 --- [           main] o.s.c.e.PropertySourcesPropertyResolver  : Searching for key 'SPRINGDATASOURCEDRIVERCLASSNAME' in [systemProperties]
2014-11-03 00:08:49.229 DEBUG 22732 --- [           main] o.s.c.e.PropertySourcesPropertyResolver  : Searching for key 'SPRINGDATASOURCEDRIVERCLASSNAME' in [systemEnvironment]
2014-11-03 00:08:49.229 DEBUG 22732 --- [           main] o.s.c.e.PropertySourcesPropertyResolver  : Searching for key 'SPRINGDATASOURCEDRIVERCLASSNAME' in [random]
2014-11-03 00:08:49.229 DEBUG 22732 --- [           main] o.s.c.e.PropertySourcesPropertyResolver  : Searching for key 'SPRINGDATASOURCEDRIVERCLASSNAME' in [integrationTest]
2014-11-03 00:08:49.229 DEBUG 22732 --- [           main] o.s.c.e.PropertySourcesPropertyResolver  : Searching for key 'SPRINGDATASOURCEDRIVERCLASSNAME' in [applicationConfig: [classpath:/application.properties]]
2014-11-03 00:08:49.229 DEBUG 22732 --- [           main] o.s.c.e.PropertySourcesPropertyResolver  : Searching for key 'SPRINGDATASOURCEDRIVERCLASSNAME' in [localProperties]
2014-11-03 00:08:49.229 DEBUG 22732 --- [           main] o.s.c.e.PropertySourcesPropertyResolver  : Could not find key 'SPRINGDATASOURCEDRIVERCLASSNAME' in any property source. Returning [null]
2014-11-03 00:08:49.230 DEBUG 22732 --- [           main] o.s.core.env.MutablePropertySources      : Adding [systemProperties] PropertySource with lowest search precedence
2014-11-03 00:08:49.230 DEBUG 22732 --- [           main] o.s.core.env.MutablePropertySources      : Adding [systemEnvironment] PropertySource with lowest search precedence
2014-11-03 00:08:49.230 DEBUG 22732 --- [           main] o.s.core.env.MutablePropertySources      : Adding [random] PropertySource with lowest search precedence
2014-11-03 00:08:49.230 DEBUG 22732 --- [           main] o.s.core.env.MutablePropertySources      : Adding [integrationTest] PropertySource with lowest search precedence
2014-11-03 00:08:49.230 DEBUG 22732 --- [           main] o.s.core.env.MutablePropertySources      : Adding [applicationConfig: [classpath:/application.properties]] PropertySource with lowest search precedence
2014-11-03 00:08:49.230 DEBUG 22732 --- [           main] o.s.core.env.MutablePropertySources      : Adding [localProperties] PropertySource with lowest search precedence
2014-11-03 00:08:49.230 DEBUG 22732 --- [           main] o.s.c.e.PropertySourcesPropertyResolver  : Searching for key 'spring.datasource.continue_on_error' in [systemProperties]
2014-11-03 00:08:49.230 DEBUG 22732 --- [           main] o.s.c.e.PropertySourcesPropertyResolver  : Searching for key 'spring.datasource.continue_on_error' in [systemEnvironment]
2014-11-03 00:08:49.230 DEBUG 22732 --- [           main] o.s.c.e.PropertySourcesPropertyResolver  : Searching for key 'spring.datasource.continue_on_error' in [random]
2014-11-03 00:08:49.230 DEBUG 22732 --- [           main] o.s.c.e.PropertySourcesPropertyResolver  : Searching for key 'spring.datasource.continue_on_error' in [integrationTest]
2014-11-03 00:08:49.231 DEBUG 22732 --- [           main] o.s.c.e.PropertySourcesPropertyResolver  : Searching for key 'spring.datasource.continue_on_error' in [applicationConfig: [classpath:/application.properties]]
2014-11-03 00:08:49.231 DEBUG 22732 --- [           main] o.s.c.e.PropertySourcesPropertyResolver  : Searching for key 'spring.datasource.continue_on_error' in [localProperties]
2014-11-03 00:08:49.231 DEBUG 22732 --- [           main] o.s.c.e.PropertySourcesPropertyResolver  : Could not find key 'spring.datasource.continue_on_error' in any property source. Returning [null]
2014-11-03 00:08:49.231 DEBUG 22732 --- [           main] o.s.core.env.MutablePropertySources      : Adding [systemProperties] PropertySource with lowest search precedence
2014-11-03 00:08:49.231 DEBUG 22732 --- [           main] o.s.core.env.MutablePropertySources      : Adding [systemEnvironment] PropertySource with lowest search precedence
2014-11-03 00:08:49.231 DEBUG 22732 --- [           main] o.s.core.env.MutablePropertySources      : Adding [random] PropertySource with lowest search precedence
2014-11-03 00:08:49.231 DEBUG 22732 --- [           main] o.s.core.env.MutablePropertySources      : Adding [integrationTest] PropertySource with lowest search precedence
2014-11-03 00:08:49.231 DEBUG 22732 --- [           main] o.s.core.env.MutablePropertySources      : Adding [applicationConfig: [classpath:/application.properties]] PropertySource with lowest search precedence
2014-11-03 00:08:49.231 DEBUG 22732 --- [           main] o.s.core.env.MutablePropertySources      : Adding [localProperties] PropertySource with lowest search precedence
2014-11-03 00:08:49.231 DEBUG 22732 --- [           main] o.s.c.e.PropertySourcesPropertyResolver  : Searching for key 'spring_datasource_sqlScriptEncoding' in [systemProperties]
2014-11-03 00:08:49.231 DEBUG 22732 --- [           main] o.s.c.e.PropertySourcesPropertyResolver  : Searching for key 'spring_datasource_sqlScriptEncoding' in [systemEnvironment]
2014-11-03 00:08:49.231 DEBUG 22732 --- [           main] o.s.c.e.PropertySourcesPropertyResolver  : Searching for key 'spring_datasource_sqlScriptEncoding' in [random]
2014-11-03 00:08:49.231 DEBUG 22732 --- [           main] o.s.c.e.PropertySourcesPropertyResolver  : Searching for key 'spring_datasource_sqlScriptEncoding' in [integrationTest]
2014-11-03 00:08:49.231 DEBUG 22732 --- [           main] o.s.c.e.PropertySourcesPropertyResolver  : Searching for key 'spring_datasource_sqlScriptEncoding' in [applicationConfig: [classpath:/application.properties]]
2014-11-03 00:08:49.231 DEBUG 22732 --- [           main] o.s.c.e.PropertySourcesPropertyResolver  : Searching for key 'spring_datasource_sqlScriptEncoding' in [localProperties]
2014-11-03 00:08:49.231 DEBUG 22732 --- [           main] o.s.c.e.PropertySourcesPropertyResolver  : Could not find key 'spring_datasource_sqlScriptEncoding' in any property source. Returning [null]
2014-11-03 00:08:49.231 DEBUG 22732 --- [           main] o.s.core.env.MutablePropertySources      : Adding [systemProperties] PropertySource with lowest search precedence
2014-11-03 00:08:49.232 DEBUG 22732 --- [           main] o.s.core.env.MutablePropertySources      : Adding [systemEnvironment] PropertySource with lowest search precedence
2014-11-03 00:08:49.232 DEBUG 22732 --- [           main] o.s.core.env.MutablePropertySources      : Adding [random] PropertySource with lowest search precedence
2014-11-03 00:08:49.232 DEBUG 22732 --- [           main] o.s.core.env.MutablePropertySources      : Adding [integrationTest] PropertySource with lowest search precedence
2014-11-03 00:08:49.232 DEBUG 22732 --- [           main] o.s.core.env.MutablePropertySources      : Adding [applicationConfig: [classpath:/application.properties]] PropertySource with lowest search precedence
2014-11-03 00:08:49.232 DEBUG 22732 --- [           main] o.s.core.env.MutablePropertySources      : Adding [localProperties] PropertySource with lowest search precedence
2014-11-03 00:08:49.232 DEBUG 22732 --- [           main] o.s.c.e.PropertySourcesPropertyResolver  : Searching for key 'springdatasourcedata' in [systemProperties]
2014-11-03 00:08:49.232 DEBUG 22732 --- [           main] o.s.c.e.PropertySourcesPropertyResolver  : Searching for key 'springdatasourcedata' in [systemEnvironment]
2014-11-03 00:08:49.232 DEBUG 22732 --- [           main] o.s.c.e.PropertySourcesPropertyResolver  : Searching for key 'springdatasourcedata' in [random]
2014-11-03 00:08:49.232 DEBUG 22732 --- [           main] o.s.c.e.PropertySourcesPropertyResolver  : Searching for key 'springdatasourcedata' in [integrationTest]
2014-11-03 00:08:49.232 DEBUG 22732 --- [           main] o.s.c.e.PropertySourcesPropertyResolver  : Searching for key 'springdatasourcedata' in [applicationConfig: [classpath:/application.properties]]
2014-11-03 00:08:49.232 DEBUG 22732 --- [           main] o.s.c.e.PropertySourcesPropertyResolver  : Searching for key 'springdatasourcedata' in [localProperties]
2014-11-03 00:08:49.232 DEBUG 22732 --- [           main] o.s.c.e.PropertySourcesPropertyResolver  : Could not find key 'springdatasourcedata' in any property source. Returning [null]
2014-11-03 00:08:49.232 DEBUG 22732 --- [           main] o.s.core.env.MutablePropertySources      : Adding [systemProperties] PropertySource with lowest search precedence
2014-11-03 00:08:49.232 DEBUG 22732 --- [           main] o.s.core.env.MutablePropertySources      : Adding [systemEnvironment] PropertySource with lowest search precedence
2014-11-03 00:08:49.232 DEBUG 22732 --- [           main] o.s.core.env.MutablePropertySources      : Adding [random] PropertySource with lowest search precedence
2014-11-03 00:08:49.232 DEBUG 22732 --- [           main] o.s.core.env.MutablePropertySources      : Adding [integrationTest] PropertySource with lowest search precedence
2014-11-03 00:08:49.232 DEBUG 22732 --- [           main] o.s.core.env.MutablePropertySources      : Adding [applicationConfig: [classpath:/application.properties]] PropertySource with lowest search precedence
2014-11-03 00:08:49.233 DEBUG 22732 --- [           main] o.s.core.env.MutablePropertySources      : Adding [localProperties] PropertySource with lowest search precedence
2014-11-03 00:08:49.233 DEBUG 22732 --- [           main] o.s.c.e.PropertySourcesPropertyResolver  : Searching for key 'spring_datasource_continueOnError' in [systemProperties]
2014-11-03 00:08:49.233 DEBUG 22732 --- [           main] o.s.c.e.PropertySourcesPropertyResolver  : Searching for key 'spring_datasource_continueOnError' in [systemEnvironment]
2014-11-03 00:08:49.233 DEBUG 22732 --- [           main] o.s.c.e.PropertySourcesPropertyResolver  : Searching for key 'spring_datasource_continueOnError' in [random]
2014-11-03 00:08:49.233 DEBUG 22732 --- [           main] o.s.c.e.PropertySourcesPropertyResolver  : Searching for key 'spring_datasource_continueOnError' in [integrationTest]
2014-11-03 00:08:49.233 DEBUG 22732 --- [           main] o.s.c.e.PropertySourcesPropertyResolver  : Searching for key 'spring_datasource_continueOnError' in [applicationConfig: [classpath:/application.properties]]
2014-11-03 00:08:49.233 DEBUG 22732 --- [           main] o.s.c.e.PropertySourcesPropertyResolver  : Searching for key 'spring_datasource_continueOnError' in [localProperties]
2014-11-03 00:08:49.233 DEBUG 22732 --- [           main] o.s.c.e.PropertySourcesPropertyResolver  : Could not find key 'spring_datasource_continueOnError' in any property source. Returning [null]
2014-11-03 00:08:49.244 DEBUG 22732 --- [           main] o.s.core.env.MutablePropertySources      : Adding [systemProperties] PropertySource with lowest search precedence
2014-11-03 00:08:49.244 DEBUG 22732 --- [           main] o.s.core.env.MutablePropertySources      : Adding [systemEnvironment] PropertySource with lowest search precedence
2014-11-03 00:08:49.244 DEBUG 22732 --- [           main] o.s.core.env.MutablePropertySources      : Adding [random] PropertySource with lowest search precedence
2014-11-03 00:08:49.245 DEBUG 22732 --- [           main] o.s.core.env.MutablePropertySources      : Adding [integrationTest] PropertySource with lowest search precedence
2014-11-03 00:08:49.245 DEBUG 22732 --- [           main] o.s.core.env.MutablePropertySources      : Adding [applicationConfig: [classpath:/application.properties]] PropertySource with lowest search precedence
2014-11-03 00:08:49.245 DEBUG 22732 --- [           main] o.s.core.env.MutablePropertySources      : Adding [localProperties] PropertySource with lowest search precedence
2014-11-03 00:08:49.245 DEBUG 22732 --- [           main] o.s.c.e.PropertySourcesPropertyResolver  : Searching for key 'springdatasourceseparator' in [systemProperties]
2014-11-03 00:08:49.245 DEBUG 22732 --- [           main] o.s.c.e.PropertySourcesPropertyResolver  : Searching for key 'springdatasourceseparator' in [systemEnvironment]
2014-11-03 00:08:49.245 DEBUG 22732 --- [           main] o.s.c.e.PropertySourcesPropertyResolver  : Searching for key 'springdatasourceseparator' in [random]
2014-11-03 00:08:49.245 DEBUG 22732 --- [           main] o.s.c.e.PropertySourcesPropertyResolver  : Searching for key 'springdatasourceseparator' in [integrationTest]
2014-11-03 00:08:49.245 DEBUG 22732 --- [           main] o.s.c.e.PropertySourcesPropertyResolver  : Searching for key 'springdatasourceseparator' in [applicationConfig: [classpath:/application.properties]]
2014-11-03 00:08:49.245 DEBUG 22732 --- [           main] o.s.c.e.PropertySourcesPropertyResolver  : Searching for key 'springdatasourceseparator' in [localProperties]
2014-11-03 00:08:49.245 DEBUG 22732 --- [           main] o.s.c.e.PropertySourcesPropertyResolver  : Could not find key 'springdatasourceseparator' in any property source. Returning [null]
2014-11-03 00:08:49.245 DEBUG 22732 --- [           main] o.s.core.env.MutablePropertySources      : Adding [systemProperties] PropertySource with lowest search precedence
2014-11-03 00:08:49.245 DEBUG 22732 --- [           main] o.s.core.env.MutablePropertySources      : Adding [systemEnvironment] PropertySource with lowest search precedence
2014-11-03 00:08:49.245 DEBUG 22732 --- [           main] o.s.core.env.MutablePropertySources      : Adding [random] PropertySource with lowest search precedence
2014-11-03 00:08:49.245 DEBUG 22732 --- [           main] o.s.core.env.MutablePropertySources      : Adding [integrationTest] PropertySource with lowest search precedence
2014-11-03 00:08:49.245 DEBUG 22732 --- [           main] o.s.core.env.MutablePropertySources      : Adding [applicationConfig: [classpath:/application.properties]] PropertySource with lowest search precedence
2014-11-03 00:08:49.246 DEBUG 22732 --- [           main] o.s.core.env.MutablePropertySources      : Adding [localProperties] PropertySource with lowest search precedence
2014-11-03 00:08:49.246 DEBUG 22732 --- [           main] o.s.c.e.PropertySourcesPropertyResolver  : Searching for key 'springdatasourcebeanclassloader' in [systemProperties]
2014-11-03 00:08:49.246 DEBUG 22732 --- [           main] o.s.c.e.PropertySourcesPropertyResolver  : Searching for key 'springdatasourcebeanclassloader' in [systemEnvironment]
2014-11-03 00:08:49.246 DEBUG 22732 --- [           main] o.s.c.e.PropertySourcesPropertyResolver  : Searching for key 'springdatasourcebeanclassloader' in [random]
2014-11-03 00:08:49.246 DEBUG 22732 --- [           main] o.s.c.e.PropertySourcesPropertyResolver  : Searching for key 'springdatasourcebeanclassloader' in [integrationTest]
2014-11-03 00:08:49.246 DEBUG 22732 --- [           main] o.s.c.e.PropertySourcesPropertyResolver  : Searching for key 'springdatasourcebeanclassloader' in [applicationConfig: [classpath:/application.properties]]
2014-11-03 00:08:49.246 DEBUG 22732 --- [           main] o.s.c.e.PropertySourcesPropertyResolver  : Searching for key 'springdatasourcebeanclassloader' in [localProperties]
2014-11-03 00:08:49.246 DEBUG 22732 --- [           main] o.s.c.e.PropertySourcesPropertyResolver  : Could not find key 'springdatasourcebeanclassloader' in any property source. Returning [null]
2014-11-03 00:08:49.247 DEBUG 22732 --- [           main] o.s.core.env.MutablePropertySources      : Adding [systemProperties] PropertySource with lowest search precedence
2014-11-03 00:08:49.247 DEBUG 22732 --- [           main] o.s.core.env.MutablePropertySources      : Adding [systemEnvironment] PropertySource with lowest search precedence
2014-11-03 00:08:49.247 DEBUG 22732 --- [           main] o.s.core.env.MutablePropertySources      : Adding [random] PropertySource with lowest search precedence
2014-11-03 00:08:49.247 DEBUG 22732 --- [           main] o.s.core.env.MutablePropertySources      : Adding [integrationTest] PropertySource with lowest search precedence
2014-11-03 00:08:49.247 DEBUG 22732 --- [           main] o.s.core.env.MutablePropertySources      : Adding [applicationConfig: [classpath:/application.properties]] PropertySource with lowest search precedence
2014-11-03 00:08:49.247 DEBUG 22732 --- [           main] o.s.core.env.MutablePropertySources      : Adding [localProperties] PropertySource with lowest search precedence
2014-11-03 00:08:49.247 DEBUG 22732 --- [           main] o.s.c.e.PropertySourcesPropertyResolver  : Searching for key 'springDatasourceData' in [systemProperties]
2014-11-03 00:08:49.248 DEBUG 22732 --- [           main] o.s.c.e.PropertySourcesPropertyResolver  : Searching for key 'springDatasourceData' in [systemEnvironment]
2014-11-03 00:08:49.248 DEBUG 22732 --- [           main] o.s.c.e.PropertySourcesPropertyResolver  : Searching for key 'springDatasourceData' in [random]
2014-11-03 00:08:49.248 DEBUG 22732 --- [           main] o.s.c.e.PropertySourcesPropertyResolver  : Searching for key 'springDatasourceData' in [integrationTest]
2014-11-03 00:08:49.248 DEBUG 22732 --- [           main] o.s.c.e.PropertySourcesPropertyResolver  : Searching for key 'springDatasourceData' in [applicationConfig: [classpath:/application.properties]]
2014-11-03 00:08:49.248 DEBUG 22732 --- [           main] o.s.c.e.PropertySourcesPropertyResolver  : Searching for key 'springDatasourceData' in [localProperties]
2014-11-03 00:08:49.248 DEBUG 22732 --- [           main] o.s.c.e.PropertySourcesPropertyResolver  : Could not find key 'springDatasourceData' in any property source. Returning [null]
2014-11-03 00:08:49.248 DEBUG 22732 --- [           main] o.s.core.env.MutablePropertySources      : Adding [systemProperties] PropertySource with lowest search precedence
2014-11-03 00:08:49.250 DEBUG 22732 --- [           main] o.s.core.env.MutablePropertySources      : Adding [systemEnvironment] PropertySource with lowest search precedence
2014-11-03 00:08:49.250 DEBUG 22732 --- [           main] o.s.core.env.MutablePropertySources      : Adding [random] PropertySource with lowest search precedence
2014-11-03 00:08:49.250 DEBUG 22732 --- [           main] o.s.core.env.MutablePropertySources      : Adding [integrationTest] PropertySource with lowest search precedence
2014-11-03 00:08:49.251 DEBUG 22732 --- [           main] o.s.core.env.MutablePropertySources      : Adding [applicationConfig: [classpath:/application.properties]] PropertySource with lowest search precedence
2014-11-03 00:08:49.251 DEBUG 22732 --- [           main] o.s.core.env.MutablePropertySources      : Adding [localProperties] PropertySource with lowest search precedence
2014-11-03 00:08:49.251 DEBUG 22732 --- [           main] o.s.c.e.PropertySourcesPropertyResolver  : Searching for key 'springDatasourceInitialize' in [systemProperties]
2014-11-03 00:08:49.251 DEBUG 22732 --- [           main] o.s.c.e.PropertySourcesPropertyResolver  : Searching for key 'springDatasourceInitialize' in [systemEnvironment]
2014-11-03 00:08:49.251 DEBUG 22732 --- [           main] o.s.c.e.PropertySourcesPropertyResolver  : Searching for key 'springDatasourceInitialize' in [random]
2014-11-03 00:08:49.251 DEBUG 22732 --- [           main] o.s.c.e.PropertySourcesPropertyResolver  : Searching for key 'springDatasourceInitialize' in [integrationTest]
2014-11-03 00:08:49.251 DEBUG 22732 --- [           main] o.s.c.e.PropertySourcesPropertyResolver  : Searching for key 'springDatasourceInitialize' in [applicationConfig: [classpath:/application.properties]]
2014-11-03 00:08:49.251 DEBUG 22732 --- [           main] o.s.c.e.PropertySourcesPropertyResolver  : Searching for key 'springDatasourceInitialize' in [localProperties]
2014-11-03 00:08:49.251 DEBUG 22732 --- [           main] o.s.c.e.PropertySourcesPropertyResolver  : Could not find key 'springDatasourceInitialize' in any property source. Returning [null]
2014-11-03 00:08:49.251 DEBUG 22732 --- [           main] o.s.core.env.MutablePropertySources      : Adding [systemProperties] PropertySource with lowest search precedence
2014-11-03 00:08:49.251 DEBUG 22732 --- [           main] o.s.core.env.MutablePropertySources      : Adding [systemEnvironment] PropertySource with lowest search precedence
2014-11-03 00:08:49.252 DEBUG 22732 --- [           main] o.s.core.env.MutablePropertySources      : Adding [random] PropertySource with lowest search precedence
2014-11-03 00:08:49.252 DEBUG 22732 --- [           main] o.s.core.env.MutablePropertySources      : Adding [integrationTest] PropertySource with lowest search precedence
2014-11-03 00:08:49.252 DEBUG 22732 --- [           main] o.s.core.env.MutablePropertySources      : Adding [applicationConfig: [classpath:/application.properties]] PropertySource with lowest search precedence
2014-11-03 00:08:49.252 DEBUG 22732 --- [           main] o.s.core.env.MutablePropertySources      : Adding [localProperties] PropertySource with lowest search precedence
2014-11-03 00:08:49.252 DEBUG 22732 --- [           main] o.s.c.e.PropertySourcesPropertyResolver  : Searching for key 'spring.datasource.platform' in [systemProperties]
2014-11-03 00:08:49.252 DEBUG 22732 --- [           main] o.s.c.e.PropertySourcesPropertyResolver  : Searching for key 'spring.datasource.platform' in [systemEnvironment]
2014-11-03 00:08:49.252 DEBUG 22732 --- [           main] o.s.c.e.PropertySourcesPropertyResolver  : Searching for key 'spring.datasource.platform' in [random]
2014-11-03 00:08:49.252 DEBUG 22732 --- [           main] o.s.c.e.PropertySourcesPropertyResolver  : Searching for key 'spring.datasource.platform' in [integrationTest]
2014-11-03 00:08:49.252 DEBUG 22732 --- [           main] o.s.c.e.PropertySourcesPropertyResolver  : Searching for key 'spring.datasource.platform' in [applicationConfig: [classpath:/application.properties]]
2014-11-03 00:08:49.252 DEBUG 22732 --- [           main] o.s.c.e.PropertySourcesPropertyResolver  : Searching for key 'spring.datasource.platform' in [localProperties]
2014-11-03 00:08:49.252 DEBUG 22732 --- [           main] o.s.c.e.PropertySourcesPropertyResolver  : Could not find key 'spring.datasource.platform' in any property source. Returning [null]
2014-11-03 00:08:49.252 DEBUG 22732 --- [           main] o.s.core.env.MutablePropertySources      : Adding [systemProperties] PropertySource with lowest search precedence
2014-11-03 00:08:49.252 DEBUG 22732 --- [           main] o.s.core.env.MutablePropertySources      : Adding [systemEnvironment] PropertySource with lowest search precedence
2014-11-03 00:08:49.252 DEBUG 22732 --- [           main] o.s.core.env.MutablePropertySources      : Adding [random] PropertySource with lowest search precedence
2014-11-03 00:08:49.252 DEBUG 22732 --- [           main] o.s.core.env.MutablePropertySources      : Adding [integrationTest] PropertySource with lowest search precedence
2014-11-03 00:08:49.252 DEBUG 22732 --- [           main] o.s.core.env.MutablePropertySources      : Adding [applicationConfig: [classpath:/application.properties]] PropertySource with lowest search precedence
2014-11-03 00:08:49.252 DEBUG 22732 --- [           main] o.s.core.env.MutablePropertySources      : Adding [localProperties] PropertySource with lowest search precedence
2014-11-03 00:08:49.252 DEBUG 22732 --- [           main] o.s.c.e.PropertySourcesPropertyResolver  : Searching for key 'spring.datasource.beanclassloader' in [systemProperties]
2014-11-03 00:08:49.253 DEBUG 22732 --- [           main] o.s.c.e.PropertySourcesPropertyResolver  : Searching for key 'spring.datasource.beanclassloader' in [systemEnvironment]
2014-11-03 00:08:49.253 DEBUG 22732 --- [           main] o.s.c.e.PropertySourcesPropertyResolver  : Searching for key 'spring.datasource.beanclassloader' in [random]
2014-11-03 00:08:49.253 DEBUG 22732 --- [           main] o.s.c.e.PropertySourcesPropertyResolver  : Searching for key 'spring.datasource.beanclassloader' in [integrationTest]
2014-11-03 00:08:49.253 DEBUG 22732 --- [           main] o.s.c.e.PropertySourcesPropertyResolver  : Searching for key 'spring.datasource.beanclassloader' in [applicationConfig: [classpath:/application.properties]]
2014-11-03 00:08:49.253 DEBUG 22732 --- [           main] o.s.c.e.PropertySourcesPropertyResolver  : Searching for key 'spring.datasource.beanclassloader' in [localProperties]
2014-11-03 00:08:49.253 DEBUG 22732 --- [           main] o.s.c.e.PropertySourcesPropertyResolver  : Could not find key 'spring.datasource.beanclassloader' in any property source. Returning [null]
2014-11-03 00:08:49.253 DEBUG 22732 --- [           main] o.s.core.env.MutablePropertySources      : Adding [systemProperties] PropertySource with lowest search precedence
2014-11-03 00:08:49.253 DEBUG 22732 --- [           main] o.s.core.env.MutablePropertySources      : Adding [systemEnvironment] PropertySource with lowest search precedence
2014-11-03 00:08:49.253 DEBUG 22732 --- [           main] o.s.core.env.MutablePropertySources      : Adding [random] PropertySource with lowest search precedence
2014-11-03 00:08:49.253 DEBUG 22732 --- [           main] o.s.core.env.MutablePropertySources      : Adding [integrationTest] PropertySource with lowest search precedence
2014-11-03 00:08:49.253 DEBUG 22732 --- [           main] o.s.core.env.MutablePropertySources      : Adding [applicationConfig: [classpath:/application.properties]] PropertySource with lowest search precedence
2014-11-03 00:08:49.253 DEBUG 22732 --- [           main] o.s.core.env.MutablePropertySources      : Adding [localProperties] PropertySource with lowest search precedence
2014-11-03 00:08:49.253 DEBUG 22732 --- [           main] o.s.c.e.PropertySourcesPropertyResolver  : Searching for key 'SPRING.DATASOURCE.USERNAME' in [systemProperties]
2014-11-03 00:08:49.253 DEBUG 22732 --- [           main] o.s.c.e.PropertySourcesPropertyResolver  : Searching for key 'SPRING.DATASOURCE.USERNAME' in [systemEnvironment]
2014-11-03 00:08:49.253 DEBUG 22732 --- [           main] o.s.c.e.PropertySourcesPropertyResolver  : Searching for key 'SPRING.DATASOURCE.USERNAME' in [random]
2014-11-03 00:08:49.253 DEBUG 22732 --- [           main] o.s.c.e.PropertySourcesPropertyResolver  : Searching for key 'SPRING.DATASOURCE.USERNAME' in [integrationTest]
2014-11-03 00:08:49.253 DEBUG 22732 --- [           main] o.s.c.e.PropertySourcesPropertyResolver  : Searching for key 'SPRING.DATASOURCE.USERNAME' in [applicationConfig: [classpath:/application.properties]]
2014-11-03 00:08:49.253 DEBUG 22732 --- [           main] o.s.c.e.PropertySourcesPropertyResolver  : Searching for key 'SPRING.DATASOURCE.USERNAME' in [localProperties]
2014-11-03 00:08:49.253 DEBUG 22732 --- [           main] o.s.c.e.PropertySourcesPropertyResolver  : Could not find key 'SPRING.DATASOURCE.USERNAME' in any property source. Returning [null]
2014-11-03 00:08:49.254 DEBUG 22732 --- [           main] o.s.core.env.MutablePropertySources      : Adding [systemProperties] PropertySource with lowest search precedence
2014-11-03 00:08:49.254 DEBUG 22732 --- [           main] o.s.core.env.MutablePropertySources      : Adding [systemEnvironment] PropertySource with lowest search precedence
2014-11-03 00:08:49.254 DEBUG 22732 --- [           main] o.s.core.env.MutablePropertySources      : Adding [random] PropertySource with lowest search precedence
2014-11-03 00:08:49.254 DEBUG 22732 --- [           main] o.s.core.env.MutablePropertySources      : Adding [integrationTest] PropertySource with lowest search precedence
2014-11-03 00:08:49.254 DEBUG 22732 --- [           main] o.s.core.env.MutablePropertySources      : Adding [applicationConfig: [classpath:/application.properties]] PropertySource with lowest search precedence
2014-11-03 00:08:49.254 DEBUG 22732 --- [           main] o.s.core.env.MutablePropertySources      : Adding [localProperties] PropertySource with lowest search precedence
2014-11-03 00:08:49.254 DEBUG 22732 --- [           main] o.s.c.e.PropertySourcesPropertyResolver  : Searching for key 'SPRING.DATASOURCE.CONTINUEONERROR' in [systemProperties]
2014-11-03 00:08:49.254 DEBUG 22732 --- [           main] o.s.c.e.PropertySourcesPropertyResolver  : Searching for key 'SPRING.DATASOURCE.CONTINUEONERROR' in [systemEnvironment]
2014-11-03 00:08:49.254 DEBUG 22732 --- [           main] o.s.c.e.PropertySourcesPropertyResolver  : Searching for key 'SPRING.DATASOURCE.CONTINUEONERROR' in [random]
2014-11-03 00:08:49.254 DEBUG 22732 --- [           main] o.s.c.e.PropertySourcesPropertyResolver  : Searching for key 'SPRING.DATASOURCE.CONTINUEONERROR' in [integrationTest]
2014-11-03 00:08:49.254 DEBUG 22732 --- [           main] o.s.c.e.PropertySourcesPropertyResolver  : Searching for key 'SPRING.DATASOURCE.CONTINUEONERROR' in [applicationConfig: [classpath:/application.properties]]
2014-11-03 00:08:49.254 DEBUG 22732 --- [           main] o.s.c.e.PropertySourcesPropertyResolver  : Searching for key 'SPRING.DATASOURCE.CONTINUEONERROR' in [localProperties]
2014-11-03 00:08:49.254 DEBUG 22732 --- [           main] o.s.c.e.PropertySourcesPropertyResolver  : Could not find key 'SPRING.DATASOURCE.CONTINUEONERROR' in any property source. Returning [null]
2014-11-03 00:08:49.254 DEBUG 22732 --- [           main] o.s.core.env.MutablePropertySources      : Adding [systemProperties] PropertySource with lowest search precedence
2014-11-03 00:08:49.254 DEBUG 22732 --- [           main] o.s.core.env.MutablePropertySources      : Adding [systemEnvironment] PropertySource with lowest search precedence
2014-11-03 00:08:49.254 DEBUG 22732 --- [           main] o.s.core.env.MutablePropertySources      : Adding [random] PropertySource with lowest search precedence
2014-11-03 00:08:49.254 DEBUG 22732 --- [           main] o.s.core.env.MutablePropertySources      : Adding [integrationTest] PropertySource with lowest search precedence
2014-11-03 00:08:49.254 DEBUG 22732 --- [           main] o.s.core.env.MutablePropertySources      : Adding [applicationConfig: [classpath:/application.properties]] PropertySource with lowest search precedence
2014-11-03 00:08:49.254 DEBUG 22732 --- [           main] o.s.core.env.MutablePropertySources      : Adding [localProperties] PropertySource with lowest search precedence
2014-11-03 00:08:49.255 DEBUG 22732 --- [           main] o.s.c.e.PropertySourcesPropertyResolver  : Searching for key 'SPRINGDATASOURCESCHEMA' in [systemProperties]
2014-11-03 00:08:49.255 DEBUG 22732 --- [           main] o.s.c.e.PropertySourcesPropertyResolver  : Searching for key 'SPRINGDATASOURCESCHEMA' in [systemEnvironment]
2014-11-03 00:08:49.255 DEBUG 22732 --- [           main] o.s.c.e.PropertySourcesPropertyResolver  : Searching for key 'SPRINGDATASOURCESCHEMA' in [random]
2014-11-03 00:08:49.255 DEBUG 22732 --- [           main] o.s.c.e.PropertySourcesPropertyResolver  : Searching for key 'SPRINGDATASOURCESCHEMA' in [integrationTest]
2014-11-03 00:08:49.255 DEBUG 22732 --- [           main] o.s.c.e.PropertySourcesPropertyResolver  : Searching for key 'SPRINGDATASOURCESCHEMA' in [applicationConfig: [classpath:/application.properties]]
2014-11-03 00:08:49.255 DEBUG 22732 --- [           main] o.s.c.e.PropertySourcesPropertyResolver  : Searching for key 'SPRINGDATASOURCESCHEMA' in [localProperties]
2014-11-03 00:08:49.255 DEBUG 22732 --- [           main] o.s.c.e.PropertySourcesPropertyResolver  : Could not find key 'SPRINGDATASOURCESCHEMA' in any property source. Returning [null]
2014-11-03 00:08:49.255 DEBUG 22732 --- [           main] o.s.core.env.MutablePropertySources      : Adding [systemProperties] PropertySource with lowest search precedence
2014-11-03 00:08:49.255 DEBUG 22732 --- [           main] o.s.core.env.MutablePropertySources      : Adding [systemEnvironment] PropertySource with lowest search precedence
2014-11-03 00:08:49.255 DEBUG 22732 --- [           main] o.s.core.env.MutablePropertySources      : Adding [random] PropertySource with lowest search precedence
2014-11-03 00:08:49.255 DEBUG 22732 --- [           main] o.s.core.env.MutablePropertySources      : Adding [integrationTest] PropertySource with lowest search precedence
2014-11-03 00:08:49.255 DEBUG 22732 --- [           main] o.s.core.env.MutablePropertySources      : Adding [applicationConfig: [classpath:/application.properties]] PropertySource with lowest search precedence
2014-11-03 00:08:49.255 DEBUG 22732 --- [           main] o.s.core.env.MutablePropertySources      : Adding [localProperties] PropertySource with lowest search precedence
2014-11-03 00:08:49.255 DEBUG 22732 --- [           main] o.s.c.e.PropertySourcesPropertyResolver  : Searching for key 'spring_datasource_username' in [systemProperties]
2014-11-03 00:08:49.255 DEBUG 22732 --- [           main] o.s.c.e.PropertySourcesPropertyResolver  : Searching for key 'spring_datasource_username' in [systemEnvironment]
2014-11-03 00:08:49.255 DEBUG 22732 --- [           main] o.s.c.e.PropertySourcesPropertyResolver  : Searching for key 'spring_datasource_username' in [random]
2014-11-03 00:08:49.255 DEBUG 22732 --- [           main] o.s.c.e.PropertySourcesPropertyResolver  : Searching for key 'spring_datasource_username' in [integrationTest]
2014-11-03 00:08:49.255 DEBUG 22732 --- [           main] o.s.c.e.PropertySourcesPropertyResolver  : Searching for key 'spring_datasource_username' in [applicationConfig: [classpath:/application.properties]]
2014-11-03 00:08:49.255 DEBUG 22732 --- [           main] o.s.c.e.PropertySourcesPropertyResolver  : Searching for key 'spring_datasource_username' in [localProperties]
2014-11-03 00:08:49.256 DEBUG 22732 --- [           main] o.s.c.e.PropertySourcesPropertyResolver  : Could not find key 'spring_datasource_username' in any property source. Returning [null]
2014-11-03 00:08:49.256 DEBUG 22732 --- [           main] o.s.core.env.MutablePropertySources      : Adding [systemProperties] PropertySource with lowest search precedence
2014-11-03 00:08:49.256 DEBUG 22732 --- [           main] o.s.core.env.MutablePropertySources      : Adding [systemEnvironment] PropertySource with lowest search precedence
2014-11-03 00:08:49.256 DEBUG 22732 --- [           main] o.s.core.env.MutablePropertySources      : Adding [random] PropertySource with lowest search precedence
2014-11-03 00:08:49.256 DEBUG 22732 --- [           main] o.s.core.env.MutablePropertySources      : Adding [integrationTest] PropertySource with lowest search precedence
2014-11-03 00:08:49.257 DEBUG 22732 --- [           main] o.s.core.env.MutablePropertySources      : Adding [applicationConfig: [classpath:/application.properties]] PropertySource with lowest search precedence
2014-11-03 00:08:49.257 DEBUG 22732 --- [           main] o.s.core.env.MutablePropertySources      : Adding [localProperties] PropertySource with lowest search precedence
2014-11-03 00:08:49.257 DEBUG 22732 --- [           main] o.s.c.e.PropertySourcesPropertyResolver  : Searching for key 'SPRING.DATASOURCE.CLASSLOADER' in [systemProperties]
2014-11-03 00:08:49.257 DEBUG 22732 --- [           main] o.s.c.e.PropertySourcesPropertyResolver  : Searching for key 'SPRING.DATASOURCE.CLASSLOADER' in [systemEnvironment]
2014-11-03 00:08:49.257 DEBUG 22732 --- [           main] o.s.c.e.PropertySourcesPropertyResolver  : Searching for key 'SPRING.DATASOURCE.CLASSLOADER' in [random]
2014-11-03 00:08:49.257 DEBUG 22732 --- [           main] o.s.c.e.PropertySourcesPropertyResolver  : Searching for key 'SPRING.DATASOURCE.CLASSLOADER' in [integrationTest]
2014-11-03 00:08:49.257 DEBUG 22732 --- [           main] o.s.c.e.PropertySourcesPropertyResolver  : Searching for key 'SPRING.DATASOURCE.CLASSLOADER' in [applicationConfig: [classpath:/application.properties]]
2014-11-03 00:08:49.257 DEBUG 22732 --- [           main] o.s.c.e.PropertySourcesPropertyResolver  : Searching for key 'SPRING.DATASOURCE.CLASSLOADER' in [localProperties]
2014-11-03 00:08:49.257 DEBUG 22732 --- [           main] o.s.c.e.PropertySourcesPropertyResolver  : Could not find key 'SPRING.DATASOURCE.CLASSLOADER' in any property source. Returning [null]
2014-11-03 00:08:49.257 DEBUG 22732 --- [           main] o.s.core.env.MutablePropertySources      : Adding [systemProperties] PropertySource with lowest search precedence
2014-11-03 00:08:49.257 DEBUG 22732 --- [           main] o.s.core.env.MutablePropertySources      : Adding [systemEnvironment] PropertySource with lowest search precedence
2014-11-03 00:08:49.257 DEBUG 22732 --- [           main] o.s.core.env.MutablePropertySources      : Adding [random] PropertySource with lowest search precedence
2014-11-03 00:08:49.257 DEBUG 22732 --- [           main] o.s.core.env.MutablePropertySources      : Adding [integrationTest] PropertySource with lowest search precedence
2014-11-03 00:08:49.257 DEBUG 22732 --- [           main] o.s.core.env.MutablePropertySources      : Adding [applicationConfig: [classpath:/application.properties]] PropertySource with lowest search precedence
2014-11-03 00:08:49.257 DEBUG 22732 --- [           main] o.s.core.env.MutablePropertySources      : Adding [localProperties] PropertySource with lowest search precedence
2014-11-03 00:08:49.257 DEBUG 22732 --- [           main] o.s.c.e.PropertySourcesPropertyResolver  : Searching for key 'SPRING.DATASOURCE.SEPARATOR' in [systemProperties]
2014-11-03 00:08:49.257 DEBUG 22732 --- [           main] o.s.c.e.PropertySourcesPropertyResolver  : Searching for key 'SPRING.DATASOURCE.SEPARATOR' in [systemEnvironment]
2014-11-03 00:08:49.258 DEBUG 22732 --- [           main] o.s.c.e.PropertySourcesPropertyResolver  : Searching for key 'SPRING.DATASOURCE.SEPARATOR' in [random]
2014-11-03 00:08:49.258 DEBUG 22732 --- [           main] o.s.c.e.PropertySourcesPropertyResolver  : Searching for key 'SPRING.DATASOURCE.SEPARATOR' in [integrationTest]
2014-11-03 00:08:49.258 DEBUG 22732 --- [           main] o.s.c.e.PropertySourcesPropertyResolver  : Searching for key 'SPRING.DATASOURCE.SEPARATOR' in [applicationConfig: [classpath:/application.properties]]
2014-11-03 00:08:49.258 DEBUG 22732 --- [           main] o.s.c.e.PropertySourcesPropertyResolver  : Searching for key 'SPRING.DATASOURCE.SEPARATOR' in [localProperties]
2014-11-03 00:08:49.258 DEBUG 22732 --- [           main] o.s.c.e.PropertySourcesPropertyResolver  : Could not find key 'SPRING.DATASOURCE.SEPARATOR' in any property source. Returning [null]
2014-11-03 00:08:49.258 DEBUG 22732 --- [           main] o.s.core.env.MutablePropertySources      : Adding [systemProperties] PropertySource with lowest search precedence
2014-11-03 00:08:49.258 DEBUG 22732 --- [           main] o.s.core.env.MutablePropertySources      : Adding [systemEnvironment] PropertySource with lowest search precedence
2014-11-03 00:08:49.258 DEBUG 22732 --- [           main] o.s.core.env.MutablePropertySources      : Adding [random] PropertySource with lowest search precedence
2014-11-03 00:08:49.258 DEBUG 22732 --- [           main] o.s.core.env.MutablePropertySources      : Adding [integrationTest] PropertySource with lowest search precedence
2014-11-03 00:08:49.258 DEBUG 22732 --- [           main] o.s.core.env.MutablePropertySources      : Adding [applicationConfig: [classpath:/application.properties]] PropertySource with lowest search precedence
2014-11-03 00:08:49.258 DEBUG 22732 --- [           main] o.s.core.env.MutablePropertySources      : Adding [localProperties] PropertySource with lowest search precedence
2014-11-03 00:08:49.258 DEBUG 22732 --- [           main] o.s.c.e.PropertySourcesPropertyResolver  : Searching for key 'spring_datasource_separator' in [systemProperties]
2014-11-03 00:08:49.258 DEBUG 22732 --- [           main] o.s.c.e.PropertySourcesPropertyResolver  : Searching for key 'spring_datasource_separator' in [systemEnvironment]
2014-11-03 00:08:49.258 DEBUG 22732 --- [           main] o.s.c.e.PropertySourcesPropertyResolver  : Searching for key 'spring_datasource_separator' in [random]
2014-11-03 00:08:49.258 DEBUG 22732 --- [           main] o.s.c.e.PropertySourcesPropertyResolver  : Searching for key 'spring_datasource_separator' in [integrationTest]
2014-11-03 00:08:49.258 DEBUG 22732 --- [           main] o.s.c.e.PropertySourcesPropertyResolver  : Searching for key 'spring_datasource_separator' in [applicationConfig: [classpath:/application.properties]]
2014-11-03 00:08:49.258 DEBUG 22732 --- [           main] o.s.c.e.PropertySourcesPropertyResolver  : Searching for key 'spring_datasource_separator' in [localProperties]
2014-11-03 00:08:49.258 DEBUG 22732 --- [           main] o.s.c.e.PropertySourcesPropertyResolver  : Could not find key 'spring_datasource_separator' in any property source. Returning [null]
2014-11-03 00:08:49.259 DEBUG 22732 --- [           main] o.s.core.env.MutablePropertySources      : Adding [systemProperties] PropertySource with lowest search precedence
2014-11-03 00:08:49.259 DEBUG 22732 --- [           main] o.s.core.env.MutablePropertySources      : Adding [systemEnvironment] PropertySource with lowest search precedence
2014-11-03 00:08:49.259 DEBUG 22732 --- [           main] o.s.core.env.MutablePropertySources      : Adding [random] PropertySource with lowest search precedence
2014-11-03 00:08:49.259 DEBUG 22732 --- [           main] o.s.core.env.MutablePropertySources      : Adding [integrationTest] PropertySource with lowest search precedence
2014-11-03 00:08:49.259 DEBUG 22732 --- [           main] o.s.core.env.MutablePropertySources      : Adding [applicationConfig: [classpath:/application.properties]] PropertySource with lowest search precedence
2014-11-03 00:08:49.259 DEBUG 22732 --- [           main] o.s.core.env.MutablePropertySources      : Adding [localProperties] PropertySource with lowest search precedence
2014-11-03 00:08:49.259 DEBUG 22732 --- [           main] o.s.c.e.PropertySourcesPropertyResolver  : Searching for key 'springDatasourceClassLoader' in [systemProperties]
2014-11-03 00:08:49.259 DEBUG 22732 --- [           main] o.s.c.e.PropertySourcesPropertyResolver  : Searching for key 'springDatasourceClassLoader' in [systemEnvironment]
2014-11-03 00:08:49.259 DEBUG 22732 --- [           main] o.s.c.e.PropertySourcesPropertyResolver  : Searching for key 'springDatasourceClassLoader' in [random]
2014-11-03 00:08:49.259 DEBUG 22732 --- [           main] o.s.c.e.PropertySourcesPropertyResolver  : Searching for key 'springDatasourceClassLoader' in [integrationTest]
2014-11-03 00:08:49.259 DEBUG 22732 --- [           main] o.s.c.e.PropertySourcesPropertyResolver  : Searching for key 'springDatasourceClassLoader' in [applicationConfig: [classpath:/application.properties]]
2014-11-03 00:08:49.259 DEBUG 22732 --- [           main] o.s.c.e.PropertySourcesPropertyResolver  : Searching for key 'springDatasourceClassLoader' in [localProperties]
2014-11-03 00:08:49.259 DEBUG 22732 --- [           main] o.s.c.e.PropertySourcesPropertyResolver  : Could not find key 'springDatasourceClassLoader' in any property source. Returning [null]
2014-11-03 00:08:49.259 DEBUG 22732 --- [           main] o.s.core.env.MutablePropertySources      : Adding [systemProperties] PropertySource with lowest search precedence
2014-11-03 00:08:49.260 DEBUG 22732 --- [           main] o.s.core.env.MutablePropertySources      : Adding [systemEnvironment] PropertySource with lowest search precedence
2014-11-03 00:08:49.260 DEBUG 22732 --- [           main] o.s.core.env.MutablePropertySources      : Adding [random] PropertySource with lowest search precedence
2014-11-03 00:08:49.260 DEBUG 22732 --- [           main] o.s.core.env.MutablePropertySources      : Adding [integrationTest] PropertySource with lowest search precedence
2014-11-03 00:08:49.260 DEBUG 22732 --- [           main] o.s.core.env.MutablePropertySources      : Adding [applicationConfig: [classpath:/application.properties]] PropertySource with lowest search precedence
2014-11-03 00:08:49.260 DEBUG 22732 --- [           main] o.s.core.env.MutablePropertySources      : Adding [localProperties] PropertySource with lowest search precedence
2014-11-03 00:08:49.260 DEBUG 22732 --- [           main] o.s.c.e.PropertySourcesPropertyResolver  : Searching for key 'SPRING_DATASOURCE_INITIALIZE' in [systemProperties]
2014-11-03 00:08:49.260 DEBUG 22732 --- [           main] o.s.c.e.PropertySourcesPropertyResolver  : Searching for key 'SPRING_DATASOURCE_INITIALIZE' in [systemEnvironment]
2014-11-03 00:08:49.260 DEBUG 22732 --- [           main] o.s.c.e.PropertySourcesPropertyResolver  : Searching for key 'SPRING_DATASOURCE_INITIALIZE' in [random]
2014-11-03 00:08:49.260 DEBUG 22732 --- [           main] o.s.c.e.PropertySourcesPropertyResolver  : Searching for key 'SPRING_DATASOURCE_INITIALIZE' in [integrationTest]
2014-11-03 00:08:49.260 DEBUG 22732 --- [           main] o.s.c.e.PropertySourcesPropertyResolver  : Searching for key 'SPRING_DATASOURCE_INITIALIZE' in [applicationConfig: [classpath:/application.properties]]
2014-11-03 00:08:49.260 DEBUG 22732 --- [           main] o.s.c.e.PropertySourcesPropertyResolver  : Searching for key 'SPRING_DATASOURCE_INITIALIZE' in [localProperties]
2014-11-03 00:08:49.260 DEBUG 22732 --- [           main] o.s.c.e.PropertySourcesPropertyResolver  : Could not find key 'SPRING_DATASOURCE_INITIALIZE' in any property source. Returning [null]
2014-11-03 00:08:49.260 DEBUG 22732 --- [           main] o.s.core.env.MutablePropertySources      : Adding [systemProperties] PropertySource with lowest search precedence
2014-11-03 00:08:49.260 DEBUG 22732 --- [           main] o.s.core.env.MutablePropertySources      : Adding [systemEnvironment] PropertySource with lowest search precedence
2014-11-03 00:08:49.260 DEBUG 22732 --- [           main] o.s.core.env.MutablePropertySources      : Adding [random] PropertySource with lowest search precedence
2014-11-03 00:08:49.260 DEBUG 22732 --- [           main] o.s.core.env.MutablePropertySources      : Adding [integrationTest] PropertySource with lowest search precedence
2014-11-03 00:08:49.260 DEBUG 22732 --- [           main] o.s.core.env.MutablePropertySources      : Adding [applicationConfig: [classpath:/application.properties]] PropertySource with lowest search precedence
2014-11-03 00:08:49.260 DEBUG 22732 --- [           main] o.s.core.env.MutablePropertySources      : Adding [localProperties] PropertySource with lowest search precedence
2014-11-03 00:08:49.261 DEBUG 22732 --- [           main] o.s.c.e.PropertySourcesPropertyResolver  : Searching for key 'SPRING_DATASOURCE_DATA' in [systemProperties]
2014-11-03 00:08:49.261 DEBUG 22732 --- [           main] o.s.c.e.PropertySourcesPropertyResolver  : Searching for key 'SPRING_DATASOURCE_DATA' in [systemEnvironment]
2014-11-03 00:08:49.261 DEBUG 22732 --- [           main] o.s.c.e.PropertySourcesPropertyResolver  : Searching for key 'SPRING_DATASOURCE_DATA' in [random]
2014-11-03 00:08:49.261 DEBUG 22732 --- [           main] o.s.c.e.PropertySourcesPropertyResolver  : Searching for key 'SPRING_DATASOURCE_DATA' in [integrationTest]
2014-11-03 00:08:49.261 DEBUG 22732 --- [           main] o.s.c.e.PropertySourcesPropertyResolver  : Searching for key 'SPRING_DATASOURCE_DATA' in [applicationConfig: [classpath:/application.properties]]
2014-11-03 00:08:49.261 DEBUG 22732 --- [           main] o.s.c.e.PropertySourcesPropertyResolver  : Searching for key 'SPRING_DATASOURCE_DATA' in [localProperties]
2014-11-03 00:08:49.261 DEBUG 22732 --- [           main] o.s.c.e.PropertySourcesPropertyResolver  : Could not find key 'SPRING_DATASOURCE_DATA' in any property source. Returning [null]
2014-11-03 00:08:49.261 DEBUG 22732 --- [           main] o.s.core.env.MutablePropertySources      : Adding [systemProperties] PropertySource with lowest search precedence
2014-11-03 00:08:49.261 DEBUG 22732 --- [           main] o.s.core.env.MutablePropertySources      : Adding [systemEnvironment] PropertySource with lowest search precedence
2014-11-03 00:08:49.261 DEBUG 22732 --- [           main] o.s.core.env.MutablePropertySources      : Adding [random] PropertySource with lowest search precedence
2014-11-03 00:08:49.261 DEBUG 22732 --- [           main] o.s.core.env.MutablePropertySources      : Adding [integrationTest] PropertySource with lowest search precedence
2014-11-03 00:08:49.261 DEBUG 22732 --- [           main] o.s.core.env.MutablePropertySources      : Adding [applicationConfig: [classpath:/application.properties]] PropertySource with lowest search precedence
2014-11-03 00:08:49.262 DEBUG 22732 --- [           main] o.s.core.env.MutablePropertySources      : Adding [localProperties] PropertySource with lowest search precedence
2014-11-03 00:08:49.262 DEBUG 22732 --- [           main] o.s.c.e.PropertySourcesPropertyResolver  : Searching for key 'spring_datasource_platform' in [systemProperties]
2014-11-03 00:08:49.262 DEBUG 22732 --- [           main] o.s.c.e.PropertySourcesPropertyResolver  : Searching for key 'spring_datasource_platform' in [systemEnvironment]
2014-11-03 00:08:49.262 DEBUG 22732 --- [           main] o.s.c.e.PropertySourcesPropertyResolver  : Searching for key 'spring_datasource_platform' in [random]
2014-11-03 00:08:49.262 DEBUG 22732 --- [           main] o.s.c.e.PropertySourcesPropertyResolver  : Searching for key 'spring_datasource_platform' in [integrationTest]
2014-11-03 00:08:49.262 DEBUG 22732 --- [           main] o.s.c.e.PropertySourcesPropertyResolver  : Searching for key 'spring_datasource_platform' in [applicationConfig: [classpath:/application.properties]]
2014-11-03 00:08:49.262 DEBUG 22732 --- [           main] o.s.c.e.PropertySourcesPropertyResolver  : Searching for key 'spring_datasource_platform' in [localProperties]
2014-11-03 00:08:49.262 DEBUG 22732 --- [           main] o.s.c.e.PropertySourcesPropertyResolver  : Could not find key 'spring_datasource_platform' in any property source. Returning [null]
2014-11-03 00:08:49.262 DEBUG 22732 --- [           main] o.s.core.env.MutablePropertySources      : Adding [systemProperties] PropertySource with lowest search precedence
2014-11-03 00:08:49.262 DEBUG 22732 --- [           main] o.s.core.env.MutablePropertySources      : Adding [systemEnvironment] PropertySource with lowest search precedence
2014-11-03 00:08:49.262 DEBUG 22732 --- [           main] o.s.core.env.MutablePropertySources      : Adding [random] PropertySource with lowest search precedence
2014-11-03 00:08:49.262 DEBUG 22732 --- [           main] o.s.core.env.MutablePropertySources      : Adding [integrationTest] PropertySource with lowest search precedence
2014-11-03 00:08:49.262 DEBUG 22732 --- [           main] o.s.core.env.MutablePropertySources      : Adding [applicationConfig: [classpath:/application.properties]] PropertySource with lowest search precedence
2014-11-03 00:08:49.262 DEBUG 22732 --- [           main] o.s.core.env.MutablePropertySources      : Adding [localProperties] PropertySource with lowest search precedence
2014-11-03 00:08:49.262 DEBUG 22732 --- [           main] o.s.c.e.PropertySourcesPropertyResolver  : Searching for key 'SPRING_DATASOURCE_SCHEMA' in [systemProperties]
2014-11-03 00:08:49.262 DEBUG 22732 --- [           main] o.s.c.e.PropertySourcesPropertyResolver  : Searching for key 'SPRING_DATASOURCE_SCHEMA' in [systemEnvironment]
2014-11-03 00:08:49.263 DEBUG 22732 --- [           main] o.s.c.e.PropertySourcesPropertyResolver  : Searching for key 'SPRING_DATASOURCE_SCHEMA' in [random]
2014-11-03 00:08:49.263 DEBUG 22732 --- [           main] o.s.c.e.PropertySourcesPropertyResolver  : Searching for key 'SPRING_DATASOURCE_SCHEMA' in [integrationTest]
2014-11-03 00:08:49.263 DEBUG 22732 --- [           main] o.s.c.e.PropertySourcesPropertyResolver  : Searching for key 'SPRING_DATASOURCE_SCHEMA' in [applicationConfig: [classpath:/application.properties]]
2014-11-03 00:08:49.263 DEBUG 22732 --- [           main] o.s.c.e.PropertySourcesPropertyResolver  : Searching for key 'SPRING_DATASOURCE_SCHEMA' in [localProperties]
2014-11-03 00:08:49.263 DEBUG 22732 --- [           main] o.s.c.e.PropertySourcesPropertyResolver  : Could not find key 'SPRING_DATASOURCE_SCHEMA' in any property source. Returning [null]
2014-11-03 00:08:49.263 DEBUG 22732 --- [           main] o.s.core.env.MutablePropertySources      : Adding [systemProperties] PropertySource with lowest search precedence
2014-11-03 00:08:49.263 DEBUG 22732 --- [           main] o.s.core.env.MutablePropertySources      : Adding [systemEnvironment] PropertySource with lowest search precedence
2014-11-03 00:08:49.263 DEBUG 22732 --- [           main] o.s.core.env.MutablePropertySources      : Adding [random] PropertySource with lowest search precedence
2014-11-03 00:08:49.263 DEBUG 22732 --- [           main] o.s.core.env.MutablePropertySources      : Adding [integrationTest] PropertySource with lowest search precedence
2014-11-03 00:08:49.263 DEBUG 22732 --- [           main] o.s.core.env.MutablePropertySources      : Adding [applicationConfig: [classpath:/application.properties]] PropertySource with lowest search precedence
2014-11-03 00:08:49.263 DEBUG 22732 --- [           main] o.s.core.env.MutablePropertySources      : Adding [localProperties] PropertySource with lowest search precedence
2014-11-03 00:08:49.263 DEBUG 22732 --- [           main] o.s.c.e.PropertySourcesPropertyResolver  : Searching for key 'SPRINGDATASOURCESQLSCRIPTENCODING' in [systemProperties]
2014-11-03 00:08:49.263 DEBUG 22732 --- [           main] o.s.c.e.PropertySourcesPropertyResolver  : Searching for key 'SPRINGDATASOURCESQLSCRIPTENCODING' in [systemEnvironment]
2014-11-03 00:08:49.264 DEBUG 22732 --- [           main] o.s.c.e.PropertySourcesPropertyResolver  : Searching for key 'SPRINGDATASOURCESQLSCRIPTENCODING' in [random]
2014-11-03 00:08:49.264 DEBUG 22732 --- [           main] o.s.c.e.PropertySourcesPropertyResolver  : Searching for key 'SPRINGDATASOURCESQLSCRIPTENCODING' in [integrationTest]
2014-11-03 00:08:49.264 DEBUG 22732 --- [           main] o.s.c.e.PropertySourcesPropertyResolver  : Searching for key 'SPRINGDATASOURCESQLSCRIPTENCODING' in [applicationConfig: [classpath:/application.properties]]
2014-11-03 00:08:49.264 DEBUG 22732 --- [           main] o.s.c.e.PropertySourcesPropertyResolver  : Searching for key 'SPRINGDATASOURCESQLSCRIPTENCODING' in [localProperties]
2014-11-03 00:08:49.264 DEBUG 22732 --- [           main] o.s.c.e.PropertySourcesPropertyResolver  : Could not find key 'SPRINGDATASOURCESQLSCRIPTENCODING' in any property source. Returning [null]
2014-11-03 00:08:49.264 DEBUG 22732 --- [           main] o.s.core.env.MutablePropertySources      : Adding [systemProperties] PropertySource with lowest search precedence
2014-11-03 00:08:49.264 DEBUG 22732 --- [           main] o.s.core.env.MutablePropertySources      : Adding [systemEnvironment] PropertySource with lowest search precedence
2014-11-03 00:08:49.264 DEBUG 22732 --- [           main] o.s.core.env.MutablePropertySources      : Adding [random] PropertySource with lowest search precedence
2014-11-03 00:08:49.264 DEBUG 22732 --- [           main] o.s.core.env.MutablePropertySources      : Adding [integrationTest] PropertySource with lowest search precedence
2014-11-03 00:08:49.264 DEBUG 22732 --- [           main] o.s.core.env.MutablePropertySources      : Adding [applicationConfig: [classpath:/application.properties]] PropertySource with lowest search precedence
2014-11-03 00:08:49.264 DEBUG 22732 --- [           main] o.s.core.env.MutablePropertySources      : Adding [localProperties] PropertySource with lowest search precedence
2014-11-03 00:08:49.264 DEBUG 22732 --- [           main] o.s.c.e.PropertySourcesPropertyResolver  : Searching for key 'SPRING.DATASOURCE.SQL_SCRIPT_ENCODING' in [systemProperties]
2014-11-03 00:08:49.265 DEBUG 22732 --- [           main] o.s.c.e.PropertySourcesPropertyResolver  : Searching for key 'SPRING.DATASOURCE.SQL_SCRIPT_ENCODING' in [systemEnvironment]
2014-11-03 00:08:49.265 DEBUG 22732 --- [           main] o.s.c.e.PropertySourcesPropertyResolver  : Searching for key 'SPRING.DATASOURCE.SQL_SCRIPT_ENCODING' in [random]
2014-11-03 00:08:49.265 DEBUG 22732 --- [           main] o.s.c.e.PropertySourcesPropertyResolver  : Searching for key 'SPRING.DATASOURCE.SQL_SCRIPT_ENCODING' in [integrationTest]
2014-11-03 00:08:49.265 DEBUG 22732 --- [           main] o.s.c.e.PropertySourcesPropertyResolver  : Searching for key 'SPRING.DATASOURCE.SQL_SCRIPT_ENCODING' in [applicationConfig: [classpath:/application.properties]]
2014-11-03 00:08:49.265 DEBUG 22732 --- [           main] o.s.c.e.PropertySourcesPropertyResolver  : Searching for key 'SPRING.DATASOURCE.SQL_SCRIPT_ENCODING' in [localProperties]
2014-11-03 00:08:49.265 DEBUG 22732 --- [           main] o.s.c.e.PropertySourcesPropertyResolver  : Could not find key 'SPRING.DATASOURCE.SQL_SCRIPT_ENCODING' in any property source. Returning [null]
2014-11-03 00:08:49.265 DEBUG 22732 --- [           main] o.s.core.env.MutablePropertySources      : Adding [systemProperties] PropertySource with lowest search precedence
2014-11-03 00:08:49.265 DEBUG 22732 --- [           main] o.s.core.env.MutablePropertySources      : Adding [systemEnvironment] PropertySource with lowest search precedence
2014-11-03 00:08:49.265 DEBUG 22732 --- [           main] o.s.core.env.MutablePropertySources      : Adding [random] PropertySource with lowest search precedence
2014-11-03 00:08:49.265 DEBUG 22732 --- [           main] o.s.core.env.MutablePropertySources      : Adding [integrationTest] PropertySource with lowest search precedence
2014-11-03 00:08:49.265 DEBUG 22732 --- [           main] o.s.core.env.MutablePropertySources      : Adding [applicationConfig: [classpath:/application.properties]] PropertySource with lowest search precedence
2014-11-03 00:08:49.266 DEBUG 22732 --- [           main] o.s.core.env.MutablePropertySources      : Adding [localProperties] PropertySource with lowest search precedence
2014-11-03 00:08:49.266 DEBUG 22732 --- [           main] o.s.c.e.PropertySourcesPropertyResolver  : Searching for key 'SPRINGDATASOURCEDATA' in [systemProperties]
2014-11-03 00:08:49.266 DEBUG 22732 --- [           main] o.s.c.e.PropertySourcesPropertyResolver  : Searching for key 'SPRINGDATASOURCEDATA' in [systemEnvironment]
2014-11-03 00:08:49.266 DEBUG 22732 --- [           main] o.s.c.e.PropertySourcesPropertyResolver  : Searching for key 'SPRINGDATASOURCEDATA' in [random]
2014-11-03 00:08:49.266 DEBUG 22732 --- [           main] o.s.c.e.PropertySourcesPropertyResolver  : Searching for key 'SPRINGDATASOURCEDATA' in [integrationTest]
2014-11-03 00:08:49.266 DEBUG 22732 --- [           main] o.s.c.e.PropertySourcesPropertyResolver  : Searching for key 'SPRINGDATASOURCEDATA' in [applicationConfig: [classpath:/application.properties]]
2014-11-03 00:08:49.266 DEBUG 22732 --- [           main] o.s.c.e.PropertySourcesPropertyResolver  : Searching for key 'SPRINGDATASOURCEDATA' in [localProperties]
2014-11-03 00:08:49.266 DEBUG 22732 --- [           main] o.s.c.e.PropertySourcesPropertyResolver  : Could not find key 'SPRINGDATASOURCEDATA' in any property source. Returning [null]
2014-11-03 00:08:49.266 DEBUG 22732 --- [           main] o.s.core.env.MutablePropertySources      : Adding [systemProperties] PropertySource with lowest search precedence
2014-11-03 00:08:49.266 DEBUG 22732 --- [           main] o.s.core.env.MutablePropertySources      : Adding [systemEnvironment] PropertySource with lowest search precedence
2014-11-03 00:08:49.266 DEBUG 22732 --- [           main] o.s.core.env.MutablePropertySources      : Adding [random] PropertySource with lowest search precedence
2014-11-03 00:08:49.266 DEBUG 22732 --- [           main] o.s.core.env.MutablePropertySources      : Adding [integrationTest] PropertySource with lowest search precedence
2014-11-03 00:08:49.266 DEBUG 22732 --- [           main] o.s.core.env.MutablePropertySources      : Adding [applicationConfig: [classpath:/application.properties]] PropertySource with lowest search precedence
2014-11-03 00:08:49.266 DEBUG 22732 --- [           main] o.s.core.env.MutablePropertySources      : Adding [localProperties] PropertySource with lowest search precedence
2014-11-03 00:08:49.266 DEBUG 22732 --- [           main] o.s.c.e.PropertySourcesPropertyResolver  : Searching for key 'spring.datasource.sqlScriptEncoding' in [systemProperties]
2014-11-03 00:08:49.266 DEBUG 22732 --- [           main] o.s.c.e.PropertySourcesPropertyResolver  : Searching for key 'spring.datasource.sqlScriptEncoding' in [systemEnvironment]
2014-11-03 00:08:49.266 DEBUG 22732 --- [           main] o.s.c.e.PropertySourcesPropertyResolver  : Searching for key 'spring.datasource.sqlScriptEncoding' in [random]
2014-11-03 00:08:49.267 DEBUG 22732 --- [           main] o.s.c.e.PropertySourcesPropertyResolver  : Searching for key 'spring.datasource.sqlScriptEncoding' in [integrationTest]
2014-11-03 00:08:49.267 DEBUG 22732 --- [           main] o.s.c.e.PropertySourcesPropertyResolver  : Searching for key 'spring.datasource.sqlScriptEncoding' in [applicationConfig: [classpath:/application.properties]]
2014-11-03 00:08:49.267 DEBUG 22732 --- [           main] o.s.c.e.PropertySourcesPropertyResolver  : Searching for key 'spring.datasource.sqlScriptEncoding' in [localProperties]
2014-11-03 00:08:49.267 DEBUG 22732 --- [           main] o.s.c.e.PropertySourcesPropertyResolver  : Could not find key 'spring.datasource.sqlScriptEncoding' in any property source. Returning [null]
2014-11-03 00:08:49.267 DEBUG 22732 --- [           main] o.s.core.env.MutablePropertySources      : Adding [systemProperties] PropertySource with lowest search precedence
2014-11-03 00:08:49.267 DEBUG 22732 --- [           main] o.s.core.env.MutablePropertySources      : Adding [systemEnvironment] PropertySource with lowest search precedence
2014-11-03 00:08:49.267 DEBUG 22732 --- [           main] o.s.core.env.MutablePropertySources      : Adding [random] PropertySource with lowest search precedence
2014-11-03 00:08:49.267 DEBUG 22732 --- [           main] o.s.core.env.MutablePropertySources      : Adding [integrationTest] PropertySource with lowest search precedence
2014-11-03 00:08:49.267 DEBUG 22732 --- [           main] o.s.core.env.MutablePropertySources      : Adding [applicationConfig: [classpath:/application.properties]] PropertySource with lowest search precedence
2014-11-03 00:08:49.267 DEBUG 22732 --- [           main] o.s.core.env.MutablePropertySources      : Adding [localProperties] PropertySource with lowest search precedence
2014-11-03 00:08:49.267 DEBUG 22732 --- [           main] o.s.c.e.PropertySourcesPropertyResolver  : Searching for key 'springDatasourceBeanClassLoader' in [systemProperties]
2014-11-03 00:08:49.267 DEBUG 22732 --- [           main] o.s.c.e.PropertySourcesPropertyResolver  : Searching for key 'springDatasourceBeanClassLoader' in [systemEnvironment]
2014-11-03 00:08:49.267 DEBUG 22732 --- [           main] o.s.c.e.PropertySourcesPropertyResolver  : Searching for key 'springDatasourceBeanClassLoader' in [random]
2014-11-03 00:08:49.267 DEBUG 22732 --- [           main] o.s.c.e.PropertySourcesPropertyResolver  : Searching for key 'springDatasourceBeanClassLoader' in [integrationTest]
2014-11-03 00:08:49.267 DEBUG 22732 --- [           main] o.s.c.e.PropertySourcesPropertyResolver  : Searching for key 'springDatasourceBeanClassLoader' in [applicationConfig: [classpath:/application.properties]]
2014-11-03 00:08:49.267 DEBUG 22732 --- [           main] o.s.c.e.PropertySourcesPropertyResolver  : Searching for key 'springDatasourceBeanClassLoader' in [localProperties]
2014-11-03 00:08:49.267 DEBUG 22732 --- [           main] o.s.c.e.PropertySourcesPropertyResolver  : Could not find key 'springDatasourceBeanClassLoader' in any property source. Returning [null]
2014-11-03 00:08:49.268 DEBUG 22732 --- [           main] o.s.core.env.MutablePropertySources      : Adding [systemProperties] PropertySource with lowest search precedence
2014-11-03 00:08:49.268 DEBUG 22732 --- [           main] o.s.core.env.MutablePropertySources      : Adding [systemEnvironment] PropertySource with lowest search precedence
2014-11-03 00:08:49.268 DEBUG 22732 --- [           main] o.s.core.env.MutablePropertySources      : Adding [random] PropertySource with lowest search precedence
2014-11-03 00:08:49.268 DEBUG 22732 --- [           main] o.s.core.env.MutablePropertySources      : Adding [integrationTest] PropertySource with lowest search precedence
2014-11-03 00:08:49.268 DEBUG 22732 --- [           main] o.s.core.env.MutablePropertySources      : Adding [applicationConfig: [classpath:/application.properties]] PropertySource with lowest search precedence
2014-11-03 00:08:49.268 DEBUG 22732 --- [           main] o.s.core.env.MutablePropertySources      : Adding [localProperties] PropertySource with lowest search precedence
2014-11-03 00:08:49.268 DEBUG 22732 --- [           main] o.s.c.e.PropertySourcesPropertyResolver  : Searching for key 'springDatasourceSqlScriptEncoding' in [systemProperties]
2014-11-03 00:08:49.268 DEBUG 22732 --- [           main] o.s.c.e.PropertySourcesPropertyResolver  : Searching for key 'springDatasourceSqlScriptEncoding' in [systemEnvironment]
2014-11-03 00:08:49.268 DEBUG 22732 --- [           main] o.s.c.e.PropertySourcesPropertyResolver  : Searching for key 'springDatasourceSqlScriptEncoding' in [random]
2014-11-03 00:08:49.268 DEBUG 22732 --- [           main] o.s.c.e.PropertySourcesPropertyResolver  : Searching for key 'springDatasourceSqlScriptEncoding' in [integrationTest]
2014-11-03 00:08:49.268 DEBUG 22732 --- [           main] o.s.c.e.PropertySourcesPropertyResolver  : Searching for key 'springDatasourceSqlScriptEncoding' in [applicationConfig: [classpath:/application.properties]]
2014-11-03 00:08:49.268 DEBUG 22732 --- [           main] o.s.c.e.PropertySourcesPropertyResolver  : Searching for key 'springDatasourceSqlScriptEncoding' in [localProperties]
2014-11-03 00:08:49.268 DEBUG 22732 --- [           main] o.s.c.e.PropertySourcesPropertyResolver  : Could not find key 'springDatasourceSqlScriptEncoding' in any property source. Returning [null]
2014-11-03 00:08:49.268 DEBUG 22732 --- [           main] o.s.core.env.MutablePropertySources      : Adding [systemProperties] PropertySource with lowest search precedence
2014-11-03 00:08:49.268 DEBUG 22732 --- [           main] o.s.core.env.MutablePropertySources      : Adding [systemEnvironment] PropertySource with lowest search precedence
2014-11-03 00:08:49.268 DEBUG 22732 --- [           main] o.s.core.env.MutablePropertySources      : Adding [random] PropertySource with lowest search precedence
2014-11-03 00:08:49.268 DEBUG 22732 --- [           main] o.s.core.env.MutablePropertySources      : Adding [integrationTest] PropertySource with lowest search precedence
2014-11-03 00:08:49.269 DEBUG 22732 --- [           main] o.s.core.env.MutablePropertySources      : Adding [applicationConfig: [classpath:/application.properties]] PropertySource with lowest search precedence
2014-11-03 00:08:49.269 DEBUG 22732 --- [           main] o.s.core.env.MutablePropertySources      : Adding [localProperties] PropertySource with lowest search precedence
2014-11-03 00:08:49.269 DEBUG 22732 --- [           main] o.s.c.e.PropertySourcesPropertyResolver  : Searching for key 'spring.datasource.bean_class_loader' in [systemProperties]
2014-11-03 00:08:49.269 DEBUG 22732 --- [           main] o.s.c.e.PropertySourcesPropertyResolver  : Searching for key 'spring.datasource.bean_class_loader' in [systemEnvironment]
2014-11-03 00:08:49.269 DEBUG 22732 --- [           main] o.s.c.e.PropertySourcesPropertyResolver  : Searching for key 'spring.datasource.bean_class_loader' in [random]
2014-11-03 00:08:49.269 DEBUG 22732 --- [           main] o.s.c.e.PropertySourcesPropertyResolver  : Searching for key 'spring.datasource.bean_class_loader' in [integrationTest]
2014-11-03 00:08:49.269 DEBUG 22732 --- [           main] o.s.c.e.PropertySourcesPropertyResolver  : Searching for key 'spring.datasource.bean_class_loader' in [applicationConfig: [classpath:/application.properties]]
2014-11-03 00:08:49.269 DEBUG 22732 --- [           main] o.s.c.e.PropertySourcesPropertyResolver  : Searching for key 'spring.datasource.bean_class_loader' in [localProperties]
2014-11-03 00:08:49.269 DEBUG 22732 --- [           main] o.s.c.e.PropertySourcesPropertyResolver  : Could not find key 'spring.datasource.bean_class_loader' in any property source. Returning [null]
2014-11-03 00:08:49.270 DEBUG 22732 --- [           main] o.s.core.env.MutablePropertySources      : Adding [systemProperties] PropertySource with lowest search precedence
2014-11-03 00:08:49.270 DEBUG 22732 --- [           main] o.s.core.env.MutablePropertySources      : Adding [systemEnvironment] PropertySource with lowest search precedence
2014-11-03 00:08:49.270 DEBUG 22732 --- [           main] o.s.core.env.MutablePropertySources      : Adding [random] PropertySource with lowest search precedence
2014-11-03 00:08:49.270 DEBUG 22732 --- [           main] o.s.core.env.MutablePropertySources      : Adding [integrationTest] PropertySource with lowest search precedence
2014-11-03 00:08:49.270 DEBUG 22732 --- [           main] o.s.core.env.MutablePropertySources      : Adding [applicationConfig: [classpath:/application.properties]] PropertySource with lowest search precedence
2014-11-03 00:08:49.270 DEBUG 22732 --- [           main] o.s.core.env.MutablePropertySources      : Adding [localProperties] PropertySource with lowest search precedence
2014-11-03 00:08:49.270 DEBUG 22732 --- [           main] o.s.c.e.PropertySourcesPropertyResolver  : Searching for key 'SPRINGDATASOURCECLASSLOADER' in [systemProperties]
2014-11-03 00:08:49.270 DEBUG 22732 --- [           main] o.s.c.e.PropertySourcesPropertyResolver  : Searching for key 'SPRINGDATASOURCECLASSLOADER' in [systemEnvironment]
2014-11-03 00:08:49.270 DEBUG 22732 --- [           main] o.s.c.e.PropertySourcesPropertyResolver  : Searching for key 'SPRINGDATASOURCECLASSLOADER' in [random]
2014-11-03 00:08:49.270 DEBUG 22732 --- [           main] o.s.c.e.PropertySourcesPropertyResolver  : Searching for key 'SPRINGDATASOURCECLASSLOADER' in [integrationTest]
2014-11-03 00:08:49.270 DEBUG 22732 --- [           main] o.s.c.e.PropertySourcesPropertyResolver  : Searching for key 'SPRINGDATASOURCECLASSLOADER' in [applicationConfig: [classpath:/application.properties]]
2014-11-03 00:08:49.270 DEBUG 22732 --- [           main] o.s.c.e.PropertySourcesPropertyResolver  : Searching for key 'SPRINGDATASOURCECLASSLOADER' in [localProperties]
2014-11-03 00:08:49.270 DEBUG 22732 --- [           main] o.s.c.e.PropertySourcesPropertyResolver  : Could not find key 'SPRINGDATASOURCECLASSLOADER' in any property source. Returning [null]
2014-11-03 00:08:49.270 DEBUG 22732 --- [           main] o.s.core.env.MutablePropertySources      : Adding [systemProperties] PropertySource with lowest search precedence
2014-11-03 00:08:49.270 DEBUG 22732 --- [           main] o.s.core.env.MutablePropertySources      : Adding [systemEnvironment] PropertySource with lowest search precedence
2014-11-03 00:08:49.271 DEBUG 22732 --- [           main] o.s.core.env.MutablePropertySources      : Adding [random] PropertySource with lowest search precedence
2014-11-03 00:08:49.271 DEBUG 22732 --- [           main] o.s.core.env.MutablePropertySources      : Adding [integrationTest] PropertySource with lowest search precedence
2014-11-03 00:08:49.271 DEBUG 22732 --- [           main] o.s.core.env.MutablePropertySources      : Adding [applicationConfig: [classpath:/application.properties]] PropertySource with lowest search precedence
2014-11-03 00:08:49.271 DEBUG 22732 --- [           main] o.s.core.env.MutablePropertySources      : Adding [localProperties] PropertySource with lowest search precedence
2014-11-03 00:08:49.271 DEBUG 22732 --- [           main] o.s.c.e.PropertySourcesPropertyResolver  : Searching for key 'springDatasourceContinueOnError' in [systemProperties]
2014-11-03 00:08:49.271 DEBUG 22732 --- [           main] o.s.c.e.PropertySourcesPropertyResolver  : Searching for key 'springDatasourceContinueOnError' in [systemEnvironment]
2014-11-03 00:08:49.271 DEBUG 22732 --- [           main] o.s.c.e.PropertySourcesPropertyResolver  : Searching for key 'springDatasourceContinueOnError' in [random]
2014-11-03 00:08:49.271 DEBUG 22732 --- [           main] o.s.c.e.PropertySourcesPropertyResolver  : Searching for key 'springDatasourceContinueOnError' in [integrationTest]
2014-11-03 00:08:49.271 DEBUG 22732 --- [           main] o.s.c.e.PropertySourcesPropertyResolver  : Searching for key 'springDatasourceContinueOnError' in [applicationConfig: [classpath:/application.properties]]
2014-11-03 00:08:49.271 DEBUG 22732 --- [           main] o.s.c.e.PropertySourcesPropertyResolver  : Searching for key 'springDatasourceContinueOnError' in [localProperties]
2014-11-03 00:08:49.271 DEBUG 22732 --- [           main] o.s.c.e.PropertySourcesPropertyResolver  : Could not find key 'springDatasourceContinueOnError' in any property source. Returning [null]
2014-11-03 00:08:49.271 DEBUG 22732 --- [           main] o.s.core.env.MutablePropertySources      : Adding [systemProperties] PropertySource with lowest search precedence
2014-11-03 00:08:49.271 DEBUG 22732 --- [           main] o.s.core.env.MutablePropertySources      : Adding [systemEnvironment] PropertySource with lowest search precedence
2014-11-03 00:08:49.271 DEBUG 22732 --- [           main] o.s.core.env.MutablePropertySources      : Adding [random] PropertySource with lowest search precedence
2014-11-03 00:08:49.271 DEBUG 22732 --- [           main] o.s.core.env.MutablePropertySources      : Adding [integrationTest] PropertySource with lowest search precedence
2014-11-03 00:08:49.271 DEBUG 22732 --- [           main] o.s.core.env.MutablePropertySources      : Adding [applicationConfig: [classpath:/application.properties]] PropertySource with lowest search precedence
2014-11-03 00:08:49.272 DEBUG 22732 --- [           main] o.s.core.env.MutablePropertySources      : Adding [localProperties] PropertySource with lowest search precedence
2014-11-03 00:08:49.272 DEBUG 22732 --- [           main] o.s.c.e.PropertySourcesPropertyResolver  : Searching for key 'springDatasourceDriverClassName' in [systemProperties]
2014-11-03 00:08:49.272 DEBUG 22732 --- [           main] o.s.c.e.PropertySourcesPropertyResolver  : Searching for key 'springDatasourceDriverClassName' in [systemEnvironment]
2014-11-03 00:08:49.272 DEBUG 22732 --- [           main] o.s.c.e.PropertySourcesPropertyResolver  : Searching for key 'springDatasourceDriverClassName' in [random]
2014-11-03 00:08:49.272 DEBUG 22732 --- [           main] o.s.c.e.PropertySourcesPropertyResolver  : Searching for key 'springDatasourceDriverClassName' in [integrationTest]
2014-11-03 00:08:49.272 DEBUG 22732 --- [           main] o.s.c.e.PropertySourcesPropertyResolver  : Searching for key 'springDatasourceDriverClassName' in [applicationConfig: [classpath:/application.properties]]
2014-11-03 00:08:49.272 DEBUG 22732 --- [           main] o.s.c.e.PropertySourcesPropertyResolver  : Searching for key 'springDatasourceDriverClassName' in [localProperties]
2014-11-03 00:08:49.272 DEBUG 22732 --- [           main] o.s.c.e.PropertySourcesPropertyResolver  : Could not find key 'springDatasourceDriverClassName' in any property source. Returning [null]
2014-11-03 00:08:49.272 DEBUG 22732 --- [           main] o.s.core.env.MutablePropertySources      : Adding [systemProperties] PropertySource with lowest search precedence
2014-11-03 00:08:49.272 DEBUG 22732 --- [           main] o.s.core.env.MutablePropertySources      : Adding [systemEnvironment] PropertySource with lowest search precedence
2014-11-03 00:08:49.272 DEBUG 22732 --- [           main] o.s.core.env.MutablePropertySources      : Adding [random] PropertySource with lowest search precedence
2014-11-03 00:08:49.272 DEBUG 22732 --- [           main] o.s.core.env.MutablePropertySources      : Adding [integrationTest] PropertySource with lowest search precedence
2014-11-03 00:08:49.272 DEBUG 22732 --- [           main] o.s.core.env.MutablePropertySources      : Adding [applicationConfig: [classpath:/application.properties]] PropertySource with lowest search precedence
2014-11-03 00:08:49.272 DEBUG 22732 --- [           main] o.s.core.env.MutablePropertySources      : Adding [localProperties] PropertySource with lowest search precedence
2014-11-03 00:08:49.273 DEBUG 22732 --- [           main] o.s.c.e.PropertySourcesPropertyResolver  : Searching for key 'spring_datasource_classloader' in [systemProperties]
2014-11-03 00:08:49.273 DEBUG 22732 --- [           main] o.s.c.e.PropertySourcesPropertyResolver  : Searching for key 'spring_datasource_classloader' in [systemEnvironment]
2014-11-03 00:08:49.273 DEBUG 22732 --- [           main] o.s.c.e.PropertySourcesPropertyResolver  : Searching for key 'spring_datasource_classloader' in [random]
2014-11-03 00:08:49.273 DEBUG 22732 --- [           main] o.s.c.e.PropertySourcesPropertyResolver  : Searching for key 'spring_datasource_classloader' in [integrationTest]
2014-11-03 00:08:49.273 DEBUG 22732 --- [           main] o.s.c.e.PropertySourcesPropertyResolver  : Searching for key 'spring_datasource_classloader' in [applicationConfig: [classpath:/application.properties]]
2014-11-03 00:08:49.273 DEBUG 22732 --- [           main] o.s.c.e.PropertySourcesPropertyResolver  : Searching for key 'spring_datasource_classloader' in [localProperties]
2014-11-03 00:08:49.273 DEBUG 22732 --- [           main] o.s.c.e.PropertySourcesPropertyResolver  : Could not find key 'spring_datasource_classloader' in any property source. Returning [null]
2014-11-03 00:08:49.273 DEBUG 22732 --- [           main] o.s.core.env.MutablePropertySources      : Adding [systemProperties] PropertySource with lowest search precedence
2014-11-03 00:08:49.273 DEBUG 22732 --- [           main] o.s.core.env.MutablePropertySources      : Adding [systemEnvironment] PropertySource with lowest search precedence
2014-11-03 00:08:49.273 DEBUG 22732 --- [           main] o.s.core.env.MutablePropertySources      : Adding [random] PropertySource with lowest search precedence
2014-11-03 00:08:49.273 DEBUG 22732 --- [           main] o.s.core.env.MutablePropertySources      : Adding [integrationTest] PropertySource with lowest search precedence
2014-11-03 00:08:49.273 DEBUG 22732 --- [           main] o.s.core.env.MutablePropertySources      : Adding [applicationConfig: [classpath:/application.properties]] PropertySource with lowest search precedence
2014-11-03 00:08:49.273 DEBUG 22732 --- [           main] o.s.core.env.MutablePropertySources      : Adding [localProperties] PropertySource with lowest search precedence
2014-11-03 00:08:49.273 DEBUG 22732 --- [           main] o.s.c.e.PropertySourcesPropertyResolver  : Searching for key 'SPRING_DATASOURCE_BEANCLASSLOADER' in [systemProperties]
2014-11-03 00:08:49.273 DEBUG 22732 --- [           main] o.s.c.e.PropertySourcesPropertyResolver  : Searching for key 'SPRING_DATASOURCE_BEANCLASSLOADER' in [systemEnvironment]
2014-11-03 00:08:49.273 DEBUG 22732 --- [           main] o.s.c.e.PropertySourcesPropertyResolver  : Searching for key 'SPRING_DATASOURCE_BEANCLASSLOADER' in [random]
2014-11-03 00:08:49.273 DEBUG 22732 --- [           main] o.s.c.e.PropertySourcesPropertyResolver  : Searching for key 'SPRING_DATASOURCE_BEANCLASSLOADER' in [integrationTest]
2014-11-03 00:08:49.274 DEBUG 22732 --- [           main] o.s.c.e.PropertySourcesPropertyResolver  : Searching for key 'SPRING_DATASOURCE_BEANCLASSLOADER' in [applicationConfig: [classpath:/application.properties]]
2014-11-03 00:08:49.274 DEBUG 22732 --- [           main] o.s.c.e.PropertySourcesPropertyResolver  : Searching for key 'SPRING_DATASOURCE_BEANCLASSLOADER' in [localProperties]
2014-11-03 00:08:49.274 DEBUG 22732 --- [           main] o.s.c.e.PropertySourcesPropertyResolver  : Could not find key 'SPRING_DATASOURCE_BEANCLASSLOADER' in any property source. Returning [null]
2014-11-03 00:08:49.274 DEBUG 22732 --- [           main] o.s.core.env.MutablePropertySources      : Adding [systemProperties] PropertySource with lowest search precedence
2014-11-03 00:08:49.274 DEBUG 22732 --- [           main] o.s.core.env.MutablePropertySources      : Adding [systemEnvironment] PropertySource with lowest search precedence
2014-11-03 00:08:49.274 DEBUG 22732 --- [           main] o.s.core.env.MutablePropertySources      : Adding [random] PropertySource with lowest search precedence
2014-11-03 00:08:49.274 DEBUG 22732 --- [           main] o.s.core.env.MutablePropertySources      : Adding [integrationTest] PropertySource with lowest search precedence
2014-11-03 00:08:49.274 DEBUG 22732 --- [           main] o.s.core.env.MutablePropertySources      : Adding [applicationConfig: [classpath:/application.properties]] PropertySource with lowest search precedence
2014-11-03 00:08:49.274 DEBUG 22732 --- [           main] o.s.core.env.MutablePropertySources      : Adding [localProperties] PropertySource with lowest search precedence
2014-11-03 00:08:49.274 DEBUG 22732 --- [           main] o.s.c.e.PropertySourcesPropertyResolver  : Searching for key 'spring.datasource.separator' in [systemProperties]
2014-11-03 00:08:49.274 DEBUG 22732 --- [           main] o.s.c.e.PropertySourcesPropertyResolver  : Searching for key 'spring.datasource.separator' in [systemEnvironment]
2014-11-03 00:08:49.274 DEBUG 22732 --- [           main] o.s.c.e.PropertySourcesPropertyResolver  : Searching for key 'spring.datasource.separator' in [random]
2014-11-03 00:08:49.274 DEBUG 22732 --- [           main] o.s.c.e.PropertySourcesPropertyResolver  : Searching for key 'spring.datasource.separator' in [integrationTest]
2014-11-03 00:08:49.274 DEBUG 22732 --- [           main] o.s.c.e.PropertySourcesPropertyResolver  : Searching for key 'spring.datasource.separator' in [applicationConfig: [classpath:/application.properties]]
2014-11-03 00:08:49.274 DEBUG 22732 --- [           main] o.s.c.e.PropertySourcesPropertyResolver  : Searching for key 'spring.datasource.separator' in [localProperties]
2014-11-03 00:08:49.274 DEBUG 22732 --- [           main] o.s.c.e.PropertySourcesPropertyResolver  : Could not find key 'spring.datasource.separator' in any property source. Returning [null]
2014-11-03 00:08:49.275 DEBUG 22732 --- [           main] o.s.core.env.MutablePropertySources      : Adding [systemProperties] PropertySource with lowest search precedence
2014-11-03 00:08:49.275 DEBUG 22732 --- [           main] o.s.core.env.MutablePropertySources      : Adding [systemEnvironment] PropertySource with lowest search precedence
2014-11-03 00:08:49.275 DEBUG 22732 --- [           main] o.s.core.env.MutablePropertySources      : Adding [random] PropertySource with lowest search precedence
2014-11-03 00:08:49.275 DEBUG 22732 --- [           main] o.s.core.env.MutablePropertySources      : Adding [integrationTest] PropertySource with lowest search precedence
2014-11-03 00:08:49.275 DEBUG 22732 --- [           main] o.s.core.env.MutablePropertySources      : Adding [applicationConfig: [classpath:/application.properties]] PropertySource with lowest search precedence
2014-11-03 00:08:49.275 DEBUG 22732 --- [           main] o.s.core.env.MutablePropertySources      : Adding [localProperties] PropertySource with lowest search precedence
2014-11-03 00:08:49.275 DEBUG 22732 --- [           main] o.s.c.e.PropertySourcesPropertyResolver  : Searching for key 'SPRING.DATASOURCE.CONTINUE_ON_ERROR' in [systemProperties]
2014-11-03 00:08:49.275 DEBUG 22732 --- [           main] o.s.c.e.PropertySourcesPropertyResolver  : Searching for key 'SPRING.DATASOURCE.CONTINUE_ON_ERROR' in [systemEnvironment]
2014-11-03 00:08:49.275 DEBUG 22732 --- [           main] o.s.c.e.PropertySourcesPropertyResolver  : Searching for key 'SPRING.DATASOURCE.CONTINUE_ON_ERROR' in [random]
2014-11-03 00:08:49.275 DEBUG 22732 --- [           main] o.s.c.e.PropertySourcesPropertyResolver  : Searching for key 'SPRING.DATASOURCE.CONTINUE_ON_ERROR' in [integrationTest]
2014-11-03 00:08:49.275 DEBUG 22732 --- [           main] o.s.c.e.PropertySourcesPropertyResolver  : Searching for key 'SPRING.DATASOURCE.CONTINUE_ON_ERROR' in [applicationConfig: [classpath:/application.properties]]
2014-11-03 00:08:49.275 DEBUG 22732 --- [           main] o.s.c.e.PropertySourcesPropertyResolver  : Searching for key 'SPRING.DATASOURCE.CONTINUE_ON_ERROR' in [localProperties]
2014-11-03 00:08:49.275 DEBUG 22732 --- [           main] o.s.c.e.PropertySourcesPropertyResolver  : Could not find key 'SPRING.DATASOURCE.CONTINUE_ON_ERROR' in any property source. Returning [null]
2014-11-03 00:08:49.275 DEBUG 22732 --- [           main] o.s.core.env.MutablePropertySources      : Adding [systemProperties] PropertySource with lowest search precedence
2014-11-03 00:08:49.275 DEBUG 22732 --- [           main] o.s.core.env.MutablePropertySources      : Adding [systemEnvironment] PropertySource with lowest search precedence
2014-11-03 00:08:49.275 DEBUG 22732 --- [           main] o.s.core.env.MutablePropertySources      : Adding [random] PropertySource with lowest search precedence
2014-11-03 00:08:49.275 DEBUG 22732 --- [           main] o.s.core.env.MutablePropertySources      : Adding [integrationTest] PropertySource with lowest search precedence
2014-11-03 00:08:49.275 DEBUG 22732 --- [           main] o.s.core.env.MutablePropertySources      : Adding [applicationConfig: [classpath:/application.properties]] PropertySource with lowest search precedence
2014-11-03 00:08:49.276 DEBUG 22732 --- [           main] o.s.core.env.MutablePropertySources      : Adding [localProperties] PropertySource with lowest search precedence
2014-11-03 00:08:49.276 DEBUG 22732 --- [           main] o.s.c.e.PropertySourcesPropertyResolver  : Searching for key 'SPRING.DATASOURCE.BEANCLASSLOADER' in [systemProperties]
2014-11-03 00:08:49.276 DEBUG 22732 --- [           main] o.s.c.e.PropertySourcesPropertyResolver  : Searching for key 'SPRING.DATASOURCE.BEANCLASSLOADER' in [systemEnvironment]
2014-11-03 00:08:49.276 DEBUG 22732 --- [           main] o.s.c.e.PropertySourcesPropertyResolver  : Searching for key 'SPRING.DATASOURCE.BEANCLASSLOADER' in [random]
2014-11-03 00:08:49.276 DEBUG 22732 --- [           main] o.s.c.e.PropertySourcesPropertyResolver  : Searching for key 'SPRING.DATASOURCE.BEANCLASSLOADER' in [integrationTest]
2014-11-03 00:08:49.276 DEBUG 22732 --- [           main] o.s.c.e.PropertySourcesPropertyResolver  : Searching for key 'SPRING.DATASOURCE.BEANCLASSLOADER' in [applicationConfig: [classpath:/application.properties]]
2014-11-03 00:08:49.276 DEBUG 22732 --- [           main] o.s.c.e.PropertySourcesPropertyResolver  : Searching for key 'SPRING.DATASOURCE.BEANCLASSLOADER' in [localProperties]
2014-11-03 00:08:49.276 DEBUG 22732 --- [           main] o.s.c.e.PropertySourcesPropertyResolver  : Could not find key 'SPRING.DATASOURCE.BEANCLASSLOADER' in any property source. Returning [null]
2014-11-03 00:08:49.276 DEBUG 22732 --- [           main] o.s.core.env.MutablePropertySources      : Adding [systemProperties] PropertySource with lowest search precedence
2014-11-03 00:08:49.276 DEBUG 22732 --- [           main] o.s.core.env.MutablePropertySources      : Adding [systemEnvironment] PropertySource with lowest search precedence
2014-11-03 00:08:49.276 DEBUG 22732 --- [           main] o.s.core.env.MutablePropertySources      : Adding [random] PropertySource with lowest search precedence
2014-11-03 00:08:49.276 DEBUG 22732 --- [           main] o.s.core.env.MutablePropertySources      : Adding [integrationTest] PropertySource with lowest search precedence
2014-11-03 00:08:49.276 DEBUG 22732 --- [           main] o.s.core.env.MutablePropertySources      : Adding [applicationConfig: [classpath:/application.properties]] PropertySource with lowest search precedence
2014-11-03 00:08:49.276 DEBUG 22732 --- [           main] o.s.core.env.MutablePropertySources      : Adding [localProperties] PropertySource with lowest search precedence
2014-11-03 00:08:49.276 DEBUG 22732 --- [           main] o.s.c.e.PropertySourcesPropertyResolver  : Searching for key 'spring_datasource_initialize' in [systemProperties]
2014-11-03 00:08:49.276 DEBUG 22732 --- [           main] o.s.c.e.PropertySourcesPropertyResolver  : Searching for key 'spring_datasource_initialize' in [systemEnvironment]
2014-11-03 00:08:49.276 DEBUG 22732 --- [           main] o.s.c.e.PropertySourcesPropertyResolver  : Searching for key 'spring_datasource_initialize' in [random]
2014-11-03 00:08:49.277 DEBUG 22732 --- [           main] o.s.c.e.PropertySourcesPropertyResolver  : Searching for key 'spring_datasource_initialize' in [integrationTest]
2014-11-03 00:08:49.277 DEBUG 22732 --- [           main] o.s.c.e.PropertySourcesPropertyResolver  : Searching for key 'spring_datasource_initialize' in [applicationConfig: [classpath:/application.properties]]
2014-11-03 00:08:49.277 DEBUG 22732 --- [           main] o.s.c.e.PropertySourcesPropertyResolver  : Searching for key 'spring_datasource_initialize' in [localProperties]
2014-11-03 00:08:49.277 DEBUG 22732 --- [           main] o.s.c.e.PropertySourcesPropertyResolver  : Could not find key 'spring_datasource_initialize' in any property source. Returning [null]
2014-11-03 00:08:49.277 DEBUG 22732 --- [           main] o.s.core.env.MutablePropertySources      : Adding [systemProperties] PropertySource with lowest search precedence
2014-11-03 00:08:49.277 DEBUG 22732 --- [           main] o.s.core.env.MutablePropertySources      : Adding [systemEnvironment] PropertySource with lowest search precedence
2014-11-03 00:08:49.277 DEBUG 22732 --- [           main] o.s.core.env.MutablePropertySources      : Adding [random] PropertySource with lowest search precedence
2014-11-03 00:08:49.277 DEBUG 22732 --- [           main] o.s.core.env.MutablePropertySources      : Adding [integrationTest] PropertySource with lowest search precedence
2014-11-03 00:08:49.277 DEBUG 22732 --- [           main] o.s.core.env.MutablePropertySources      : Adding [applicationConfig: [classpath:/application.properties]] PropertySource with lowest search precedence
2014-11-03 00:08:49.277 DEBUG 22732 --- [           main] o.s.core.env.MutablePropertySources      : Adding [localProperties] PropertySource with lowest search precedence
2014-11-03 00:08:49.277 DEBUG 22732 --- [           main] o.s.c.e.PropertySourcesPropertyResolver  : Searching for key 'spring.jmx.enabled' in [systemProperties]
2014-11-03 00:08:49.277 DEBUG 22732 --- [           main] o.s.c.e.PropertySourcesPropertyResolver  : Searching for key 'spring.jmx.enabled' in [systemEnvironment]
2014-11-03 00:08:49.277 DEBUG 22732 --- [           main] o.s.c.e.PropertySourcesPropertyResolver  : Searching for key 'spring.jmx.enabled' in [random]
2014-11-03 00:08:49.277 DEBUG 22732 --- [           main] o.s.c.e.PropertySourcesPropertyResolver  : Searching for key 'spring.jmx.enabled' in [integrationTest]
2014-11-03 00:08:49.278 DEBUG 22732 --- [           main] o.s.c.e.PropertySourcesPropertyResolver  : Found key 'spring.jmx.enabled' in [integrationTest] with type [String] and value 'false'
2014-11-03 00:08:49.278 DEBUG 22732 --- [           main] o.s.core.env.MutablePropertySources      : Adding [systemProperties] PropertySource with lowest search precedence
2014-11-03 00:08:49.278 DEBUG 22732 --- [           main] o.s.core.env.MutablePropertySources      : Adding [systemEnvironment] PropertySource with lowest search precedence
2014-11-03 00:08:49.278 DEBUG 22732 --- [           main] o.s.core.env.MutablePropertySources      : Adding [random] PropertySource with lowest search precedence
2014-11-03 00:08:49.278 DEBUG 22732 --- [           main] o.s.core.env.MutablePropertySources      : Adding [integrationTest] PropertySource with lowest search precedence
2014-11-03 00:08:49.278 DEBUG 22732 --- [           main] o.s.core.env.MutablePropertySources      : Adding [applicationConfig: [classpath:/application.properties]] PropertySource with lowest search precedence
2014-11-03 00:08:49.278 DEBUG 22732 --- [           main] o.s.core.env.MutablePropertySources      : Adding [localProperties] PropertySource with lowest search precedence
2014-11-03 00:08:49.278 DEBUG 22732 --- [           main] o.s.c.e.PropertySourcesPropertyResolver  : Searching for key 'server.port' in [systemProperties]
2014-11-03 00:08:49.278 DEBUG 22732 --- [           main] o.s.c.e.PropertySourcesPropertyResolver  : Searching for key 'server.port' in [systemEnvironment]
2014-11-03 00:08:49.278 DEBUG 22732 --- [           main] o.s.c.e.PropertySourcesPropertyResolver  : Searching for key 'server.port' in [random]
2014-11-03 00:08:49.278 DEBUG 22732 --- [           main] o.s.c.e.PropertySourcesPropertyResolver  : Searching for key 'server.port' in [integrationTest]
2014-11-03 00:08:49.278 DEBUG 22732 --- [           main] o.s.c.e.PropertySourcesPropertyResolver  : Found key 'server.port' in [integrationTest] with type [String] and value '-1'
2014-11-03 00:08:49.279 DEBUG 22732 --- [           main] o.s.core.env.MutablePropertySources      : Adding [systemProperties] PropertySource with lowest search precedence
2014-11-03 00:08:49.279 DEBUG 22732 --- [           main] o.s.core.env.MutablePropertySources      : Adding [systemEnvironment] PropertySource with lowest search precedence
2014-11-03 00:08:49.279 DEBUG 22732 --- [           main] o.s.core.env.MutablePropertySources      : Adding [random] PropertySource with lowest search precedence
2014-11-03 00:08:49.279 DEBUG 22732 --- [           main] o.s.core.env.MutablePropertySources      : Adding [integrationTest] PropertySource with lowest search precedence
2014-11-03 00:08:49.279 DEBUG 22732 --- [           main] o.s.core.env.MutablePropertySources      : Adding [applicationConfig: [classpath:/application.properties]] PropertySource with lowest search precedence
2014-11-03 00:08:49.279 DEBUG 22732 --- [           main] o.s.core.env.MutablePropertySources      : Adding [localProperties] PropertySource with lowest search precedence
2014-11-03 00:08:49.279 DEBUG 22732 --- [           main] o.s.c.e.PropertySourcesPropertyResolver  : Searching for key 'logging.level.org.springframework' in [systemProperties]
2014-11-03 00:08:49.279 DEBUG 22732 --- [           main] o.s.c.e.PropertySourcesPropertyResolver  : Searching for key 'logging.level.org.springframework' in [systemEnvironment]
2014-11-03 00:08:49.280 DEBUG 22732 --- [           main] o.s.c.e.PropertySourcesPropertyResolver  : Searching for key 'logging.level.org.springframework' in [random]
2014-11-03 00:08:49.280 DEBUG 22732 --- [           main] o.s.c.e.PropertySourcesPropertyResolver  : Searching for key 'logging.level.org.springframework' in [integrationTest]
2014-11-03 00:08:49.280 DEBUG 22732 --- [           main] o.s.c.e.PropertySourcesPropertyResolver  : Searching for key 'logging.level.org.springframework' in [applicationConfig: [classpath:/application.properties]]
2014-11-03 00:08:49.280 DEBUG 22732 --- [           main] o.s.c.e.PropertySourcesPropertyResolver  : Found key 'logging.level.org.springframework' in [applicationConfig: [classpath:/application.properties]] with type [String] and value 'DEBUG'
2014-11-03 00:08:49.280 DEBUG 22732 --- [           main] o.s.core.env.MutablePropertySources      : Adding [systemProperties] PropertySource with lowest search precedence
2014-11-03 00:08:49.280 DEBUG 22732 --- [           main] o.s.core.env.MutablePropertySources      : Adding [systemEnvironment] PropertySource with lowest search precedence
2014-11-03 00:08:49.280 DEBUG 22732 --- [           main] o.s.core.env.MutablePropertySources      : Adding [random] PropertySource with lowest search precedence
2014-11-03 00:08:49.281 DEBUG 22732 --- [           main] o.s.core.env.MutablePropertySources      : Adding [integrationTest] PropertySource with lowest search precedence
2014-11-03 00:08:49.281 DEBUG 22732 --- [           main] o.s.core.env.MutablePropertySources      : Adding [applicationConfig: [classpath:/application.properties]] PropertySource with lowest search precedence
2014-11-03 00:08:49.281 DEBUG 22732 --- [           main] o.s.core.env.MutablePropertySources      : Adding [localProperties] PropertySource with lowest search precedence
2014-11-03 00:08:49.281 DEBUG 22732 --- [           main] o.s.c.e.PropertySourcesPropertyResolver  : Searching for key 'entitymanager.packages.to.scan' in [systemProperties]
2014-11-03 00:08:49.281 DEBUG 22732 --- [           main] o.s.c.e.PropertySourcesPropertyResolver  : Searching for key 'entitymanager.packages.to.scan' in [systemEnvironment]
2014-11-03 00:08:49.281 DEBUG 22732 --- [           main] o.s.c.e.PropertySourcesPropertyResolver  : Searching for key 'entitymanager.packages.to.scan' in [random]
2014-11-03 00:08:49.281 DEBUG 22732 --- [           main] o.s.c.e.PropertySourcesPropertyResolver  : Searching for key 'entitymanager.packages.to.scan' in [integrationTest]
2014-11-03 00:08:49.281 DEBUG 22732 --- [           main] o.s.c.e.PropertySourcesPropertyResolver  : Searching for key 'entitymanager.packages.to.scan' in [applicationConfig: [classpath:/application.properties]]
2014-11-03 00:08:49.281 DEBUG 22732 --- [           main] o.s.c.e.PropertySourcesPropertyResolver  : Found key 'entitymanager.packages.to.scan' in [applicationConfig: [classpath:/application.properties]] with type [String] and value 'vye.datajpa.model'
2014-11-03 00:08:49.281 DEBUG 22732 --- [           main] o.s.core.env.MutablePropertySources      : Adding [systemProperties] PropertySource with lowest search precedence
2014-11-03 00:08:49.281 DEBUG 22732 --- [           main] o.s.core.env.MutablePropertySources      : Adding [systemEnvironment] PropertySource with lowest search precedence
2014-11-03 00:08:49.281 DEBUG 22732 --- [           main] o.s.core.env.MutablePropertySources      : Adding [random] PropertySource with lowest search precedence
2014-11-03 00:08:49.282 DEBUG 22732 --- [           main] o.s.core.env.MutablePropertySources      : Adding [integrationTest] PropertySource with lowest search precedence
2014-11-03 00:08:49.282 DEBUG 22732 --- [           main] o.s.core.env.MutablePropertySources      : Adding [applicationConfig: [classpath:/application.properties]] PropertySource with lowest search precedence
2014-11-03 00:08:49.282 DEBUG 22732 --- [           main] o.s.core.env.MutablePropertySources      : Adding [localProperties] PropertySource with lowest search precedence
2014-11-03 00:08:49.282 DEBUG 22732 --- [           main] o.s.c.e.PropertySourcesPropertyResolver  : Searching for key 'message.source.use.code.as.default.message' in [systemProperties]
2014-11-03 00:08:49.282 DEBUG 22732 --- [           main] o.s.c.e.PropertySourcesPropertyResolver  : Searching for key 'message.source.use.code.as.default.message' in [systemEnvironment]
2014-11-03 00:08:49.282 DEBUG 22732 --- [           main] o.s.c.e.PropertySourcesPropertyResolver  : Searching for key 'message.source.use.code.as.default.message' in [random]
2014-11-03 00:08:49.283 DEBUG 22732 --- [           main] o.s.c.e.PropertySourcesPropertyResolver  : Searching for key 'message.source.use.code.as.default.message' in [integrationTest]
2014-11-03 00:08:49.283 DEBUG 22732 --- [           main] o.s.c.e.PropertySourcesPropertyResolver  : Searching for key 'message.source.use.code.as.default.message' in [applicationConfig: [classpath:/application.properties]]
2014-11-03 00:08:49.283 DEBUG 22732 --- [           main] o.s.c.e.PropertySourcesPropertyResolver  : Found key 'message.source.use.code.as.default.message' in [applicationConfig: [classpath:/application.properties]] with type [String] and value 'true'
2014-11-03 00:08:49.283 DEBUG 22732 --- [           main] o.s.core.env.MutablePropertySources      : Adding [systemProperties] PropertySource with lowest search precedence
2014-11-03 00:08:49.283 DEBUG 22732 --- [           main] o.s.core.env.MutablePropertySources      : Adding [systemEnvironment] PropertySource with lowest search precedence
2014-11-03 00:08:49.284 DEBUG 22732 --- [           main] o.s.core.env.MutablePropertySources      : Adding [random] PropertySource with lowest search precedence
2014-11-03 00:08:49.284 DEBUG 22732 --- [           main] o.s.core.env.MutablePropertySources      : Adding [integrationTest] PropertySource with lowest search precedence
2014-11-03 00:08:49.284 DEBUG 22732 --- [           main] o.s.core.env.MutablePropertySources      : Adding [applicationConfig: [classpath:/application.properties]] PropertySource with lowest search precedence
2014-11-03 00:08:49.284 DEBUG 22732 --- [           main] o.s.core.env.MutablePropertySources      : Adding [localProperties] PropertySource with lowest search precedence
2014-11-03 00:08:49.284 DEBUG 22732 --- [           main] o.s.c.e.PropertySourcesPropertyResolver  : Searching for key 'db.url' in [systemProperties]
2014-11-03 00:08:49.284 DEBUG 22732 --- [           main] o.s.c.e.PropertySourcesPropertyResolver  : Searching for key 'db.url' in [systemEnvironment]
2014-11-03 00:08:49.284 DEBUG 22732 --- [           main] o.s.c.e.PropertySourcesPropertyResolver  : Searching for key 'db.url' in [random]
2014-11-03 00:08:49.284 DEBUG 22732 --- [           main] o.s.c.e.PropertySourcesPropertyResolver  : Searching for key 'db.url' in [integrationTest]
2014-11-03 00:08:49.284 DEBUG 22732 --- [           main] o.s.c.e.PropertySourcesPropertyResolver  : Searching for key 'db.url' in [applicationConfig: [classpath:/application.properties]]
2014-11-03 00:08:49.284 DEBUG 22732 --- [           main] o.s.c.e.PropertySourcesPropertyResolver  : Found key 'db.url' in [applicationConfig: [classpath:/application.properties]] with type [String] and value 'jdbc:mysql://localhost:3306/datajpa'
2014-11-03 00:08:49.284 DEBUG 22732 --- [           main] o.s.core.env.MutablePropertySources      : Adding [systemProperties] PropertySource with lowest search precedence
2014-11-03 00:08:49.284 DEBUG 22732 --- [           main] o.s.core.env.MutablePropertySources      : Adding [systemEnvironment] PropertySource with lowest search precedence
2014-11-03 00:08:49.284 DEBUG 22732 --- [           main] o.s.core.env.MutablePropertySources      : Adding [random] PropertySource with lowest search precedence
2014-11-03 00:08:49.285 DEBUG 22732 --- [           main] o.s.core.env.MutablePropertySources      : Adding [integrationTest] PropertySource with lowest search precedence
2014-11-03 00:08:49.285 DEBUG 22732 --- [           main] o.s.core.env.MutablePropertySources      : Adding [applicationConfig: [classpath:/application.properties]] PropertySource with lowest search precedence
2014-11-03 00:08:49.285 DEBUG 22732 --- [           main] o.s.core.env.MutablePropertySources      : Adding [localProperties] PropertySource with lowest search precedence
2014-11-03 00:08:49.285 DEBUG 22732 --- [           main] o.s.c.e.PropertySourcesPropertyResolver  : Searching for key 'hibernate.dialect' in [systemProperties]
2014-11-03 00:08:49.285 DEBUG 22732 --- [           main] o.s.c.e.PropertySourcesPropertyResolver  : Searching for key 'hibernate.dialect' in [systemEnvironment]
2014-11-03 00:08:49.285 DEBUG 22732 --- [           main] o.s.c.e.PropertySourcesPropertyResolver  : Searching for key 'hibernate.dialect' in [random]
2014-11-03 00:08:49.285 DEBUG 22732 --- [           main] o.s.c.e.PropertySourcesPropertyResolver  : Searching for key 'hibernate.dialect' in [integrationTest]
2014-11-03 00:08:49.285 DEBUG 22732 --- [           main] o.s.c.e.PropertySourcesPropertyResolver  : Searching for key 'hibernate.dialect' in [applicationConfig: [classpath:/application.properties]]
2014-11-03 00:08:49.285 DEBUG 22732 --- [           main] o.s.c.e.PropertySourcesPropertyResolver  : Found key 'hibernate.dialect' in [applicationConfig: [classpath:/application.properties]] with type [String] and value 'org.hibernate.dialect.MySQL5InnoDBDialect'
2014-11-03 00:08:49.285 DEBUG 22732 --- [           main] o.s.core.env.MutablePropertySources      : Adding [systemProperties] PropertySource with lowest search precedence
2014-11-03 00:08:49.285 DEBUG 22732 --- [           main] o.s.core.env.MutablePropertySources      : Adding [systemEnvironment] PropertySource with lowest search precedence
2014-11-03 00:08:49.285 DEBUG 22732 --- [           main] o.s.core.env.MutablePropertySources      : Adding [random] PropertySource with lowest search precedence
2014-11-03 00:08:49.285 DEBUG 22732 --- [           main] o.s.core.env.MutablePropertySources      : Adding [integrationTest] PropertySource with lowest search precedence
2014-11-03 00:08:49.285 DEBUG 22732 --- [           main] o.s.core.env.MutablePropertySources      : Adding [applicationConfig: [classpath:/application.properties]] PropertySource with lowest search precedence
2014-11-03 00:08:49.285 DEBUG 22732 --- [           main] o.s.core.env.MutablePropertySources      : Adding [localProperties] PropertySource with lowest search precedence
2014-11-03 00:08:49.286 DEBUG 22732 --- [           main] o.s.c.e.PropertySourcesPropertyResolver  : Searching for key 'db.driver' in [systemProperties]
2014-11-03 00:08:49.286 DEBUG 22732 --- [           main] o.s.c.e.PropertySourcesPropertyResolver  : Searching for key 'db.driver' in [systemEnvironment]
2014-11-03 00:08:49.286 DEBUG 22732 --- [           main] o.s.c.e.PropertySourcesPropertyResolver  : Searching for key 'db.driver' in [random]
2014-11-03 00:08:49.286 DEBUG 22732 --- [           main] o.s.c.e.PropertySourcesPropertyResolver  : Searching for key 'db.driver' in [integrationTest]
2014-11-03 00:08:49.286 DEBUG 22732 --- [           main] o.s.c.e.PropertySourcesPropertyResolver  : Searching for key 'db.driver' in [applicationConfig: [classpath:/application.properties]]
2014-11-03 00:08:49.286 DEBUG 22732 --- [           main] o.s.c.e.PropertySourcesPropertyResolver  : Found key 'db.driver' in [applicationConfig: [classpath:/application.properties]] with type [String] and value 'com.mysql.jdbc.Driver'
2014-11-03 00:08:49.286 DEBUG 22732 --- [           main] o.s.core.env.MutablePropertySources      : Adding [systemProperties] PropertySource with lowest search precedence
2014-11-03 00:08:49.286 DEBUG 22732 --- [           main] o.s.core.env.MutablePropertySources      : Adding [systemEnvironment] PropertySource with lowest search precedence
2014-11-03 00:08:49.286 DEBUG 22732 --- [           main] o.s.core.env.MutablePropertySources      : Adding [random] PropertySource with lowest search precedence
2014-11-03 00:08:49.286 DEBUG 22732 --- [           main] o.s.core.env.MutablePropertySources      : Adding [integrationTest] PropertySource with lowest search precedence
2014-11-03 00:08:49.286 DEBUG 22732 --- [           main] o.s.core.env.MutablePropertySources      : Adding [applicationConfig: [classpath:/application.properties]] PropertySource with lowest search precedence
2014-11-03 00:08:49.286 DEBUG 22732 --- [           main] o.s.core.env.MutablePropertySources      : Adding [localProperties] PropertySource with lowest search precedence
2014-11-03 00:08:49.286 DEBUG 22732 --- [           main] o.s.c.e.PropertySourcesPropertyResolver  : Searching for key 'logging.level.org.hibernate' in [systemProperties]
2014-11-03 00:08:49.286 DEBUG 22732 --- [           main] o.s.c.e.PropertySourcesPropertyResolver  : Searching for key 'logging.level.org.hibernate' in [systemEnvironment]
2014-11-03 00:08:49.286 DEBUG 22732 --- [           main] o.s.c.e.PropertySourcesPropertyResolver  : Searching for key 'logging.level.org.hibernate' in [random]
2014-11-03 00:08:49.286 DEBUG 22732 --- [           main] o.s.c.e.PropertySourcesPropertyResolver  : Searching for key 'logging.level.org.hibernate' in [integrationTest]
2014-11-03 00:08:49.287 DEBUG 22732 --- [           main] o.s.c.e.PropertySourcesPropertyResolver  : Searching for key 'logging.level.org.hibernate' in [applicationConfig: [classpath:/application.properties]]
2014-11-03 00:08:49.287 DEBUG 22732 --- [           main] o.s.c.e.PropertySourcesPropertyResolver  : Found key 'logging.level.org.hibernate' in [applicationConfig: [classpath:/application.properties]] with type [String] and value 'DEBUG'
2014-11-03 00:08:49.287 DEBUG 22732 --- [           main] o.s.core.env.MutablePropertySources      : Adding [systemProperties] PropertySource with lowest search precedence
2014-11-03 00:08:49.287 DEBUG 22732 --- [           main] o.s.core.env.MutablePropertySources      : Adding [systemEnvironment] PropertySource with lowest search precedence
2014-11-03 00:08:49.287 DEBUG 22732 --- [           main] o.s.core.env.MutablePropertySources      : Adding [random] PropertySource with lowest search precedence
2014-11-03 00:08:49.287 DEBUG 22732 --- [           main] o.s.core.env.MutablePropertySources      : Adding [integrationTest] PropertySource with lowest search precedence
2014-11-03 00:08:49.287 DEBUG 22732 --- [           main] o.s.core.env.MutablePropertySources      : Adding [applicationConfig: [classpath:/application.properties]] PropertySource with lowest search precedence
2014-11-03 00:08:49.287 DEBUG 22732 --- [           main] o.s.core.env.MutablePropertySources      : Adding [localProperties] PropertySource with lowest search precedence
2014-11-03 00:08:49.287 DEBUG 22732 --- [           main] o.s.c.e.PropertySourcesPropertyResolver  : Searching for key 'hibernate.format_sql' in [systemProperties]
2014-11-03 00:08:49.287 DEBUG 22732 --- [           main] o.s.c.e.PropertySourcesPropertyResolver  : Searching for key 'hibernate.format_sql' in [systemEnvironment]
2014-11-03 00:08:49.287 DEBUG 22732 --- [           main] o.s.c.e.PropertySourcesPropertyResolver  : Searching for key 'hibernate.format_sql' in [random]
2014-11-03 00:08:49.287 DEBUG 22732 --- [           main] o.s.c.e.PropertySourcesPropertyResolver  : Searching for key 'hibernate.format_sql' in [integrationTest]
2014-11-03 00:08:49.287 DEBUG 22732 --- [           main] o.s.c.e.PropertySourcesPropertyResolver  : Searching for key 'hibernate.format_sql' in [applicationConfig: [classpath:/application.properties]]
2014-11-03 00:08:49.287 DEBUG 22732 --- [           main] o.s.c.e.PropertySourcesPropertyResolver  : Found key 'hibernate.format_sql' in [applicationConfig: [classpath:/application.properties]] with type [String] and value 'true'
2014-11-03 00:08:49.287 DEBUG 22732 --- [           main] o.s.core.env.MutablePropertySources      : Adding [systemProperties] PropertySource with lowest search precedence
2014-11-03 00:08:49.287 DEBUG 22732 --- [           main] o.s.core.env.MutablePropertySources      : Adding [systemEnvironment] PropertySource with lowest search precedence
2014-11-03 00:08:49.288 DEBUG 22732 --- [           main] o.s.core.env.MutablePropertySources      : Adding [random] PropertySource with lowest search precedence
2014-11-03 00:08:49.288 DEBUG 22732 --- [           main] o.s.core.env.MutablePropertySources      : Adding [integrationTest] PropertySource with lowest search precedence
2014-11-03 00:08:49.288 DEBUG 22732 --- [           main] o.s.core.env.MutablePropertySources      : Adding [applicationConfig: [classpath:/application.properties]] PropertySource with lowest search precedence
2014-11-03 00:08:49.288 DEBUG 22732 --- [           main] o.s.core.env.MutablePropertySources      : Adding [localProperties] PropertySource with lowest search precedence
2014-11-03 00:08:49.288 DEBUG 22732 --- [           main] o.s.c.e.PropertySourcesPropertyResolver  : Searching for key 'db.username' in [systemProperties]
2014-11-03 00:08:49.288 DEBUG 22732 --- [           main] o.s.c.e.PropertySourcesPropertyResolver  : Searching for key 'db.username' in [systemEnvironment]
2014-11-03 00:08:49.288 DEBUG 22732 --- [           main] o.s.c.e.PropertySourcesPropertyResolver  : Searching for key 'db.username' in [random]
2014-11-03 00:08:49.288 DEBUG 22732 --- [           main] o.s.c.e.PropertySourcesPropertyResolver  : Searching for key 'db.username' in [integrationTest]
2014-11-03 00:08:49.288 DEBUG 22732 --- [           main] o.s.c.e.PropertySourcesPropertyResolver  : Searching for key 'db.username' in [applicationConfig: [classpath:/application.properties]]
2014-11-03 00:08:49.288 DEBUG 22732 --- [           main] o.s.c.e.PropertySourcesPropertyResolver  : Found key 'db.username' in [applicationConfig: [classpath:/application.properties]] with type [String] and value 'fitbit'
2014-11-03 00:08:49.288 DEBUG 22732 --- [           main] o.s.core.env.MutablePropertySources      : Adding [systemProperties] PropertySource with lowest search precedence
2014-11-03 00:08:49.288 DEBUG 22732 --- [           main] o.s.core.env.MutablePropertySources      : Adding [systemEnvironment] PropertySource with lowest search precedence
2014-11-03 00:08:49.288 DEBUG 22732 --- [           main] o.s.core.env.MutablePropertySources      : Adding [random] PropertySource with lowest search precedence
2014-11-03 00:08:49.288 DEBUG 22732 --- [           main] o.s.core.env.MutablePropertySources      : Adding [integrationTest] PropertySource with lowest search precedence
2014-11-03 00:08:49.288 DEBUG 22732 --- [           main] o.s.core.env.MutablePropertySources      : Adding [applicationConfig: [classpath:/application.properties]] PropertySource with lowest search precedence
2014-11-03 00:08:49.288 DEBUG 22732 --- [           main] o.s.core.env.MutablePropertySources      : Adding [localProperties] PropertySource with lowest search precedence
2014-11-03 00:08:49.289 DEBUG 22732 --- [           main] o.s.c.e.PropertySourcesPropertyResolver  : Searching for key 'message.source.basename' in [systemProperties]
2014-11-03 00:08:49.289 DEBUG 22732 --- [           main] o.s.c.e.PropertySourcesPropertyResolver  : Searching for key 'message.source.basename' in [systemEnvironment]
2014-11-03 00:08:49.289 DEBUG 22732 --- [           main] o.s.c.e.PropertySourcesPropertyResolver  : Searching for key 'message.source.basename' in [random]
2014-11-03 00:08:49.289 DEBUG 22732 --- [           main] o.s.c.e.PropertySourcesPropertyResolver  : Searching for key 'message.source.basename' in [integrationTest]
2014-11-03 00:08:49.289 DEBUG 22732 --- [           main] o.s.c.e.PropertySourcesPropertyResolver  : Searching for key 'message.source.basename' in [applicationConfig: [classpath:/application.properties]]
2014-11-03 00:08:49.289 DEBUG 22732 --- [           main] o.s.c.e.PropertySourcesPropertyResolver  : Found key 'message.source.basename' in [applicationConfig: [classpath:/application.properties]] with type [String] and value 'i18n/messages'
2014-11-03 00:08:49.289 DEBUG 22732 --- [           main] o.s.core.env.MutablePropertySources      : Adding [systemProperties] PropertySource with lowest search precedence
2014-11-03 00:08:49.289 DEBUG 22732 --- [           main] o.s.core.env.MutablePropertySources      : Adding [systemEnvironment] PropertySource with lowest search precedence
2014-11-03 00:08:49.289 DEBUG 22732 --- [           main] o.s.core.env.MutablePropertySources      : Adding [random] PropertySource with lowest search precedence
2014-11-03 00:08:49.289 DEBUG 22732 --- [           main] o.s.core.env.MutablePropertySources      : Adding [integrationTest] PropertySource with lowest search precedence
2014-11-03 00:08:49.289 DEBUG 22732 --- [           main] o.s.core.env.MutablePropertySources      : Adding [applicationConfig: [classpath:/application.properties]] PropertySource with lowest search precedence
2014-11-03 00:08:49.289 DEBUG 22732 --- [           main] o.s.core.env.MutablePropertySources      : Adding [localProperties] PropertySource with lowest search precedence
2014-11-03 00:08:49.289 DEBUG 22732 --- [           main] o.s.c.e.PropertySourcesPropertyResolver  : Searching for key 'hibernate.ejb.naming_strategy' in [systemProperties]
2014-11-03 00:08:49.289 DEBUG 22732 --- [           main] o.s.c.e.PropertySourcesPropertyResolver  : Searching for key 'hibernate.ejb.naming_strategy' in [systemEnvironment]
2014-11-03 00:08:49.290 DEBUG 22732 --- [           main] o.s.c.e.PropertySourcesPropertyResolver  : Searching for key 'hibernate.ejb.naming_strategy' in [random]
2014-11-03 00:08:49.290 DEBUG 22732 --- [           main] o.s.c.e.PropertySourcesPropertyResolver  : Searching for key 'hibernate.ejb.naming_strategy' in [integrationTest]
2014-11-03 00:08:49.290 DEBUG 22732 --- [           main] o.s.c.e.PropertySourcesPropertyResolver  : Searching for key 'hibernate.ejb.naming_strategy' in [applicationConfig: [classpath:/application.properties]]
2014-11-03 00:08:49.290 DEBUG 22732 --- [           main] o.s.c.e.PropertySourcesPropertyResolver  : Found key 'hibernate.ejb.naming_strategy' in [applicationConfig: [classpath:/application.properties]] with type [String] and value 'org.hibernate.cfg.ImprovedNamingStrategy'
2014-11-03 00:08:49.290 DEBUG 22732 --- [           main] o.s.core.env.MutablePropertySources      : Adding [systemProperties] PropertySource with lowest search precedence
2014-11-03 00:08:49.290 DEBUG 22732 --- [           main] o.s.core.env.MutablePropertySources      : Adding [systemEnvironment] PropertySource with lowest search precedence
2014-11-03 00:08:49.290 DEBUG 22732 --- [           main] o.s.core.env.MutablePropertySources      : Adding [random] PropertySource with lowest search precedence
2014-11-03 00:08:49.290 DEBUG 22732 --- [           main] o.s.core.env.MutablePropertySources      : Adding [integrationTest] PropertySource with lowest search precedence
2014-11-03 00:08:49.290 DEBUG 22732 --- [           main] o.s.core.env.MutablePropertySources      : Adding [applicationConfig: [classpath:/application.properties]] PropertySource with lowest search precedence
2014-11-03 00:08:49.290 DEBUG 22732 --- [           main] o.s.core.env.MutablePropertySources      : Adding [localProperties] PropertySource with lowest search precedence
2014-11-03 00:08:49.291 DEBUG 22732 --- [           main] o.s.c.e.PropertySourcesPropertyResolver  : Searching for key 'hibernate.show_sql' in [systemProperties]
2014-11-03 00:08:49.291 DEBUG 22732 --- [           main] o.s.c.e.PropertySourcesPropertyResolver  : Searching for key 'hibernate.show_sql' in [systemEnvironment]
2014-11-03 00:08:49.291 DEBUG 22732 --- [           main] o.s.c.e.PropertySourcesPropertyResolver  : Searching for key 'hibernate.show_sql' in [random]
2014-11-03 00:08:49.291 DEBUG 22732 --- [           main] o.s.c.e.PropertySourcesPropertyResolver  : Searching for key 'hibernate.show_sql' in [integrationTest]
2014-11-03 00:08:49.291 DEBUG 22732 --- [           main] o.s.c.e.PropertySourcesPropertyResolver  : Searching for key 'hibernate.show_sql' in [applicationConfig: [classpath:/application.properties]]
2014-11-03 00:08:49.291 DEBUG 22732 --- [           main] o.s.c.e.PropertySourcesPropertyResolver  : Found key 'hibernate.show_sql' in [applicationConfig: [classpath:/application.properties]] with type [String] and value 'true'
2014-11-03 00:08:49.292 DEBUG 22732 --- [           main] o.s.core.env.MutablePropertySources      : Adding [systemProperties] PropertySource with lowest search precedence
2014-11-03 00:08:49.292 DEBUG 22732 --- [           main] o.s.core.env.MutablePropertySources      : Adding [systemEnvironment] PropertySource with lowest search precedence
2014-11-03 00:08:49.292 DEBUG 22732 --- [           main] o.s.core.env.MutablePropertySources      : Adding [random] PropertySource with lowest search precedence
2014-11-03 00:08:49.292 DEBUG 22732 --- [           main] o.s.core.env.MutablePropertySources      : Adding [integrationTest] PropertySource with lowest search precedence
2014-11-03 00:08:49.292 DEBUG 22732 --- [           main] o.s.core.env.MutablePropertySources      : Adding [applicationConfig: [classpath:/application.properties]] PropertySource with lowest search precedence
2014-11-03 00:08:49.292 DEBUG 22732 --- [           main] o.s.core.env.MutablePropertySources      : Adding [localProperties] PropertySource with lowest search precedence
2014-11-03 00:08:49.292 DEBUG 22732 --- [           main] o.s.c.e.PropertySourcesPropertyResolver  : Searching for key 'db.password' in [systemProperties]
2014-11-03 00:08:49.292 DEBUG 22732 --- [           main] o.s.c.e.PropertySourcesPropertyResolver  : Searching for key 'db.password' in [systemEnvironment]
2014-11-03 00:08:49.292 DEBUG 22732 --- [           main] o.s.c.e.PropertySourcesPropertyResolver  : Searching for key 'db.password' in [random]
2014-11-03 00:08:49.292 DEBUG 22732 --- [           main] o.s.c.e.PropertySourcesPropertyResolver  : Searching for key 'db.password' in [integrationTest]
2014-11-03 00:08:49.292 DEBUG 22732 --- [           main] o.s.c.e.PropertySourcesPropertyResolver  : Searching for key 'db.password' in [applicationConfig: [classpath:/application.properties]]
2014-11-03 00:08:49.292 DEBUG 22732 --- [           main] o.s.c.e.PropertySourcesPropertyResolver  : Found key 'db.password' in [applicationConfig: [classpath:/application.properties]] with type [String] and value 'fitbit'
2014-11-03 00:08:49.295 DEBUG 22732 --- [           main] o.s.b.f.s.DefaultListableBeanFactory     : Invoking afterPropertiesSet() on bean with name 'spring.datasource.CONFIGURATION_PROPERTIES'
2014-11-03 00:08:49.297 DEBUG 22732 --- [           main] o.s.b.f.s.DefaultListableBeanFactory     : Returning cached instance of singleton bean 'org.springframework.transaction.config.internalTransactionAdvisor'
2014-11-03 00:08:49.299 DEBUG 22732 --- [           main] o.s.b.f.s.DefaultListableBeanFactory     : Returning cached instance of singleton bean 'org.springframework.transaction.config.internalTransactionAdvisor'
2014-11-03 00:08:49.302 DEBUG 22732 --- [           main] o.s.b.f.s.DefaultListableBeanFactory     : Finished creating instance of bean 'spring.datasource.CONFIGURATION_PROPERTIES'
2014-11-03 00:08:49.302 DEBUG 22732 --- [           main] f.a.AutowiredAnnotationBeanPostProcessor : Autowiring by type from bean name 'org.springframework.boot.autoconfigure.jdbc.DataSourceAutoConfiguration$NonEmbeddedConfiguration' to bean named 'spring.datasource.CONFIGURATION_PROPERTIES'
2014-11-03 00:08:49.302 DEBUG 22732 --- [           main] o.s.b.f.s.DefaultListableBeanFactory     : Returning cached instance of singleton bean 'org.springframework.transaction.config.internalTransactionAdvisor'
2014-11-03 00:08:49.302 DEBUG 22732 --- [           main] o.s.b.f.s.DefaultListableBeanFactory     : Returning cached instance of singleton bean 'org.springframework.transaction.config.internalTransactionAdvisor'
2014-11-03 00:08:49.303 DEBUG 22732 --- [           main] o.s.b.f.s.DefaultListableBeanFactory     : Finished creating instance of bean 'org.springframework.boot.autoconfigure.jdbc.DataSourceAutoConfiguration$NonEmbeddedConfiguration'
2014-11-03 00:08:49.308  WARN 22732 --- [           main] s.c.a.AnnotationConfigApplicationContext : Exception encountered during context initialization - cancelling refresh attempt

org.springframework.beans.factory.BeanCreationException: Error creating bean with name 'org.springframework.boot.autoconfigure.orm.jpa.HibernateJpaAutoConfiguration': Injection of autowired dependencies failed; nested exception is org.springframework.beans.factory.BeanCreationException: Could not autowire field: private javax.sql.DataSource org.springframework.boot.autoconfigure.orm.jpa.JpaBaseConfiguration.dataSource; nested exception is org.springframework.beans.factory.BeanCreationException: Error creating bean with name 'dataSource' defined in class path resource [org/springframework/boot/autoconfigure/jdbc/DataSourceAutoConfiguration$NonEmbeddedConfiguration.class]: Instantiation of bean failed; nested exception is org.springframework.beans.factory.BeanDefinitionStoreException: Factory method [public javax.sql.DataSource org.springframework.boot.autoconfigure.jdbc.DataSourceAutoConfiguration$NonEmbeddedConfiguration.dataSource()] threw exception; nested exception is org.springframework.beans.factory.BeanCreationException: Cannot determine embedded database driver class for database type NONE. If you want an embedded database please put a supported one on the classpath.
	at org.springframework.beans.factory.annotation.AutowiredAnnotationBeanPostProcessor.postProcessPropertyValues(AutowiredAnnotationBeanPostProcessor.java:293)
	at org.springframework.beans.factory.support.AbstractAutowireCapableBeanFactory.populateBean(AbstractAutowireCapableBeanFactory.java:1186)
	at org.springframework.beans.factory.support.AbstractAutowireCapableBeanFactory.doCreateBean(AbstractAutowireCapableBeanFactory.java:537)
	at org.springframework.beans.factory.support.AbstractAutowireCapableBeanFactory.createBean(AbstractAutowireCapableBeanFactory.java:475)
	at org.springframework.beans.factory.support.AbstractBeanFactory$1.getObject(AbstractBeanFactory.java:302)
	at org.springframework.beans.factory.support.DefaultSingletonBeanRegistry.getSingleton(DefaultSingletonBeanRegistry.java:228)
	at org.springframework.beans.factory.support.AbstractBeanFactory.doGetBean(AbstractBeanFactory.java:298)
	at org.springframework.beans.factory.support.AbstractBeanFactory.getBean(AbstractBeanFactory.java:193)
	at org.springframework.beans.factory.support.ConstructorResolver.instantiateUsingFactoryMethod(ConstructorResolver.java:370)
	at org.springframework.beans.factory.support.AbstractAutowireCapableBeanFactory.instantiateUsingFactoryMethod(AbstractAutowireCapableBeanFactory.java:1095)
	at org.springframework.beans.factory.support.AbstractAutowireCapableBeanFactory.createBeanInstance(AbstractAutowireCapableBeanFactory.java:990)
	at org.springframework.beans.factory.support.AbstractAutowireCapableBeanFactory.doCreateBean(AbstractAutowireCapableBeanFactory.java:504)
	at org.springframework.beans.factory.support.AbstractAutowireCapableBeanFactory.createBean(AbstractAutowireCapableBeanFactory.java:475)
	at org.springframework.beans.factory.support.AbstractBeanFactory$1.getObject(AbstractBeanFactory.java:302)
	at org.springframework.beans.factory.support.DefaultSingletonBeanRegistry.getSingleton(DefaultSingletonBeanRegistry.java:228)
	at org.springframework.beans.factory.support.AbstractBeanFactory.doGetBean(AbstractBeanFactory.java:298)
	at org.springframework.beans.factory.support.AbstractBeanFactory.getBean(AbstractBeanFactory.java:193)
	at org.springframework.context.support.AbstractApplicationContext.getBean(AbstractApplicationContext.java:975)
	at org.springframework.context.support.AbstractApplicationContext.finishBeanFactoryInitialization(AbstractApplicationContext.java:752)
	at org.springframework.context.support.AbstractApplicationContext.refresh(AbstractApplicationContext.java:482)
	at org.springframework.boot.SpringApplication.refresh(SpringApplication.java:691)
	at org.springframework.boot.SpringApplication.run(SpringApplication.java:320)
	at org.springframework.boot.test.SpringApplicationContextLoader.loadContext(SpringApplicationContextLoader.java:107)
	at org.springframework.test.context.CacheAwareContextLoaderDelegate.loadContextInternal(CacheAwareContextLoaderDelegate.java:64)
	at org.springframework.test.context.CacheAwareContextLoaderDelegate.loadContext(CacheAwareContextLoaderDelegate.java:91)
	at org.springframework.test.context.DefaultTestContext.getApplicationContext(DefaultTestContext.java:101)
	at org.springframework.test.context.support.DependencyInjectionTestExecutionListener.injectDependencies(DependencyInjectionTestExecutionListener.java:109)
	at org.springframework.test.context.support.DependencyInjectionTestExecutionListener.prepareTestInstance(DependencyInjectionTestExecutionListener.java:75)
	at org.springframework.test.context.TestContextManager.prepareTestInstance(TestContextManager.java:331)
	at org.springframework.test.context.junit4.SpringJUnit4ClassRunner.createTest(SpringJUnit4ClassRunner.java:213)
	at org.springframework.test.context.junit4.SpringJUnit4ClassRunner$1.runReflectiveCall(SpringJUnit4ClassRunner.java:290)
	at org.junit.internal.runners.model.ReflectiveCallable.run(ReflectiveCallable.java:12)
	at org.springframework.test.context.junit4.SpringJUnit4ClassRunner.methodBlock(SpringJUnit4ClassRunner.java:292)
	at org.springframework.test.context.junit4.SpringJUnit4ClassRunner.runChild(SpringJUnit4ClassRunner.java:233)
	at org.springframework.test.context.junit4.SpringJUnit4ClassRunner.runChild(SpringJUnit4ClassRunner.java:87)
	at org.junit.runners.ParentRunner$3.run(ParentRunner.java:238)
	at org.junit.runners.ParentRunner$1.schedule(ParentRunner.java:63)
	at org.junit.runners.ParentRunner.runChildren(ParentRunner.java:236)
	at org.junit.runners.ParentRunner.access$000(ParentRunner.java:53)
	at org.junit.runners.ParentRunner$2.evaluate(ParentRunner.java:229)
	at org.springframework.test.context.junit4.statements.RunBeforeTestClassCallbacks.evaluate(RunBeforeTestClassCallbacks.java:61)
	at org.springframework.test.context.junit4.statements.RunAfterTestClassCallbacks.evaluate(RunAfterTestClassCallbacks.java:71)
	at org.junit.runners.ParentRunner.run(ParentRunner.java:309)
	at org.springframework.test.context.junit4.SpringJUnit4ClassRunner.run(SpringJUnit4ClassRunner.java:176)
	at org.apache.maven.surefire.junit4.JUnit4Provider.execute(JUnit4Provider.java:264)
	at org.apache.maven.surefire.junit4.JUnit4Provider.executeTestSet(JUnit4Provider.java:153)
	at org.apache.maven.surefire.junit4.JUnit4Provider.invoke(JUnit4Provider.java:124)
	at org.apache.maven.surefire.booter.ForkedBooter.invokeProviderInSameClassLoader(ForkedBooter.java:200)
	at org.apache.maven.surefire.booter.ForkedBooter.runSuitesInProcess(ForkedBooter.java:153)
	at org.apache.maven.surefire.booter.ForkedBooter.main(ForkedBooter.java:103)
Caused by: org.springframework.beans.factory.BeanCreationException: Could not autowire field: private javax.sql.DataSource org.springframework.boot.autoconfigure.orm.jpa.JpaBaseConfiguration.dataSource; nested exception is org.springframework.beans.factory.BeanCreationException: Error creating bean with name 'dataSource' defined in class path resource [org/springframework/boot/autoconfigure/jdbc/DataSourceAutoConfiguration$NonEmbeddedConfiguration.class]: Instantiation of bean failed; nested exception is org.springframework.beans.factory.BeanDefinitionStoreException: Factory method [public javax.sql.DataSource org.springframework.boot.autoconfigure.jdbc.DataSourceAutoConfiguration$NonEmbeddedConfiguration.dataSource()] threw exception; nested exception is org.springframework.beans.factory.BeanCreationException: Cannot determine embedded database driver class for database type NONE. If you want an embedded database please put a supported one on the classpath.
	at org.springframework.beans.factory.annotation.AutowiredAnnotationBeanPostProcessor$AutowiredFieldElement.inject(AutowiredAnnotationBeanPostProcessor.java:509)
	at org.springframework.beans.factory.annotation.InjectionMetadata.inject(InjectionMetadata.java:87)
	at org.springframework.beans.factory.annotation.AutowiredAnnotationBeanPostProcessor.postProcessPropertyValues(AutowiredAnnotationBeanPostProcessor.java:290)
	... 49 common frames omitted
Caused by: org.springframework.beans.factory.BeanCreationException: Error creating bean with name 'dataSource' defined in class path resource [org/springframework/boot/autoconfigure/jdbc/DataSourceAutoConfiguration$NonEmbeddedConfiguration.class]: Instantiation of bean failed; nested exception is org.springframework.beans.factory.BeanDefinitionStoreException: Factory method [public javax.sql.DataSource org.springframework.boot.autoconfigure.jdbc.DataSourceAutoConfiguration$NonEmbeddedConfiguration.dataSource()] threw exception; nested exception is org.springframework.beans.factory.BeanCreationException: Cannot determine embedded database driver class for database type NONE. If you want an embedded database please put a supported one on the classpath.
	at org.springframework.beans.factory.support.ConstructorResolver.instantiateUsingFactoryMethod(ConstructorResolver.java:597)
	at org.springframework.beans.factory.support.AbstractAutowireCapableBeanFactory.instantiateUsingFactoryMethod(AbstractAutowireCapableBeanFactory.java:1095)
	at org.springframework.beans.factory.support.AbstractAutowireCapableBeanFactory.createBeanInstance(AbstractAutowireCapableBeanFactory.java:990)
	at org.springframework.beans.factory.support.AbstractAutowireCapableBeanFactory.doCreateBean(AbstractAutowireCapableBeanFactory.java:504)
	at org.springframework.beans.factory.support.AbstractAutowireCapableBeanFactory.createBean(AbstractAutowireCapableBeanFactory.java:475)
	at org.springframework.beans.factory.support.AbstractBeanFactory$1.getObject(AbstractBeanFactory.java:302)
	at org.springframework.beans.factory.support.DefaultSingletonBeanRegistry.getSingleton(DefaultSingletonBeanRegistry.java:228)
	at org.springframework.beans.factory.support.AbstractBeanFactory.doGetBean(AbstractBeanFactory.java:298)
	at org.springframework.beans.factory.support.AbstractBeanFactory.getBean(AbstractBeanFactory.java:193)
	at org.springframework.beans.factory.support.DefaultListableBeanFactory.findAutowireCandidates(DefaultListableBeanFactory.java:1021)
	at org.springframework.beans.factory.support.DefaultListableBeanFactory.doResolveDependency(DefaultListableBeanFactory.java:964)
	at org.springframework.beans.factory.support.DefaultListableBeanFactory.resolveDependency(DefaultListableBeanFactory.java:862)
	at org.springframework.beans.factory.annotation.AutowiredAnnotationBeanPostProcessor$AutowiredFieldElement.inject(AutowiredAnnotationBeanPostProcessor.java:481)
	... 51 common frames omitted
Caused by: org.springframework.beans.factory.BeanDefinitionStoreException: Factory method [public javax.sql.DataSource org.springframework.boot.autoconfigure.jdbc.DataSourceAutoConfiguration$NonEmbeddedConfiguration.dataSource()] threw exception; nested exception is org.springframework.beans.factory.BeanCreationException: Cannot determine embedded database driver class for database type NONE. If you want an embedded database please put a supported one on the classpath.
	at org.springframework.beans.factory.support.SimpleInstantiationStrategy.instantiate(SimpleInstantiationStrategy.java:188)
	at org.springframework.beans.factory.support.ConstructorResolver.instantiateUsingFactoryMethod(ConstructorResolver.java:586)
	... 63 common frames omitted
Caused by: org.springframework.beans.factory.BeanCreationException: Cannot determine embedded database driver class for database type NONE. If you want an embedded database please put a supported one on the classpath.
	at org.springframework.boot.autoconfigure.jdbc.DataSourceProperties.getDriverClassName(DataSourceProperties.java:93)
	at org.springframework.boot.autoconfigure.jdbc.DataSourceAutoConfiguration$NonEmbeddedConfiguration.dataSource(DataSourceAutoConfiguration.java:105)
	at sun.reflect.NativeMethodAccessorImpl.invoke0(Native Method)
	at sun.reflect.NativeMethodAccessorImpl.invoke(NativeMethodAccessorImpl.java:62)
	at sun.reflect.DelegatingMethodAccessorImpl.invoke(DelegatingMethodAccessorImpl.java:43)
	at java.lang.reflect.Method.invoke(Method.java:483)
	at org.springframework.beans.factory.support.SimpleInstantiationStrategy.instantiate(SimpleInstantiationStrategy.java:166)
	... 64 common frames omitted

2014-11-03 00:08:49.308 DEBUG 22732 --- [           main] o.s.b.f.s.DefaultListableBeanFactory     : Destroying singletons in org.springframework.beans.factory.support.DefaultListableBeanFactory@55182842: defining beans [org.springframework.context.annotation.internalConfigurationAnnotationProcessor,org.springframework.context.annotation.internalAutowiredAnnotationProcessor,org.springframework.context.annotation.internalRequiredAnnotationProcessor,org.springframework.context.annotation.internalCommonAnnotationProcessor,org.springframework.context.annotation.internalPersistenceAnnotationProcessor,application,org.springframework.context.annotation.ConfigurationClassPostProcessor.importAwareProcessor,org.springframework.context.annotation.ConfigurationClassPostProcessor.enhancedConfigurationProcessor,org.springframework.boot.autoconfigure.AutoConfigurationPackages,org.springframework.boot.autoconfigure.PropertyPlaceholderAutoConfiguration,propertySourcesPlaceholderConfigurer,org.springframework.boot.autoconfigure.aop.AopAutoConfiguration$JdkDynamicAutoProxyConfiguration,org.springframework.aop.config.internalAutoProxyCreator,org.springframework.boot.autoconfigure.aop.AopAutoConfiguration,org.springframework.boot.autoconfigure.jdbc.DataSourceAutoConfiguration$JdbcTemplateConfiguration,jdbcTemplate,namedParameterJdbcTemplate,org.springframework.boot.autoconfigure.jdbc.DataSourceAutoConfiguration$NonEmbeddedConfiguration,dataSource,org.springframework.boot.autoconfigure.jdbc.DataSourceAutoConfiguration$DataSourceInitializerConfiguration,dataSourceInitializer,org.springframework.boot.autoconfigure.jdbc.DataSourceAutoConfiguration,spring.datasource.CONFIGURATION_PROPERTIES,org.springframework.boot.context.properties.ConfigurationPropertiesBindingPostProcessor,org.springframework.boot.context.properties.ConfigurationPropertiesBindingPostProcessor.store,dataSourceInitializerPostProcessor,org.springframework.boot.autoconfigure.orm.jpa.HibernateJpaAutoConfiguration,transactionManager,jpaVendorAdapter,entityManagerFactoryBuilder,entityManagerFactory,spring.jpa.CONFIGURATION_PROPERTIES,dataSourceInitializedPublisher,org.springframework.boot.autoconfigure.data.jpa.JpaRepositoriesAutoConfiguration,org.springframework.data.jpa.repository.config.JpaRepositoryConfigExtension#0,org.springframework.data.repository.core.support.RepositoryInterfaceAwareBeanPostProcessor#0,org.springframework.data.jpa.repository.support.EntityManagerBeanDefinitionRegistrarPostProcessor#0,jpaMapppingContext,org.springframework.transaction.annotation.ProxyTransactionManagementConfiguration,org.springframework.transaction.config.internalTransactionAdvisor,transactionAttributeSource,transactionInterceptor,org.springframework.boot.autoconfigure.jdbc.DataSourceTransactionManagerAutoConfiguration$TransactionManagementConfiguration,org.springframework.boot.autoconfigure.jdbc.DataSourceTransactionManagerAutoConfiguration,org.springframework.orm.jpa.SharedEntityManagerCreator#0]; root of factory hierarchy
2014-11-03 00:08:49.325 DEBUG 22732 --- [           main] o.s.b.f.support.DisposableBeanAdapter    : Invoking destroy() on bean with name 'org.springframework.transaction.annotation.ProxyTransactionManagementConfiguration'
2014-11-03 00:08:49.325 DEBUG 22732 --- [           main] o.s.b.f.support.DisposableBeanAdapter    : Invoking destroy() on bean with name 'org.springframework.boot.context.properties.ConfigurationPropertiesBindingPostProcessor'
2014-11-03 00:08:49.327  INFO 22732 --- [           main] .b.l.ClasspathLoggingApplicationListener : Application failed to start with classpath: [file:/Users/alexvye/Documents/workspace-sts-3.6.2.RELEASE/demo/target/surefire/surefirebooter5096042793174352599.jar]
2014-11-03 00:08:49.328 DEBUG 22732 --- [           main] utoConfigurationReportLoggingInitializer : 


=========================
AUTO-CONFIGURATION REPORT
=========================


Positive matches:
-----------------

   AopAutoConfiguration
      - @ConditionalOnClass classes found: org.springframework.context.annotation.EnableAspectJAutoProxy,org.aspectj.lang.annotation.Aspect,org.aspectj.lang.reflect.Advice (OnClassCondition)
      - SpEL expression on org.springframework.boot.autoconfigure.aop.AopAutoConfiguration: ${spring.aop.auto:true} (OnExpressionCondition)

   AopAutoConfiguration.JdkDynamicAutoProxyConfiguration
      - SpEL expression on org.springframework.boot.autoconfigure.aop.AopAutoConfiguration$JdkDynamicAutoProxyConfiguration: !${spring.aop.proxyTargetClass:false} (OnExpressionCondition)

   DataSourceAutoConfiguration
      - @ConditionalOnClass classes found: org.springframework.jdbc.datasource.embedded.EmbeddedDatabaseType (OnClassCondition)

   DataSourceAutoConfiguration.DataSourceInitializerConfiguration
      - @ConditionalOnMissingBean (types: org.springframework.boot.autoconfigure.jdbc.DataSourceInitializer; SearchStrategy: all) found no beans (OnBeanCondition)

   DataSourceAutoConfiguration.JdbcTemplateConfiguration
      - existing auto database detected (DataSourceAutoConfiguration.DatabaseCondition)

   DataSourceAutoConfiguration.JdbcTemplateConfiguration#jdbcTemplate
      - @ConditionalOnMissingBean (types: org.springframework.jdbc.core.JdbcOperations; SearchStrategy: all) found no beans (OnBeanCondition)

   DataSourceAutoConfiguration.JdbcTemplateConfiguration#namedParameterJdbcTemplate
      - @ConditionalOnMissingBean (types: org.springframework.jdbc.core.namedparam.NamedParameterJdbcOperations; SearchStrategy: all) found no beans (OnBeanCondition)

   DataSourceAutoConfiguration.NonEmbeddedConfiguration
      - Supported DataSource class found (DataSourceAutoConfiguration.NonEmbeddedDatabaseCondition)
      - @ConditionalOnMissingBean (types: javax.sql.DataSource; SearchStrategy: all) found no beans (OnBeanCondition)

   DataSourceTransactionManagerAutoConfiguration
      - @ConditionalOnClass classes found: org.springframework.jdbc.core.JdbcTemplate,org.springframework.transaction.PlatformTransactionManager (OnClassCondition)

   DataSourceTransactionManagerAutoConfiguration.TransactionManagementConfiguration
      - @ConditionalOnMissingBean (types: org.springframework.transaction.annotation.AbstractTransactionManagementConfiguration; SearchStrategy: all) found no beans (OnBeanCondition)

   HibernateJpaAutoConfiguration
      - found HibernateEntityManager class (HibernateJpaAutoConfiguration.HibernateEntityManagerCondition)
      - @ConditionalOnClass classes found: org.springframework.orm.jpa.LocalContainerEntityManagerFactoryBean,org.springframework.transaction.annotation.EnableTransactionManagement,javax.persistence.EntityManager (OnClassCondition)

   JpaBaseConfiguration#entityManagerFactory
      - @ConditionalOnMissingBean (types: org.springframework.orm.jpa.LocalContainerEntityManagerFactoryBean; SearchStrategy: all) found no beans (OnBeanCondition)

   JpaBaseConfiguration#entityManagerFactoryBuilder
      - @ConditionalOnMissingBean (types: org.springframework.boot.autoconfigure.orm.jpa.EntityManagerFactoryBuilder; SearchStrategy: all) found no beans (OnBeanCondition)

   JpaBaseConfiguration#jpaVendorAdapter
      - @ConditionalOnMissingBean (types: org.springframework.orm.jpa.JpaVendorAdapter; SearchStrategy: all) found no beans (OnBeanCondition)

   JpaBaseConfiguration#transactionManager
      - @ConditionalOnMissingBean (types: org.springframework.transaction.PlatformTransactionManager; SearchStrategy: all) found no beans (OnBeanCondition)

   JpaRepositoriesAutoConfiguration
      - @ConditionalOnClass classes found: org.springframework.data.jpa.repository.JpaRepository (OnClassCondition)
      - SpEL expression on org.springframework.boot.autoconfigure.data.jpa.JpaRepositoriesAutoConfiguration: ${spring.data.jpa.repositories.enabled:true} (OnExpressionCondition)
      - @ConditionalOnBean (types: javax.sql.DataSource; SearchStrategy: all) found the following [dataSource] @ConditionalOnMissingBean (types: org.springframework.data.repository.core.support.RepositoryFactoryBeanSupport; SearchStrategy: all) found no beans (OnBeanCondition)

   PropertyPlaceholderAutoConfiguration#propertySourcesPlaceholderConfigurer
      - @ConditionalOnMissingBean (types: org.springframework.context.support.PropertySourcesPlaceholderConfigurer; SearchStrategy: current) found no beans (OnBeanCondition)


Negative matches:
-----------------

   ActiveMQAutoConfiguration
      - required @ConditionalOnClass classes not found: javax.jms.ConnectionFactory,org.apache.activemq.ActiveMQConnectionFactory (OnClassCondition)

   AopAutoConfiguration.CglibAutoProxyConfiguration
      - SpEL expression on org.springframework.boot.autoconfigure.aop.AopAutoConfiguration$CglibAutoProxyConfiguration: ${spring.aop.proxyTargetClass:false} (OnExpressionCondition)

   BatchAutoConfiguration
      - required @ConditionalOnClass classes not found: org.springframework.batch.core.launch.JobLauncher (OnClassCondition)

   DataSourceAutoConfiguration.EmbeddedConfiguration
      - existing non-embedded database detected (DataSourceAutoConfiguration.EmbeddedDatabaseCondition)

   DataSourceTransactionManagerAutoConfiguration#transactionManager
      - @ConditionalOnMissingBean (names: transactionManager; SearchStrategy: all) found the following [transactionManager] (OnBeanCondition)

   DeviceDelegatingViewResolverAutoConfiguration
      - web application classes not found (OnWebApplicationCondition)

   DeviceResolverAutoConfiguration
      - required @ConditionalOnClass classes not found: org.springframework.mobile.device.DeviceResolverHandlerInterceptor,org.springframework.mobile.device.DeviceHandlerMethodArgumentResolver (OnClassCondition)

   DispatcherServletAutoConfiguration
      - web application classes not found (OnWebApplicationCondition)

   ElasticsearchAutoConfiguration
      - required @ConditionalOnClass classes not found: org.elasticsearch.client.Client,org.springframework.data.elasticsearch.client.TransportClientFactoryBean,org.springframework.data.elasticsearch.client.NodeClientFactoryBean (OnClassCondition)

   ElasticsearchDataAutoConfiguration
      - required @ConditionalOnClass classes not found: org.elasticsearch.client.Client,org.springframework.data.elasticsearch.core.ElasticsearchTemplate (OnClassCondition)

   ElasticsearchRepositoriesAutoConfiguration
      - required @ConditionalOnClass classes not found: org.elasticsearch.client.Client,org.springframework.data.elasticsearch.repository.ElasticsearchRepository (OnClassCondition)

   EmbeddedServletContainerAutoConfiguration
      - web application classes not found (OnWebApplicationCondition)

   ErrorMvcAutoConfiguration
      - required @ConditionalOnClass classes not found: javax.servlet.Servlet,org.springframework.web.servlet.DispatcherServlet (OnClassCondition)

   FacebookAutoConfiguration
      - required @ConditionalOnClass classes not found: org.springframework.social.config.annotation.SocialConfigurerAdapter,org.springframework.social.facebook.connect.FacebookConnectionFactory (OnClassCondition)

   FallbackWebSecurityAutoConfiguration
      - SpEL expression on org.springframework.boot.autoconfigure.security.FallbackWebSecurityAutoConfiguration: !${security.basic.enabled:true} (OnExpressionCondition)

   FlywayAutoConfiguration
      - required @ConditionalOnClass classes not found: org.flywaydb.core.Flyway (OnClassCondition)

   FreeMarkerAutoConfiguration
      - required @ConditionalOnClass classes not found: freemarker.template.Configuration,org.springframework.ui.freemarker.FreeMarkerConfigurationFactory (OnClassCondition)

   GroovyTemplateAutoConfiguration
      - required @ConditionalOnClass classes not found: groovy.text.TemplateEngine (OnClassCondition)

   HornetQAutoConfiguration
      - required @ConditionalOnClass classes not found: javax.jms.ConnectionFactory,org.hornetq.api.jms.HornetQJMSClient (OnClassCondition)

   HttpMessageConvertersAutoConfiguration
      - required @ConditionalOnClass classes not found: org.springframework.http.converter.HttpMessageConverter (OnClassCondition)

   HypermediaAutoConfiguration
      - required @ConditionalOnClass classes not found: org.springframework.hateoas.Resource,org.springframework.web.bind.annotation.RequestMapping,org.springframework.plugin.core.Plugin (OnClassCondition)

   IntegrationAutoConfiguration
      - required @ConditionalOnClass classes not found: org.springframework.integration.config.EnableIntegration (OnClassCondition)

   JmsAutoConfiguration
      - required @ConditionalOnClass classes not found: org.springframework.jms.core.JmsTemplate (OnClassCondition)

   JmxAutoConfiguration
      - @ConditionalOnClass classes found: org.springframework.jmx.export.MBeanExporter (OnClassCondition)
      - SpEL expression on org.springframework.boot.autoconfigure.jmx.JmxAutoConfiguration: ${spring.jmx.enabled:true} (OnExpressionCondition)

   JpaBaseConfiguration.JpaWebConfiguration
      - web application classes not found (OnWebApplicationCondition)

   JpaRepositoriesAutoConfiguration.JpaWebConfiguration
      - web application classes not found (OnWebApplicationCondition)

   LinkedInAutoConfiguration
      - required @ConditionalOnClass classes not found: org.springframework.social.config.annotation.SocialConfigurerAdapter,org.springframework.social.linkedin.connect.LinkedInConnectionFactory (OnClassCondition)

   LiquibaseAutoConfiguration
      - required @ConditionalOnClass classes not found: liquibase.integration.spring.SpringLiquibase (OnClassCondition)

   MessageSourceAutoConfiguration
      - No bundle found for spring.messages.basename: messages (MessageSourceAutoConfiguration.ResourceBundleCondition)

   MongoAutoConfiguration
      - required @ConditionalOnClass classes not found: com.mongodb.Mongo (OnClassCondition)

   MongoDataAutoConfiguration
      - required @ConditionalOnClass classes not found: com.mongodb.Mongo,org.springframework.data.mongodb.core.MongoTemplate (OnClassCondition)

   MongoRepositoriesAutoConfiguration
      - required @ConditionalOnClass classes not found: com.mongodb.Mongo,org.springframework.data.mongodb.repository.MongoRepository (OnClassCondition)

   MultipartAutoConfiguration
      - required @ConditionalOnClass classes not found: javax.servlet.Servlet,org.springframework.web.multipart.support.StandardServletMultipartResolver,javax.servlet.MultipartConfigElement (OnClassCondition)

   RabbitAutoConfiguration
      - required @ConditionalOnClass classes not found: org.springframework.amqp.rabbit.core.RabbitTemplate,com.rabbitmq.client.Channel (OnClassCondition)

   ReactorAutoConfiguration
      - required @ConditionalOnClass classes not found: reactor.spring.context.config.EnableReactor (OnClassCondition)

   RedisAutoConfiguration
      - required @ConditionalOnClass classes not found: org.springframework.data.redis.connection.jedis.JedisConnection,org.springframework.data.redis.core.RedisOperations,redis.clients.jedis.Jedis (OnClassCondition)

   RepositoryRestMvcAutoConfiguration
      - web application classes not found (OnWebApplicationCondition)

   SecurityAutoConfiguration
      - required @ConditionalOnClass classes not found: org.springframework.security.authentication.AuthenticationManager (OnClassCondition)

   ServerPropertiesAutoConfiguration
      - web application classes not found (OnWebApplicationCondition)

   SitePreferenceAutoConfiguration
      - required @ConditionalOnClass classes not found: org.springframework.mobile.device.site.SitePreferenceHandlerInterceptor,org.springframework.mobile.device.site.SitePreferenceHandlerMethodArgumentResolver (OnClassCondition)

   SocialWebAutoConfiguration
      - required @ConditionalOnClass classes not found: org.springframework.social.connect.web.ConnectController,org.springframework.social.config.annotation.SocialConfigurerAdapter (OnClassCondition)

   SolrAutoConfiguration
      - required @ConditionalOnClass classes not found: org.apache.solr.client.solrj.impl.HttpSolrServer,org.apache.solr.client.solrj.impl.CloudSolrServer (OnClassCondition)

   SolrRepositoriesAutoConfiguration
      - required @ConditionalOnClass classes not found: org.apache.solr.client.solrj.SolrServer,org.springframework.data.solr.repository.SolrRepository (OnClassCondition)

   ThymeleafAutoConfiguration
      - required @ConditionalOnClass classes not found: org.thymeleaf.spring4.SpringTemplateEngine (OnClassCondition)

   TwitterAutoConfiguration
      - required @ConditionalOnClass classes not found: org.springframework.social.config.annotation.SocialConfigurerAdapter,org.springframework.social.twitter.connect.TwitterConnectionFactory (OnClassCondition)

   VelocityAutoConfiguration
      - required @ConditionalOnClass classes not found: org.apache.velocity.app.VelocityEngine,org.springframework.ui.velocity.VelocityEngineFactory (OnClassCondition)

   WebMvcAutoConfiguration
      - web application classes not found (OnWebApplicationCondition)

   WebSocketAutoConfiguration
      - required @ConditionalOnClass classes not found: javax.servlet.Servlet,org.apache.catalina.startup.Tomcat,org.springframework.web.socket.WebSocketHandler,org.apache.tomcat.websocket.server.WsSci (OnClassCondition)



2014-11-03 00:08:49.334 ERROR 22732 --- [           main] o.s.boot.SpringApplication               : Application startup failed

org.springframework.beans.factory.BeanCreationException: Error creating bean with name 'org.springframework.boot.autoconfigure.orm.jpa.HibernateJpaAutoConfiguration': Injection of autowired dependencies failed; nested exception is org.springframework.beans.factory.BeanCreationException: Could not autowire field: private javax.sql.DataSource org.springframework.boot.autoconfigure.orm.jpa.JpaBaseConfiguration.dataSource; nested exception is org.springframework.beans.factory.BeanCreationException: Error creating bean with name 'dataSource' defined in class path resource [org/springframework/boot/autoconfigure/jdbc/DataSourceAutoConfiguration$NonEmbeddedConfiguration.class]: Instantiation of bean failed; nested exception is org.springframework.beans.factory.BeanDefinitionStoreException: Factory method [public javax.sql.DataSource org.springframework.boot.autoconfigure.jdbc.DataSourceAutoConfiguration$NonEmbeddedConfiguration.dataSource()] threw exception; nested exception is org.springframework.beans.factory.BeanCreationException: Cannot determine embedded database driver class for database type NONE. If you want an embedded database please put a supported one on the classpath.
	at org.springframework.beans.factory.annotation.AutowiredAnnotationBeanPostProcessor.postProcessPropertyValues(AutowiredAnnotationBeanPostProcessor.java:293)
	at org.springframework.beans.factory.support.AbstractAutowireCapableBeanFactory.populateBean(AbstractAutowireCapableBeanFactory.java:1186)
	at org.springframework.beans.factory.support.AbstractAutowireCapableBeanFactory.doCreateBean(AbstractAutowireCapableBeanFactory.java:537)
	at org.springframework.beans.factory.support.AbstractAutowireCapableBeanFactory.createBean(AbstractAutowireCapableBeanFactory.java:475)
	at org.springframework.beans.factory.support.AbstractBeanFactory$1.getObject(AbstractBeanFactory.java:302)
	at org.springframework.beans.factory.support.DefaultSingletonBeanRegistry.getSingleton(DefaultSingletonBeanRegistry.java:228)
	at org.springframework.beans.factory.support.AbstractBeanFactory.doGetBean(AbstractBeanFactory.java:298)
	at org.springframework.beans.factory.support.AbstractBeanFactory.getBean(AbstractBeanFactory.java:193)
	at org.springframework.beans.factory.support.ConstructorResolver.instantiateUsingFactoryMethod(ConstructorResolver.java:370)
	at org.springframework.beans.factory.support.AbstractAutowireCapableBeanFactory.instantiateUsingFactoryMethod(AbstractAutowireCapableBeanFactory.java:1095)
	at org.springframework.beans.factory.support.AbstractAutowireCapableBeanFactory.createBeanInstance(AbstractAutowireCapableBeanFactory.java:990)
	at org.springframework.beans.factory.support.AbstractAutowireCapableBeanFactory.doCreateBean(AbstractAutowireCapableBeanFactory.java:504)
	at org.springframework.beans.factory.support.AbstractAutowireCapableBeanFactory.createBean(AbstractAutowireCapableBeanFactory.java:475)
	at org.springframework.beans.factory.support.AbstractBeanFactory$1.getObject(AbstractBeanFactory.java:302)
	at org.springframework.beans.factory.support.DefaultSingletonBeanRegistry.getSingleton(DefaultSingletonBeanRegistry.java:228)
	at org.springframework.beans.factory.support.AbstractBeanFactory.doGetBean(AbstractBeanFactory.java:298)
	at org.springframework.beans.factory.support.AbstractBeanFactory.getBean(AbstractBeanFactory.java:193)
	at org.springframework.context.support.AbstractApplicationContext.getBean(AbstractApplicationContext.java:975)
	at org.springframework.context.support.AbstractApplicationContext.finishBeanFactoryInitialization(AbstractApplicationContext.java:752)
	at org.springframework.context.support.AbstractApplicationContext.refresh(AbstractApplicationContext.java:482)
	at org.springframework.boot.SpringApplication.refresh(SpringApplication.java:691)
	at org.springframework.boot.SpringApplication.run(SpringApplication.java:320)
	at org.springframework.boot.test.SpringApplicationContextLoader.loadContext(SpringApplicationContextLoader.java:107)
	at org.springframework.test.context.CacheAwareContextLoaderDelegate.loadContextInternal(CacheAwareContextLoaderDelegate.java:64)
	at org.springframework.test.context.CacheAwareContextLoaderDelegate.loadContext(CacheAwareContextLoaderDelegate.java:91)
	at org.springframework.test.context.DefaultTestContext.getApplicationContext(DefaultTestContext.java:101)
	at org.springframework.test.context.support.DependencyInjectionTestExecutionListener.injectDependencies(DependencyInjectionTestExecutionListener.java:109)
	at org.springframework.test.context.support.DependencyInjectionTestExecutionListener.prepareTestInstance(DependencyInjectionTestExecutionListener.java:75)
	at org.springframework.test.context.TestContextManager.prepareTestInstance(TestContextManager.java:331)
	at org.springframework.test.context.junit4.SpringJUnit4ClassRunner.createTest(SpringJUnit4ClassRunner.java:213)
	at org.springframework.test.context.junit4.SpringJUnit4ClassRunner$1.runReflectiveCall(SpringJUnit4ClassRunner.java:290)
	at org.junit.internal.runners.model.ReflectiveCallable.run(ReflectiveCallable.java:12)
	at org.springframework.test.context.junit4.SpringJUnit4ClassRunner.methodBlock(SpringJUnit4ClassRunner.java:292)
	at org.springframework.test.context.junit4.SpringJUnit4ClassRunner.runChild(SpringJUnit4ClassRunner.java:233)
	at org.springframework.test.context.junit4.SpringJUnit4ClassRunner.runChild(SpringJUnit4ClassRunner.java:87)
	at org.junit.runners.ParentRunner$3.run(ParentRunner.java:238)
	at org.junit.runners.ParentRunner$1.schedule(ParentRunner.java:63)
	at org.junit.runners.ParentRunner.runChildren(ParentRunner.java:236)
	at org.junit.runners.ParentRunner.access$000(ParentRunner.java:53)
	at org.junit.runners.ParentRunner$2.evaluate(ParentRunner.java:229)
	at org.springframework.test.context.junit4.statements.RunBeforeTestClassCallbacks.evaluate(RunBeforeTestClassCallbacks.java:61)
	at org.springframework.test.context.junit4.statements.RunAfterTestClassCallbacks.evaluate(RunAfterTestClassCallbacks.java:71)
	at org.junit.runners.ParentRunner.run(ParentRunner.java:309)
	at org.springframework.test.context.junit4.SpringJUnit4ClassRunner.run(SpringJUnit4ClassRunner.java:176)
	at org.apache.maven.surefire.junit4.JUnit4Provider.execute(JUnit4Provider.java:264)
	at org.apache.maven.surefire.junit4.JUnit4Provider.executeTestSet(JUnit4Provider.java:153)
	at org.apache.maven.surefire.junit4.JUnit4Provider.invoke(JUnit4Provider.java:124)
	at org.apache.maven.surefire.booter.ForkedBooter.invokeProviderInSameClassLoader(ForkedBooter.java:200)
	at org.apache.maven.surefire.booter.ForkedBooter.runSuitesInProcess(ForkedBooter.java:153)
	at org.apache.maven.surefire.booter.ForkedBooter.main(ForkedBooter.java:103)
Caused by: org.springframework.beans.factory.BeanCreationException: Could not autowire field: private javax.sql.DataSource org.springframework.boot.autoconfigure.orm.jpa.JpaBaseConfiguration.dataSource; nested exception is org.springframework.beans.factory.BeanCreationException: Error creating bean with name 'dataSource' defined in class path resource [org/springframework/boot/autoconfigure/jdbc/DataSourceAutoConfiguration$NonEmbeddedConfiguration.class]: Instantiation of bean failed; nested exception is org.springframework.beans.factory.BeanDefinitionStoreException: Factory method [public javax.sql.DataSource org.springframework.boot.autoconfigure.jdbc.DataSourceAutoConfiguration$NonEmbeddedConfiguration.dataSource()] threw exception; nested exception is org.springframework.beans.factory.BeanCreationException: Cannot determine embedded database driver class for database type NONE. If you want an embedded database please put a supported one on the classpath.
	at org.springframework.beans.factory.annotation.AutowiredAnnotationBeanPostProcessor$AutowiredFieldElement.inject(AutowiredAnnotationBeanPostProcessor.java:509)
	at org.springframework.beans.factory.annotation.InjectionMetadata.inject(InjectionMetadata.java:87)
	at org.springframework.beans.factory.annotation.AutowiredAnnotationBeanPostProcessor.postProcessPropertyValues(AutowiredAnnotationBeanPostProcessor.java:290)
	... 49 common frames omitted
Caused by: org.springframework.beans.factory.BeanCreationException: Error creating bean with name 'dataSource' defined in class path resource [org/springframework/boot/autoconfigure/jdbc/DataSourceAutoConfiguration$NonEmbeddedConfiguration.class]: Instantiation of bean failed; nested exception is org.springframework.beans.factory.BeanDefinitionStoreException: Factory method [public javax.sql.DataSource org.springframework.boot.autoconfigure.jdbc.DataSourceAutoConfiguration$NonEmbeddedConfiguration.dataSource()] threw exception; nested exception is org.springframework.beans.factory.BeanCreationException: Cannot determine embedded database driver class for database type NONE. If you want an embedded database please put a supported one on the classpath.
	at org.springframework.beans.factory.support.ConstructorResolver.instantiateUsingFactoryMethod(ConstructorResolver.java:597)
	at org.springframework.beans.factory.support.AbstractAutowireCapableBeanFactory.instantiateUsingFactoryMethod(AbstractAutowireCapableBeanFactory.java:1095)
	at org.springframework.beans.factory.support.AbstractAutowireCapableBeanFactory.createBeanInstance(AbstractAutowireCapableBeanFactory.java:990)
	at org.springframework.beans.factory.support.AbstractAutowireCapableBeanFactory.doCreateBean(AbstractAutowireCapableBeanFactory.java:504)
	at org.springframework.beans.factory.support.AbstractAutowireCapableBeanFactory.createBean(AbstractAutowireCapableBeanFactory.java:475)
	at org.springframework.beans.factory.support.AbstractBeanFactory$1.getObject(AbstractBeanFactory.java:302)
	at org.springframework.beans.factory.support.DefaultSingletonBeanRegistry.getSingleton(DefaultSingletonBeanRegistry.java:228)
	at org.springframework.beans.factory.support.AbstractBeanFactory.doGetBean(AbstractBeanFactory.java:298)
	at org.springframework.beans.factory.support.AbstractBeanFactory.getBean(AbstractBeanFactory.java:193)
	at org.springframework.beans.factory.support.DefaultListableBeanFactory.findAutowireCandidates(DefaultListableBeanFactory.java:1021)
	at org.springframework.beans.factory.support.DefaultListableBeanFactory.doResolveDependency(DefaultListableBeanFactory.java:964)
	at org.springframework.beans.factory.support.DefaultListableBeanFactory.resolveDependency(DefaultListableBeanFactory.java:862)
	at org.springframework.beans.factory.annotation.AutowiredAnnotationBeanPostProcessor$AutowiredFieldElement.inject(AutowiredAnnotationBeanPostProcessor.java:481)
	... 51 common frames omitted
Caused by: org.springframework.beans.factory.BeanDefinitionStoreException: Factory method [public javax.sql.DataSource org.springframework.boot.autoconfigure.jdbc.DataSourceAutoConfiguration$NonEmbeddedConfiguration.dataSource()] threw exception; nested exception is org.springframework.beans.factory.BeanCreationException: Cannot determine embedded database driver class for database type NONE. If you want an embedded database please put a supported one on the classpath.
	at org.springframework.beans.factory.support.SimpleInstantiationStrategy.instantiate(SimpleInstantiationStrategy.java:188)
	at org.springframework.beans.factory.support.ConstructorResolver.instantiateUsingFactoryMethod(ConstructorResolver.java:586)
	... 63 common frames omitted
Caused by: org.springframework.beans.factory.BeanCreationException: Cannot determine embedded database driver class for database type NONE. If you want an embedded database please put a supported one on the classpath.
	at org.springframework.boot.autoconfigure.jdbc.DataSourceProperties.getDriverClassName(DataSourceProperties.java:93)
	at org.springframework.boot.autoconfigure.jdbc.DataSourceAutoConfiguration$NonEmbeddedConfiguration.dataSource(DataSourceAutoConfiguration.java:105)
	at sun.reflect.NativeMethodAccessorImpl.invoke0(Native Method)
	at sun.reflect.NativeMethodAccessorImpl.invoke(NativeMethodAccessorImpl.java:62)
	at sun.reflect.DelegatingMethodAccessorImpl.invoke(DelegatingMethodAccessorImpl.java:43)
	at java.lang.reflect.Method.invoke(Method.java:483)
	at org.springframework.beans.factory.support.SimpleInstantiationStrategy.instantiate(SimpleInstantiationStrategy.java:166)
	... 64 common frames omitted

2014-11-03 00:08:49.338 ERROR 22732 --- [           main] o.s.test.context.TestContextManager      : Caught exception while allowing TestExecutionListener [org.springframework.test.context.support.DependencyInjectionTestExecutionListener@38234a38] to prepare test instance [demo.ApplicationTests@73846619]

java.lang.IllegalStateException: Failed to load ApplicationContext
	at org.springframework.test.context.CacheAwareContextLoaderDelegate.loadContext(CacheAwareContextLoaderDelegate.java:99)
	at org.springframework.test.context.DefaultTestContext.getApplicationContext(DefaultTestContext.java:101)
	at org.springframework.test.context.support.DependencyInjectionTestExecutionListener.injectDependencies(DependencyInjectionTestExecutionListener.java:109)
	at org.springframework.test.context.support.DependencyInjectionTestExecutionListener.prepareTestInstance(DependencyInjectionTestExecutionListener.java:75)
	at org.springframework.test.context.TestContextManager.prepareTestInstance(TestContextManager.java:331)
	at org.springframework.test.context.junit4.SpringJUnit4ClassRunner.createTest(SpringJUnit4ClassRunner.java:213)
	at org.springframework.test.context.junit4.SpringJUnit4ClassRunner$1.runReflectiveCall(SpringJUnit4ClassRunner.java:290)
	at org.junit.internal.runners.model.ReflectiveCallable.run(ReflectiveCallable.java:12)
	at org.springframework.test.context.junit4.SpringJUnit4ClassRunner.methodBlock(SpringJUnit4ClassRunner.java:292)
	at org.springframework.test.context.junit4.SpringJUnit4ClassRunner.runChild(SpringJUnit4ClassRunner.java:233)
	at org.springframework.test.context.junit4.SpringJUnit4ClassRunner.runChild(SpringJUnit4ClassRunner.java:87)
	at org.junit.runners.ParentRunner$3.run(ParentRunner.java:238)
	at org.junit.runners.ParentRunner$1.schedule(ParentRunner.java:63)
	at org.junit.runners.ParentRunner.runChildren(ParentRunner.java:236)
	at org.junit.runners.ParentRunner.access$000(ParentRunner.java:53)
	at org.junit.runners.ParentRunner$2.evaluate(ParentRunner.java:229)
	at org.springframework.test.context.junit4.statements.RunBeforeTestClassCallbacks.evaluate(RunBeforeTestClassCallbacks.java:61)
	at org.springframework.test.context.junit4.statements.RunAfterTestClassCallbacks.evaluate(RunAfterTestClassCallbacks.java:71)
	at org.junit.runners.ParentRunner.run(ParentRunner.java:309)
	at org.springframework.test.context.junit4.SpringJUnit4ClassRunner.run(SpringJUnit4ClassRunner.java:176)
	at org.apache.maven.surefire.junit4.JUnit4Provider.execute(JUnit4Provider.java:264)
	at org.apache.maven.surefire.junit4.JUnit4Provider.executeTestSet(JUnit4Provider.java:153)
	at org.apache.maven.surefire.junit4.JUnit4Provider.invoke(JUnit4Provider.java:124)
	at org.apache.maven.surefire.booter.ForkedBooter.invokeProviderInSameClassLoader(ForkedBooter.java:200)
	at org.apache.maven.surefire.booter.ForkedBooter.runSuitesInProcess(ForkedBooter.java:153)
	at org.apache.maven.surefire.booter.ForkedBooter.main(ForkedBooter.java:103)
Caused by: org.springframework.beans.factory.BeanCreationException: Error creating bean with name 'org.springframework.boot.autoconfigure.orm.jpa.HibernateJpaAutoConfiguration': Injection of autowired dependencies failed; nested exception is org.springframework.beans.factory.BeanCreationException: Could not autowire field: private javax.sql.DataSource org.springframework.boot.autoconfigure.orm.jpa.JpaBaseConfiguration.dataSource; nested exception is org.springframework.beans.factory.BeanCreationException: Error creating bean with name 'dataSource' defined in class path resource [org/springframework/boot/autoconfigure/jdbc/DataSourceAutoConfiguration$NonEmbeddedConfiguration.class]: Instantiation of bean failed; nested exception is org.springframework.beans.factory.BeanDefinitionStoreException: Factory method [public javax.sql.DataSource org.springframework.boot.autoconfigure.jdbc.DataSourceAutoConfiguration$NonEmbeddedConfiguration.dataSource()] threw exception; nested exception is org.springframework.beans.factory.BeanCreationException: Cannot determine embedded database driver class for database type NONE. If you want an embedded database please put a supported one on the classpath.
	at org.springframework.beans.factory.annotation.AutowiredAnnotationBeanPostProcessor.postProcessPropertyValues(AutowiredAnnotationBeanPostProcessor.java:293)
	at org.springframework.beans.factory.support.AbstractAutowireCapableBeanFactory.populateBean(AbstractAutowireCapableBeanFactory.java:1186)
	at org.springframework.beans.factory.support.AbstractAutowireCapableBeanFactory.doCreateBean(AbstractAutowireCapableBeanFactory.java:537)
	at org.springframework.beans.factory.support.AbstractAutowireCapableBeanFactory.createBean(AbstractAutowireCapableBeanFactory.java:475)
	at org.springframework.beans.factory.support.AbstractBeanFactory$1.getObject(AbstractBeanFactory.java:302)
	at org.springframework.beans.factory.support.DefaultSingletonBeanRegistry.getSingleton(DefaultSingletonBeanRegistry.java:228)
	at org.springframework.beans.factory.support.AbstractBeanFactory.doGetBean(AbstractBeanFactory.java:298)
	at org.springframework.beans.factory.support.AbstractBeanFactory.getBean(AbstractBeanFactory.java:193)
	at org.springframework.beans.factory.support.ConstructorResolver.instantiateUsingFactoryMethod(ConstructorResolver.java:370)
	at org.springframework.beans.factory.support.AbstractAutowireCapableBeanFactory.instantiateUsingFactoryMethod(AbstractAutowireCapableBeanFactory.java:1095)
	at org.springframework.beans.factory.support.AbstractAutowireCapableBeanFactory.createBeanInstance(AbstractAutowireCapableBeanFactory.java:990)
	at org.springframework.beans.factory.support.AbstractAutowireCapableBeanFactory.doCreateBean(AbstractAutowireCapableBeanFactory.java:504)
	at org.springframework.beans.factory.support.AbstractAutowireCapableBeanFactory.createBean(AbstractAutowireCapableBeanFactory.java:475)
	at org.springframework.beans.factory.support.AbstractBeanFactory$1.getObject(AbstractBeanFactory.java:302)
	at org.springframework.beans.factory.support.DefaultSingletonBeanRegistry.getSingleton(DefaultSingletonBeanRegistry.java:228)
	at org.springframework.beans.factory.support.AbstractBeanFactory.doGetBean(AbstractBeanFactory.java:298)
	at org.springframework.beans.factory.support.AbstractBeanFactory.getBean(AbstractBeanFactory.java:193)
	at org.springframework.context.support.AbstractApplicationContext.getBean(AbstractApplicationContext.java:975)
	at org.springframework.context.support.AbstractApplicationContext.finishBeanFactoryInitialization(AbstractApplicationContext.java:752)
	at org.springframework.context.support.AbstractApplicationContext.refresh(AbstractApplicationContext.java:482)
	at org.springframework.boot.SpringApplication.refresh(SpringApplication.java:691)
	at org.springframework.boot.SpringApplication.run(SpringApplication.java:320)
	at org.springframework.boot.test.SpringApplicationContextLoader.loadContext(SpringApplicationContextLoader.java:107)
	at org.springframework.test.context.CacheAwareContextLoaderDelegate.loadContextInternal(CacheAwareContextLoaderDelegate.java:64)
	at org.springframework.test.context.CacheAwareContextLoaderDelegate.loadContext(CacheAwareContextLoaderDelegate.java:91)
	... 25 common frames omitted
Caused by: org.springframework.beans.factory.BeanCreationException: Could not autowire field: private javax.sql.DataSource org.springframework.boot.autoconfigure.orm.jpa.JpaBaseConfiguration.dataSource; nested exception is org.springframework.beans.factory.BeanCreationException: Error creating bean with name 'dataSource' defined in class path resource [org/springframework/boot/autoconfigure/jdbc/DataSourceAutoConfiguration$NonEmbeddedConfiguration.class]: Instantiation of bean failed; nested exception is org.springframework.beans.factory.BeanDefinitionStoreException: Factory method [public javax.sql.DataSource org.springframework.boot.autoconfigure.jdbc.DataSourceAutoConfiguration$NonEmbeddedConfiguration.dataSource()] threw exception; nested exception is org.springframework.beans.factory.BeanCreationException: Cannot determine embedded database driver class for database type NONE. If you want an embedded database please put a supported one on the classpath.
	at org.springframework.beans.factory.annotation.AutowiredAnnotationBeanPostProcessor$AutowiredFieldElement.inject(AutowiredAnnotationBeanPostProcessor.java:509)
	at org.springframework.beans.factory.annotation.InjectionMetadata.inject(InjectionMetadata.java:87)
	at org.springframework.beans.factory.annotation.AutowiredAnnotationBeanPostProcessor.postProcessPropertyValues(AutowiredAnnotationBeanPostProcessor.java:290)
	... 49 common frames omitted
Caused by: org.springframework.beans.factory.BeanCreationException: Error creating bean with name 'dataSource' defined in class path resource [org/springframework/boot/autoconfigure/jdbc/DataSourceAutoConfiguration$NonEmbeddedConfiguration.class]: Instantiation of bean failed; nested exception is org.springframework.beans.factory.BeanDefinitionStoreException: Factory method [public javax.sql.DataSource org.springframework.boot.autoconfigure.jdbc.DataSourceAutoConfiguration$NonEmbeddedConfiguration.dataSource()] threw exception; nested exception is org.springframework.beans.factory.BeanCreationException: Cannot determine embedded database driver class for database type NONE. If you want an embedded database please put a supported one on the classpath.
	at org.springframework.beans.factory.support.ConstructorResolver.instantiateUsingFactoryMethod(ConstructorResolver.java:597)
	at org.springframework.beans.factory.support.AbstractAutowireCapableBeanFactory.instantiateUsingFactoryMethod(AbstractAutowireCapableBeanFactory.java:1095)
	at org.springframework.beans.factory.support.AbstractAutowireCapableBeanFactory.createBeanInstance(AbstractAutowireCapableBeanFactory.java:990)
	at org.springframework.beans.factory.support.AbstractAutowireCapableBeanFactory.doCreateBean(AbstractAutowireCapableBeanFactory.java:504)
	at org.springframework.beans.factory.support.AbstractAutowireCapableBeanFactory.createBean(AbstractAutowireCapableBeanFactory.java:475)
	at org.springframework.beans.factory.support.AbstractBeanFactory$1.getObject(AbstractBeanFactory.java:302)
	at org.springframework.beans.factory.support.DefaultSingletonBeanRegistry.getSingleton(DefaultSingletonBeanRegistry.java:228)
	at org.springframework.beans.factory.support.AbstractBeanFactory.doGetBean(AbstractBeanFactory.java:298)
	at org.springframework.beans.factory.support.AbstractBeanFactory.getBean(AbstractBeanFactory.java:193)
	at org.springframework.beans.factory.support.DefaultListableBeanFactory.findAutowireCandidates(DefaultListableBeanFactory.java:1021)
	at org.springframework.beans.factory.support.DefaultListableBeanFactory.doResolveDependency(DefaultListableBeanFactory.java:964)
	at org.springframework.beans.factory.support.DefaultListableBeanFactory.resolveDependency(DefaultListableBeanFactory.java:862)
	at org.springframework.beans.factory.annotation.AutowiredAnnotationBeanPostProcessor$AutowiredFieldElement.inject(AutowiredAnnotationBeanPostProcessor.java:481)
	... 51 common frames omitted
Caused by: org.springframework.beans.factory.BeanDefinitionStoreException: Factory method [public javax.sql.DataSource org.springframework.boot.autoconfigure.jdbc.DataSourceAutoConfiguration$NonEmbeddedConfiguration.dataSource()] threw exception; nested exception is org.springframework.beans.factory.BeanCreationException: Cannot determine embedded database driver class for database type NONE. If you want an embedded database please put a supported one on the classpath.
	at org.springframework.beans.factory.support.SimpleInstantiationStrategy.instantiate(SimpleInstantiationStrategy.java:188)
	at org.springframework.beans.factory.support.ConstructorResolver.instantiateUsingFactoryMethod(ConstructorResolver.java:586)
	... 63 common frames omitted
Caused by: org.springframework.beans.factory.BeanCreationException: Cannot determine embedded database driver class for database type NONE. If you want an embedded database please put a supported one on the classpath.
	at org.springframework.boot.autoconfigure.jdbc.DataSourceProperties.getDriverClassName(DataSourceProperties.java:93)
	at org.springframework.boot.autoconfigure.jdbc.DataSourceAutoConfiguration$NonEmbeddedConfiguration.dataSource(DataSourceAutoConfiguration.java:105)
	at sun.reflect.NativeMethodAccessorImpl.invoke0(Native Method)
	at sun.reflect.NativeMethodAccessorImpl.invoke(NativeMethodAccessorImpl.java:62)
	at sun.reflect.DelegatingMethodAccessorImpl.invoke(DelegatingMethodAccessorImpl.java:43)
	at java.lang.reflect.Method.invoke(Method.java:483)
	at org.springframework.beans.factory.support.SimpleInstantiationStrategy.instantiate(SimpleInstantiationStrategy.java:166)
	... 64 common frames omitted

</system-out>
  </testcase>
</testsuite>